#
# There is insufficient memory for the Java Runtime Environment to continue.
# Native memory allocation (malloc) failed to allocate 1780176 bytes for Chunk::new
# Possible reasons:
#   The system is out of physical RAM or swap space
#   In 32 bit mode, the process size limit was hit
# Possible solutions:
#   Reduce memory load on the system
#   Increase physical memory or swap space
#   Check if swap backing store is full
#   Use 64 bit Java on a 64 bit OS
#   Decrease Java heap size (-Xmx/-Xms)
#   Decrease number of Java threads
#   Decrease Java thread stack sizes (-Xss)
#   Set larger code cache with -XX:ReservedCodeCacheSize=
# This output file may be truncated or incomplete.
#
#  Out of Memory Error (allocation.cpp:390), pid=6556, tid=3152
#
# JRE version: Java(TM) SE Runtime Environment (8.0_91-b15) (build 1.8.0_91-b15)
# Java VM: Java HotSpot(TM) 64-Bit Server VM (25.91-b15 mixed mode windows-amd64 compressed oops)
# Failed to write core dump. Minidumps are not enabled by default on client versions of Windows
#

---------------  T H R E A D  ---------------

Current thread (0x000000001c423000):  JavaThread "C2 CompilerThread1" daemon [_thread_in_native, id=3152, stack(0x000000001db90000,0x000000001dc90000)]

Stack: [0x000000001db90000,0x000000001dc90000]
[error occurred during error reporting (printing stack bounds), id 0xc0000005]

Native frames: (J=compiled Java code, j=interpreted, Vv=VM code, C=native code)


Current CompileTask:
C2:  72140 3271       4       com.android.dx.dex.file.ClassDataItem::addContents (207 bytes)


---------------  P R O C E S S  ---------------

Java Threads: ( => current thread )
  0x000000001e49e000 JavaThread "pool-1-thread-1" [_thread_in_Java, id=3808, stack(0x0000000021030000,0x0000000021130000)]
  0x000000001e18e800 JavaThread "pool-2-thread-4" [_thread_blocked, id=8428, stack(0x000000001ff60000,0x0000000020060000)]
  0x000000001e18d800 JavaThread "pool-2-thread-3" [_thread_blocked, id=11540, stack(0x000000001fe60000,0x000000001ff60000)]
  0x000000001e711000 JavaThread "pool-2-thread-2" [_thread_blocked, id=8968, stack(0x000000001fd60000,0x000000001fe60000)]
  0x000000001e766000 JavaThread "pool-3-thread-1" [_thread_blocked, id=9668, stack(0x000000001fc60000,0x000000001fd60000)]
  0x000000001e5bf800 JavaThread "pool-2-thread-1" [_thread_blocked, id=6968, stack(0x000000001fb60000,0x000000001fc60000)]
  0x000000001c47e800 JavaThread "Service Thread" daemon [_thread_blocked, id=7944, stack(0x000000001e190000,0x000000001e290000)]
  0x000000001c426000 JavaThread "C1 CompilerThread2" daemon [_thread_blocked, id=12220, stack(0x000000001dc90000,0x000000001dd90000)]
=>0x000000001c423000 JavaThread "C2 CompilerThread1" daemon [_thread_in_native, id=3152, stack(0x000000001db90000,0x000000001dc90000)]
  0x000000001c41e000 JavaThread "C2 CompilerThread0" daemon [_thread_in_native, id=4296, stack(0x000000001da90000,0x000000001db90000)]
  0x000000001c41c000 JavaThread "Attach Listener" daemon [_thread_blocked, id=5952, stack(0x000000001d990000,0x000000001da90000)]
  0x0000000002d4c800 JavaThread "Signal Dispatcher" daemon [_thread_blocked, id=11452, stack(0x000000001d890000,0x000000001d990000)]
  0x000000001c40a800 JavaThread "Finalizer" daemon [_thread_blocked, id=11856, stack(0x000000001d680000,0x000000001d780000)]
  0x0000000002d40000 JavaThread "Reference Handler" daemon [_thread_blocked, id=9304, stack(0x000000001d580000,0x000000001d680000)]
  0x0000000002b4e000 JavaThread "main" [_thread_in_native, id=7616, stack(0x0000000002b50000,0x0000000002c50000)]

Other Threads:
  0x000000001c3e7800 VMThread [stack: 0x000000001d480000,0x000000001d580000] [id=1848]
  0x000000001dde6000 WatcherThread [stack: 0x000000001e290000,0x000000001e390000] [id=9700]

VM state:not at safepoint (normal execution)

VM Mutex/Monitor currently owned by a thread: None

Heap:
 PSYoungGen      total 693248K, used 491744K [0x000000076ab00000, 0x00000007a9e80000, 0x00000007c0000000)
  eden space 413696K, 51% used [0x000000076ab00000,0x0000000777a38200,0x0000000783f00000)
  from space 279552K, 99% used [0x0000000783f00000,0x0000000794ffff58,0x0000000795000000)
  to   space 281600K, 0% used [0x0000000798b80000,0x0000000798b80000,0x00000007a9e80000)
 ParOldGen       total 875008K, used 638645K [0x00000006c0000000, 0x00000006f5680000, 0x000000076ab00000)
  object space 875008K, 72% used [0x00000006c0000000,0x00000006e6fad660,0x00000006f5680000)
 Metaspace       used 6787K, capacity 7384K, committed 7680K, reserved 1056768K
  class space    used 635K, capacity 656K, committed 768K, reserved 1048576K

Card table byte_map: [0x0000000012110000,0x0000000012920000] byte_map_base: 0x000000000eb10000

Marking Bits: (ParMarkBitMap*) 0x000000005b682f70
 Begin Bits: [0x0000000013280000, 0x0000000017280000)
 End Bits:   [0x0000000017280000, 0x000000001b280000)

Polling page: 0x0000000002a90000

CodeCache: size=245760Kb used=10941Kb max_used=12472Kb free=234818Kb
 bounds [0x0000000002d50000, 0x00000000039a0000, 0x0000000011d50000]
 total_blobs=2647 nmethods=2377 adapters=182
 compilation: enabled

Compilation events (10 events):
Event: 71.123 Thread 0x000000001c426000 3279       1       com.android.dx.dex.file.AnnotationSetItem::itemType (4 bytes)
Event: 71.123 Thread 0x000000001c426000 nmethod 3279 0x0000000003254d50 code [0x0000000003254ea0, 0x0000000003254fb0]
Event: 71.124 Thread 0x000000001c426000 3280       3       com.android.dx.dex.file.AnnotationsDirectoryItem::addContents (160 bytes)
Event: 71.128 Thread 0x000000001c426000 nmethod 3280 0x0000000003468290 code [0x00000000034685e0, 0x000000000346a6d8]
Event: 71.128 Thread 0x000000001c426000 3281       3       com.android.dx.rop.cst.CstArray::compareTo0 (15 bytes)
Event: 71.129 Thread 0x000000001c426000 nmethod 3281 0x000000000370b650 code [0x000000000370b7c0, 0x000000000370bac8]
Event: 71.149 Thread 0x000000001c426000 3282       1       com.android.dx.dex.file.AnnotationsDirectoryItem::itemType (4 bytes)
Event: 71.149 Thread 0x000000001c426000 nmethod 3282 0x000000000327f150 code [0x000000000327f2a0, 0x000000000327f3b0]
Event: 71.150 Thread 0x000000001c426000 3283       3       com.android.dx.rop.cst.CstArray$List::compareTo (93 bytes)
Event: 71.152 Thread 0x000000001c426000 nmethod 3283 0x00000000030033d0 code [0x0000000003003600, 0x0000000003004578]

GC Heap History (10 events):
Event: 56.246 GC heap before
{Heap before GC invocations=27 (full 6):
 PSYoungGen      total 558592K, used 475637K [0x000000076ab00000, 0x00000007a6100000, 0x00000007c0000000)
  eden space 374784K, 100% used [0x000000076ab00000,0x0000000781900000,0x0000000781900000)
  from space 183808K, 54% used [0x0000000791700000,0x000000079797d408,0x000000079ca80000)
  to   space 260096K, 0% used [0x0000000781900000,0x0000000781900000,0x0000000791700000)
 ParOldGen       total 875008K, used 606301K [0x00000006c0000000, 0x00000006f5680000, 0x000000076ab00000)
  object space 875008K, 69% used [0x00000006c0000000,0x00000006e50175a0,0x00000006f5680000)
 Metaspace       used 6680K, capacity 7320K, committed 7680K, reserved 1056768K
  class space    used 629K, capacity 656K, committed 768K, reserved 1048576K
Event: 56.741 GC heap after
Heap after GC invocations=27 (full 6):
 PSYoungGen      total 634880K, used 178997K [0x000000076ab00000, 0x00000007a5d00000, 0x00000007c0000000)
  eden space 374784K, 0% used [0x000000076ab00000,0x000000076ab00000,0x0000000781900000)
  from space 260096K, 68% used [0x0000000781900000,0x000000078c7cd4a8,0x0000000791700000)
  to   space 275456K, 0% used [0x0000000795000000,0x0000000795000000,0x00000007a5d00000)
 ParOldGen       total 875008K, used 632588K [0x00000006c0000000, 0x00000006f5680000, 0x000000076ab00000)
  object space 875008K, 72% used [0x00000006c0000000,0x00000006e69c3118,0x00000006f5680000)
 Metaspace       used 6680K, capacity 7320K, committed 7680K, reserved 1056768K
  class space    used 629K, capacity 656K, committed 768K, reserved 1048576K
}
Event: 57.669 GC heap before
{Heap before GC invocations=28 (full 6):
 PSYoungGen      total 634880K, used 553781K [0x000000076ab00000, 0x00000007a5d00000, 0x00000007c0000000)
  eden space 374784K, 100% used [0x000000076ab00000,0x0000000781900000,0x0000000781900000)
  from space 260096K, 68% used [0x0000000781900000,0x000000078c7cd4a8,0x0000000791700000)
  to   space 275456K, 0% used [0x0000000795000000,0x0000000795000000,0x00000007a5d00000)
 ParOldGen       total 875008K, used 632588K [0x00000006c0000000, 0x00000006f5680000, 0x000000076ab00000)
  object space 875008K, 72% used [0x00000006c0000000,0x00000006e69c3118,0x00000006f5680000)
 Metaspace       used 6680K, capacity 7320K, committed 7680K, reserved 1056768K
  class space    used 629K, capacity 656K, committed 768K, reserved 1048576K
Event: 57.909 GC heap after
Heap after GC invocations=28 (full 6):
 PSYoungGen      total 689152K, used 159268K [0x000000076ab00000, 0x00000007a6c00000, 0x00000007c0000000)
  eden space 413696K, 0% used [0x000000076ab00000,0x000000076ab00000,0x0000000783f00000)
  from space 275456K, 57% used [0x0000000795000000,0x000000079eb89100,0x00000007a5d00000)
  to   space 279552K, 0% used [0x0000000783f00000,0x0000000783f00000,0x0000000795000000)
 ParOldGen       total 875008K, used 632588K [0x00000006c0000000, 0x00000006f5680000, 0x000000076ab00000)
  object space 875008K, 72% used [0x00000006c0000000,0x00000006e69c3118,0x00000006f5680000)
 Metaspace       used 6680K, capacity 7320K, committed 7680K, reserved 1056768K
  class space    used 629K, capacity 656K, committed 768K, reserved 1048576K
}
Event: 59.591 GC heap before
{Heap before GC invocations=29 (full 6):
 PSYoungGen      total 689152K, used 572964K [0x000000076ab00000, 0x00000007a6c00000, 0x00000007c0000000)
  eden space 413696K, 100% used [0x000000076ab00000,0x0000000783f00000,0x0000000783f00000)
  from space 275456K, 57% used [0x0000000795000000,0x000000079eb89100,0x00000007a5d00000)
  to   space 279552K, 0% used [0x0000000783f00000,0x0000000783f00000,0x0000000795000000)
 ParOldGen       total 875008K, used 632588K [0x00000006c0000000, 0x00000006f5680000, 0x000000076ab00000)
  object space 875008K, 72% used [0x00000006c0000000,0x00000006e69c3118,0x00000006f5680000)
 Metaspace       used 6680K, capacity 7320K, committed 7680K, reserved 1056768K
  class space    used 629K, capacity 656K, committed 768K, reserved 1048576K
Event: 59.941 GC heap after
Heap after GC invocations=29 (full 6):
 PSYoungGen      total 693248K, used 160352K [0x000000076ab00000, 0x00000007a9e80000, 0x00000007c0000000)
  eden space 413696K, 0% used [0x000000076ab00000,0x000000076ab00000,0x0000000783f00000)
  from space 279552K, 57% used [0x0000000783f00000,0x000000078db980f8,0x0000000795000000)
  to   space 281600K, 0% used [0x0000000798b80000,0x0000000798b80000,0x00000007a9e80000)
 ParOldGen       total 875008K, used 632588K [0x00000006c0000000, 0x00000006f5680000, 0x000000076ab00000)
  object space 875008K, 72% used [0x00000006c0000000,0x00000006e69c3118,0x00000006f5680000)
 Metaspace       used 6680K, capacity 7320K, committed 7680K, reserved 1056768K
  class space    used 629K, capacity 656K, committed 768K, reserved 1048576K
}
Event: 64.210 GC heap before
{Heap before GC invocations=30 (full 6):
 PSYoungGen      total 693248K, used 574048K [0x000000076ab00000, 0x00000007a9e80000, 0x00000007c0000000)
  eden space 413696K, 100% used [0x000000076ab00000,0x0000000783f00000,0x0000000783f00000)
  from space 279552K, 57% used [0x0000000783f00000,0x000000078db980f8,0x0000000795000000)
  to   space 281600K, 0% used [0x0000000798b80000,0x0000000798b80000,0x00000007a9e80000)
 ParOldGen       total 875008K, used 632588K [0x00000006c0000000, 0x00000006f5680000, 0x000000076ab00000)
  object space 875008K, 72% used [0x00000006c0000000,0x00000006e69c3118,0x00000006f5680000)
 Metaspace       used 6681K, capacity 7320K, committed 7680K, reserved 1056768K
  class space    used 629K, capacity 656K, committed 768K, reserved 1048576K
Event: 64.525 GC heap after
Heap after GC invocations=30 (full 6):
 PSYoungGen      total 695296K, used 218473K [0x000000076ab00000, 0x00000007a9e80000, 0x00000007c0000000)
  eden space 413696K, 0% used [0x000000076ab00000,0x000000076ab00000,0x0000000783f00000)
  from space 281600K, 77% used [0x0000000798b80000,0x00000007a60da798,0x00000007a9e80000)
  to   space 279552K, 0% used [0x0000000783f00000,0x0000000783f00000,0x0000000795000000)
 ParOldGen       total 875008K, used 632588K [0x00000006c0000000, 0x00000006f5680000, 0x000000076ab00000)
  object space 875008K, 72% used [0x00000006c0000000,0x00000006e69c3118,0x00000006f5680000)
 Metaspace       used 6681K, capacity 7320K, committed 7680K, reserved 1056768K
  class space    used 629K, capacity 656K, committed 768K, reserved 1048576K
}
Event: 69.897 GC heap before
{Heap before GC invocations=31 (full 6):
 PSYoungGen      total 695296K, used 632169K [0x000000076ab00000, 0x00000007a9e80000, 0x00000007c0000000)
  eden space 413696K, 100% used [0x000000076ab00000,0x0000000783f00000,0x0000000783f00000)
  from space 281600K, 77% used [0x0000000798b80000,0x00000007a60da798,0x00000007a9e80000)
  to   space 279552K, 0% used [0x0000000783f00000,0x0000000783f00000,0x0000000795000000)
 ParOldGen       total 875008K, used 632588K [0x00000006c0000000, 0x00000006f5680000, 0x000000076ab00000)
  object space 875008K, 72% used [0x00000006c0000000,0x00000006e69c3118,0x00000006f5680000)
 Metaspace       used 6686K, capacity 7320K, committed 7680K, reserved 1056768K
  class space    used 630K, capacity 656K, committed 768K, reserved 1048576K
Event: 70.354 GC heap after
Heap after GC invocations=31 (full 6):
 PSYoungGen      total 693248K, used 279551K [0x000000076ab00000, 0x00000007a9e80000, 0x00000007c0000000)
  eden space 413696K, 0% used [0x000000076ab00000,0x000000076ab00000,0x0000000783f00000)
  from space 279552K, 99% used [0x0000000783f00000,0x0000000794ffff58,0x0000000795000000)
  to   space 281600K, 0% used [0x0000000798b80000,0x0000000798b80000,0x00000007a9e80000)
 ParOldGen       total 875008K, used 638645K [0x00000006c0000000, 0x00000006f5680000, 0x000000076ab00000)
  object space 875008K, 72% used [0x00000006c0000000,0x00000006e6fad660,0x00000006f5680000)
 Metaspace       used 6686K, capacity 7320K, committed 7680K, reserved 1056768K
  class space    used 630K, capacity 656K, committed 768K, reserved 1048576K
}

Deoptimization events (10 events):
Event: 55.073 Thread 0x000000001e711000 Uncommon trap: reason=class_check action=maybe_recompile pc=0x00000000036c417c method=com.android.dx.ssa.back.InterferenceGraph.mergeInterferenceSet(ILcom/android/dx/util/IntSet;)V @ 20
Event: 55.073 Thread 0x000000001e711000 Uncommon trap: reason=class_check action=maybe_recompile pc=0x000000000317663c method=com.android.dx.util.BitIntSet.merge(Lcom/android/dx/util/IntSet;)V @ 1
Event: 61.471 Thread 0x000000001e5bf800 Uncommon trap: reason=unstable_if action=reinterpret pc=0x00000000031b2508 method=com.android.dx.ssa.InterferenceRegisterMapper.areAnyPinned(Lcom/android/dx/rop/code/RegisterSpecList;II)Z @ 55
Event: 69.030 Thread 0x0000000002b4e000 Uncommon trap: reason=unstable_if action=reinterpret pc=0x0000000003993090 method=java.util.concurrent.ThreadPoolExecutor.execute(Ljava/lang/Runnable;)V @ 28
Event: 69.140 Thread 0x000000001e49e000 Uncommon trap: reason=bimorphic action=maybe_recompile pc=0x0000000003961eec method=java.util.concurrent.FutureTask.run()V @ 42
Event: 70.727 Thread 0x000000001e49e000 Uncommon trap: reason=class_check action=maybe_recompile pc=0x00000000032be4a4 method=java.util.Arrays.hashCode([Ljava/lang/Object;)I @ 43
Event: 70.727 Thread 0x000000001e49e000 Uncommon trap: reason=class_check action=maybe_recompile pc=0x00000000032be4a4 method=java.util.Arrays.hashCode([Ljava/lang/Object;)I @ 43
Event: 70.727 Thread 0x000000001e49e000 Uncommon trap: reason=class_check action=maybe_recompile pc=0x00000000032be4a4 method=java.util.Arrays.hashCode([Ljava/lang/Object;)I @ 43
Event: 70.727 Thread 0x000000001e49e000 Uncommon trap: reason=class_check action=maybe_recompile pc=0x00000000032be4a4 method=java.util.Arrays.hashCode([Ljava/lang/Object;)I @ 43
Event: 70.728 Thread 0x000000001e49e000 Uncommon trap: reason=class_check action=maybe_recompile pc=0x00000000031dbf84 method=java.util.Arrays.hashCode([Ljava/lang/Object;)I @ 43

Internal exceptions (10 events):
Event: 0.051 Thread 0x0000000002b4e000 Exception <a 'java/lang/NoSuchMethodError': Method sun.misc.Unsafe.defineClass(Ljava/lang/String;[BII)Ljava/lang/Class; name or signature does not match> (0x000000076ab07cc0) thrown at [C:\re\workspace\8-2-build-windows-amd64-cygwin\jdk8u91\7017\hotspot\sr¾»#š[ë©?
Event: 0.051 Thread 0x0000000002b4e000 Exception <a 'java/lang/NoSuchMethodError': Method sun.misc.Unsafe.prefetchRead(Ljava/lang/Object;J)V name or signature does not match> (0x000000076ab07fa8) thrown at [C:\re\workspace\8-2-build-windows-amd64-cygwin\jdk8u91\7017\hotspot\src\share\vm\prims\j–Oâ(›
ö?
Event: 1.378 Thread 0x0000000002b4e000 Implicit null exception at 0x00000000030750e2 to 0x00000000030751da
Event: 1.639 Thread 0x000000001e18e800 Implicit null exception at 0x00000000030baa4f to 0x00000000030bc1d1
Event: 2.403 Thread 0x000000001e711000 Implicit null exception at 0x000000000336521b to 0x0000000003365395
Event: 3.408 Thread 0x000000001e711000 Exception <a 'java/lang/ArrayIndexOutOfBoundsException': 18> (0x000000076ae99680) thrown at [C:\re\workspace\8-2-build-windows-amd64-cygwin\jdk8u91\7017\hotspot\src\share\vm\interpreter\interpreterRuntime.cpp, line 366]
Event: 3.408 Thread 0x000000001e711000 Exception <a 'java/lang/ArrayIndexOutOfBoundsException': 145> (0x000000076ae9b200) thrown at [C:\re\workspace\8-2-build-windows-amd64-cygwin\jdk8u91\7017\hotspot\src\share\vm\interpreter\interpreterRuntime.cpp, line 366]
Event: 3.409 Thread 0x000000001e711000 Exception <a 'java/lang/ArrayIndexOutOfBoundsException'> (0x000000076ae9c4e8) thrown at [C:\re\workspace\8-2-build-windows-amd64-cygwin\jdk8u91\7017\hotspot\src\share\vm\runtime\sharedRuntime.cpp, line 605]
Event: 17.673 Thread 0x0000000002b4e000 Implicit null exception at 0x0000000002ebfe54 to 0x0000000002ec07e5
Event: 20.486 Thread 0x000000001e711000 Implicit null exception at 0x00000000037d6094 to 0x00000000037de7a9

Events (10 events):
Event: 70.731 Thread 0x000000001c426000 flushing nmethod 0x00000000035f16d0
Event: 70.731 Thread 0x000000001c426000 flushing nmethod 0x00000000035fd3d0
Event: 70.731 Thread 0x000000001c426000 flushing nmethod 0x00000000035fd8d0
Event: 70.735 Thread 0x000000001c426000 flushing nmethod 0x00000000036abb90
Event: 70.735 Thread 0x000000001c426000 flushing nmethod 0x00000000036bfed0
Event: 70.735 Thread 0x000000001c426000 flushing nmethod 0x00000000036c5010
Event: 70.735 Thread 0x000000001c426000 flushing nmethod 0x00000000036f0010
Event: 70.735 Thread 0x000000001c426000 flushing nmethod 0x000000000370f690
Event: 70.753 loading class com/android/dx/rop/cst/Zeroes
Event: 70.753 loading class com/android/dx/rop/cst/Zeroes done


Dynamic libraries:
0x00007ff7f14a0000 - 0x00007ff7f14d7000 	C:\Program Files\Java\jdk1.8.0_91\bin\java.exe
0x00007ffe2ec60000 - 0x00007ffe2ee31000 	C:\WINDOWS\SYSTEM32\ntdll.dll
0x00007ffe2d150000 - 0x00007ffe2d1fc000 	C:\WINDOWS\System32\KERNEL32.DLL
0x00007ffe1a100000 - 0x00007ffe1a133000 	C:\Program Files\AVAST Software\Avast\x64\aswhooka.dll
0x00007ffe2b250000 - 0x00007ffe2b46d000 	C:\WINDOWS\System32\KERNELBASE.dll
0x00007ffe2d000000 - 0x00007ffe2d0a2000 	C:\WINDOWS\System32\ADVAPI32.dll
0x00007ffe2ea90000 - 0x00007ffe2eb2e000 	C:\WINDOWS\System32\msvcrt.dll
0x00007ffe2d200000 - 0x00007ffe2d259000 	C:\WINDOWS\System32\sechost.dll
0x00007ffe2ce60000 - 0x00007ffe2cf81000 	C:\WINDOWS\System32\RPCRT4.dll
0x00007ffe2cb80000 - 0x00007ffe2cce5000 	C:\WINDOWS\System32\USER32.dll
0x00007ffe2bee0000 - 0x00007ffe2befe000 	C:\WINDOWS\System32\win32u.dll
0x00007ffe2ea50000 - 0x00007ffe2ea84000 	C:\WINDOWS\System32\GDI32.dll
0x00007ffe2bf00000 - 0x00007ffe2c082000 	C:\WINDOWS\System32\gdi32full.dll
0x00007ffe20cc0000 - 0x00007ffe20f3a000 	C:\WINDOWS\WinSxS\amd64_microsoft.windows.common-controls_6595b64144ccf1df_6.0.14393.953_none_42151e83c686086b\COMCTL32.dll
0x00007ffe2c270000 - 0x00007ffe2c538000 	C:\WINDOWS\System32\combase.dll
0x00007ffe2b470000 - 0x00007ffe2b565000 	C:\WINDOWS\System32\ucrtbase.dll
0x00007ffe2b570000 - 0x00007ffe2b5da000 	C:\WINDOWS\System32\bcryptPrimitives.dll
0x00007ffe2ccf0000 - 0x00007ffe2cd1e000 	C:\WINDOWS\System32\IMM32.DLL
0x000000005a8c0000 - 0x000000005a992000 	C:\Program Files\Java\jdk1.8.0_91\jre\bin\msvcr100.dll
0x000000005ae70000 - 0x000000005b703000 	C:\Program Files\Java\jdk1.8.0_91\jre\bin\server\jvm.dll
0x00007ffe2c1f0000 - 0x00007ffe2c1f8000 	C:\WINDOWS\System32\PSAPI.DLL
0x00007ffe296d0000 - 0x00007ffe296d9000 	C:\WINDOWS\SYSTEM32\WSOCK32.dll
0x00007ffe2ebf0000 - 0x00007ffe2ec5a000 	C:\WINDOWS\System32\WS2_32.dll
0x00007ffe295c0000 - 0x00007ffe295e3000 	C:\WINDOWS\SYSTEM32\WINMM.dll
0x00007ffe1b790000 - 0x00007ffe1b79a000 	C:\WINDOWS\SYSTEM32\VERSION.dll
0x00007ffe29590000 - 0x00007ffe295bb000 	C:\WINDOWS\SYSTEM32\WINMMBASE.dll
0x00007ffe2b7b0000 - 0x00007ffe2b7f2000 	C:\WINDOWS\System32\cfgmgr32.dll
0x000000005ae60000 - 0x000000005ae6f000 	C:\Program Files\Java\jdk1.8.0_91\jre\bin\verify.dll
0x000000005ae30000 - 0x000000005ae59000 	C:\Program Files\Java\jdk1.8.0_91\jre\bin\java.dll
0x000000005ae10000 - 0x000000005ae26000 	C:\Program Files\Java\jdk1.8.0_91\jre\bin\zip.dll
0x00007ffe2d520000 - 0x00007ffe2ea28000 	C:\WINDOWS\System32\SHELL32.dll
0x00007ffe2b800000 - 0x00007ffe2beda000 	C:\WINDOWS\System32\windows.storage.dll
0x00007ffe2b0d0000 - 0x00007ffe2b11c000 	C:\WINDOWS\System32\powrprof.dll
0x00007ffe2d4c0000 - 0x00007ffe2d512000 	C:\WINDOWS\System32\shlwapi.dll
0x00007ffe2b0c0000 - 0x00007ffe2b0cf000 	C:\WINDOWS\System32\kernel.appcore.dll
0x00007ffe2c090000 - 0x00007ffe2c139000 	C:\WINDOWS\System32\shcore.dll
0x00007ffe2b130000 - 0x00007ffe2b144000 	C:\WINDOWS\System32\profapi.dll

VM Arguments:
jvm_args: -Djava.awt.headless=true -Xmx4g -Dfile.encoding=windows-1252 -Duser.country=MX -Duser.language=es -Duser.variant 
java_command: com.android.dx.command.Main --dex --num-threads=4 --multi-dex --main-dex-list C:\Users\mm\Documents\ProjectExperts\app\build\intermediates\multi-dex\debug\maindexlist.txt --output C:\Users\mm\Documents\ProjectExperts\app\build\intermediates\transforms\dex\debug\folders\1000\1f\main C:\Users\mm\Documents\ProjectExperts\app\build\intermediates\transforms\jarMerging\debug\jars\1\1f\combined.jar
java_class_path (initial): C:\Users\mm\AppData\Local\Android\sdk\build-tools\25.0.3\lib\dx.jar
Launcher Type: SUN_STANDARD

Environment Variables:
JAVA_HOME=C:\Program Files\Java\jdk1.8.0_91
PATH=C:\ProgramData\Oracle\Java\javapath;C:\Program Files (x86)\Intel\iCLS Client\;C:\Program Files\Intel\iCLS Client\;C:\WINDOWS\system32;C:\WINDOWS;C:\WINDOWS\System32\Wbem;C:\WINDOWS\System32\WindowsPowerShell\v1.0\;C:\Program Files (x86)\Windows Live\Shared;C:\Program Files\Intel\Intel(R) Management Engine Components\DAL;C:\Program Files\Intel\Intel(R) Management Engine Components\IPT;C:\Program Files (x86)\Intel\Intel(R) Management Engine Components\DAL;C:\Program Files (x86)\Intel\Intel(R) Management Engine Components\IPT;C:\Program Files (x86)\Intel\OpenCL SDK\2.0\bin\x86;C:\Program Files (x86)\Intel\OpenCL SDK\2.0\bin\x64;C:\Program Files\Intel\WiFi\bin\;C:\Program Files\Common Files\Intel\WirelessCommon\;c:\Program Files (x86)\Microsoft SQL Server\100\Tools\Binn\VSShell\Common7\IDE\;c:\Program Files (x86)\Microsoft SQL Server\100\Tools\Binn\;c:\Program Files (x86)\Microsoft SQL Server\100\DTS\Binn\;C:\Program Files\Microsoft SQL Server\110\Tools\Binn\;C:\Program Files (x86)\Microsoft SDKs\TypeScript\1.0\;C:\Program Files\Microsoft SQL Server\120\Tools\Binn\;C:\MinGW\bin;C:\xampp\php;C:\ProgramData\ComposerSetup\bin;C:\WINDOWS\system32\config\systemprofile\.dnx\bin;C:\Program Files\Microsoft DNX\Dnvm\;C:\Program Files\Microsoft SQL Server\130\Tools\Binn\;C:\Program Files (x86)\Windows Kits\10\Windows Performance Toolkit\;C:\Program Files (x86)\nodejs\;C:\Program Files\Git\cmd;C:\Program Files\Microsoft\Web Platform Installer\;C:\Program Files (x86)\Skype\Phone\;C:\Users\mm\AppData\Roaming\Composer\vendor\binC:\Program Files (x86)\Java\jdk1.8.0_45;C:\Users\mm\AppData\Local\Microsoft\WindowsApps;C:\Users\mm\AppData\Roaming\npm
USERNAME=mm
OS=Windows_NT
PROCESSOR_IDENTIFIER=Intel64 Family 6 Model 58 Stepping 9, GenuineIntel



---------------  S Y S T E M  ---------------

OS: Windows 10.0 , 64 bit Build 14393 (10.0.14393.1198)

CPU:total 4 (2 cores per cpu, 2 threads per core) family 6 model 58 stepping 9, cmov, cx8, fxsr, mmx, sse, sse2, sse3, ssse3, sse4.1, sse4.2, popcnt, avx, clmul, erms, ht, tsc, tscinvbit, tscinv

Memory: 4k page, physical 4081596k(215392k free), swap 8177596k(6388k free)

vm_info: Java HotSpot(TM) 64-Bit Server VM (25.91-b15) for windows-amd64 JRE (1.8.0_91-b15), built on May 20 2016 17:43:15 by "java_re" with MS VC++ 10.0 (VS2010)

time: Sun Jun 11 10:19:09 2017
elapsed time: 73 seconds (0d 0h 1m 13s)

