#
# There is insufficient memory for the Java Runtime Environment to continue.
# Native memory allocation (malloc) failed to allocate 51424 bytes for Chunk::new
# Possible reasons:
#   The system is out of physical RAM or swap space
#   In 32 bit mode, the process size limit was hit
# Possible solutions:
#   Reduce memory load on the system
#   Increase physical memory or swap space
#   Check if swap backing store is full
#   Use 64 bit Java on a 64 bit OS
#   Decrease Java heap size (-Xmx/-Xms)
#   Decrease number of Java threads
#   Decrease Java thread stack sizes (-Xss)
#   Set larger code cache with -XX:ReservedCodeCacheSize=
# This output file may be truncated or incomplete.
#
#  Out of Memory Error (allocation.cpp:390), pid=9416, tid=9244
#
# JRE version: Java(TM) SE Runtime Environment (8.0_91-b15) (build 1.8.0_91-b15)
# Java VM: Java HotSpot(TM) 64-Bit Server VM (25.91-b15 mixed mode windows-amd64 compressed oops)
# Failed to write core dump. Minidumps are not enabled by default on client versions of Windows
#

---------------  T H R E A D  ---------------

Current thread (0x000000001b91c800):  JavaThread "C2 CompilerThread1" daemon [_thread_in_native, id=9244, stack(0x000000001d020000,0x000000001d120000)]

Stack: [0x000000001d020000,0x000000001d120000]
[error occurred during error reporting (printing stack bounds), id 0xc0000005]

Native frames: (J=compiled Java code, j=interpreted, Vv=VM code, C=native code)


Current CompileTask:
C2:  10120 1196       4       com.android.dx.ssa.SsaBasicBlock::forEachPhiInsn (54 bytes)


---------------  P R O C E S S  ---------------

Java Threads: ( => current thread )
  0x000000001d2a1800 JavaThread "pool-2-thread-4" [_thread_blocked, id=7096, stack(0x000000001dc20000,0x000000001dd20000)]
  0x000000001d286800 JavaThread "pool-2-thread-3" [_thread_blocked, id=9384, stack(0x000000001db20000,0x000000001dc20000)]
  0x000000001d286000 JavaThread "pool-2-thread-2" [_thread_blocked, id=8804, stack(0x000000001da20000,0x000000001db20000)]
  0x000000001d283000 JavaThread "pool-3-thread-1" [_thread_blocked, id=8188, stack(0x000000001d920000,0x000000001da20000)]
  0x000000001d251800 JavaThread "pool-2-thread-1" [_thread_in_Java, id=11056, stack(0x000000001d820000,0x000000001d920000)]
  0x000000001d126000 JavaThread "Service Thread" daemon [_thread_blocked, id=8844, stack(0x000000001d620000,0x000000001d720000)]
  0x000000001d120800 JavaThread "C1 CompilerThread2" daemon [_thread_blocked, id=11176, stack(0x000000001d520000,0x000000001d620000)]
=>0x000000001b91c800 JavaThread "C2 CompilerThread1" daemon [_thread_in_native, id=9244, stack(0x000000001d020000,0x000000001d120000)]
  0x000000001b8bd800 JavaThread "C2 CompilerThread0" daemon [_thread_in_native, id=10796, stack(0x000000001cf20000,0x000000001d020000)]
  0x000000001b8bc000 JavaThread "Attach Listener" daemon [_thread_blocked, id=2932, stack(0x000000001ce20000,0x000000001cf20000)]
  0x000000001b8ba800 JavaThread "Signal Dispatcher" daemon [_thread_blocked, id=3088, stack(0x000000001cd20000,0x000000001ce20000)]
  0x000000001b8aa800 JavaThread "Finalizer" daemon [_thread_blocked, id=8872, stack(0x000000001cb10000,0x000000001cc10000)]
  0x00000000021e0000 JavaThread "Reference Handler" daemon [_thread_blocked, id=5300, stack(0x000000001ca10000,0x000000001cb10000)]
  0x00000000020ed800 JavaThread "main" [_thread_in_Java, id=10696, stack(0x0000000001ef0000,0x0000000001ff0000)]

Other Threads:
  0x000000001b887800 VMThread [stack: 0x000000001c910000,0x000000001ca10000] [id=10452]
  0x000000001d14b800 WatcherThread [stack: 0x000000001d720000,0x000000001d820000] [id=1212]

VM state:not at safepoint (normal execution)

VM Mutex/Monitor currently owned by a thread: None

Heap:
 PSYoungGen      total 35328K, used 5633K [0x000000076ab00000, 0x000000076d000000, 0x00000007c0000000)
  eden space 32768K, 9% used [0x000000076ab00000,0x000000076ae01b38,0x000000076cb00000)
  from space 2560K, 99% used [0x000000076cd80000,0x000000076cffeac8,0x000000076d000000)
  to   space 2560K, 0% used [0x000000076cb00000,0x000000076cb00000,0x000000076cd80000)
 ParOldGen       total 44032K, used 3726K [0x00000006c0000000, 0x00000006c2b00000, 0x000000076ab00000)
  object space 44032K, 8% used [0x00000006c0000000,0x00000006c03a3940,0x00000006c2b00000)
 Metaspace       used 5924K, capacity 6836K, committed 7040K, reserved 1056768K
  class space    used 599K, capacity 620K, committed 640K, reserved 1048576K

Card table byte_map: [0x00000000115b0000,0x0000000011dc0000] byte_map_base: 0x000000000dfb0000

Marking Bits: (ParMarkBitMap*) 0x0000000050b42f70
 Begin Bits: [0x0000000012720000, 0x0000000016720000)
 End Bits:   [0x0000000016720000, 0x000000001a720000)

Polling page: 0x00000000005f0000

CodeCache: size=245760Kb used=4747Kb max_used=4747Kb free=241012Kb
 bounds [0x00000000021f0000, 0x00000000026a0000, 0x00000000111f0000]
 total_blobs=1462 nmethods=1193 adapters=182
 compilation: enabled

Compilation events (10 events):
Event: 9.973 Thread 0x000000001d120800 1192       3       com.android.dx.ssa.DeadCodeRemover::process (14 bytes)
Event: 9.973 Thread 0x000000001d120800 nmethod 1192 0x0000000002674510 code [0x0000000002674680, 0x0000000002674878]
Event: 9.985 Thread 0x000000001d120800 1197       3       com.android.dx.rop.code.LocalVariableInfo::addAssignment (43 bytes)
Event: 9.985 Thread 0x000000001b8bd800 nmethod 1188 0x0000000002686d10 code [0x0000000002686ea0, 0x0000000002687668]
Event: 9.985 Thread 0x000000001b8bd800 1194       4       com.android.dx.ssa.DeadCodeRemover::isCircularNoSideEffect (140 bytes)
Event: 9.985 Thread 0x000000001d120800 nmethod 1197 0x000000000267c250 code [0x000000000267c420, 0x000000000267ca18]
Event: 9.987 Thread 0x000000001b91c800 nmethod 1189 0x0000000002685890 code [0x0000000002685a20, 0x0000000002686210]
Event: 9.987 Thread 0x000000001b91c800 1195 %     4       com.android.dx.ssa.SsaMethod::deleteInsns @ 42 (239 bytes)
Event: 10.027 Thread 0x000000001b91c800 nmethod 1195% 0x0000000002688010 code [0x0000000002688200, 0x0000000002688f38]
Event: 10.027 Thread 0x000000001b91c800 1196       4       com.android.dx.ssa.SsaBasicBlock::forEachPhiInsn (54 bytes)

GC Heap History (2 events):
Event: 7.063 GC heap before
{Heap before GC invocations=1 (full 0):
 PSYoungGen      total 18944K, used 16384K [0x000000076ab00000, 0x000000076c000000, 0x00000007c0000000)
  eden space 16384K, 100% used [0x000000076ab00000,0x000000076bb00000,0x000000076bb00000)
  from space 2560K, 0% used [0x000000076bd80000,0x000000076bd80000,0x000000076c000000)
  to   space 2560K, 0% used [0x000000076bb00000,0x000000076bb00000,0x000000076bd80000)
 ParOldGen       total 44032K, used 0K [0x00000006c0000000, 0x00000006c2b00000, 0x000000076ab00000)
  object space 44032K, 0% used [0x00000006c0000000,0x00000006c0000000,0x00000006c2b00000)
 Metaspace       used 5768K, capacity 6768K, committed 7040K, reserved 1056768K
  class space    used 595K, capacity 616K, committed 640K, reserved 1048576K
Event: 7.209 GC heap after
Heap after GC invocations=1 (full 0):
 PSYoungGen      total 18944K, used 2557K [0x000000076ab00000, 0x000000076d000000, 0x00000007c0000000)
  eden space 16384K, 0% used [0x000000076ab00000,0x000000076ab00000,0x000000076bb00000)
  from space 2560K, 99% used [0x000000076bb00000,0x000000076bd7f458,0x000000076bd80000)
  to   space 2560K, 0% used [0x000000076cd80000,0x000000076cd80000,0x000000076d000000)
 ParOldGen       total 44032K, used 1649K [0x00000006c0000000, 0x00000006c2b00000, 0x000000076ab00000)
  object space 44032K, 3% used [0x00000006c0000000,0x00000006c019c4e0,0x00000006c2b00000)
 Metaspace       used 5768K, capacity 6768K, committed 7040K, reserved 1056768K
  class space    used 595K, capacity 616K, committed 640K, reserved 1048576K
}

Deoptimization events (10 events):
Event: 7.261 Thread 0x000000001d2a1800 Uncommon trap: reason=class_check action=maybe_recompile pc=0x00000000025098f0 method=com.android.dx.ssa.NormalSsaInsn.accept(Lcom/android/dx/ssa/SsaInsn$Visitor;)V @ 9
Event: 7.262 Thread 0x000000001d2a1800 Uncommon trap: reason=class_check action=maybe_recompile pc=0x00000000025098f0 method=com.android.dx.ssa.NormalSsaInsn.accept(Lcom/android/dx/ssa/SsaInsn$Visitor;)V @ 9
Event: 7.349 Thread 0x000000001d286000 Uncommon trap: reason=class_check action=maybe_recompile pc=0x00000000025b1834 method=com.android.dx.ssa.NormalSsaInsn.accept(Lcom/android/dx/ssa/SsaInsn$Visitor;)V @ 9
Event: 7.349 Thread 0x000000001d286000 Uncommon trap: reason=class_check action=maybe_recompile pc=0x00000000025b1834 method=com.android.dx.ssa.NormalSsaInsn.accept(Lcom/android/dx/ssa/SsaInsn$Visitor;)V @ 9
Event: 7.349 Thread 0x000000001d286000 Uncommon trap: reason=class_check action=maybe_recompile pc=0x00000000025098f0 method=com.android.dx.ssa.NormalSsaInsn.accept(Lcom/android/dx/ssa/SsaInsn$Visitor;)V @ 9
Event: 7.525 Thread 0x00000000020ed800 Uncommon trap: reason=unstable_if action=reinterpret pc=0x000000000257a644 method=com.android.dx.rop.code.RegisterSpec.equals(ILcom/android/dx/rop/type/TypeBearer;Lcom/android/dx/rop/code/LocalItem;)Z @ 42
Event: 9.409 Thread 0x000000001d251800 Uncommon trap: reason=bimorphic action=maybe_recompile pc=0x00000000024f950c method=java.util.HashMap.getNode(ILjava/lang/Object;)Ljava/util/HashMap$Node; @ 126
Event: 9.409 Thread 0x000000001d251800 Uncommon trap: reason=class_check action=maybe_recompile pc=0x0000000002611694 method=java.util.HashMap.putVal(ILjava/lang/Object;Ljava/lang/Object;ZZ)Ljava/lang/Object; @ 203
Event: 9.592 Thread 0x000000001d251800 Uncommon trap: reason=class_check action=maybe_recompile pc=0x00000000026630fc method=com.android.dx.ssa.SCCP.setLatticeValueTo(IILcom/android/dx/rop/cst/Constant;)Z @ 43
Event: 9.593 Thread 0x000000001d251800 Uncommon trap: reason=class_check action=maybe_recompile pc=0x00000000026630fc method=com.android.dx.ssa.SCCP.setLatticeValueTo(IILcom/android/dx/rop/cst/Constant;)Z @ 43

Internal exceptions (2 events):
Event: 0.154 Thread 0x00000000020ed800 Exception <a 'java/lang/NoSuchMethodError': Method sun.misc.Unsafe.defineClass(Ljava/lang/String;[BII)Ljava/lang/Class; name or signature does not match> (0x000000076ab07cc0) thrown at [C:\re\workspace\8-2-build-windows-amd64-cygwin\jdk8u91\7017\hotspot\sr±öñf¸²Ã?
Event: 0.154 Thread 0x00000000020ed800 Exception <a 'java/lang/NoSuchMethodError': Method sun.misc.Unsafe.prefetchRead(Ljava/lang/Object;J)V name or signature does not match> (0x000000076ab07fa8) thrown at [C:\re\workspace\8-2-build-windows-amd64-cygwin\jdk8u91\7017\hotspot\src\share\vm\prims\j

Events (10 events):
Event: 9.409 Thread 0x000000001d251800 DEOPT PACKING pc=0x0000000002611694 sp=0x000000001d91e4c0
Event: 9.409 Thread 0x000000001d251800 DEOPT UNPACKING pc=0x000000000223582a sp=0x000000001d91e3e8 mode 2
Event: 9.437 Thread 0x00000000020ed800 DEOPT PACKING pc=0x00000000025ddd94 sp=0x0000000001fee500
Event: 9.437 Thread 0x00000000020ed800 DEOPT UNPACKING pc=0x000000000223787f sp=0x0000000001fee290 mode 0
Event: 9.592 Thread 0x000000001d251800 Uncommon trap: trap_request=0xffffffde fr.pc=0x00000000026630fc
Event: 9.592 Thread 0x000000001d251800 DEOPT PACKING pc=0x00000000026630fc sp=0x000000001d91e470
Event: 9.592 Thread 0x000000001d251800 DEOPT UNPACKING pc=0x000000000223582a sp=0x000000001d91e3b8 mode 2
Event: 9.593 Thread 0x000000001d251800 Uncommon trap: trap_request=0xffffffde fr.pc=0x00000000026630fc
Event: 9.593 Thread 0x000000001d251800 DEOPT PACKING pc=0x00000000026630fc sp=0x000000001d91e510
Event: 9.593 Thread 0x000000001d251800 DEOPT UNPACKING pc=0x000000000223582a sp=0x000000001d91e468 mode 2


Dynamic libraries:
0x00007ff7cee60000 - 0x00007ff7cee97000 	C:\Program Files\Java\jdk1.8.0_91\bin\java.exe
0x00007ff8c0570000 - 0x00007ff8c0741000 	C:\WINDOWS\SYSTEM32\ntdll.dll
0x00007ff8be1c0000 - 0x00007ff8be26c000 	C:\WINDOWS\System32\KERNEL32.DLL
0x00007ff8a2af0000 - 0x00007ff8a2b23000 	C:\Program Files\AVAST Software\Avast\x64\aswhooka.dll
0x00007ff8bcac0000 - 0x00007ff8bccdd000 	C:\WINDOWS\System32\KERNELBASE.dll
0x00007ff8be0f0000 - 0x00007ff8be192000 	C:\WINDOWS\System32\ADVAPI32.dll
0x00007ff8c00a0000 - 0x00007ff8c013e000 	C:\WINDOWS\System32\msvcrt.dll
0x00007ff8bfc00000 - 0x00007ff8bfc59000 	C:\WINDOWS\System32\sechost.dll
0x00007ff8bde40000 - 0x00007ff8bdf61000 	C:\WINDOWS\System32\RPCRT4.dll
0x00007ff8bf9c0000 - 0x00007ff8bfb25000 	C:\WINDOWS\System32\USER32.dll
0x00007ff8bdae0000 - 0x00007ff8bdafe000 	C:\WINDOWS\System32\win32u.dll
0x00007ff8bdb00000 - 0x00007ff8bdb34000 	C:\WINDOWS\System32\GDI32.dll
0x00007ff8bd5e0000 - 0x00007ff8bd762000 	C:\WINDOWS\System32\gdi32full.dll
0x00007ff8b25d0000 - 0x00007ff8b284a000 	C:\WINDOWS\WinSxS\amd64_microsoft.windows.common-controls_6595b64144ccf1df_6.0.14393.953_none_42151e83c686086b\COMCTL32.dll
0x00007ff8bfdd0000 - 0x00007ff8c0098000 	C:\WINDOWS\System32\combase.dll
0x00007ff8bcce0000 - 0x00007ff8bcdd5000 	C:\WINDOWS\System32\ucrtbase.dll
0x00007ff8bd570000 - 0x00007ff8bd5da000 	C:\WINDOWS\System32\bcryptPrimitives.dll
0x00007ff8bfda0000 - 0x00007ff8bfdce000 	C:\WINDOWS\System32\IMM32.DLL
0x0000000077eb0000 - 0x0000000077f82000 	C:\Program Files\Java\jdk1.8.0_91\jre\bin\msvcr100.dll
0x0000000050330000 - 0x0000000050bc3000 	C:\Program Files\Java\jdk1.8.0_91\jre\bin\server\jvm.dll
0x00007ff8bfbf0000 - 0x00007ff8bfbf8000 	C:\WINDOWS\System32\PSAPI.DLL
0x00007ff8b29c0000 - 0x00007ff8b29c9000 	C:\WINDOWS\SYSTEM32\WSOCK32.dll
0x00007ff8bf950000 - 0x00007ff8bf9ba000 	C:\WINDOWS\System32\WS2_32.dll
0x00007ff8ba910000 - 0x00007ff8ba933000 	C:\WINDOWS\SYSTEM32\WINMM.dll
0x00007ff8ae2d0000 - 0x00007ff8ae2da000 	C:\WINDOWS\SYSTEM32\VERSION.dll
0x00007ff8ba8b0000 - 0x00007ff8ba8db000 	C:\WINDOWS\SYSTEM32\WINMMBASE.dll
0x00007ff8bd9f0000 - 0x00007ff8bda32000 	C:\WINDOWS\System32\cfgmgr32.dll
0x0000000050320000 - 0x000000005032f000 	C:\Program Files\Java\jdk1.8.0_91\jre\bin\verify.dll
0x00000000502f0000 - 0x0000000050319000 	C:\Program Files\Java\jdk1.8.0_91\jre\bin\java.dll
0x00000000502d0000 - 0x00000000502e6000 	C:\Program Files\Java\jdk1.8.0_91\jre\bin\zip.dll
0x00007ff8be3e0000 - 0x00007ff8bf8e8000 	C:\WINDOWS\System32\SHELL32.dll
0x00007ff8bcde0000 - 0x00007ff8bd4ba000 	C:\WINDOWS\System32\windows.storage.dll
0x00007ff8bca00000 - 0x00007ff8bca4c000 	C:\WINDOWS\System32\powrprof.dll
0x00007ff8be030000 - 0x00007ff8be082000 	C:\WINDOWS\System32\shlwapi.dll
0x00007ff8bc9d0000 - 0x00007ff8bc9df000 	C:\WINDOWS\System32\kernel.appcore.dll
0x00007ff8bd4c0000 - 0x00007ff8bd569000 	C:\WINDOWS\System32\shcore.dll
0x00007ff8bc9e0000 - 0x00007ff8bc9f4000 	C:\WINDOWS\System32\profapi.dll

VM Arguments:
jvm_args: -Djava.awt.headless=true -Xmx4g -Dfile.encoding=windows-1252 -Duser.country=MX -Duser.language=es -Duser.variant 
java_command: com.android.dx.command.Main --dex --force-jumbo --num-threads=4 --multi-dex --output C:\Users\mm\Documents\ProjectExperts\app\build\intermediates\transforms\dex\debug\folders\1000\10\instant-run_bc72af3760313354d75960403a3819ef84a9b567 C:\Users\mm\Documents\ProjectExperts\app\build\intermediates\incremental-runtime-classes\debug\instant-run.jar
java_class_path (initial): C:\Users\mm\AppData\Local\Android\sdk\build-tools\24.0.3\lib\dx.jar
Launcher Type: SUN_STANDARD

Environment Variables:
JAVA_HOME=C:\Program Files\Java\jdk1.8.0_91
PATH=C:\ProgramData\Oracle\Java\javapath;C:\Program Files (x86)\Intel\iCLS Client\;C:\Program Files\Intel\iCLS Client\;C:\WINDOWS\system32;C:\WINDOWS;C:\WINDOWS\System32\Wbem;C:\WINDOWS\System32\WindowsPowerShell\v1.0\;C:\Program Files (x86)\Windows Live\Shared;C:\Program Files\Intel\Intel(R) Management Engine Components\DAL;C:\Program Files\Intel\Intel(R) Management Engine Components\IPT;C:\Program Files (x86)\Intel\Intel(R) Management Engine Components\DAL;C:\Program Files (x86)\Intel\Intel(R) Management Engine Components\IPT;C:\Program Files (x86)\Intel\OpenCL SDK\2.0\bin\x86;C:\Program Files (x86)\Intel\OpenCL SDK\2.0\bin\x64;C:\Program Files\Intel\WiFi\bin\;C:\Program Files\Common Files\Intel\WirelessCommon\;c:\Program Files (x86)\Microsoft SQL Server\100\Tools\Binn\VSShell\Common7\IDE\;c:\Program Files (x86)\Microsoft SQL Server\100\Tools\Binn\;c:\Program Files (x86)\Microsoft SQL Server\100\DTS\Binn\;C:\Program Files\Microsoft SQL Server\110\Tools\Binn\;C:\Program Files (x86)\Microsoft SDKs\TypeScript\1.0\;C:\Program Files\Microsoft SQL Server\120\Tools\Binn\;C:\MinGW\bin;C:\xampp\php;C:\ProgramData\ComposerSetup\bin;C:\WINDOWS\system32\config\systemprofile\.dnx\bin;C:\Program Files\Microsoft DNX\Dnvm\;C:\Program Files\Microsoft SQL Server\130\Tools\Binn\;C:\Program Files (x86)\Windows Kits\10\Windows Performance Toolkit\;C:\Program Files (x86)\nodejs\;C:\Program Files\Git\cmd;C:\Program Files\Microsoft\Web Platform Installer\;C:\Program Files (x86)\Skype\Phone\;C:\Users\mm\AppData\Roaming\Composer\vendor\binC:\Program Files (x86)\Java\jdk1.8.0_45;C:\Users\mm\AppData\Local\Microsoft\WindowsApps;C:\Users\mm\AppData\Roaming\npm
USERNAME=mm
OS=Windows_NT
PROCESSOR_IDENTIFIER=Intel64 Family 6 Model 58 Stepping 9, GenuineIntel



---------------  S Y S T E M  ---------------

OS: Windows 10.0 , 64 bit Build 14393 (10.0.14393.1198)

CPU:total 4 (2 cores per cpu, 2 threads per core) family 6 model 58 stepping 9, cmov, cx8, fxsr, mmx, sse, sse2, sse3, ssse3, sse4.1, sse4.2, popcnt, avx, clmul, erms, ht, tsc, tscinvbit, tscinv

Memory: 4k page, physical 4081596k(340400k free), swap 8177596k(277284k free)

vm_info: Java HotSpot(TM) 64-Bit Server VM (25.91-b15) for windows-amd64 JRE (1.8.0_91-b15), built on May 20 2016 17:43:15 by "java_re" with MS VC++ 10.0 (VS2010)

time: Mon Jun 05 12:29:13 2017
elapsed time: 10 seconds (0d 0h 0m 10s)

