#
# There is insufficient memory for the Java Runtime Environment to continue.
# Native memory allocation (malloc) failed to allocate 1128752 bytes for Chunk::new
# Possible reasons:
#   The system is out of physical RAM or swap space
#   In 32 bit mode, the process size limit was hit
# Possible solutions:
#   Reduce memory load on the system
#   Increase physical memory or swap space
#   Check if swap backing store is full
#   Use 64 bit Java on a 64 bit OS
#   Decrease Java heap size (-Xmx/-Xms)
#   Decrease number of Java threads
#   Decrease Java thread stack sizes (-Xss)
#   Set larger code cache with -XX:ReservedCodeCacheSize=
# This output file may be truncated or incomplete.
#
#  Out of Memory Error (allocation.cpp:390), pid=11052, tid=9856
#
# JRE version: Java(TM) SE Runtime Environment (8.0_91-b15) (build 1.8.0_91-b15)
# Java VM: Java HotSpot(TM) 64-Bit Server VM (25.91-b15 mixed mode windows-amd64 compressed oops)
# Failed to write core dump. Minidumps are not enabled by default on client versions of Windows
#

---------------  T H R E A D  ---------------

Current thread (0x000000001c22e800):  JavaThread "C2 CompilerThread0" daemon [_thread_in_native, id=9856, stack(0x000000001d890000,0x000000001d990000)]

Stack: [0x000000001d890000,0x000000001d990000]
[error occurred during error reporting (printing stack bounds), id 0xc0000005]

Native frames: (J=compiled Java code, j=interpreted, Vv=VM code, C=native code)


Current CompileTask:
C2:  26665 1917       4       com.android.dx.ssa.back.IdenticalBlockCombiner::process (323 bytes)


---------------  P R O C E S S  ---------------

Java Threads: ( => current thread )
  0x000000001dc6f800 JavaThread "pool-2-thread-4" [_thread_in_vm, id=8248, stack(0x000000001e590000,0x000000001e690000)]
  0x000000001dc6f000 JavaThread "pool-2-thread-3" [_thread_in_Java, id=1700, stack(0x000000001e490000,0x000000001e590000)]
  0x000000001dc48800 JavaThread "pool-2-thread-2" [_thread_in_Java, id=9352, stack(0x000000001e390000,0x000000001e490000)]
  0x000000001dc46000 JavaThread "pool-3-thread-1" [_thread_blocked, id=780, stack(0x000000001e290000,0x000000001e390000)]
  0x000000001dc3d000 JavaThread "pool-2-thread-1" [_thread_in_Java, id=10212, stack(0x000000001e190000,0x000000001e290000)]
  0x000000001d997000 JavaThread "Service Thread" daemon [_thread_blocked, id=2104, stack(0x000000001df90000,0x000000001e090000)]
  0x000000001c28e000 JavaThread "C1 CompilerThread2" daemon [_thread_blocked, id=4000, stack(0x000000001de90000,0x000000001df90000)]
  0x000000001c28d800 JavaThread "C2 CompilerThread1" daemon [_thread_in_native, id=11064, stack(0x000000001dd90000,0x000000001de90000)]
=>0x000000001c22e800 JavaThread "C2 CompilerThread0" daemon [_thread_in_native, id=9856, stack(0x000000001d890000,0x000000001d990000)]
  0x000000001c22d000 JavaThread "Attach Listener" daemon [_thread_blocked, id=11016, stack(0x000000001d790000,0x000000001d890000)]
  0x0000000002b0e800 JavaThread "Signal Dispatcher" daemon [_thread_blocked, id=9284, stack(0x000000001d690000,0x000000001d790000)]
  0x000000001c21a800 JavaThread "Finalizer" daemon [_thread_blocked, id=10688, stack(0x000000001d480000,0x000000001d580000)]
  0x0000000002b00000 JavaThread "Reference Handler" daemon [_thread_blocked, id=2304, stack(0x000000001d380000,0x000000001d480000)]
  0x00000000010ad800 JavaThread "main" [_thread_in_Java, id=6480, stack(0x00000000028e0000,0x00000000029e0000)]

Other Threads:
  0x000000001c1f8000 VMThread [stack: 0x000000001d280000,0x000000001d380000] [id=2100]
  0x000000001d99b000 WatcherThread [stack: 0x000000001e090000,0x000000001e190000] [id=4164]

VM state:synchronizing (normal execution)

VM Mutex/Monitor currently owned by a thread:  ([mutex/lock_event])
[0x00000000010acc30] Safepoint_lock - owner thread: 0x000000001c1f8000
[0x00000000010ad230] Threads_lock - owner thread: 0x000000001c1f8000

Heap:
 PSYoungGen      total 74240K, used 14018K [0x000000076ab00000, 0x000000076fe00000, 0x00000007c0000000)
  eden space 64512K, 21% used [0x000000076ab00000,0x000000076b8b0880,0x000000076ea00000)
  from space 9728K, 0% used [0x000000076ea00000,0x000000076ea00000,0x000000076f380000)
  to   space 8704K, 0% used [0x000000076f380000,0x000000076f380000,0x000000076fc00000)
 ParOldGen       total 44032K, used 41756K [0x00000006c0000000, 0x00000006c2b00000, 0x000000076ab00000)
  object space 44032K, 94% used [0x00000006c0000000,0x00000006c28c7048,0x00000006c2b00000)
 Metaspace       used 6402K, capacity 7192K, committed 7424K, reserved 1056768K
  class space    used 622K, capacity 656K, committed 768K, reserved 1048576K

Card table byte_map: [0x0000000011ed0000,0x00000000126e0000] byte_map_base: 0x000000000e8d0000

Marking Bits: (ParMarkBitMap*) 0x0000000050b42f70
 Begin Bits: [0x0000000013040000, 0x0000000017040000)
 End Bits:   [0x0000000017040000, 0x000000001b040000)

Polling page: 0x0000000001090000

CodeCache: size=245760Kb used=8811Kb max_used=8834Kb free=236948Kb
 bounds [0x0000000002b10000, 0x00000000033c0000, 0x0000000011b10000]
 total_blobs=2120 nmethods=1851 adapters=181
 compilation: enabled

Compilation events (10 events):
Event: 25.645 Thread 0x000000001c28e000 1940       2       java.util.HashMap$Values::<init> (10 bytes)
Event: 25.645 Thread 0x000000001c28e000 nmethod 1940 0x000000000332b590 code [0x000000000332b6e0, 0x000000000332b850]
Event: 25.645 Thread 0x000000001c28e000 1941       2       java.util.HashMap$Values::iterator (12 bytes)
Event: 25.646 Thread 0x000000001c28e000 nmethod 1941 0x000000000332b150 code [0x000000000332b2c0, 0x000000000332b4c8]
Event: 25.666 Thread 0x000000001c28e000 1943   !   2       com.android.dx.rop.cst.CstType::intern (48 bytes)
Event: 25.668 Thread 0x000000001c28e000 nmethod 1943 0x0000000003388510 code [0x00000000033886c0, 0x0000000003388bc8]
Event: 25.776 Thread 0x000000001c22e800 nmethod 1933% 0x00000000033adfd0 code [0x00000000033ae260, 0x00000000033b0f38]
Event: 25.776 Thread 0x000000001c22e800 1934       4       com.android.dx.ssa.DeadCodeRemover::run (194 bytes)
Event: 25.986 Thread 0x000000001c22e800 nmethod 1934 0x00000000033b41d0 code [0x00000000033b4560, 0x00000000033b7348]
Event: 25.987 Thread 0x000000001c22e800 1917       4       com.android.dx.ssa.back.IdenticalBlockCombiner::process (323 bytes)

GC Heap History (10 events):
Event: 13.109 GC heap before
{Heap before GC invocations=4 (full 0):
 PSYoungGen      total 18944K, used 18912K [0x000000076ab00000, 0x000000076d000000, 0x00000007c0000000)
  eden space 16384K, 100% used [0x000000076ab00000,0x000000076bb00000,0x000000076bb00000)
  from space 2560K, 98% used [0x000000076bb00000,0x000000076bd78010,0x000000076bd80000)
  to   space 2560K, 0% used [0x000000076cd80000,0x000000076cd80000,0x000000076d000000)
 ParOldGen       total 44032K, used 4453K [0x00000006c0000000, 0x00000006c2b00000, 0x000000076ab00000)
  object space 44032K, 10% used [0x00000006c0000000,0x00000006c04597c0,0x00000006c2b00000)
 Metaspace       used 6186K, capacity 7028K, committed 7296K, reserved 1056768K
  class space    used 600K, capacity 620K, committed 640K, reserved 1048576K
Event: 13.168 GC heap after
Heap after GC invocations=4 (full 0):
 PSYoungGen      total 35328K, used 2548K [0x000000076ab00000, 0x000000076d000000, 0x00000007c0000000)
  eden space 32768K, 0% used [0x000000076ab00000,0x000000076ab00000,0x000000076cb00000)
  from space 2560K, 99% used [0x000000076cd80000,0x000000076cffd0b8,0x000000076d000000)
  to   space 2560K, 0% used [0x000000076cb00000,0x000000076cb00000,0x000000076cd80000)
 ParOldGen       total 44032K, used 7354K [0x00000006c0000000, 0x00000006c2b00000, 0x000000076ab00000)
  object space 44032K, 16% used [0x00000006c0000000,0x00000006c072e830,0x00000006c2b00000)
 Metaspace       used 6186K, capacity 7028K, committed 7296K, reserved 1056768K
  class space    used 600K, capacity 620K, committed 640K, reserved 1048576K
}
Event: 14.301 GC heap before
{Heap before GC invocations=5 (full 0):
 PSYoungGen      total 35328K, used 35316K [0x000000076ab00000, 0x000000076d000000, 0x00000007c0000000)
  eden space 32768K, 100% used [0x000000076ab00000,0x000000076cb00000,0x000000076cb00000)
  from space 2560K, 99% used [0x000000076cd80000,0x000000076cffd0b8,0x000000076d000000)
  to   space 2560K, 0% used [0x000000076cb00000,0x000000076cb00000,0x000000076cd80000)
 ParOldGen       total 44032K, used 8542K [0x00000006c0000000, 0x00000006c2b00000, 0x000000076ab00000)
  object space 44032K, 19% used [0x00000006c0000000,0x00000006c08578b8,0x00000006c2b00000)
 Metaspace       used 6312K, capacity 7128K, committed 7424K, reserved 1056768K
  class space    used 620K, capacity 656K, committed 768K, reserved 1048576K
Event: 14.383 GC heap after
Heap after GC invocations=5 (full 0):
 PSYoungGen      total 35328K, used 2528K [0x000000076ab00000, 0x000000076fc00000, 0x00000007c0000000)
  eden space 32768K, 0% used [0x000000076ab00000,0x000000076ab00000,0x000000076cb00000)
  from space 2560K, 98% used [0x000000076cb00000,0x000000076cd78010,0x000000076cd80000)
  to   space 8704K, 0% used [0x000000076f380000,0x000000076f380000,0x000000076fc00000)
 ParOldGen       total 44032K, used 13680K [0x00000006c0000000, 0x00000006c2b00000, 0x000000076ab00000)
  object space 44032K, 31% used [0x00000006c0000000,0x00000006c0d5c0f8,0x00000006c2b00000)
 Metaspace       used 6312K, capacity 7128K, committed 7424K, reserved 1056768K
  class space    used 620K, capacity 656K, committed 768K, reserved 1048576K
}
Event: 15.421 GC heap before
{Heap before GC invocations=6 (full 0):
 PSYoungGen      total 35328K, used 35296K [0x000000076ab00000, 0x000000076fc00000, 0x00000007c0000000)
  eden space 32768K, 100% used [0x000000076ab00000,0x000000076cb00000,0x000000076cb00000)
  from space 2560K, 98% used [0x000000076cb00000,0x000000076cd78010,0x000000076cd80000)
  to   space 8704K, 0% used [0x000000076f380000,0x000000076f380000,0x000000076fc00000)
 ParOldGen       total 44032K, used 13682K [0x00000006c0000000, 0x00000006c2b00000, 0x000000076ab00000)
  object space 44032K, 31% used [0x00000006c0000000,0x00000006c0d5c910,0x00000006c2b00000)
 Metaspace       used 6362K, capacity 7128K, committed 7424K, reserved 1056768K
  class space    used 620K, capacity 656K, committed 768K, reserved 1048576K
Event: 15.464 GC heap after
Heap after GC invocations=6 (full 0):
 PSYoungGen      total 73216K, used 7904K [0x000000076ab00000, 0x000000076fe00000, 0x00000007c0000000)
  eden space 64512K, 0% used [0x000000076ab00000,0x000000076ab00000,0x000000076ea00000)
  from space 8704K, 90% used [0x000000076f380000,0x000000076fb38010,0x000000076fc00000)
  to   space 9728K, 0% used [0x000000076ea00000,0x000000076ea00000,0x000000076f380000)
 ParOldGen       total 44032K, used 13682K [0x00000006c0000000, 0x00000006c2b00000, 0x000000076ab00000)
  object space 44032K, 31% used [0x00000006c0000000,0x00000006c0d5c910,0x00000006c2b00000)
 Metaspace       used 6362K, capacity 7128K, committed 7424K, reserved 1056768K
  class space    used 620K, capacity 656K, committed 768K, reserved 1048576K
}
Event: 20.722 GC heap before
{Heap before GC invocations=7 (full 0):
 PSYoungGen      total 73216K, used 72416K [0x000000076ab00000, 0x000000076fe00000, 0x00000007c0000000)
  eden space 64512K, 100% used [0x000000076ab00000,0x000000076ea00000,0x000000076ea00000)
  from space 8704K, 90% used [0x000000076f380000,0x000000076fb38010,0x000000076fc00000)
  to   space 9728K, 0% used [0x000000076ea00000,0x000000076ea00000,0x000000076f380000)
 ParOldGen       total 44032K, used 13682K [0x00000006c0000000, 0x00000006c2b00000, 0x000000076ab00000)
  object space 44032K, 31% used [0x00000006c0000000,0x00000006c0d5c910,0x00000006c2b00000)
 Metaspace       used 6394K, capacity 7128K, committed 7424K, reserved 1056768K
  class space    used 621K, capacity 656K, committed 768K, reserved 1048576K
Event: 21.149 GC heap after
Heap after GC invocations=7 (full 0):
 PSYoungGen      total 74240K, used 9713K [0x000000076ab00000, 0x000000076fe00000, 0x00000007c0000000)
  eden space 64512K, 0% used [0x000000076ab00000,0x000000076ab00000,0x000000076ea00000)
  from space 9728K, 99% used [0x000000076ea00000,0x000000076f37c458,0x000000076f380000)
  to   space 8704K, 0% used [0x000000076f380000,0x000000076f380000,0x000000076fc00000)
 ParOldGen       total 44032K, used 35291K [0x00000006c0000000, 0x00000006c2b00000, 0x000000076ab00000)
  object space 44032K, 80% used [0x00000006c0000000,0x00000006c2276df8,0x00000006c2b00000)
 Metaspace       used 6394K, capacity 7128K, committed 7424K, reserved 1056768K
  class space    used 621K, capacity 656K, committed 768K, reserved 1048576K
}
Event: 21.149 GC heap before
{Heap before GC invocations=8 (full 1):
 PSYoungGen      total 74240K, used 9713K [0x000000076ab00000, 0x000000076fe00000, 0x00000007c0000000)
  eden space 64512K, 0% used [0x000000076ab00000,0x000000076ab00000,0x000000076ea00000)
  from space 9728K, 99% used [0x000000076ea00000,0x000000076f37c458,0x000000076f380000)
  to   space 8704K, 0% used [0x000000076f380000,0x000000076f380000,0x000000076fc00000)
 ParOldGen       total 44032K, used 35291K [0x00000006c0000000, 0x00000006c2b00000, 0x000000076ab00000)
  object space 44032K, 80% used [0x00000006c0000000,0x00000006c2276df8,0x00000006c2b00000)
 Metaspace       used 6394K, capacity 7128K, committed 7424K, reserved 1056768K
  class space    used 621K, capacity 656K, committed 768K, reserved 1048576K
Event: 24.492 GC heap after
Heap after GC invocations=8 (full 1):
 PSYoungGen      total 74240K, used 0K [0x000000076ab00000, 0x000000076fe00000, 0x00000007c0000000)
  eden space 64512K, 0% used [0x000000076ab00000,0x000000076ab00000,0x000000076ea00000)
  from space 9728K, 0% used [0x000000076ea00000,0x000000076ea00000,0x000000076f380000)
  to   space 8704K, 0% used [0x000000076f380000,0x000000076f380000,0x000000076fc00000)
 ParOldGen       total 44032K, used 41756K [0x00000006c0000000, 0x00000006c2b00000, 0x000000076ab00000)
  object space 44032K, 94% used [0x00000006c0000000,0x00000006c28c7048,0x00000006c2b00000)
 Metaspace       used 6394K, capacity 7128K, committed 7424K, reserved 1056768K
  class space    used 621K, capacity 656K, committed 768K, reserved 1048576K
}

Deoptimization events (10 events):
Event: 13.784 Thread 0x000000001dc3d000 Uncommon trap: reason=unstable_if action=reinterpret pc=0x000000000316f678 method=com.android.dx.ssa.LiteralOpUpgrader$1.visitNonMoveInsn(Lcom/android/dx/ssa/NormalSsaInsn;)V @ 91
Event: 15.366 Thread 0x000000001dc6f000 Uncommon trap: reason=class_check action=maybe_recompile pc=0x00000000031e24ec method=com.android.dx.cf.code.BytecodeArray.parseInstruction(ILcom/android/dx/cf/code/BytecodeArray$Visitor;)I @ 1612
Event: 15.366 Thread 0x000000001dc6f000 Uncommon trap: reason=class_check action=maybe_recompile pc=0x00000000031e24ec method=com.android.dx.cf.code.BytecodeArray.parseInstruction(ILcom/android/dx/cf/code/BytecodeArray$Visitor;)I @ 1612
Event: 15.499 Thread 0x000000001dc48800 Uncommon trap: reason=bimorphic action=maybe_recompile pc=0x00000000031e1018 method=com.android.dx.cf.code.BytecodeArray.parseInstruction(ILcom/android/dx/cf/code/BytecodeArray$Visitor;)I @ 2135
Event: 15.499 Thread 0x000000001dc48800 Uncommon trap: reason=bimorphic action=maybe_recompile pc=0x00000000031e1018 method=com.android.dx.cf.code.BytecodeArray.parseInstruction(ILcom/android/dx/cf/code/BytecodeArray$Visitor;)I @ 2135
Event: 17.744 Thread 0x00000000010ad800 Uncommon trap: reason=bimorphic action=maybe_recompile pc=0x00000000032b63a4 method=com.android.dx.cf.code.BytecodeArray.parseInstruction(ILcom/android/dx/cf/code/BytecodeArray$Visitor;)I @ 1357
Event: 17.745 Thread 0x00000000010ad800 Uncommon trap: reason=bimorphic action=maybe_recompile pc=0x00000000032b63a4 method=com.android.dx.cf.code.BytecodeArray.parseInstruction(ILcom/android/dx/cf/code/BytecodeArray$Visitor;)I @ 1357
Event: 18.730 Thread 0x00000000010ad800 Uncommon trap: reason=unstable_if action=reinterpret pc=0x000000000319e990 method=com.android.dx.util.BitIntSet.has(I)Z @ 8
Event: 19.875 Thread 0x00000000010ad800 Uncommon trap: reason=unstable_if action=reinterpret pc=0x0000000002f4aa30 method=java.util.HashMap.putVal(ILjava/lang/Object;Ljava/lang/Object;ZZ)Ljava/lang/Object; @ 109
Event: 25.009 Thread 0x00000000010ad800 Uncommon trap: reason=unstable_if action=reinterpret pc=0x00000000031a262c method=com.android.dx.ssa.SCCP.simulateStmt(Lcom/android/dx/ssa/SsaInsn;)V @ 59

Internal exceptions (6 events):
Event: 6.547 Thread 0x00000000010ad800 Exception <a 'java/lang/NoSuchMethodError': Method sun.misc.Unsafe.defineClass(Ljava/lang/String;[BII)Ljava/lang/Class; name or signature does not match> (0x000000076ab07cc0) thrown at [C:\re\workspace\8-2-build-windows-amd64-cygwin\jdk8u91\7017\hotspot\srÈ¥–¿0@
Event: 6.548 Thread 0x00000000010ad800 Exception <a 'java/lang/NoSuchMethodError': Method sun.misc.Unsafe.prefetchRead(Ljava/lang/Object;J)V name or signature does not match> (0x000000076ab07fa8) thrown at [C:\re\workspace\8-2-build-windows-amd64-cygwin\jdk8u91\7017\hotspot\src\share\vm\prims\jBOó²^)@
Event: 12.685 Thread 0x000000001dc6f000 Implicit null exception at 0x0000000002e291a2 to 0x0000000002e2929a
Event: 13.754 Thread 0x000000001dc3d000 Exception <a 'java/lang/ArrayIndexOutOfBoundsException': 18> (0x000000076b89f5a0) thrown at [C:\re\workspace\8-2-build-windows-amd64-cygwin\jdk8u91\7017\hotspot\src\share\vm\interpreter\interpreterRuntime.cpp, line 366]
Event: 13.755 Thread 0x000000001dc3d000 Exception <a 'java/lang/ArrayIndexOutOfBoundsException'> (0x000000076b8a1120) thrown at [C:\re\workspace\8-2-build-windows-amd64-cygwin\jdk8u91\7017\hotspot\src\share\vm\runtime\sharedRuntime.cpp, line 605]
Event: 13.756 Thread 0x000000001dc3d000 Exception <a 'java/lang/ArrayIndexOutOfBoundsException'> (0x000000076b8a2408) thrown at [C:\re\workspace\8-2-build-windows-amd64-cygwin\jdk8u91\7017\hotspot\src\share\vm\runtime\sharedRuntime.cpp, line 605]

Events (10 events):
Event: 25.008 Thread 0x00000000010ad800 DEOPT UNPACKING pc=0x0000000002b5787f sp=0x00000000029ddcd0 mode 0
Event: 25.009 Thread 0x00000000010ad800 Uncommon trap: trap_request=0xffffff65 fr.pc=0x00000000031a262c
Event: 25.009 Thread 0x00000000010ad800 DEOPT PACKING pc=0x00000000031a262c sp=0x00000000029de130
Event: 25.009 Thread 0x00000000010ad800 DEOPT UNPACKING pc=0x0000000002b5582a sp=0x00000000029de118 mode 2
Event: 25.673 Thread 0x00000000010ad800 DEOPT PACKING pc=0x0000000002f0edf3 sp=0x00000000029de1a0
Event: 25.673 Thread 0x00000000010ad800 DEOPT UNPACKING pc=0x0000000002b5787f sp=0x00000000029ddfb0 mode 0
Event: 26.435 loading class com/android/dx/rop/code/RegOps
Event: 26.435 loading class com/android/dx/rop/code/RegOps done
Event: 26.530 Thread 0x00000000010ad800 DEOPT PACKING pc=0x0000000002f45d70 sp=0x00000000029de180
Event: 26.530 Thread 0x00000000010ad800 DEOPT UNPACKING pc=0x0000000002b5787f sp=0x00000000029ddfb0 mode 0


Dynamic libraries:
0x00007ff7cee60000 - 0x00007ff7cee97000 	C:\Program Files\Java\jdk1.8.0_91\bin\java.exe
0x00007ff8c0570000 - 0x00007ff8c0741000 	C:\WINDOWS\SYSTEM32\ntdll.dll
0x00007ff8be1c0000 - 0x00007ff8be26c000 	C:\WINDOWS\System32\KERNEL32.DLL
0x00007ff8a2af0000 - 0x00007ff8a2b23000 	C:\Program Files\AVAST Software\Avast\x64\aswhooka.dll
0x00007ff8bcac0000 - 0x00007ff8bccdd000 	C:\WINDOWS\System32\KERNELBASE.dll
0x00007ff8be0f0000 - 0x00007ff8be192000 	C:\WINDOWS\System32\ADVAPI32.dll
0x00007ff8c00a0000 - 0x00007ff8c013e000 	C:\WINDOWS\System32\msvcrt.dll
0x00007ff8bfc00000 - 0x00007ff8bfc59000 	C:\WINDOWS\System32\sechost.dll
0x00007ff8bde40000 - 0x00007ff8bdf61000 	C:\WINDOWS\System32\RPCRT4.dll
0x00007ff8bf9c0000 - 0x00007ff8bfb25000 	C:\WINDOWS\System32\USER32.dll
0x00007ff8bdae0000 - 0x00007ff8bdafe000 	C:\WINDOWS\System32\win32u.dll
0x00007ff8bdb00000 - 0x00007ff8bdb34000 	C:\WINDOWS\System32\GDI32.dll
0x00007ff8bd5e0000 - 0x00007ff8bd762000 	C:\WINDOWS\System32\gdi32full.dll
0x00007ff8b25d0000 - 0x00007ff8b284a000 	C:\WINDOWS\WinSxS\amd64_microsoft.windows.common-controls_6595b64144ccf1df_6.0.14393.953_none_42151e83c686086b\COMCTL32.dll
0x00007ff8bfdd0000 - 0x00007ff8c0098000 	C:\WINDOWS\System32\combase.dll
0x00007ff8bcce0000 - 0x00007ff8bcdd5000 	C:\WINDOWS\System32\ucrtbase.dll
0x00007ff8bd570000 - 0x00007ff8bd5da000 	C:\WINDOWS\System32\bcryptPrimitives.dll
0x00007ff8bfda0000 - 0x00007ff8bfdce000 	C:\WINDOWS\System32\IMM32.DLL
0x0000000077eb0000 - 0x0000000077f82000 	C:\Program Files\Java\jdk1.8.0_91\jre\bin\msvcr100.dll
0x0000000050330000 - 0x0000000050bc3000 	C:\Program Files\Java\jdk1.8.0_91\jre\bin\server\jvm.dll
0x00007ff8bfbf0000 - 0x00007ff8bfbf8000 	C:\WINDOWS\System32\PSAPI.DLL
0x00007ff8b29c0000 - 0x00007ff8b29c9000 	C:\WINDOWS\SYSTEM32\WSOCK32.dll
0x00007ff8bf950000 - 0x00007ff8bf9ba000 	C:\WINDOWS\System32\WS2_32.dll
0x00007ff8ba910000 - 0x00007ff8ba933000 	C:\WINDOWS\SYSTEM32\WINMM.dll
0x00007ff8ae2d0000 - 0x00007ff8ae2da000 	C:\WINDOWS\SYSTEM32\VERSION.dll
0x00007ff8ba8b0000 - 0x00007ff8ba8db000 	C:\WINDOWS\SYSTEM32\WINMMBASE.dll
0x00007ff8bd9f0000 - 0x00007ff8bda32000 	C:\WINDOWS\System32\cfgmgr32.dll
0x0000000050320000 - 0x000000005032f000 	C:\Program Files\Java\jdk1.8.0_91\jre\bin\verify.dll
0x00000000502f0000 - 0x0000000050319000 	C:\Program Files\Java\jdk1.8.0_91\jre\bin\java.dll
0x00000000502d0000 - 0x00000000502e6000 	C:\Program Files\Java\jdk1.8.0_91\jre\bin\zip.dll
0x00007ff8be3e0000 - 0x00007ff8bf8e8000 	C:\WINDOWS\System32\SHELL32.dll
0x00007ff8bcde0000 - 0x00007ff8bd4ba000 	C:\WINDOWS\System32\windows.storage.dll
0x00007ff8bca00000 - 0x00007ff8bca4c000 	C:\WINDOWS\System32\powrprof.dll
0x00007ff8be030000 - 0x00007ff8be082000 	C:\WINDOWS\System32\shlwapi.dll
0x00007ff8bc9d0000 - 0x00007ff8bc9df000 	C:\WINDOWS\System32\kernel.appcore.dll
0x00007ff8bd4c0000 - 0x00007ff8bd569000 	C:\WINDOWS\System32\shcore.dll
0x00007ff8bc9e0000 - 0x00007ff8bc9f4000 	C:\WINDOWS\System32\profapi.dll

VM Arguments:
jvm_args: -Djava.awt.headless=true -Xmx4g -Dfile.encoding=windows-1252 -Duser.country=MX -Duser.language=es -Duser.variant 
java_command: com.android.dx.command.Main --dex --force-jumbo --num-threads=4 --multi-dex --output C:\Users\mm\Documents\ProjectExperts\app\build\intermediates\transforms\dex\debug\folders\1000\10\com.google.android.gms-play-services-ads-10.2.4_f6a4e911e04fe57ce3c1181c895817218b06f307 C:\Users\mm\Documents\ProjectExperts\app\build\intermediates\exploded-aar\com.google.android.gms\play-services-ads\10.2.4\jars\classes.jar
java_class_path (initial): C:\Users\mm\AppData\Local\Android\sdk\build-tools\24.0.3\lib\dx.jar
Launcher Type: SUN_STANDARD

Environment Variables:
JAVA_HOME=C:\Program Files\Java\jdk1.8.0_91
PATH=C:\ProgramData\Oracle\Java\javapath;C:\Program Files (x86)\Intel\iCLS Client\;C:\Program Files\Intel\iCLS Client\;C:\WINDOWS\system32;C:\WINDOWS;C:\WINDOWS\System32\Wbem;C:\WINDOWS\System32\WindowsPowerShell\v1.0\;C:\Program Files (x86)\Windows Live\Shared;C:\Program Files\Intel\Intel(R) Management Engine Components\DAL;C:\Program Files\Intel\Intel(R) Management Engine Components\IPT;C:\Program Files (x86)\Intel\Intel(R) Management Engine Components\DAL;C:\Program Files (x86)\Intel\Intel(R) Management Engine Components\IPT;C:\Program Files (x86)\Intel\OpenCL SDK\2.0\bin\x86;C:\Program Files (x86)\Intel\OpenCL SDK\2.0\bin\x64;C:\Program Files\Intel\WiFi\bin\;C:\Program Files\Common Files\Intel\WirelessCommon\;c:\Program Files (x86)\Microsoft SQL Server\100\Tools\Binn\VSShell\Common7\IDE\;c:\Program Files (x86)\Microsoft SQL Server\100\Tools\Binn\;c:\Program Files (x86)\Microsoft SQL Server\100\DTS\Binn\;C:\Program Files\Microsoft SQL Server\110\Tools\Binn\;C:\Program Files (x86)\Microsoft SDKs\TypeScript\1.0\;C:\Program Files\Microsoft SQL Server\120\Tools\Binn\;C:\MinGW\bin;C:\xampp\php;C:\ProgramData\ComposerSetup\bin;C:\WINDOWS\system32\config\systemprofile\.dnx\bin;C:\Program Files\Microsoft DNX\Dnvm\;C:\Program Files\Microsoft SQL Server\130\Tools\Binn\;C:\Program Files (x86)\Windows Kits\10\Windows Performance Toolkit\;C:\Program Files (x86)\nodejs\;C:\Program Files\Git\cmd;C:\Program Files\Microsoft\Web Platform Installer\;C:\Program Files (x86)\Skype\Phone\;C:\Users\mm\AppData\Roaming\Composer\vendor\binC:\Program Files (x86)\Java\jdk1.8.0_45;C:\Users\mm\AppData\Local\Microsoft\WindowsApps;C:\Users\mm\AppData\Roaming\npm
USERNAME=mm
OS=Windows_NT
PROCESSOR_IDENTIFIER=Intel64 Family 6 Model 58 Stepping 9, GenuineIntel



---------------  S Y S T E M  ---------------

OS: Windows 10.0 , 64 bit Build 14393 (10.0.14393.1198)

CPU:total 4 (2 cores per cpu, 2 threads per core) family 6 model 58 stepping 9, cmov, cx8, fxsr, mmx, sse, sse2, sse3, ssse3, sse4.1, sse4.2, popcnt, avx, clmul, erms, ht, tsc, tscinvbit, tscinv

Memory: 4k page, physical 4081596k(241112k free), swap 8177596k(6276k free)

vm_info: Java HotSpot(TM) 64-Bit Server VM (25.91-b15) for windows-amd64 JRE (1.8.0_91-b15), built on May 20 2016 17:43:15 by "java_re" with MS VC++ 10.0 (VS2010)

time: Mon Jun 05 12:29:01 2017
elapsed time: 26 seconds (0d 0h 0m 26s)

