#
# There is insufficient memory for the Java Runtime Environment to continue.
# Native memory allocation (malloc) failed to allocate 238816 bytes for Chunk::new
# Possible reasons:
#   The system is out of physical RAM or swap space
#   In 32 bit mode, the process size limit was hit
# Possible solutions:
#   Reduce memory load on the system
#   Increase physical memory or swap space
#   Check if swap backing store is full
#   Use 64 bit Java on a 64 bit OS
#   Decrease Java heap size (-Xmx/-Xms)
#   Decrease number of Java threads
#   Decrease Java thread stack sizes (-Xss)
#   Set larger code cache with -XX:ReservedCodeCacheSize=
# This output file may be truncated or incomplete.
#
#  Out of Memory Error (allocation.cpp:390), pid=8920, tid=6028
#
# JRE version: Java(TM) SE Runtime Environment (8.0_91-b15) (build 1.8.0_91-b15)
# Java VM: Java HotSpot(TM) 64-Bit Server VM (25.91-b15 mixed mode windows-amd64 compressed oops)
# Failed to write core dump. Minidumps are not enabled by default on client versions of Windows
#

---------------  T H R E A D  ---------------

Current thread (0x000000001c40a000):  JavaThread "C2 CompilerThread1" daemon [_thread_in_native, id=6028, stack(0x000000001db30000,0x000000001dc30000)]

Stack: [0x000000001db30000,0x000000001dc30000]
[error occurred during error reporting (printing stack bounds), id 0xc0000005]

Native frames: (J=compiled Java code, j=interpreted, Vv=VM code, C=native code)


Current CompileTask:
C2:   7823 1165 %     4       com.android.dx.ssa.SsaMethod::deleteInsns @ 42 (239 bytes)


---------------  P R O C E S S  ---------------

Java Threads: ( => current thread )
  0x000000001de97000 JavaThread "pool-2-thread-4" [_thread_in_Java, id=10580, stack(0x000000001e730000,0x000000001e830000)]
  0x000000001de96000 JavaThread "pool-2-thread-3" [_thread_in_Java, id=9260, stack(0x000000001e630000,0x000000001e730000)]
  0x000000001de95800 JavaThread "pool-2-thread-2" [_thread_in_Java, id=8896, stack(0x000000001e530000,0x000000001e630000)]
  0x000000001de92800 JavaThread "pool-3-thread-1" [_thread_blocked, id=7988, stack(0x000000001e430000,0x000000001e530000)]
  0x000000001de8b800 JavaThread "pool-2-thread-1" [_thread_in_Java, id=9780, stack(0x000000001e330000,0x000000001e430000)]
  0x000000001dc3f800 JavaThread "Service Thread" daemon [_thread_blocked, id=5940, stack(0x000000001e130000,0x000000001e230000)]
  0x000000001dc32000 JavaThread "C1 CompilerThread2" daemon [_thread_in_native, id=7548, stack(0x000000001e030000,0x000000001e130000)]
=>0x000000001c40a000 JavaThread "C2 CompilerThread1" daemon [_thread_in_native, id=6028, stack(0x000000001db30000,0x000000001dc30000)]
  0x000000001c3ae800 JavaThread "C2 CompilerThread0" daemon [_thread_in_native, id=3236, stack(0x000000001da30000,0x000000001db30000)]
  0x000000001c3ad000 JavaThread "Attach Listener" daemon [_thread_blocked, id=9884, stack(0x000000001d930000,0x000000001da30000)]
  0x0000000002cde800 JavaThread "Signal Dispatcher" daemon [_thread_blocked, id=10636, stack(0x000000001d830000,0x000000001d930000)]
  0x000000001c39a800 JavaThread "Finalizer" daemon [_thread_blocked, id=10556, stack(0x000000001d620000,0x000000001d720000)]
  0x0000000002cd0000 JavaThread "Reference Handler" daemon [_thread_blocked, id=7972, stack(0x000000001d520000,0x000000001d620000)]
  0x00000000012fe000 JavaThread "main" [_thread_in_Java, id=10840, stack(0x0000000002a70000,0x0000000002b70000)]

Other Threads:
  0x000000001c377800 VMThread [stack: 0x000000001d420000,0x000000001d520000] [id=10632]
  0x000000001dc38000 WatcherThread [stack: 0x000000001e230000,0x000000001e330000] [id=2016]

VM state:not at safepoint (normal execution)

VM Mutex/Monitor currently owned by a thread: None

Heap:
 PSYoungGen      total 18944K, used 10363K [0x000000076ab00000, 0x000000076c000000, 0x00000007c0000000)
  eden space 16384K, 47% used [0x000000076ab00000,0x000000076b2a50e8,0x000000076bb00000)
  from space 2560K, 99% used [0x000000076bd80000,0x000000076bff9c88,0x000000076c000000)
  to   space 2560K, 0% used [0x000000076bb00000,0x000000076bb00000,0x000000076bd80000)
 ParOldGen       total 44032K, used 2834K [0x00000006c0000000, 0x00000006c2b00000, 0x000000076ab00000)
  object space 44032K, 6% used [0x00000006c0000000,0x00000006c02c4990,0x00000006c2b00000)
 Metaspace       used 6016K, capacity 6898K, committed 7040K, reserved 1056768K
  class space    used 599K, capacity 618K, committed 640K, reserved 1048576K

Card table byte_map: [0x00000000120a0000,0x00000000128b0000] byte_map_base: 0x000000000eaa0000

Marking Bits: (ParMarkBitMap*) 0x0000000050b42f70
 Begin Bits: [0x0000000013210000, 0x0000000017210000)
 End Bits:   [0x0000000017210000, 0x000000001b210000)

Polling page: 0x00000000012e0000

CodeCache: size=245760Kb used=4709Kb max_used=4709Kb free=241050Kb
 bounds [0x0000000002ce0000, 0x0000000003180000, 0x0000000011ce0000]
 total_blobs=1455 nmethods=1187 adapters=181
 compilation: enabled

Compilation events (10 events):
Event: 7.503 Thread 0x000000001dc32000 1166       3       com.android.dx.rop.code.PlainCstInsn::withNewRegisters (22 bytes)
Event: 7.504 Thread 0x000000001dc32000 nmethod 1166 0x000000000314f110 code [0x000000000314f2c0, 0x000000000314fa28]
Event: 7.504 Thread 0x000000001dc32000 1167       3       com.android.dx.rop.code.BasicBlockList::getInstructionCount (48 bytes)
Event: 7.505 Thread 0x000000001dc32000 nmethod 1167 0x0000000003163d90 code [0x0000000003163f20, 0x00000000031645b0]
Event: 7.505 Thread 0x000000001dc32000 1168       3       com.android.dx.rop.code.LocalVariableExtractor::doit (49 bytes)
Event: 7.506 Thread 0x000000001dc32000 nmethod 1168 0x0000000003163510 code [0x00000000031636a0, 0x0000000003163b58]
Event: 7.506 Thread 0x000000001dc32000 1169       3       com.android.dx.dex.code.BlockAddresses::setupArrays (113 bytes)
Event: 7.508 Thread 0x000000001dc32000 nmethod 1169 0x0000000003165950 code [0x0000000003165c00, 0x0000000003167698]
Event: 7.508 Thread 0x000000001dc32000 1170       3       com.android.dx.dex.code.RopTranslator::outputInstructions (69 bytes)
Event: 7.509 Thread 0x000000001dc32000 nmethod 1170 0x0000000003162d50 code [0x0000000003162ee0, 0x0000000003163338]

GC Heap History (2 events):
Event: 5.506 GC heap before
{Heap before GC invocations=1 (full 0):
 PSYoungGen      total 18944K, used 16384K [0x000000076ab00000, 0x000000076c000000, 0x00000007c0000000)
  eden space 16384K, 100% used [0x000000076ab00000,0x000000076bb00000,0x000000076bb00000)
  from space 2560K, 0% used [0x000000076bd80000,0x000000076bd80000,0x000000076c000000)
  to   space 2560K, 0% used [0x000000076bb00000,0x000000076bb00000,0x000000076bd80000)
 ParOldGen       total 44032K, used 0K [0x00000006c0000000, 0x00000006c2b00000, 0x000000076ab00000)
  object space 44032K, 0% used [0x00000006c0000000,0x00000006c0000000,0x00000006c2b00000)
 Metaspace       used 5701K, capacity 6642K, committed 6784K, reserved 1056768K
  class space    used 598K, capacity 618K, committed 640K, reserved 1048576K
Event: 5.847 GC heap after
Heap after GC invocations=1 (full 0):
 PSYoungGen      total 18944K, used 2551K [0x000000076ab00000, 0x000000076c000000, 0x00000007c0000000)
  eden space 16384K, 0% used [0x000000076ab00000,0x000000076ab00000,0x000000076bb00000)
  from space 2560K, 99% used [0x000000076bb00000,0x000000076bd7dc78,0x000000076bd80000)
  to   space 2560K, 0% used [0x000000076bd80000,0x000000076bd80000,0x000000076c000000)
 ParOldGen       total 44032K, used 1140K [0x00000006c0000000, 0x00000006c2b00000, 0x000000076ab00000)
  object space 44032K, 2% used [0x00000006c0000000,0x00000006c011d218,0x00000006c2b00000)
 Metaspace       used 5701K, capacity 6642K, committed 6784K, reserved 1056768K
  class space    used 598K, capacity 618K, committed 640K, reserved 1048576K
}

Deoptimization events (3 events):
Event: 4.412 Thread 0x000000001de8b800 Uncommon trap: reason=unstable_if action=reinterpret pc=0x0000000002eedefc method=java.util.HashMap.getNode(ILjava/lang/Object;)Ljava/util/HashMap$Node; @ 62
Event: 6.605 Thread 0x000000001de97000 Uncommon trap: reason=bimorphic action=maybe_recompile pc=0x0000000002fee230 method=java.util.HashMap.getNode(ILjava/lang/Object;)Ljava/util/HashMap$Node; @ 126
Event: 6.606 Thread 0x000000001de97000 Uncommon trap: reason=bimorphic action=maybe_recompile pc=0x0000000002fee230 method=java.util.HashMap.getNode(ILjava/lang/Object;)Ljava/util/HashMap$Node; @ 126

Internal exceptions (2 events):
Event: 0.886 Thread 0x00000000012fe000 Exception <a 'java/lang/NoSuchMethodError': Method sun.misc.Unsafe.defineClass(Ljava/lang/String;[BII)Ljava/lang/Class; name or signature does not match> (0x000000076ab07cc0) thrown at [C:\re\workspace\8-2-build-windows-amd64-cygwin\jdk8u91\7017\hotspot\sr=’FÁ\ì?
Event: 0.886 Thread 0x00000000012fe000 Exception <a 'java/lang/NoSuchMethodError': Method sun.misc.Unsafe.prefetchRead(Ljava/lang/Object;J)V name or signature does not match> (0x000000076ab07fa8) thrown at [C:\re\workspace\8-2-build-windows-amd64-cygwin\jdk8u91\7017\hotspot\src\share\vm\prims\j

Events (10 events):
Event: 6.169 loading class java/util/DualPivotQuicksort
Event: 6.170 loading class java/util/DualPivotQuicksort done
Event: 6.605 Thread 0x000000001de97000 Uncommon trap: trap_request=0xffffffc6 fr.pc=0x0000000002fee230
Event: 6.605 Thread 0x000000001de97000 DEOPT PACKING pc=0x0000000002fee230 sp=0x000000001e82ee50
Event: 6.605 Thread 0x000000001de97000 DEOPT UNPACKING pc=0x0000000002d2582a sp=0x000000001e82ed78 mode 2
Event: 6.606 Thread 0x000000001de97000 Uncommon trap: trap_request=0xffffffc6 fr.pc=0x0000000002fee230
Event: 6.606 Thread 0x000000001de97000 DEOPT PACKING pc=0x0000000002fee230 sp=0x000000001e82ee40
Event: 6.606 Thread 0x000000001de97000 DEOPT UNPACKING pc=0x0000000002d2582a sp=0x000000001e82ed68 mode 2
Event: 6.726 Executing VM operation: ForceSafepoint
Event: 6.726 Executing VM operation: ForceSafepoint done


Dynamic libraries:
0x00007ff7cee60000 - 0x00007ff7cee97000 	C:\Program Files\Java\jdk1.8.0_91\bin\java.exe
0x00007ff8c0570000 - 0x00007ff8c0741000 	C:\WINDOWS\SYSTEM32\ntdll.dll
0x00007ff8be1c0000 - 0x00007ff8be26c000 	C:\WINDOWS\System32\KERNEL32.DLL
0x00007ff8a2af0000 - 0x00007ff8a2b23000 	C:\Program Files\AVAST Software\Avast\x64\aswhooka.dll
0x00007ff8bcac0000 - 0x00007ff8bccdd000 	C:\WINDOWS\System32\KERNELBASE.dll
0x00007ff8be0f0000 - 0x00007ff8be192000 	C:\WINDOWS\System32\ADVAPI32.dll
0x00007ff8c00a0000 - 0x00007ff8c013e000 	C:\WINDOWS\System32\msvcrt.dll
0x00007ff8bfc00000 - 0x00007ff8bfc59000 	C:\WINDOWS\System32\sechost.dll
0x00007ff8bde40000 - 0x00007ff8bdf61000 	C:\WINDOWS\System32\RPCRT4.dll
0x00007ff8bf9c0000 - 0x00007ff8bfb25000 	C:\WINDOWS\System32\USER32.dll
0x00007ff8bdae0000 - 0x00007ff8bdafe000 	C:\WINDOWS\System32\win32u.dll
0x00007ff8bdb00000 - 0x00007ff8bdb34000 	C:\WINDOWS\System32\GDI32.dll
0x00007ff8bd5e0000 - 0x00007ff8bd762000 	C:\WINDOWS\System32\gdi32full.dll
0x00007ff8b25d0000 - 0x00007ff8b284a000 	C:\WINDOWS\WinSxS\amd64_microsoft.windows.common-controls_6595b64144ccf1df_6.0.14393.953_none_42151e83c686086b\COMCTL32.dll
0x00007ff8bfdd0000 - 0x00007ff8c0098000 	C:\WINDOWS\System32\combase.dll
0x00007ff8bcce0000 - 0x00007ff8bcdd5000 	C:\WINDOWS\System32\ucrtbase.dll
0x00007ff8bd570000 - 0x00007ff8bd5da000 	C:\WINDOWS\System32\bcryptPrimitives.dll
0x00007ff8bfda0000 - 0x00007ff8bfdce000 	C:\WINDOWS\System32\IMM32.DLL
0x0000000077eb0000 - 0x0000000077f82000 	C:\Program Files\Java\jdk1.8.0_91\jre\bin\msvcr100.dll
0x0000000050330000 - 0x0000000050bc3000 	C:\Program Files\Java\jdk1.8.0_91\jre\bin\server\jvm.dll
0x00007ff8bfbf0000 - 0x00007ff8bfbf8000 	C:\WINDOWS\System32\PSAPI.DLL
0x00007ff8b29c0000 - 0x00007ff8b29c9000 	C:\WINDOWS\SYSTEM32\WSOCK32.dll
0x00007ff8bf950000 - 0x00007ff8bf9ba000 	C:\WINDOWS\System32\WS2_32.dll
0x00007ff8ba910000 - 0x00007ff8ba933000 	C:\WINDOWS\SYSTEM32\WINMM.dll
0x00007ff8ae2d0000 - 0x00007ff8ae2da000 	C:\WINDOWS\SYSTEM32\VERSION.dll
0x00007ff8ba8b0000 - 0x00007ff8ba8db000 	C:\WINDOWS\SYSTEM32\WINMMBASE.dll
0x00007ff8bd9f0000 - 0x00007ff8bda32000 	C:\WINDOWS\System32\cfgmgr32.dll
0x0000000050320000 - 0x000000005032f000 	C:\Program Files\Java\jdk1.8.0_91\jre\bin\verify.dll
0x00000000502f0000 - 0x0000000050319000 	C:\Program Files\Java\jdk1.8.0_91\jre\bin\java.dll
0x00000000502d0000 - 0x00000000502e6000 	C:\Program Files\Java\jdk1.8.0_91\jre\bin\zip.dll
0x00007ff8be3e0000 - 0x00007ff8bf8e8000 	C:\WINDOWS\System32\SHELL32.dll
0x00007ff8bcde0000 - 0x00007ff8bd4ba000 	C:\WINDOWS\System32\windows.storage.dll
0x00007ff8bca00000 - 0x00007ff8bca4c000 	C:\WINDOWS\System32\powrprof.dll
0x00007ff8be030000 - 0x00007ff8be082000 	C:\WINDOWS\System32\shlwapi.dll
0x00007ff8bc9d0000 - 0x00007ff8bc9df000 	C:\WINDOWS\System32\kernel.appcore.dll
0x00007ff8bd4c0000 - 0x00007ff8bd569000 	C:\WINDOWS\System32\shcore.dll
0x00007ff8bc9e0000 - 0x00007ff8bc9f4000 	C:\WINDOWS\System32\profapi.dll

VM Arguments:
jvm_args: -Djava.awt.headless=true -Xmx4g -Dfile.encoding=windows-1252 -Duser.country=MX -Duser.language=es -Duser.variant 
java_command: com.android.dx.command.Main --dex --force-jumbo --num-threads=4 --multi-dex --output C:\Users\mm\Documents\ProjectExperts\app\build\intermediates\transforms\dex\debug\folders\1000\10\com.google.android.gms-play-services-basement-10.2.4_e5eb3d1702994075c1e0057caa36f6e0a33f58e6 C:\Users\mm\Documents\ProjectExperts\app\build\intermediates\exploded-aar\com.google.android.gms\play-services-basement\10.2.4\jars\classes.jar
java_class_path (initial): C:\Users\mm\AppData\Local\Android\sdk\build-tools\24.0.3\lib\dx.jar
Launcher Type: SUN_STANDARD

Environment Variables:
JAVA_HOME=C:\Program Files\Java\jdk1.8.0_91
PATH=C:\ProgramData\Oracle\Java\javapath;C:\Program Files (x86)\Intel\iCLS Client\;C:\Program Files\Intel\iCLS Client\;C:\WINDOWS\system32;C:\WINDOWS;C:\WINDOWS\System32\Wbem;C:\WINDOWS\System32\WindowsPowerShell\v1.0\;C:\Program Files (x86)\Windows Live\Shared;C:\Program Files\Intel\Intel(R) Management Engine Components\DAL;C:\Program Files\Intel\Intel(R) Management Engine Components\IPT;C:\Program Files (x86)\Intel\Intel(R) Management Engine Components\DAL;C:\Program Files (x86)\Intel\Intel(R) Management Engine Components\IPT;C:\Program Files (x86)\Intel\OpenCL SDK\2.0\bin\x86;C:\Program Files (x86)\Intel\OpenCL SDK\2.0\bin\x64;C:\Program Files\Intel\WiFi\bin\;C:\Program Files\Common Files\Intel\WirelessCommon\;c:\Program Files (x86)\Microsoft SQL Server\100\Tools\Binn\VSShell\Common7\IDE\;c:\Program Files (x86)\Microsoft SQL Server\100\Tools\Binn\;c:\Program Files (x86)\Microsoft SQL Server\100\DTS\Binn\;C:\Program Files\Microsoft SQL Server\110\Tools\Binn\;C:\Program Files (x86)\Microsoft SDKs\TypeScript\1.0\;C:\Program Files\Microsoft SQL Server\120\Tools\Binn\;C:\MinGW\bin;C:\xampp\php;C:\ProgramData\ComposerSetup\bin;C:\WINDOWS\system32\config\systemprofile\.dnx\bin;C:\Program Files\Microsoft DNX\Dnvm\;C:\Program Files\Microsoft SQL Server\130\Tools\Binn\;C:\Program Files (x86)\Windows Kits\10\Windows Performance Toolkit\;C:\Program Files (x86)\nodejs\;C:\Program Files\Git\cmd;C:\Program Files\Microsoft\Web Platform Installer\;C:\Program Files (x86)\Skype\Phone\;C:\Users\mm\AppData\Roaming\Composer\vendor\binC:\Program Files (x86)\Java\jdk1.8.0_45;C:\Users\mm\AppData\Local\Microsoft\WindowsApps;C:\Users\mm\AppData\Roaming\npm
USERNAME=mm
OS=Windows_NT
PROCESSOR_IDENTIFIER=Intel64 Family 6 Model 58 Stepping 9, GenuineIntel



---------------  S Y S T E M  ---------------

OS: Windows 10.0 , 64 bit Build 14393 (10.0.14393.1198)

CPU:total 4 (2 cores per cpu, 2 threads per core) family 6 model 58 stepping 9, cmov, cx8, fxsr, mmx, sse, sse2, sse3, ssse3, sse4.1, sse4.2, popcnt, avx, clmul, erms, ht, tsc, tscinvbit, tscinv

Memory: 4k page, physical 4081596k(112292k free), swap 8177596k(1588k free)

vm_info: Java HotSpot(TM) 64-Bit Server VM (25.91-b15) for windows-amd64 JRE (1.8.0_91-b15), built on May 20 2016 17:43:15 by "java_re" with MS VC++ 10.0 (VS2010)

time: Mon Jun 05 12:24:14 2017
elapsed time: 7 seconds (0d 0h 0m 7s)

