#
# There is insufficient memory for the Java Runtime Environment to continue.
# Native memory allocation (malloc) failed to allocate 371856 bytes for Chunk::new
# Possible reasons:
#   The system is out of physical RAM or swap space
#   In 32 bit mode, the process size limit was hit
# Possible solutions:
#   Reduce memory load on the system
#   Increase physical memory or swap space
#   Check if swap backing store is full
#   Use 64 bit Java on a 64 bit OS
#   Decrease Java heap size (-Xmx/-Xms)
#   Decrease number of Java threads
#   Decrease Java thread stack sizes (-Xss)
#   Set larger code cache with -XX:ReservedCodeCacheSize=
# This output file may be truncated or incomplete.
#
#  Out of Memory Error (allocation.cpp:390), pid=6408, tid=488
#
# JRE version: Java(TM) SE Runtime Environment (8.0_91-b15) (build 1.8.0_91-b15)
# Java VM: Java HotSpot(TM) 64-Bit Server VM (25.91-b15 mixed mode windows-amd64 compressed oops)
# Failed to write core dump. Minidumps are not enabled by default on client versions of Windows
#

---------------  T H R E A D  ---------------

Current thread (0x000000001c4e3000):  JavaThread "C2 CompilerThread1" daemon [_thread_in_native, id=488, stack(0x000000001dc70000,0x000000001dd70000)]

Stack: [0x000000001dc70000,0x000000001dd70000]
[error occurred during error reporting (printing stack bounds), id 0xc0000005]

Native frames: (J=compiled Java code, j=interpreted, Vv=VM code, C=native code)


Current CompileTask:
C2:   9303 1544       4       com.android.dx.ssa.back.FirstFitLocalCombiningAllocator::addMapping (76 bytes)


---------------  P R O C E S S  ---------------

Java Threads: ( => current thread )
  0x000000001e027800 JavaThread "pool-2-thread-4" [_thread_blocked, id=11236, stack(0x000000001e870000,0x000000001e970000)]
  0x000000001e00b800 JavaThread "pool-2-thread-3" [_thread_blocked, id=9532, stack(0x000000001e770000,0x000000001e870000)]
  0x000000001e00b000 JavaThread "pool-2-thread-2" [_thread_blocked, id=13036, stack(0x000000001e670000,0x000000001e770000)]
  0x000000001dff1800 JavaThread "pool-3-thread-1" [_thread_blocked, id=10980, stack(0x000000001e570000,0x000000001e670000)]
  0x000000001dfe8800 JavaThread "pool-2-thread-1" [_thread_blocked, id=2064, stack(0x000000001e470000,0x000000001e570000)]
  0x000000001dd74000 JavaThread "Service Thread" daemon [_thread_blocked, id=5960, stack(0x000000001e270000,0x000000001e370000)]
  0x000000001dd70800 JavaThread "C1 CompilerThread2" daemon [_thread_blocked, id=2468, stack(0x000000001e170000,0x000000001e270000)]
=>0x000000001c4e3000 JavaThread "C2 CompilerThread1" daemon [_thread_in_native, id=488, stack(0x000000001dc70000,0x000000001dd70000)]
  0x000000001c4de000 JavaThread "C2 CompilerThread0" daemon [_thread_in_native, id=12824, stack(0x000000001db70000,0x000000001dc70000)]
  0x000000001c4dc000 JavaThread "Attach Listener" daemon [_thread_blocked, id=10232, stack(0x000000001da70000,0x000000001db70000)]
  0x000000001c4db000 JavaThread "Signal Dispatcher" daemon [_thread_blocked, id=6344, stack(0x000000001d970000,0x000000001da70000)]
  0x000000001c4ca000 JavaThread "Finalizer" daemon [_thread_blocked, id=12436, stack(0x000000001d760000,0x000000001d860000)]
  0x0000000002e00000 JavaThread "Reference Handler" daemon [_thread_blocked, id=9316, stack(0x000000001d660000,0x000000001d760000)]
  0x0000000002d0e000 JavaThread "main" [_thread_in_vm, id=1840, stack(0x0000000002ba0000,0x0000000002ca0000)]

Other Threads:
  0x000000001c4a7800 VMThread [stack: 0x000000001d560000,0x000000001d660000] [id=3788]
  0x000000001dd7c000 WatcherThread [stack: 0x000000001e370000,0x000000001e470000] [id=2016]

VM state:not at safepoint (normal execution)

VM Mutex/Monitor currently owned by a thread: None

Heap:
 PSYoungGen      total 68096K, used 4296K [0x000000076ab00000, 0x000000076f000000, 0x00000007c0000000)
  eden space 65536K, 2% used [0x000000076ab00000,0x000000076acba118,0x000000076eb00000)
  from space 2560K, 98% used [0x000000076ed80000,0x000000076eff8038,0x000000076f000000)
  to   space 2560K, 0% used [0x000000076eb00000,0x000000076eb00000,0x000000076ed80000)
 ParOldGen       total 44032K, used 14963K [0x00000006c0000000, 0x00000006c2b00000, 0x000000076ab00000)
  object space 44032K, 33% used [0x00000006c0000000,0x00000006c0e9cfd8,0x00000006c2b00000)
 Metaspace       used 6230K, capacity 7092K, committed 7296K, reserved 1056768K
  class space    used 601K, capacity 620K, committed 640K, reserved 1048576K

Card table byte_map: [0x00000000121d0000,0x00000000129e0000] byte_map_base: 0x000000000ebd0000

Marking Bits: (ParMarkBitMap*) 0x0000000050b12f70
 Begin Bits: [0x0000000013340000, 0x0000000017340000)
 End Bits:   [0x0000000017340000, 0x000000001b340000)

Polling page: 0x0000000001320000

CodeCache: size=245760Kb used=6717Kb max_used=6739Kb free=239042Kb
 bounds [0x0000000002e10000, 0x00000000034b0000, 0x0000000011e10000]
 total_blobs=1892 nmethods=1624 adapters=181
 compilation: enabled

Compilation events (10 events):
Event: 9.152 Thread 0x000000001c4e3000 nmethod 1567 0x0000000003318a10 code [0x0000000003318b60, 0x0000000003318bc8]
Event: 9.152 Thread 0x000000001c4e3000 1554       4       com.android.dx.rop.code.Insn::hashCode (5 bytes)
Event: 9.153 Thread 0x000000001c4e3000 nmethod 1554 0x00000000034a1210 code [0x00000000034a1360, 0x00000000034a1408]
Event: 9.153 Thread 0x000000001c4e3000 1545       4       java.util.ArrayList$SubList::removeRange (47 bytes)
Event: 9.159 Thread 0x000000001c4e3000 nmethod 1545 0x0000000003499990 code [0x0000000003499ae0, 0x0000000003499d58]
Event: 9.159 Thread 0x000000001c4e3000 1547       4       com.android.dx.ssa.SsaBasicBlock::scheduleMovesFromPhis (108 bytes)
Event: 9.164 Thread 0x000000001c4e3000 nmethod 1547 0x000000000349af50 code [0x000000000349b0a0, 0x000000000349b2e8]
Event: 9.164 Thread 0x000000001c4e3000 1544       4       com.android.dx.ssa.back.FirstFitLocalCombiningAllocator::addMapping (76 bytes)
Event: 9.251 Thread 0x000000001c4de000 nmethod 1543% 0x00000000034a8890 code [0x00000000034a8b40, 0x00000000034ab6b8]
Event: 9.253 Thread 0x000000001c4de000 1657       4       com.android.dx.dex.code.RopToDop::dopFor (792 bytes)

GC Heap History (8 events):
Event: 3.151 GC heap before
{Heap before GC invocations=1 (full 0):
 PSYoungGen      total 18944K, used 16384K [0x000000076ab00000, 0x000000076c000000, 0x00000007c0000000)
  eden space 16384K, 100% used [0x000000076ab00000,0x000000076bb00000,0x000000076bb00000)
  from space 2560K, 0% used [0x000000076bd80000,0x000000076bd80000,0x000000076c000000)
  to   space 2560K, 0% used [0x000000076bb00000,0x000000076bb00000,0x000000076bd80000)
 ParOldGen       total 44032K, used 0K [0x00000006c0000000, 0x00000006c2b00000, 0x000000076ab00000)
  object space 44032K, 0% used [0x00000006c0000000,0x00000006c0000000,0x00000006c2b00000)
 Metaspace       used 5783K, capacity 6708K, committed 6784K, reserved 1056768K
  class space    used 600K, capacity 620K, committed 640K, reserved 1048576K
Event: 3.275 GC heap after
Heap after GC invocations=1 (full 0):
 PSYoungGen      total 18944K, used 2551K [0x000000076ab00000, 0x000000076d000000, 0x00000007c0000000)
  eden space 16384K, 0% used [0x000000076ab00000,0x000000076ab00000,0x000000076bb00000)
  from space 2560K, 99% used [0x000000076bb00000,0x000000076bd7dc78,0x000000076bd80000)
  to   space 2560K, 0% used [0x000000076cd80000,0x000000076cd80000,0x000000076d000000)
 ParOldGen       total 44032K, used 1467K [0x00000006c0000000, 0x00000006c2b00000, 0x000000076ab00000)
  object space 44032K, 3% used [0x00000006c0000000,0x00000006c016eff8,0x00000006c2b00000)
 Metaspace       used 5783K, capacity 6708K, committed 6784K, reserved 1056768K
  class space    used 600K, capacity 620K, committed 640K, reserved 1048576K
}
Event: 4.570 GC heap before
{Heap before GC invocations=2 (full 0):
 PSYoungGen      total 18944K, used 18935K [0x000000076ab00000, 0x000000076d000000, 0x00000007c0000000)
  eden space 16384K, 100% used [0x000000076ab00000,0x000000076bb00000,0x000000076bb00000)
  from space 2560K, 99% used [0x000000076bb00000,0x000000076bd7dc78,0x000000076bd80000)
  to   space 2560K, 0% used [0x000000076cd80000,0x000000076cd80000,0x000000076d000000)
 ParOldGen       total 44032K, used 1467K [0x00000006c0000000, 0x00000006c2b00000, 0x000000076ab00000)
  object space 44032K, 3% used [0x00000006c0000000,0x00000006c016eff8,0x00000006c2b00000)
 Metaspace       used 6057K, capacity 6964K, committed 7040K, reserved 1056768K
  class space    used 600K, capacity 620K, committed 640K, reserved 1048576K
Event: 4.642 GC heap after
Heap after GC invocations=2 (full 0):
 PSYoungGen      total 35328K, used 2528K [0x000000076ab00000, 0x000000076d000000, 0x00000007c0000000)
  eden space 32768K, 0% used [0x000000076ab00000,0x000000076ab00000,0x000000076cb00000)
  from space 2560K, 98% used [0x000000076cd80000,0x000000076cff8038,0x000000076d000000)
  to   space 2560K, 0% used [0x000000076cb00000,0x000000076cb00000,0x000000076cd80000)
 ParOldGen       total 44032K, used 4020K [0x00000006c0000000, 0x00000006c2b00000, 0x000000076ab00000)
  object space 44032K, 9% used [0x00000006c0000000,0x00000006c03ed3b0,0x00000006c2b00000)
 Metaspace       used 6057K, capacity 6964K, committed 7040K, reserved 1056768K
  class space    used 600K, capacity 620K, committed 640K, reserved 1048576K
}
Event: 6.924 GC heap before
{Heap before GC invocations=3 (full 0):
 PSYoungGen      total 35328K, used 35296K [0x000000076ab00000, 0x000000076d000000, 0x00000007c0000000)
  eden space 32768K, 100% used [0x000000076ab00000,0x000000076cb00000,0x000000076cb00000)
  from space 2560K, 98% used [0x000000076cd80000,0x000000076cff8038,0x000000076d000000)
  to   space 2560K, 0% used [0x000000076cb00000,0x000000076cb00000,0x000000076cd80000)
 ParOldGen       total 44032K, used 4020K [0x00000006c0000000, 0x00000006c2b00000, 0x000000076ab00000)
  object space 44032K, 9% used [0x00000006c0000000,0x00000006c03ed3b0,0x00000006c2b00000)
 Metaspace       used 6137K, capacity 7028K, committed 7296K, reserved 1056768K
  class space    used 601K, capacity 620K, committed 640K, reserved 1048576K
Event: 7.219 GC heap after
Heap after GC invocations=3 (full 0):
 PSYoungGen      total 35328K, used 2536K [0x000000076ab00000, 0x000000076f000000, 0x00000007c0000000)
  eden space 32768K, 0% used [0x000000076ab00000,0x000000076ab00000,0x000000076cb00000)
  from space 2560K, 99% used [0x000000076cb00000,0x000000076cd7a1f8,0x000000076cd80000)
  to   space 2560K, 0% used [0x000000076ed80000,0x000000076ed80000,0x000000076f000000)
 ParOldGen       total 44032K, used 9489K [0x00000006c0000000, 0x00000006c2b00000, 0x000000076ab00000)
  object space 44032K, 21% used [0x00000006c0000000,0x00000006c09446c0,0x00000006c2b00000)
 Metaspace       used 6137K, capacity 7028K, committed 7296K, reserved 1056768K
  class space    used 601K, capacity 620K, committed 640K, reserved 1048576K
}
Event: 8.761 GC heap before
{Heap before GC invocations=4 (full 0):
 PSYoungGen      total 35328K, used 35304K [0x000000076ab00000, 0x000000076f000000, 0x00000007c0000000)
  eden space 32768K, 100% used [0x000000076ab00000,0x000000076cb00000,0x000000076cb00000)
  from space 2560K, 99% used [0x000000076cb00000,0x000000076cd7a1f8,0x000000076cd80000)
  to   space 2560K, 0% used [0x000000076ed80000,0x000000076ed80000,0x000000076f000000)
 ParOldGen       total 44032K, used 9489K [0x00000006c0000000, 0x00000006c2b00000, 0x000000076ab00000)
  object space 44032K, 21% used [0x00000006c0000000,0x00000006c09446c0,0x00000006c2b00000)
 Metaspace       used 6216K, capacity 7092K, committed 7296K, reserved 1056768K
  class space    used 601K, capacity 620K, committed 640K, reserved 1048576K
Event: 8.837 GC heap after
Heap after GC invocations=4 (full 0):
 PSYoungGen      total 68096K, used 2528K [0x000000076ab00000, 0x000000076f000000, 0x00000007c0000000)
  eden space 65536K, 0% used [0x000000076ab00000,0x000000076ab00000,0x000000076eb00000)
  from space 2560K, 98% used [0x000000076ed80000,0x000000076eff8038,0x000000076f000000)
  to   space 2560K, 0% used [0x000000076eb00000,0x000000076eb00000,0x000000076ed80000)
 ParOldGen       total 44032K, used 14963K [0x00000006c0000000, 0x00000006c2b00000, 0x000000076ab00000)
  object space 44032K, 33% used [0x00000006c0000000,0x00000006c0e9cfd8,0x00000006c2b00000)
 Metaspace       used 6216K, capacity 7092K, committed 7296K, reserved 1056768K
  class space    used 601K, capacity 620K, committed 640K, reserved 1048576K
}

Deoptimization events (10 events):
Event: 4.262 Thread 0x0000000002d0e000 Uncommon trap: reason=unstable_if action=reinterpret pc=0x0000000003019eec method=java.lang.String.<init>([CII)V @ 18
Event: 4.753 Thread 0x000000001e027800 Uncommon trap: reason=unstable_if action=reinterpret pc=0x00000000032e7108 method=com.android.dx.ssa.SCCP.simulateStmt(Lcom/android/dx/ssa/SsaInsn;)V @ 418
Event: 4.758 Thread 0x000000001e027800 Uncommon trap: reason=class_check action=maybe_recompile pc=0x00000000032edd0c method=com.android.dx.ssa.SCCP.simulateBranch(Lcom/android/dx/ssa/SsaInsn;)V @ 145
Event: 4.758 Thread 0x000000001e027800 Uncommon trap: reason=unstable_if action=reinterpret pc=0x00000000032ed9d8 method=com.android.dx.ssa.SCCP.simulateBranch(Lcom/android/dx/ssa/SsaInsn;)V @ 329
Event: 6.127 Thread 0x000000001e027800 Uncommon trap: reason=bimorphic action=maybe_recompile pc=0x00000000033852fc method=com.android.dx.ssa.SCCP.simulatePhi(Lcom/android/dx/ssa/PhiInsn;)V @ 124
Event: 6.173 Thread 0x000000001e00b800 Uncommon trap: reason=unstable_if action=reinterpret pc=0x000000000339f780 method=com.android.dx.cf.code.ByteCatchList.listFor(I)Lcom/android/dx/cf/code/ByteCatchList; @ 47
Event: 7.229 Thread 0x0000000002d0e000 Uncommon trap: reason=bimorphic action=maybe_recompile pc=0x00000000033852fc method=com.android.dx.ssa.SCCP.simulatePhi(Lcom/android/dx/ssa/PhiInsn;)V @ 124
Event: 7.229 Thread 0x0000000002d0e000 Uncommon trap: reason=bimorphic action=maybe_recompile pc=0x00000000033852fc method=com.android.dx.ssa.SCCP.simulatePhi(Lcom/android/dx/ssa/PhiInsn;)V @ 124
Event: 7.229 Thread 0x0000000002d0e000 Uncommon trap: reason=bimorphic action=maybe_recompile pc=0x00000000033852fc method=com.android.dx.ssa.SCCP.simulatePhi(Lcom/android/dx/ssa/PhiInsn;)V @ 124
Event: 7.854 Thread 0x000000001dfe8800 Uncommon trap: reason=unstable_if action=reinterpret pc=0x0000000003432c50 method=com.android.dx.util.BitIntSet.has(I)Z @ 8

Internal exceptions (2 events):
Event: 0.222 Thread 0x0000000002d0e000 Exception <a 'java/lang/NoSuchMethodError': Method sun.misc.Unsafe.defineClass(Ljava/lang/String;[BII)Ljava/lang/Class; name or signature does not match> (0x000000076ab07cc0) thrown at [C:\re\workspace\8-2-build-windows-amd64-cygwin\jdk8u91\7017\hotspot\srµàÅÿrÌ?
Event: 0.222 Thread 0x0000000002d0e000 Exception <a 'java/lang/NoSuchMethodError': Method sun.misc.Unsafe.prefetchRead(Ljava/lang/Object;J)V name or signature does not match> (0x000000076ab07fa8) thrown at [C:\re\workspace\8-2-build-windows-amd64-cygwin\jdk8u91\7017\hotspot\src\share\vm\prims\j

Events (10 events):
Event: 7.229 Thread 0x0000000002d0e000 DEOPT PACKING pc=0x00000000033852fc sp=0x0000000002c9e200
Event: 7.229 Thread 0x0000000002d0e000 DEOPT UNPACKING pc=0x0000000002e5582a sp=0x0000000002c9e1d8 mode 2
Event: 7.229 Thread 0x0000000002d0e000 Uncommon trap: trap_request=0xffffffc6 fr.pc=0x00000000033852fc
Event: 7.229 Thread 0x0000000002d0e000 DEOPT PACKING pc=0x00000000033852fc sp=0x0000000002c9e200
Event: 7.229 Thread 0x0000000002d0e000 DEOPT UNPACKING pc=0x0000000002e5582a sp=0x0000000002c9e1d8 mode 2
Event: 7.854 Thread 0x000000001dfe8800 Uncommon trap: trap_request=0xffffff65 fr.pc=0x0000000003432c50
Event: 7.854 Thread 0x000000001dfe8800 DEOPT PACKING pc=0x0000000003432c50 sp=0x000000001e56e5a0
Event: 7.854 Thread 0x000000001dfe8800 DEOPT UNPACKING pc=0x0000000002e5582a sp=0x000000001e56e4d8 mode 2
Event: 8.556 Executing VM operation: ParallelGCFailedAllocation
Event: 8.838 Executing VM operation: ParallelGCFailedAllocation done


Dynamic libraries:
0x00007ff6536a0000 - 0x00007ff6536d7000 	C:\Program Files\Java\jdk1.8.0_91\bin\java.exe
0x00007ff8c0570000 - 0x00007ff8c0741000 	C:\WINDOWS\SYSTEM32\ntdll.dll
0x00007ff8be1c0000 - 0x00007ff8be26c000 	C:\WINDOWS\System32\KERNEL32.DLL
0x00007ff8a2af0000 - 0x00007ff8a2b23000 	C:\Program Files\AVAST Software\Avast\x64\aswhooka.dll
0x00007ff8bcac0000 - 0x00007ff8bccdd000 	C:\WINDOWS\System32\KERNELBASE.dll
0x00007ff8be0f0000 - 0x00007ff8be192000 	C:\WINDOWS\System32\ADVAPI32.dll
0x00007ff8c00a0000 - 0x00007ff8c013e000 	C:\WINDOWS\System32\msvcrt.dll
0x00007ff8bfc00000 - 0x00007ff8bfc59000 	C:\WINDOWS\System32\sechost.dll
0x00007ff8bde40000 - 0x00007ff8bdf61000 	C:\WINDOWS\System32\RPCRT4.dll
0x00007ff8bf9c0000 - 0x00007ff8bfb25000 	C:\WINDOWS\System32\USER32.dll
0x00007ff8bdae0000 - 0x00007ff8bdafe000 	C:\WINDOWS\System32\win32u.dll
0x00007ff8bdb00000 - 0x00007ff8bdb34000 	C:\WINDOWS\System32\GDI32.dll
0x00007ff8bd5e0000 - 0x00007ff8bd762000 	C:\WINDOWS\System32\gdi32full.dll
0x00007ff8b25d0000 - 0x00007ff8b284a000 	C:\WINDOWS\WinSxS\amd64_microsoft.windows.common-controls_6595b64144ccf1df_6.0.14393.953_none_42151e83c686086b\COMCTL32.dll
0x00007ff8bfdd0000 - 0x00007ff8c0098000 	C:\WINDOWS\System32\combase.dll
0x00007ff8bcce0000 - 0x00007ff8bcdd5000 	C:\WINDOWS\System32\ucrtbase.dll
0x00007ff8bd570000 - 0x00007ff8bd5da000 	C:\WINDOWS\System32\bcryptPrimitives.dll
0x00007ff8bfda0000 - 0x00007ff8bfdce000 	C:\WINDOWS\System32\IMM32.DLL
0x0000000077ea0000 - 0x0000000077f72000 	C:\Program Files\Java\jdk1.8.0_91\jre\bin\msvcr100.dll
0x0000000050300000 - 0x0000000050b93000 	C:\Program Files\Java\jdk1.8.0_91\jre\bin\server\jvm.dll
0x00007ff8bfbf0000 - 0x00007ff8bfbf8000 	C:\WINDOWS\System32\PSAPI.DLL
0x00007ff8b1e70000 - 0x00007ff8b1e79000 	C:\WINDOWS\SYSTEM32\WSOCK32.dll
0x00007ff8bf950000 - 0x00007ff8bf9ba000 	C:\WINDOWS\System32\WS2_32.dll
0x00007ff8ba910000 - 0x00007ff8ba933000 	C:\WINDOWS\SYSTEM32\WINMM.dll
0x00007ff8ae2d0000 - 0x00007ff8ae2da000 	C:\WINDOWS\SYSTEM32\VERSION.dll
0x00007ff8ba8b0000 - 0x00007ff8ba8db000 	C:\WINDOWS\SYSTEM32\WINMMBASE.dll
0x00007ff8bd9f0000 - 0x00007ff8bda32000 	C:\WINDOWS\System32\cfgmgr32.dll
0x0000000051a60000 - 0x0000000051a6f000 	C:\Program Files\Java\jdk1.8.0_91\jre\bin\verify.dll
0x00000000517b0000 - 0x00000000517d9000 	C:\Program Files\Java\jdk1.8.0_91\jre\bin\java.dll
0x0000000051a40000 - 0x0000000051a56000 	C:\Program Files\Java\jdk1.8.0_91\jre\bin\zip.dll
0x00007ff8be3e0000 - 0x00007ff8bf8e8000 	C:\WINDOWS\System32\SHELL32.dll
0x00007ff8bcde0000 - 0x00007ff8bd4ba000 	C:\WINDOWS\System32\windows.storage.dll
0x00007ff8bca00000 - 0x00007ff8bca4c000 	C:\WINDOWS\System32\powrprof.dll
0x00007ff8be030000 - 0x00007ff8be082000 	C:\WINDOWS\System32\shlwapi.dll
0x00007ff8bc9d0000 - 0x00007ff8bc9df000 	C:\WINDOWS\System32\kernel.appcore.dll
0x00007ff8bd4c0000 - 0x00007ff8bd569000 	C:\WINDOWS\System32\shcore.dll
0x00007ff8bc9e0000 - 0x00007ff8bc9f4000 	C:\WINDOWS\System32\profapi.dll

VM Arguments:
jvm_args: -Djava.awt.headless=true -Xmx4g -Dfile.encoding=windows-1252 -Duser.country=MX -Duser.language=es -Duser.variant 
java_command: com.android.dx.command.Main --dex --force-jumbo --num-threads=4 --multi-dex --output C:\Users\mm\Documents\ProjectExperts\app\build\intermediates\transforms\dex\debug\folders\1000\10\com.google.android.gms-play-services-tagmanager-10.2.6_a4ec309d0235ad6fcef2a71dcffc123c96d7b2c8 C:\Users\mm\Documents\ProjectExperts\app\build\intermediates\exploded-aar\com.google.android.gms\play-services-tagmanager\10.2.6\jars\classes.jar
java_class_path (initial): C:\Users\mm\AppData\Local\Android\sdk\build-tools\25.0.3\lib\dx.jar
Launcher Type: SUN_STANDARD

Environment Variables:
JAVA_HOME=C:\Program Files\Java\jdk1.8.0_91
PATH=C:\ProgramData\Oracle\Java\javapath;C:\Program Files (x86)\Intel\iCLS Client\;C:\Program Files\Intel\iCLS Client\;C:\WINDOWS\system32;C:\WINDOWS;C:\WINDOWS\System32\Wbem;C:\WINDOWS\System32\WindowsPowerShell\v1.0\;C:\Program Files (x86)\Windows Live\Shared;C:\Program Files\Intel\Intel(R) Management Engine Components\DAL;C:\Program Files\Intel\Intel(R) Management Engine Components\IPT;C:\Program Files (x86)\Intel\Intel(R) Management Engine Components\DAL;C:\Program Files (x86)\Intel\Intel(R) Management Engine Components\IPT;C:\Program Files (x86)\Intel\OpenCL SDK\2.0\bin\x86;C:\Program Files (x86)\Intel\OpenCL SDK\2.0\bin\x64;C:\Program Files\Intel\WiFi\bin\;C:\Program Files\Common Files\Intel\WirelessCommon\;c:\Program Files (x86)\Microsoft SQL Server\100\Tools\Binn\VSShell\Common7\IDE\;c:\Program Files (x86)\Microsoft SQL Server\100\Tools\Binn\;c:\Program Files (x86)\Microsoft SQL Server\100\DTS\Binn\;C:\Program Files\Microsoft SQL Server\110\Tools\Binn\;C:\Program Files (x86)\Microsoft SDKs\TypeScript\1.0\;C:\Program Files\Microsoft SQL Server\120\Tools\Binn\;C:\MinGW\bin;C:\xampp\php;C:\ProgramData\ComposerSetup\bin;C:\WINDOWS\system32\config\systemprofile\.dnx\bin;C:\Program Files\Microsoft DNX\Dnvm\;C:\Program Files\Microsoft SQL Server\130\Tools\Binn\;C:\Program Files (x86)\Windows Kits\10\Windows Performance Toolkit\;C:\Program Files (x86)\nodejs\;C:\Program Files\Git\cmd;C:\Program Files\Microsoft\Web Platform Installer\;C:\Program Files (x86)\Skype\Phone\;C:\Users\mm\AppData\Roaming\Composer\vendor\binC:\Program Files (x86)\Java\jdk1.8.0_45;C:\Users\mm\AppData\Local\Microsoft\WindowsApps;C:\Users\mm\AppData\Roaming\npm
USERNAME=mm
OS=Windows_NT
PROCESSOR_IDENTIFIER=Intel64 Family 6 Model 58 Stepping 9, GenuineIntel



---------------  S Y S T E M  ---------------

OS: Windows 10.0 , 64 bit Build 14393 (10.0.14393.1198)

CPU:total 4 (2 cores per cpu, 2 threads per core) family 6 model 58 stepping 9, cmov, cx8, fxsr, mmx, sse, sse2, sse3, ssse3, sse4.1, sse4.2, popcnt, avx, clmul, erms, ht, tsc, tscinvbit, tscinv

Memory: 4k page, physical 4081596k(346224k free), swap 8177596k(5416k free)

vm_info: Java HotSpot(TM) 64-Bit Server VM (25.91-b15) for windows-amd64 JRE (1.8.0_91-b15), built on May 20 2016 17:43:15 by "java_re" with MS VC++ 10.0 (VS2010)

time: Wed Jun 07 14:51:42 2017
elapsed time: 9 seconds (0d 0h 0m 9s)

