#
# There is insufficient memory for the Java Runtime Environment to continue.
# Native memory allocation (malloc) failed to allocate 1454336 bytes for Chunk::new
# Possible reasons:
#   The system is out of physical RAM or swap space
#   In 32 bit mode, the process size limit was hit
# Possible solutions:
#   Reduce memory load on the system
#   Increase physical memory or swap space
#   Check if swap backing store is full
#   Use 64 bit Java on a 64 bit OS
#   Decrease Java heap size (-Xmx/-Xms)
#   Decrease number of Java threads
#   Decrease Java thread stack sizes (-Xss)
#   Set larger code cache with -XX:ReservedCodeCacheSize=
# This output file may be truncated or incomplete.
#
#  Out of Memory Error (allocation.cpp:390), pid=6176, tid=10100
#
# JRE version: Java(TM) SE Runtime Environment (8.0_91-b15) (build 1.8.0_91-b15)
# Java VM: Java HotSpot(TM) 64-Bit Server VM (25.91-b15 mixed mode windows-amd64 compressed oops)
# Failed to write core dump. Minidumps are not enabled by default on client versions of Windows
#

---------------  T H R E A D  ---------------

Current thread (0x000000001b72e800):  JavaThread "C2 CompilerThread0" daemon [_thread_in_native, id=10100, stack(0x000000001cd90000,0x000000001ce90000)]

Stack: [0x000000001cd90000,0x000000001ce90000]
[error occurred during error reporting (printing stack bounds), id 0xc0000005]

Native frames: (J=compiled Java code, j=interpreted, Vv=VM code, C=native code)


Current CompileTask:
C2:  31001 1582       4       com.android.dx.rop.code.Rops::ropFor (771 bytes)


---------------  P R O C E S S  ---------------

Java Threads: ( => current thread )
  0x000000001d109000 JavaThread "pool-2-thread-4" [_thread_in_Java, id=7552, stack(0x000000001da90000,0x000000001db90000)]
  0x000000001d108000 JavaThread "pool-2-thread-3" [_thread_in_Java, id=10212, stack(0x000000001d990000,0x000000001da90000)]
  0x000000001d107800 JavaThread "pool-2-thread-2" [_thread_in_Java, id=9404, stack(0x000000001d890000,0x000000001d990000)]
  0x000000001d0f4000 JavaThread "pool-3-thread-1" [_thread_blocked, id=3340, stack(0x000000001d790000,0x000000001d890000)]
  0x000000001d0f7800 JavaThread "pool-2-thread-1" [_thread_blocked, id=9724, stack(0x000000001d690000,0x000000001d790000)]
  0x000000001ce97000 JavaThread "Service Thread" daemon [_thread_blocked, id=4352, stack(0x000000001d490000,0x000000001d590000)]
  0x000000001b78e000 JavaThread "C1 CompilerThread2" daemon [_thread_blocked, id=5572, stack(0x000000001d390000,0x000000001d490000)]
  0x000000001b78d800 JavaThread "C2 CompilerThread1" daemon [_thread_in_native, id=10044, stack(0x000000001d290000,0x000000001d390000)]
=>0x000000001b72e800 JavaThread "C2 CompilerThread0" daemon [_thread_in_native, id=10100, stack(0x000000001cd90000,0x000000001ce90000)]
  0x000000001b72d000 JavaThread "Attach Listener" daemon [_thread_blocked, id=432, stack(0x000000001cc90000,0x000000001cd90000)]
  0x000000001b72b800 JavaThread "Signal Dispatcher" daemon [_thread_blocked, id=10176, stack(0x000000001cb90000,0x000000001cc90000)]
  0x000000001b71a800 JavaThread "Finalizer" daemon [_thread_blocked, id=3096, stack(0x000000001c980000,0x000000001ca80000)]
  0x0000000002000000 JavaThread "Reference Handler" daemon [_thread_blocked, id=2228, stack(0x000000001c880000,0x000000001c980000)]
  0x0000000001f0d800 JavaThread "main" [_thread_blocked, id=6248, stack(0x0000000001db0000,0x0000000001eb0000)]

Other Threads:
  0x000000001b6f7800 VMThread [stack: 0x000000001c780000,0x000000001c880000] [id=7224]
  0x000000001ce9c000 WatcherThread [stack: 0x000000001d590000,0x000000001d690000] [id=9312]

VM state:not at safepoint (normal execution)

VM Mutex/Monitor currently owned by a thread: None

Heap:
 PSYoungGen      total 35328K, used 13707K [0x000000076ab00000, 0x000000076f000000, 0x00000007c0000000)
  eden space 32768K, 34% used [0x000000076ab00000,0x000000076b5eaf30,0x000000076cb00000)
  from space 2560K, 98% used [0x000000076cb00000,0x000000076cd78048,0x000000076cd80000)
  to   space 2560K, 0% used [0x000000076ed80000,0x000000076ed80000,0x000000076f000000)
 ParOldGen       total 44032K, used 9021K [0x00000006c0000000, 0x00000006c2b00000, 0x000000076ab00000)
  object space 44032K, 20% used [0x00000006c0000000,0x00000006c08cf798,0x00000006c2b00000)
 Metaspace       used 6216K, capacity 7090K, committed 7296K, reserved 1056768K
  class space    used 599K, capacity 618K, committed 640K, reserved 1048576K

Card table byte_map: [0x00000000113d0000,0x0000000011be0000] byte_map_base: 0x000000000ddd0000

Marking Bits: (ParMarkBitMap*) 0x0000000050b42f70
 Begin Bits: [0x0000000012540000, 0x0000000016540000)
 End Bits:   [0x0000000016540000, 0x000000001a540000)

Polling page: 0x00000000004b0000

CodeCache: size=245760Kb used=6936Kb max_used=6936Kb free=238823Kb
 bounds [0x0000000002010000, 0x00000000026e0000, 0x0000000011010000]
 total_blobs=1884 nmethods=1616 adapters=181
 compilation: enabled

Compilation events (10 events):
Event: 30.925 Thread 0x000000001b78e000 1620       3       com.android.dx.cf.iface.StdFieldList::set (7 bytes)
Event: 30.926 Thread 0x000000001b78e000 nmethod 1620 0x00000000026a10d0 code [0x00000000026a12a0, 0x00000000026a1aa8]
Event: 30.929 Thread 0x000000001b78e000 1621       3       com.android.dx.rop.code.CstInsn::contentEquals (31 bytes)
Event: 30.930 Thread 0x000000001b78e000 nmethod 1621 0x00000000026d7b50 code [0x00000000026d7ce0, 0x00000000026d8178]
Event: 30.933 Thread 0x000000001b78e000 1622       3       com.android.dx.cf.iface.StdFieldList::get (9 bytes)
Event: 30.933 Thread 0x000000001b78e000 nmethod 1622 0x00000000026d8290 code [0x00000000026d8400, 0x00000000026d8708]
Event: 30.933 Thread 0x000000001b78e000 1623       3       com.android.dx.dex.file.EncodedField::<init> (25 bytes)
Event: 30.934 Thread 0x000000001b78e000 nmethod 1623 0x00000000026d87d0 code [0x00000000026d8960, 0x00000000026d8c88]
Event: 30.936 Thread 0x000000001b78e000 1624       3       java.util.concurrent.ThreadPoolExecutor$Worker::unlock (7 bytes)
Event: 30.937 Thread 0x000000001b78e000 nmethod 1624 0x00000000026d8dd0 code [0x00000000026d8f60, 0x00000000026d94a8]

GC Heap History (6 events):
Event: 27.373 GC heap before
{Heap before GC invocations=1 (full 0):
 PSYoungGen      total 18944K, used 16384K [0x000000076ab00000, 0x000000076c000000, 0x00000007c0000000)
  eden space 16384K, 100% used [0x000000076ab00000,0x000000076bb00000,0x000000076bb00000)
  from space 2560K, 0% used [0x000000076bd80000,0x000000076bd80000,0x000000076c000000)
  to   space 2560K, 0% used [0x000000076bb00000,0x000000076bb00000,0x000000076bd80000)
 ParOldGen       total 44032K, used 0K [0x00000006c0000000, 0x00000006c2b00000, 0x000000076ab00000)
  object space 44032K, 0% used [0x00000006c0000000,0x00000006c0000000,0x00000006c2b00000)
 Metaspace       used 5784K, capacity 6706K, committed 6784K, reserved 1056768K
  class space    used 598K, capacity 618K, committed 640K, reserved 1048576K
Event: 27.802 GC heap after
Heap after GC invocations=1 (full 0):
 PSYoungGen      total 18944K, used 2538K [0x000000076ab00000, 0x000000076d000000, 0x00000007c0000000)
  eden space 16384K, 0% used [0x000000076ab00000,0x000000076ab00000,0x000000076bb00000)
  from space 2560K, 99% used [0x000000076bb00000,0x000000076bd7aaa8,0x000000076bd80000)
  to   space 2560K, 0% used [0x000000076cd80000,0x000000076cd80000,0x000000076d000000)
 ParOldGen       total 44032K, used 1464K [0x00000006c0000000, 0x00000006c2b00000, 0x000000076ab00000)
  object space 44032K, 3% used [0x00000006c0000000,0x00000006c016e070,0x00000006c2b00000)
 Metaspace       used 5784K, capacity 6706K, committed 6784K, reserved 1056768K
  class space    used 598K, capacity 618K, committed 640K, reserved 1048576K
}
Event: 28.945 GC heap before
{Heap before GC invocations=2 (full 0):
 PSYoungGen      total 18944K, used 18922K [0x000000076ab00000, 0x000000076d000000, 0x00000007c0000000)
  eden space 16384K, 100% used [0x000000076ab00000,0x000000076bb00000,0x000000076bb00000)
  from space 2560K, 99% used [0x000000076bb00000,0x000000076bd7aaa8,0x000000076bd80000)
  to   space 2560K, 0% used [0x000000076cd80000,0x000000076cd80000,0x000000076d000000)
 ParOldGen       total 44032K, used 1464K [0x00000006c0000000, 0x00000006c2b00000, 0x000000076ab00000)
  object space 44032K, 3% used [0x00000006c0000000,0x00000006c016e070,0x00000006c2b00000)
 Metaspace       used 6058K, capacity 6962K, committed 7040K, reserved 1056768K
  class space    used 599K, capacity 618K, committed 640K, reserved 1048576K
Event: 28.967 GC heap after
Heap after GC invocations=2 (full 0):
 PSYoungGen      total 35328K, used 2528K [0x000000076ab00000, 0x000000076d000000, 0x00000007c0000000)
  eden space 32768K, 0% used [0x000000076ab00000,0x000000076ab00000,0x000000076cb00000)
  from space 2560K, 98% used [0x000000076cd80000,0x000000076cff8038,0x000000076d000000)
  to   space 2560K, 0% used [0x000000076cb00000,0x000000076cb00000,0x000000076cd80000)
 ParOldGen       total 44032K, used 3806K [0x00000006c0000000, 0x00000006c2b00000, 0x000000076ab00000)
  object space 44032K, 8% used [0x00000006c0000000,0x00000006c03b79b8,0x00000006c2b00000)
 Metaspace       used 6058K, capacity 6962K, committed 7040K, reserved 1056768K
  class space    used 599K, capacity 618K, committed 640K, reserved 1048576K
}
Event: 30.736 GC heap before
{Heap before GC invocations=3 (full 0):
 PSYoungGen      total 35328K, used 35296K [0x000000076ab00000, 0x000000076d000000, 0x00000007c0000000)
  eden space 32768K, 100% used [0x000000076ab00000,0x000000076cb00000,0x000000076cb00000)
  from space 2560K, 98% used [0x000000076cd80000,0x000000076cff8038,0x000000076d000000)
  to   space 2560K, 0% used [0x000000076cb00000,0x000000076cb00000,0x000000076cd80000)
 ParOldGen       total 44032K, used 3806K [0x00000006c0000000, 0x00000006c2b00000, 0x000000076ab00000)
  object space 44032K, 8% used [0x00000006c0000000,0x00000006c03b79b8,0x00000006c2b00000)
 Metaspace       used 6207K, capacity 7090K, committed 7296K, reserved 1056768K
  class space    used 599K, capacity 618K, committed 640K, reserved 1048576K
Event: 30.813 GC heap after
Heap after GC invocations=3 (full 0):
 PSYoungGen      total 35328K, used 2528K [0x000000076ab00000, 0x000000076f000000, 0x00000007c0000000)
  eden space 32768K, 0% used [0x000000076ab00000,0x000000076ab00000,0x000000076cb00000)
  from space 2560K, 98% used [0x000000076cb00000,0x000000076cd78048,0x000000076cd80000)
  to   space 2560K, 0% used [0x000000076ed80000,0x000000076ed80000,0x000000076f000000)
 ParOldGen       total 44032K, used 9021K [0x00000006c0000000, 0x00000006c2b00000, 0x000000076ab00000)
  object space 44032K, 20% used [0x00000006c0000000,0x00000006c08cf798,0x00000006c2b00000)
 Metaspace       used 6207K, capacity 7090K, committed 7296K, reserved 1056768K
  class space    used 599K, capacity 618K, committed 640K, reserved 1048576K
}

Deoptimization events (10 events):
Event: 28.643 Thread 0x000000001d107800 Uncommon trap: reason=bimorphic action=maybe_recompile pc=0x00000000022363a0 method=java.util.HashMap.getNode(ILjava/lang/Object;)Ljava/util/HashMap$Node; @ 126
Event: 29.367 Thread 0x000000001d107800 Uncommon trap: reason=unstable_if action=reinterpret pc=0x00000000024edf0c method=java.util.BitSet.clone()Ljava/lang/Object; @ 4
Event: 30.035 Thread 0x0000000001f0d800 Uncommon trap: reason=bimorphic action=maybe_recompile pc=0x00000000024f4564 method=com.android.dx.cf.code.BytecodeArray.parseInstruction(ILcom/android/dx/cf/code/BytecodeArray$Visitor;)I @ 1501
Event: 30.036 Thread 0x0000000001f0d800 Uncommon trap: reason=bimorphic action=maybe_recompile pc=0x00000000024f4564 method=com.android.dx.cf.code.BytecodeArray.parseInstruction(ILcom/android/dx/cf/code/BytecodeArray$Visitor;)I @ 1501
Event: 30.041 Thread 0x0000000001f0d800 Uncommon trap: reason=unstable_if action=reinterpret pc=0x000000000254ec24 method=com.android.dx.ssa.SCCP.simulateBranch(Lcom/android/dx/ssa/SsaInsn;)V @ 548
Event: 30.414 Thread 0x0000000001f0d800 Uncommon trap: reason=unstable_if action=reinterpret pc=0x0000000002395358 method=java.lang.String.<init>([CII)V @ 18
Event: 30.439 Thread 0x0000000001f0d800 Uncommon trap: reason=unstable_if action=reinterpret pc=0x0000000002375fec method=java.lang.String.<init>([CII)V @ 18
Event: 30.832 Thread 0x000000001d107800 Uncommon trap: reason=unstable_if action=reinterpret pc=0x00000000026acb30 method=com.android.dx.cf.code.RopperMachine.run(Lcom/android/dx/cf/code/Frame;II)V @ 1019
Event: 30.871 Thread 0x000000001d107800 Uncommon trap: reason=bimorphic action=maybe_recompile pc=0x00000000025580cc method=com.android.dx.ssa.LiteralOpUpgrader.tryReplacingWithConstant(Lcom/android/dx/ssa/NormalSsaInsn;)Z @ 52
Event: 30.886 Thread 0x000000001d107800 Uncommon trap: reason=unstable_if action=reinterpret pc=0x00000000025d70bc method=com.android.dx.dex.code.RopToDop.dopFor(Lcom/android/dx/rop/code/Insn;)Lcom/android/dx/dex/code/Dop; @ 747

Internal exceptions (2 events):
Event: 5.160 Thread 0x0000000001f0d800 Exception <a 'java/lang/NoSuchMethodError': Method sun.misc.Unsafe.defineClass(Ljava/lang/String;[BII)Ljava/lang/Class; name or signature does not match> (0x000000076ab07cc0) thrown at [C:\re\workspace\8-2-build-windows-amd64-cygwin\jdk8u91\7017\hotspot\srV_
Jף@
Event: 5.160 Thread 0x0000000001f0d800 Exception <a 'java/lang/NoSuchMethodError': Method sun.misc.Unsafe.prefetchRead(Ljava/lang/Object;J)V name or signature does not match> (0x000000076ab07fa8) thrown at [C:\re\workspace\8-2-build-windows-amd64-cygwin\jdk8u91\7017\hotspot\src\share\vm\prims\j

Events (10 events):
Event: 30.813 Executing VM operation: ParallelGCFailedAllocation done
Event: 30.832 Thread 0x000000001d107800 Uncommon trap: trap_request=0xffffff65 fr.pc=0x00000000026acb30
Event: 30.832 Thread 0x000000001d107800 DEOPT PACKING pc=0x00000000026acb30 sp=0x000000001d98e290
Event: 30.832 Thread 0x000000001d107800 DEOPT UNPACKING pc=0x000000000205582a sp=0x000000001d98e258 mode 2
Event: 30.871 Thread 0x000000001d107800 Uncommon trap: trap_request=0xffffffc6 fr.pc=0x00000000025580cc
Event: 30.871 Thread 0x000000001d107800 DEOPT PACKING pc=0x00000000025580cc sp=0x000000001d98e760
Event: 30.871 Thread 0x000000001d107800 DEOPT UNPACKING pc=0x000000000205582a sp=0x000000001d98e700 mode 2
Event: 30.886 Thread 0x000000001d107800 Uncommon trap: trap_request=0xffffff65 fr.pc=0x00000000025d70bc
Event: 30.886 Thread 0x000000001d107800 DEOPT PACKING pc=0x00000000025d70bc sp=0x000000001d98e590
Event: 30.886 Thread 0x000000001d107800 DEOPT UNPACKING pc=0x000000000205582a sp=0x000000001d98e530 mode 2


Dynamic libraries:
0x00007ff7cee60000 - 0x00007ff7cee97000 	C:\Program Files\Java\jdk1.8.0_91\bin\java.exe
0x00007ff8c0570000 - 0x00007ff8c0741000 	C:\WINDOWS\SYSTEM32\ntdll.dll
0x00007ff8be1c0000 - 0x00007ff8be26c000 	C:\WINDOWS\System32\KERNEL32.DLL
0x00007ff8a2af0000 - 0x00007ff8a2b23000 	C:\Program Files\AVAST Software\Avast\x64\aswhooka.dll
0x00007ff8bcac0000 - 0x00007ff8bccdd000 	C:\WINDOWS\System32\KERNELBASE.dll
0x00007ff8be0f0000 - 0x00007ff8be192000 	C:\WINDOWS\System32\ADVAPI32.dll
0x00007ff8c00a0000 - 0x00007ff8c013e000 	C:\WINDOWS\System32\msvcrt.dll
0x00007ff8bfc00000 - 0x00007ff8bfc59000 	C:\WINDOWS\System32\sechost.dll
0x00007ff8bde40000 - 0x00007ff8bdf61000 	C:\WINDOWS\System32\RPCRT4.dll
0x00007ff8bf9c0000 - 0x00007ff8bfb25000 	C:\WINDOWS\System32\USER32.dll
0x00007ff8bdae0000 - 0x00007ff8bdafe000 	C:\WINDOWS\System32\win32u.dll
0x00007ff8bdb00000 - 0x00007ff8bdb34000 	C:\WINDOWS\System32\GDI32.dll
0x00007ff8bd5e0000 - 0x00007ff8bd762000 	C:\WINDOWS\System32\gdi32full.dll
0x00007ff8b25d0000 - 0x00007ff8b284a000 	C:\WINDOWS\WinSxS\amd64_microsoft.windows.common-controls_6595b64144ccf1df_6.0.14393.953_none_42151e83c686086b\COMCTL32.dll
0x00007ff8bfdd0000 - 0x00007ff8c0098000 	C:\WINDOWS\System32\combase.dll
0x00007ff8bcce0000 - 0x00007ff8bcdd5000 	C:\WINDOWS\System32\ucrtbase.dll
0x00007ff8bd570000 - 0x00007ff8bd5da000 	C:\WINDOWS\System32\bcryptPrimitives.dll
0x00007ff8bfda0000 - 0x00007ff8bfdce000 	C:\WINDOWS\System32\IMM32.DLL
0x0000000077eb0000 - 0x0000000077f82000 	C:\Program Files\Java\jdk1.8.0_91\jre\bin\msvcr100.dll
0x0000000050330000 - 0x0000000050bc3000 	C:\Program Files\Java\jdk1.8.0_91\jre\bin\server\jvm.dll
0x00007ff8bfbf0000 - 0x00007ff8bfbf8000 	C:\WINDOWS\System32\PSAPI.DLL
0x00007ff8b29c0000 - 0x00007ff8b29c9000 	C:\WINDOWS\SYSTEM32\WSOCK32.dll
0x00007ff8bf950000 - 0x00007ff8bf9ba000 	C:\WINDOWS\System32\WS2_32.dll
0x00007ff8ba910000 - 0x00007ff8ba933000 	C:\WINDOWS\SYSTEM32\WINMM.dll
0x00007ff8ae2d0000 - 0x00007ff8ae2da000 	C:\WINDOWS\SYSTEM32\VERSION.dll
0x00007ff8ba8b0000 - 0x00007ff8ba8db000 	C:\WINDOWS\SYSTEM32\WINMMBASE.dll
0x00007ff8bd9f0000 - 0x00007ff8bda32000 	C:\WINDOWS\System32\cfgmgr32.dll
0x0000000050320000 - 0x000000005032f000 	C:\Program Files\Java\jdk1.8.0_91\jre\bin\verify.dll
0x00000000502f0000 - 0x0000000050319000 	C:\Program Files\Java\jdk1.8.0_91\jre\bin\java.dll
0x00000000502d0000 - 0x00000000502e6000 	C:\Program Files\Java\jdk1.8.0_91\jre\bin\zip.dll
0x00007ff8be3e0000 - 0x00007ff8bf8e8000 	C:\WINDOWS\System32\SHELL32.dll
0x00007ff8bcde0000 - 0x00007ff8bd4ba000 	C:\WINDOWS\System32\windows.storage.dll
0x00007ff8bca00000 - 0x00007ff8bca4c000 	C:\WINDOWS\System32\powrprof.dll
0x00007ff8be030000 - 0x00007ff8be082000 	C:\WINDOWS\System32\shlwapi.dll
0x00007ff8bc9d0000 - 0x00007ff8bc9df000 	C:\WINDOWS\System32\kernel.appcore.dll
0x00007ff8bd4c0000 - 0x00007ff8bd569000 	C:\WINDOWS\System32\shcore.dll
0x00007ff8bc9e0000 - 0x00007ff8bc9f4000 	C:\WINDOWS\System32\profapi.dll

VM Arguments:
jvm_args: -Djava.awt.headless=true -Xmx4g -Dfile.encoding=windows-1252 -Duser.country=MX -Duser.language=es -Duser.variant 
java_command: com.android.dx.command.Main --dex --force-jumbo --num-threads=4 --multi-dex --output C:\Users\mm\Documents\ProjectExperts\app\build\intermediates\transforms\dex\debug\folders\1000\10\com.google.android.gms-play-services-awareness-10.2.4_5dd35c9d4e2306895a2d17ffc8869633b38a3feb C:\Users\mm\Documents\ProjectExperts\app\build\intermediates\exploded-aar\com.google.android.gms\play-services-awareness\10.2.4\jars\classes.jar
java_class_path (initial): C:\Users\mm\AppData\Local\Android\sdk\build-tools\24.0.3\lib\dx.jar
Launcher Type: SUN_STANDARD

Environment Variables:
JAVA_HOME=C:\Program Files\Java\jdk1.8.0_91
PATH=C:\ProgramData\Oracle\Java\javapath;C:\Program Files (x86)\Intel\iCLS Client\;C:\Program Files\Intel\iCLS Client\;C:\WINDOWS\system32;C:\WINDOWS;C:\WINDOWS\System32\Wbem;C:\WINDOWS\System32\WindowsPowerShell\v1.0\;C:\Program Files (x86)\Windows Live\Shared;C:\Program Files\Intel\Intel(R) Management Engine Components\DAL;C:\Program Files\Intel\Intel(R) Management Engine Components\IPT;C:\Program Files (x86)\Intel\Intel(R) Management Engine Components\DAL;C:\Program Files (x86)\Intel\Intel(R) Management Engine Components\IPT;C:\Program Files (x86)\Intel\OpenCL SDK\2.0\bin\x86;C:\Program Files (x86)\Intel\OpenCL SDK\2.0\bin\x64;C:\Program Files\Intel\WiFi\bin\;C:\Program Files\Common Files\Intel\WirelessCommon\;c:\Program Files (x86)\Microsoft SQL Server\100\Tools\Binn\VSShell\Common7\IDE\;c:\Program Files (x86)\Microsoft SQL Server\100\Tools\Binn\;c:\Program Files (x86)\Microsoft SQL Server\100\DTS\Binn\;C:\Program Files\Microsoft SQL Server\110\Tools\Binn\;C:\Program Files (x86)\Microsoft SDKs\TypeScript\1.0\;C:\Program Files\Microsoft SQL Server\120\Tools\Binn\;C:\MinGW\bin;C:\xampp\php;C:\ProgramData\ComposerSetup\bin;C:\WINDOWS\system32\config\systemprofile\.dnx\bin;C:\Program Files\Microsoft DNX\Dnvm\;C:\Program Files\Microsoft SQL Server\130\Tools\Binn\;C:\Program Files (x86)\Windows Kits\10\Windows Performance Toolkit\;C:\Program Files (x86)\nodejs\;C:\Program Files\Git\cmd;C:\Program Files\Microsoft\Web Platform Installer\;C:\Program Files (x86)\Skype\Phone\;C:\Users\mm\AppData\Roaming\Composer\vendor\binC:\Program Files (x86)\Java\jdk1.8.0_45;C:\Users\mm\AppData\Local\Microsoft\WindowsApps;C:\Users\mm\AppData\Roaming\npm
USERNAME=mm
OS=Windows_NT
PROCESSOR_IDENTIFIER=Intel64 Family 6 Model 58 Stepping 9, GenuineIntel



---------------  S Y S T E M  ---------------

OS: Windows 10.0 , 64 bit Build 14393 (10.0.14393.1198)

CPU:total 4 (2 cores per cpu, 2 threads per core) family 6 model 58 stepping 9, cmov, cx8, fxsr, mmx, sse, sse2, sse3, ssse3, sse4.1, sse4.2, popcnt, avx, clmul, erms, ht, tsc, tscinvbit, tscinv

Memory: 4k page, physical 4081596k(212312k free), swap 8177596k(7224k free)

vm_info: Java HotSpot(TM) 64-Bit Server VM (25.91-b15) for windows-amd64 JRE (1.8.0_91-b15), built on May 20 2016 17:43:15 by "java_re" with MS VC++ 10.0 (VS2010)

time: Mon Jun 05 12:27:30 2017
elapsed time: 31 seconds (0d 0h 0m 31s)

