#
# There is insufficient memory for the Java Runtime Environment to continue.
# Native memory allocation (malloc) failed to allocate 262160 bytes for Chunk::new
# Possible reasons:
#   The system is out of physical RAM or swap space
#   In 32 bit mode, the process size limit was hit
# Possible solutions:
#   Reduce memory load on the system
#   Increase physical memory or swap space
#   Check if swap backing store is full
#   Use 64 bit Java on a 64 bit OS
#   Decrease Java heap size (-Xmx/-Xms)
#   Decrease number of Java threads
#   Decrease Java thread stack sizes (-Xss)
#   Set larger code cache with -XX:ReservedCodeCacheSize=
# This output file may be truncated or incomplete.
#
#  Out of Memory Error (allocation.cpp:390), pid=4564, tid=12440
#
# JRE version: Java(TM) SE Runtime Environment (8.0_91-b15) (build 1.8.0_91-b15)
# Java VM: Java HotSpot(TM) 64-Bit Server VM (25.91-b15 mixed mode windows-amd64 compressed oops)
# Failed to write core dump. Minidumps are not enabled by default on client versions of Windows
#

---------------  T H R E A D  ---------------

Current thread (0x000000001c5ce000):  JavaThread "C2 CompilerThread0" daemon [_thread_in_native, id=12440, stack(0x000000001dc30000,0x000000001dd30000)]

Stack: [0x000000001dc30000,0x000000001dd30000]
[error occurred during error reporting (printing stack bounds), id 0xc0000005]

Native frames: (J=compiled Java code, j=interpreted, Vv=VM code, C=native code)


Current CompileTask:
C2:  12885 1644       4       com.android.dx.dex.code.RopToDop::dopFor (792 bytes)


---------------  P R O C E S S  ---------------

Java Threads: ( => current thread )
  0x000000001e11b000 JavaThread "pool-2-thread-4" [_thread_in_Java, id=6132, stack(0x000000001e930000,0x000000001ea30000)]
  0x000000001e115000 JavaThread "pool-2-thread-3" [_thread_blocked, id=6856, stack(0x000000001e830000,0x000000001e930000)]
  0x000000001e197800 JavaThread "pool-2-thread-2" [_thread_in_Java, id=3036, stack(0x000000001e730000,0x000000001e830000)]
  0x000000001e189800 JavaThread "pool-3-thread-1" [_thread_blocked, id=13240, stack(0x000000001e630000,0x000000001e730000)]
  0x000000001e188800 JavaThread "pool-2-thread-1" [_thread_in_Java, id=8016, stack(0x000000001e530000,0x000000001e630000)]
  0x000000001de32800 JavaThread "Service Thread" daemon [_thread_blocked, id=6624, stack(0x000000001e330000,0x000000001e430000)]
  0x000000001de30800 JavaThread "C1 CompilerThread2" daemon [_thread_blocked, id=9100, stack(0x000000001e230000,0x000000001e330000)]
  0x000000001c5d3000 JavaThread "C2 CompilerThread1" daemon [_thread_in_native, id=11592, stack(0x000000001dd30000,0x000000001de30000)]
=>0x000000001c5ce000 JavaThread "C2 CompilerThread0" daemon [_thread_in_native, id=12440, stack(0x000000001dc30000,0x000000001dd30000)]
  0x000000001c5cc000 JavaThread "Attach Listener" daemon [_thread_blocked, id=1216, stack(0x000000001db30000,0x000000001dc30000)]
  0x000000001c5cb000 JavaThread "Signal Dispatcher" daemon [_thread_blocked, id=8888, stack(0x000000001da30000,0x000000001db30000)]
  0x000000001c5ba800 JavaThread "Finalizer" daemon [_thread_blocked, id=11844, stack(0x000000001d820000,0x000000001d920000)]
  0x0000000002e20000 JavaThread "Reference Handler" daemon [_thread_blocked, id=9416, stack(0x000000001d720000,0x000000001d820000)]
  0x0000000002efe000 JavaThread "main" [_thread_in_Java, id=4448, stack(0x0000000002bf0000,0x0000000002cf0000)]

Other Threads:
  0x000000001c597800 VMThread [stack: 0x000000001d620000,0x000000001d720000] [id=12704]
  0x000000001de4b000 WatcherThread [stack: 0x000000001e430000,0x000000001e530000] [id=13236]

VM state:not at safepoint (normal execution)

VM Mutex/Monitor currently owned by a thread: None

Heap:
 PSYoungGen      total 35328K, used 29614K [0x000000076ab00000, 0x000000076f000000, 0x00000007c0000000)
  eden space 32768K, 82% used [0x000000076ab00000,0x000000076c56fd58,0x000000076cb00000)
  from space 2560K, 99% used [0x000000076cb00000,0x000000076cd7bb28,0x000000076cd80000)
  to   space 2560K, 0% used [0x000000076ed80000,0x000000076ed80000,0x000000076f000000)
 ParOldGen       total 44032K, used 9307K [0x00000006c0000000, 0x00000006c2b00000, 0x000000076ab00000)
  object space 44032K, 21% used [0x00000006c0000000,0x00000006c0916ff0,0x00000006c2b00000)
 Metaspace       used 6085K, capacity 7088K, committed 7296K, reserved 1056768K
  class space    used 590K, capacity 616K, committed 640K, reserved 1048576K

Card table byte_map: [0x00000000122c0000,0x0000000012ad0000] byte_map_base: 0x000000000ecc0000

Marking Bits: (ParMarkBitMap*) 0x0000000050b12f70
 Begin Bits: [0x0000000013430000, 0x0000000017430000)
 End Bits:   [0x0000000017430000, 0x000000001b430000)

Polling page: 0x0000000002cf0000

CodeCache: size=245760Kb used=7511Kb max_used=7511Kb free=238248Kb
 bounds [0x0000000002f00000, 0x0000000003660000, 0x0000000011f00000]
 total_blobs=1933 nmethods=1670 adapters=176
 compilation: enabled

Compilation events (10 events):
Event: 12.616 Thread 0x000000001c5d3000 1638       4       com.android.dx.rop.code.PlainCstInsn::accept (8 bytes)
Event: 12.616 Thread 0x000000001c5d3000 nmethod 1638 0x000000000338f550 code [0x000000000338f680, 0x000000000338f6f8]
Event: 12.714 Thread 0x000000001c5d3000 1646       4       java.util.TreeMap::put (247 bytes)
Event: 12.721 Thread 0x000000001de30800 1648       1       com.android.dx.rop.cst.CstLiteral32::isCategory2 (2 bytes)
Event: 12.721 Thread 0x000000001de30800 nmethod 1648 0x00000000035d95d0 code [0x00000000035d9720, 0x00000000035d9830]
Event: 12.728 Thread 0x000000001de30800 1650       3       com.android.dx.cf.attrib.InnerClassList::set (19 bytes)
Event: 12.729 Thread 0x000000001de30800 nmethod 1650 0x000000000361c190 code [0x000000000361c380, 0x000000000361cc58]
Event: 12.729 Thread 0x000000001de30800 1651       3       com.android.dx.cf.attrib.InnerClassList::get (9 bytes)
Event: 12.729 Thread 0x000000001de30800 nmethod 1651 0x0000000003600a10 code [0x0000000003600b80, 0x0000000003600e68]
Event: 12.729 Thread 0x000000001de30800 1652       3       com.android.dx.dex.file.ValueEncoder::addContents (75 bytes)

GC Heap History (6 events):
Event: 3.880 GC heap before
{Heap before GC invocations=1 (full 0):
 PSYoungGen      total 18944K, used 16384K [0x000000076ab00000, 0x000000076c000000, 0x00000007c0000000)
  eden space 16384K, 100% used [0x000000076ab00000,0x000000076bb00000,0x000000076bb00000)
  from space 2560K, 0% used [0x000000076bd80000,0x000000076bd80000,0x000000076c000000)
  to   space 2560K, 0% used [0x000000076bb00000,0x000000076bb00000,0x000000076bd80000)
 ParOldGen       total 44032K, used 0K [0x00000006c0000000, 0x00000006c2b00000, 0x000000076ab00000)
  object space 44032K, 0% used [0x00000006c0000000,0x00000006c0000000,0x00000006c2b00000)
 Metaspace       used 5671K, capacity 6768K, committed 7040K, reserved 1056768K
  class space    used 587K, capacity 616K, committed 640K, reserved 1048576K
Event: 4.229 GC heap after
Heap after GC invocations=1 (full 0):
 PSYoungGen      total 18944K, used 2537K [0x000000076ab00000, 0x000000076d000000, 0x00000007c0000000)
  eden space 16384K, 0% used [0x000000076ab00000,0x000000076ab00000,0x000000076bb00000)
  from space 2560K, 99% used [0x000000076bb00000,0x000000076bd7a7c8,0x000000076bd80000)
  to   space 2560K, 0% used [0x000000076cd80000,0x000000076cd80000,0x000000076d000000)
 ParOldGen       total 44032K, used 1648K [0x00000006c0000000, 0x00000006c2b00000, 0x000000076ab00000)
  object space 44032K, 3% used [0x00000006c0000000,0x00000006c019c228,0x00000006c2b00000)
 Metaspace       used 5671K, capacity 6768K, committed 7040K, reserved 1056768K
  class space    used 587K, capacity 616K, committed 640K, reserved 1048576K
}
Event: 7.204 GC heap before
{Heap before GC invocations=2 (full 0):
 PSYoungGen      total 18944K, used 18921K [0x000000076ab00000, 0x000000076d000000, 0x00000007c0000000)
  eden space 16384K, 100% used [0x000000076ab00000,0x000000076bb00000,0x000000076bb00000)
  from space 2560K, 99% used [0x000000076bb00000,0x000000076bd7a7c8,0x000000076bd80000)
  to   space 2560K, 0% used [0x000000076cd80000,0x000000076cd80000,0x000000076d000000)
 ParOldGen       total 44032K, used 1648K [0x00000006c0000000, 0x00000006c2b00000, 0x000000076ab00000)
  object space 44032K, 3% used [0x00000006c0000000,0x00000006c019c228,0x00000006c2b00000)
 Metaspace       used 5920K, capacity 6960K, committed 7040K, reserved 1056768K
  class space    used 587K, capacity 616K, committed 640K, reserved 1048576K
Event: 7.851 GC heap after
Heap after GC invocations=2 (full 0):
 PSYoungGen      total 35328K, used 2530K [0x000000076ab00000, 0x000000076d000000, 0x00000007c0000000)
  eden space 32768K, 0% used [0x000000076ab00000,0x000000076ab00000,0x000000076cb00000)
  from space 2560K, 98% used [0x000000076cd80000,0x000000076cff8b78,0x000000076d000000)
  to   space 2560K, 0% used [0x000000076cb00000,0x000000076cb00000,0x000000076cd80000)
 ParOldGen       total 44032K, used 4195K [0x00000006c0000000, 0x00000006c2b00000, 0x000000076ab00000)
  object space 44032K, 9% used [0x00000006c0000000,0x00000006c0418c08,0x00000006c2b00000)
 Metaspace       used 5920K, capacity 6960K, committed 7040K, reserved 1056768K
  class space    used 587K, capacity 616K, committed 640K, reserved 1048576K
}
Event: 10.935 GC heap before
{Heap before GC invocations=3 (full 0):
 PSYoungGen      total 35328K, used 35298K [0x000000076ab00000, 0x000000076d000000, 0x00000007c0000000)
  eden space 32768K, 100% used [0x000000076ab00000,0x000000076cb00000,0x000000076cb00000)
  from space 2560K, 98% used [0x000000076cd80000,0x000000076cff8b78,0x000000076d000000)
  to   space 2560K, 0% used [0x000000076cb00000,0x000000076cb00000,0x000000076cd80000)
 ParOldGen       total 44032K, used 4195K [0x00000006c0000000, 0x00000006c2b00000, 0x000000076ab00000)
  object space 44032K, 9% used [0x00000006c0000000,0x00000006c0418c08,0x00000006c2b00000)
 Metaspace       used 6043K, capacity 7088K, committed 7296K, reserved 1056768K
  class space    used 590K, capacity 616K, committed 640K, reserved 1048576K
Event: 11.166 GC heap after
Heap after GC invocations=3 (full 0):
 PSYoungGen      total 35328K, used 2542K [0x000000076ab00000, 0x000000076f000000, 0x00000007c0000000)
  eden space 32768K, 0% used [0x000000076ab00000,0x000000076ab00000,0x000000076cb00000)
  from space 2560K, 99% used [0x000000076cb00000,0x000000076cd7bb28,0x000000076cd80000)
  to   space 2560K, 0% used [0x000000076ed80000,0x000000076ed80000,0x000000076f000000)
 ParOldGen       total 44032K, used 9307K [0x00000006c0000000, 0x00000006c2b00000, 0x000000076ab00000)
  object space 44032K, 21% used [0x00000006c0000000,0x00000006c0916ff0,0x00000006c2b00000)
 Metaspace       used 6043K, capacity 7088K, committed 7296K, reserved 1056768K
  class space    used 590K, capacity 616K, committed 640K, reserved 1048576K
}

Deoptimization events (10 events):
Event: 9.904 Thread 0x000000001e188800 Uncommon trap: reason=unstable_if action=reinterpret pc=0x000000000347b40c method=com.android.dx.rop.code.RegisterSpec.equals(ILcom/android/dx/rop/type/TypeBearer;Lcom/android/dx/rop/code/LocalItem;)Z @ 42
Event: 9.919 Thread 0x000000001e188800 Uncommon trap: reason=unstable_if action=reinterpret pc=0x000000000327e1f8 method=com.android.dx.rop.code.RegisterSpec.equals(ILcom/android/dx/rop/type/TypeBearer;Lcom/android/dx/rop/code/LocalItem;)Z @ 42
Event: 10.188 Thread 0x000000001e11b000 Uncommon trap: reason=bimorphic action=maybe_recompile pc=0x000000000323f478 method=java.util.HashMap.getNode(ILjava/lang/Object;)Ljava/util/HashMap$Node; @ 126
Event: 10.188 Thread 0x000000001e11b000 Uncommon trap: reason=bimorphic action=maybe_recompile pc=0x000000000323f478 method=java.util.HashMap.getNode(ILjava/lang/Object;)Ljava/util/HashMap$Node; @ 126
Event: 10.560 Thread 0x000000001e115000 Uncommon trap: reason=unstable_if action=reinterpret pc=0x000000000345c630 method=com.android.dx.rop.code.DexTranslationAdvice.requiresSourcesInOrder(Lcom/android/dx/rop/code/Rop;Lcom/android/dx/rop/code/RegisterSpecList;)Z @ 21
Event: 10.569 Thread 0x000000001e188800 Uncommon trap: reason=class_check action=maybe_recompile pc=0x00000000033e19cc method=java.util.HashMap.putVal(ILjava/lang/Object;Ljava/lang/Object;ZZ)Ljava/lang/Object; @ 203
Event: 10.569 Thread 0x000000001e188800 Uncommon trap: reason=class_check action=maybe_recompile pc=0x00000000033e19cc method=java.util.HashMap.putVal(ILjava/lang/Object;Ljava/lang/Object;ZZ)Ljava/lang/Object; @ 203
Event: 10.569 Thread 0x000000001e188800 Uncommon trap: reason=class_check action=maybe_recompile pc=0x00000000033e19cc method=java.util.HashMap.putVal(ILjava/lang/Object;Ljava/lang/Object;ZZ)Ljava/lang/Object; @ 203
Event: 10.569 Thread 0x000000001e188800 Uncommon trap: reason=class_check action=maybe_recompile pc=0x00000000033e088c method=java.util.HashMap.putVal(ILjava/lang/Object;Ljava/lang/Object;ZZ)Ljava/lang/Object; @ 203
Event: 10.596 Thread 0x000000001e11b000 Uncommon trap: reason=null_check action=make_not_entrant pc=0x000000000326ec68 method=com.android.dx.rop.type.Type.equals(Ljava/lang/Object;)Z @ 8

Internal exceptions (5 events):
Event: 0.127 Thread 0x0000000002efe000 Exception <a 'java/lang/NoSuchMethodError': Method sun.misc.Unsafe.defineClass(Ljava/lang/String;[BII)Ljava/lang/Class; name or signature does not match> (0x000000076ab07cc0) thrown at [C:\re\workspace\8-2-build-windows-amd64-cygwin\jdk8u91\7017\hotspot\srjb¸1y?À?
Event: 0.127 Thread 0x0000000002efe000 Exception <a 'java/lang/NoSuchMethodError': Method sun.misc.Unsafe.prefetchRead(Ljava/lang/Object;J)V name or signature does not match> (0x000000076ab07fa8) thrown at [C:\re\workspace\8-2-build-windows-amd64-cygwin\jdk8u91\7017\hotspot\src\share\vm\prims\jÎnt²b€@
Event: 4.375 Thread 0x000000001e11b000 Implicit null exception at 0x0000000003298622 to 0x0000000003299175
Event: 4.376 Thread 0x000000001e11b000 Implicit null exception at 0x000000000327870d to 0x0000000003279005
Event: 10.596 Thread 0x000000001e11b000 Implicit null exception at 0x000000000326eb62 to 0x000000000326ec5a

Events (10 events):
Event: 10.569 Thread 0x000000001e188800 DEOPT PACKING pc=0x00000000033e19cc sp=0x000000001e62e770
Event: 10.569 Thread 0x000000001e188800 DEOPT UNPACKING pc=0x0000000002f4582a sp=0x000000001e62e6f8 mode 2
Event: 10.569 Thread 0x000000001e188800 Uncommon trap: trap_request=0xffffffde fr.pc=0x00000000033e088c
Event: 10.569 Thread 0x000000001e188800 DEOPT PACKING pc=0x00000000033e088c sp=0x000000001e62e8d0
Event: 10.569 Thread 0x000000001e188800 DEOPT UNPACKING pc=0x0000000002f4582a sp=0x000000001e62e7f8 mode 2
Event: 10.596 Thread 0x000000001e11b000 Uncommon trap: trap_request=0xfffffff4 fr.pc=0x000000000326ec68
Event: 10.596 Thread 0x000000001e11b000 DEOPT PACKING pc=0x000000000326ec68 sp=0x000000001ea2e450
Event: 10.596 Thread 0x000000001e11b000 DEOPT UNPACKING pc=0x0000000002f4582a sp=0x000000001ea2e3d8 mode 2
Event: 10.783 Executing VM operation: ParallelGCFailedAllocation
Event: 11.166 Executing VM operation: ParallelGCFailedAllocation done


Dynamic libraries:
0x00007ff6536a0000 - 0x00007ff6536d7000 	C:\Program Files\Java\jdk1.8.0_91\bin\java.exe
0x00007ff8c0570000 - 0x00007ff8c0741000 	C:\WINDOWS\SYSTEM32\ntdll.dll
0x00007ff8be1c0000 - 0x00007ff8be26c000 	C:\WINDOWS\System32\KERNEL32.DLL
0x00007ff8a2af0000 - 0x00007ff8a2b23000 	C:\Program Files\AVAST Software\Avast\x64\aswhooka.dll
0x00007ff8bcac0000 - 0x00007ff8bccdd000 	C:\WINDOWS\System32\KERNELBASE.dll
0x00007ff8be0f0000 - 0x00007ff8be192000 	C:\WINDOWS\System32\ADVAPI32.dll
0x00007ff8c00a0000 - 0x00007ff8c013e000 	C:\WINDOWS\System32\msvcrt.dll
0x00007ff8bfc00000 - 0x00007ff8bfc59000 	C:\WINDOWS\System32\sechost.dll
0x00007ff8bde40000 - 0x00007ff8bdf61000 	C:\WINDOWS\System32\RPCRT4.dll
0x00007ff8bf9c0000 - 0x00007ff8bfb25000 	C:\WINDOWS\System32\USER32.dll
0x00007ff8bdae0000 - 0x00007ff8bdafe000 	C:\WINDOWS\System32\win32u.dll
0x00007ff8bdb00000 - 0x00007ff8bdb34000 	C:\WINDOWS\System32\GDI32.dll
0x00007ff8bd5e0000 - 0x00007ff8bd762000 	C:\WINDOWS\System32\gdi32full.dll
0x00007ff8b25d0000 - 0x00007ff8b284a000 	C:\WINDOWS\WinSxS\amd64_microsoft.windows.common-controls_6595b64144ccf1df_6.0.14393.953_none_42151e83c686086b\COMCTL32.dll
0x00007ff8bfdd0000 - 0x00007ff8c0098000 	C:\WINDOWS\System32\combase.dll
0x00007ff8bcce0000 - 0x00007ff8bcdd5000 	C:\WINDOWS\System32\ucrtbase.dll
0x00007ff8bd570000 - 0x00007ff8bd5da000 	C:\WINDOWS\System32\bcryptPrimitives.dll
0x00007ff8bfda0000 - 0x00007ff8bfdce000 	C:\WINDOWS\System32\IMM32.DLL
0x0000000077ea0000 - 0x0000000077f72000 	C:\Program Files\Java\jdk1.8.0_91\jre\bin\msvcr100.dll
0x0000000050300000 - 0x0000000050b93000 	C:\Program Files\Java\jdk1.8.0_91\jre\bin\server\jvm.dll
0x00007ff8bfbf0000 - 0x00007ff8bfbf8000 	C:\WINDOWS\System32\PSAPI.DLL
0x00007ff8b1e70000 - 0x00007ff8b1e79000 	C:\WINDOWS\SYSTEM32\WSOCK32.dll
0x00007ff8bf950000 - 0x00007ff8bf9ba000 	C:\WINDOWS\System32\WS2_32.dll
0x00007ff8ba910000 - 0x00007ff8ba933000 	C:\WINDOWS\SYSTEM32\WINMM.dll
0x00007ff8ae2d0000 - 0x00007ff8ae2da000 	C:\WINDOWS\SYSTEM32\VERSION.dll
0x00007ff8ba8b0000 - 0x00007ff8ba8db000 	C:\WINDOWS\SYSTEM32\WINMMBASE.dll
0x00007ff8bd9f0000 - 0x00007ff8bda32000 	C:\WINDOWS\System32\cfgmgr32.dll
0x0000000051a60000 - 0x0000000051a6f000 	C:\Program Files\Java\jdk1.8.0_91\jre\bin\verify.dll
0x00000000517b0000 - 0x00000000517d9000 	C:\Program Files\Java\jdk1.8.0_91\jre\bin\java.dll
0x0000000051a40000 - 0x0000000051a56000 	C:\Program Files\Java\jdk1.8.0_91\jre\bin\zip.dll
0x00007ff8be3e0000 - 0x00007ff8bf8e8000 	C:\WINDOWS\System32\SHELL32.dll
0x00007ff8bcde0000 - 0x00007ff8bd4ba000 	C:\WINDOWS\System32\windows.storage.dll
0x00007ff8bca00000 - 0x00007ff8bca4c000 	C:\WINDOWS\System32\powrprof.dll
0x00007ff8be030000 - 0x00007ff8be082000 	C:\WINDOWS\System32\shlwapi.dll
0x00007ff8bc9d0000 - 0x00007ff8bc9df000 	C:\WINDOWS\System32\kernel.appcore.dll
0x00007ff8bd4c0000 - 0x00007ff8bd569000 	C:\WINDOWS\System32\shcore.dll
0x00007ff8bc9e0000 - 0x00007ff8bc9f4000 	C:\WINDOWS\System32\profapi.dll

VM Arguments:
jvm_args: -Djava.awt.headless=true -Xmx4g -Dfile.encoding=windows-1252 -Duser.country=MX -Duser.language=es -Duser.variant 
java_command: com.android.dx.command.Main --dex --force-jumbo --num-threads=4 --multi-dex --output C:\Users\mm\Documents\ProjectExperts\app\build\intermediates\transforms\dex\debug\folders\1000\10\com.android.support-mediarouter-v7-25.2.0_3d0c440ef3130549c02ff9383b1f4fc259c05c83 C:\Users\mm\Documents\ProjectExperts\app\build\intermediates\exploded-aar\com.android.support\mediarouter-v7\25.2.0\jars\classes.jar
java_class_path (initial): C:\Users\mm\AppData\Local\Android\sdk\build-tools\25.0.3\lib\dx.jar
Launcher Type: SUN_STANDARD

Environment Variables:
JAVA_HOME=C:\Program Files\Java\jdk1.8.0_91
PATH=C:\ProgramData\Oracle\Java\javapath;C:\Program Files (x86)\Intel\iCLS Client\;C:\Program Files\Intel\iCLS Client\;C:\WINDOWS\system32;C:\WINDOWS;C:\WINDOWS\System32\Wbem;C:\WINDOWS\System32\WindowsPowerShell\v1.0\;C:\Program Files (x86)\Windows Live\Shared;C:\Program Files\Intel\Intel(R) Management Engine Components\DAL;C:\Program Files\Intel\Intel(R) Management Engine Components\IPT;C:\Program Files (x86)\Intel\Intel(R) Management Engine Components\DAL;C:\Program Files (x86)\Intel\Intel(R) Management Engine Components\IPT;C:\Program Files (x86)\Intel\OpenCL SDK\2.0\bin\x86;C:\Program Files (x86)\Intel\OpenCL SDK\2.0\bin\x64;C:\Program Files\Intel\WiFi\bin\;C:\Program Files\Common Files\Intel\WirelessCommon\;c:\Program Files (x86)\Microsoft SQL Server\100\Tools\Binn\VSShell\Common7\IDE\;c:\Program Files (x86)\Microsoft SQL Server\100\Tools\Binn\;c:\Program Files (x86)\Microsoft SQL Server\100\DTS\Binn\;C:\Program Files\Microsoft SQL Server\110\Tools\Binn\;C:\Program Files (x86)\Microsoft SDKs\TypeScript\1.0\;C:\Program Files\Microsoft SQL Server\120\Tools\Binn\;C:\MinGW\bin;C:\xampp\php;C:\ProgramData\ComposerSetup\bin;C:\WINDOWS\system32\config\systemprofile\.dnx\bin;C:\Program Files\Microsoft DNX\Dnvm\;C:\Program Files\Microsoft SQL Server\130\Tools\Binn\;C:\Program Files (x86)\Windows Kits\10\Windows Performance Toolkit\;C:\Program Files (x86)\nodejs\;C:\Program Files\Git\cmd;C:\Program Files\Microsoft\Web Platform Installer\;C:\Program Files (x86)\Skype\Phone\;C:\Users\mm\AppData\Roaming\Composer\vendor\binC:\Program Files (x86)\Java\jdk1.8.0_45;C:\Users\mm\AppData\Local\Microsoft\WindowsApps;C:\Users\mm\AppData\Roaming\npm
USERNAME=mm
OS=Windows_NT
PROCESSOR_IDENTIFIER=Intel64 Family 6 Model 58 Stepping 9, GenuineIntel



---------------  S Y S T E M  ---------------

OS: Windows 10.0 , 64 bit Build 14393 (10.0.14393.1198)

CPU:total 4 (2 cores per cpu, 2 threads per core) family 6 model 58 stepping 9, cmov, cx8, fxsr, mmx, sse, sse2, sse3, ssse3, sse4.1, sse4.2, popcnt, avx, clmul, erms, ht, tsc, tscinvbit, tscinv

Memory: 4k page, physical 4081596k(364012k free), swap 8177596k(4424k free)

vm_info: Java HotSpot(TM) 64-Bit Server VM (25.91-b15) for windows-amd64 JRE (1.8.0_91-b15), built on May 20 2016 17:43:15 by "java_re" with MS VC++ 10.0 (VS2010)

time: Wed Jun 07 14:50:00 2017
elapsed time: 12 seconds (0d 0h 0m 12s)

