#
# There is insufficient memory for the Java Runtime Environment to continue.
# Native memory allocation (malloc) failed to allocate 1324176 bytes for Chunk::new
# Possible reasons:
#   The system is out of physical RAM or swap space
#   In 32 bit mode, the process size limit was hit
# Possible solutions:
#   Reduce memory load on the system
#   Increase physical memory or swap space
#   Check if swap backing store is full
#   Use 64 bit Java on a 64 bit OS
#   Decrease Java heap size (-Xmx/-Xms)
#   Decrease number of Java threads
#   Decrease Java thread stack sizes (-Xss)
#   Set larger code cache with -XX:ReservedCodeCacheSize=
# This output file may be truncated or incomplete.
#
#  Out of Memory Error (allocation.cpp:390), pid=9484, tid=4164
#
# JRE version: Java(TM) SE Runtime Environment (8.0_91-b15) (build 1.8.0_91-b15)
# Java VM: Java HotSpot(TM) 64-Bit Server VM (25.91-b15 mixed mode windows-amd64 compressed oops)
# Failed to write core dump. Minidumps are not enabled by default on client versions of Windows
#

---------------  T H R E A D  ---------------

Current thread (0x000000001c36d800):  JavaThread "C2 CompilerThread1" daemon [_thread_in_native, id=4164, stack(0x000000001de70000,0x000000001df70000)]

Stack: [0x000000001de70000,0x000000001df70000]
[error occurred during error reporting (printing stack bounds), id 0xc0000005]

Native frames: (J=compiled Java code, j=interpreted, Vv=VM code, C=native code)


Current CompileTask:
C2:  28877 1565       4       com.android.dx.dex.code.RopToDop::dopFor (792 bytes)


---------------  P R O C E S S  ---------------

Java Threads: ( => current thread )
  0x000000001dbac800 JavaThread "pool-2-thread-4" [_thread_in_Java, id=11344, stack(0x000000001e670000,0x000000001e770000)]
  0x000000001dbab800 JavaThread "pool-2-thread-3" [_thread_in_Java, id=10540, stack(0x000000001e570000,0x000000001e670000)]
  0x000000001dbab000 JavaThread "pool-2-thread-2" [_thread_in_Java, id=10024, stack(0x000000001e470000,0x000000001e570000)]
  0x000000001dba8000 JavaThread "pool-3-thread-1" [_thread_blocked, id=9280, stack(0x000000001e370000,0x000000001e470000)]
  0x000000001dc69000 JavaThread "pool-2-thread-1" [_thread_in_Java, id=9324, stack(0x000000001e270000,0x000000001e370000)]
  0x000000001da77000 JavaThread "Service Thread" daemon [_thread_blocked, id=7224, stack(0x000000001e070000,0x000000001e170000)]
  0x000000001c36e000 JavaThread "C1 CompilerThread2" daemon [_thread_blocked, id=4892, stack(0x000000001df70000,0x000000001e070000)]
=>0x000000001c36d800 JavaThread "C2 CompilerThread1" daemon [_thread_in_native, id=4164, stack(0x000000001de70000,0x000000001df70000)]
  0x000000001c30e800 JavaThread "C2 CompilerThread0" daemon [_thread_in_native, id=11432, stack(0x000000001d970000,0x000000001da70000)]
  0x000000001c30d000 JavaThread "Attach Listener" daemon [_thread_blocked, id=10840, stack(0x000000001d870000,0x000000001d970000)]
  0x000000001c30b800 JavaThread "Signal Dispatcher" daemon [_thread_blocked, id=10708, stack(0x000000001d770000,0x000000001d870000)]
  0x000000001c2fa800 JavaThread "Finalizer" daemon [_thread_blocked, id=9788, stack(0x000000001d560000,0x000000001d660000)]
  0x0000000002c30000 JavaThread "Reference Handler" daemon [_thread_blocked, id=9568, stack(0x000000001d460000,0x000000001d560000)]
  0x0000000002a3e000 JavaThread "main" [_thread_in_Java, id=10284, stack(0x0000000002a40000,0x0000000002b40000)]

Other Threads:
  0x000000001c2d7800 VMThread [stack: 0x000000001d360000,0x000000001d460000] [id=972]
  0x000000001da7b000 WatcherThread [stack: 0x000000001e170000,0x000000001e270000] [id=2916]

VM state:not at safepoint (normal execution)

VM Mutex/Monitor currently owned by a thread: None

Heap:
 PSYoungGen      total 35328K, used 19433K [0x000000076ab00000, 0x000000076d000000, 0x00000007c0000000)
  eden space 32768K, 51% used [0x000000076ab00000,0x000000076bb80cc8,0x000000076cb00000)
  from space 2560K, 99% used [0x000000076cd80000,0x000000076cff9b20,0x000000076d000000)
  to   space 2560K, 0% used [0x000000076cb00000,0x000000076cb00000,0x000000076cd80000)
 ParOldGen       total 44032K, used 18829K [0x00000006c0000000, 0x00000006c2b00000, 0x000000076ab00000)
  object space 44032K, 42% used [0x00000006c0000000,0x00000006c1263508,0x00000006c2b00000)
 Metaspace       used 6363K, capacity 7154K, committed 7296K, reserved 1056768K
  class space    used 601K, capacity 618K, committed 640K, reserved 1048576K

Card table byte_map: [0x0000000012000000,0x0000000012810000] byte_map_base: 0x000000000ea00000

Marking Bits: (ParMarkBitMap*) 0x0000000050b42f70
 Begin Bits: [0x0000000013170000, 0x0000000017170000)
 End Bits:   [0x0000000017170000, 0x000000001b170000)

Polling page: 0x0000000002950000

CodeCache: size=245760Kb used=7458Kb max_used=7458Kb free=238301Kb
 bounds [0x0000000002c40000, 0x0000000003390000, 0x0000000011c40000]
 total_blobs=2046 nmethods=1777 adapters=181
 compilation: enabled

Compilation events (10 events):
Event: 28.284 Thread 0x000000001c30e800 1732       4       com.android.dx.ssa.SsaMethod::indexListFromLabelList (47 bytes)
Event: 28.301 Thread 0x000000001c30e800 nmethod 1732 0x0000000003354e50 code [0x0000000003354fc0, 0x0000000003355778]
Event: 28.301 Thread 0x000000001c30e800 1735       4       com.android.dx.ssa.NormalSsaInsn::<init> (15 bytes)
Event: 28.303 Thread 0x000000001c30e800 nmethod 1735 0x000000000331be90 code [0x000000000331bfc0, 0x000000000331c098]
Event: 28.303 Thread 0x000000001c30e800 1659       4       java.util.ArrayList$SubList::removeRange (47 bytes)
Event: 28.309 Thread 0x000000001c30e800 nmethod 1659 0x0000000003354850 code [0x00000000033549a0, 0x0000000003354c18]
Event: 28.309 Thread 0x000000001c30e800 1625       4       com.android.dx.ssa.SsaBasicBlock::exitBlockFixup (58 bytes)
Event: 28.339 Thread 0x000000001c30e800 nmethod 1625 0x000000000335be10 code [0x000000000335bf80, 0x000000000335cab8]
Event: 28.339 Thread 0x000000001c30e800 1451       4       com.android.dx.cf.code.ByteOps::opInfo (6 bytes)
Event: 28.340 Thread 0x000000001c30e800 nmethod 1451 0x0000000003204390 code [0x00000000032044c0, 0x0000000003204518]

GC Heap History (10 events):
Event: 23.694 GC heap before
{Heap before GC invocations=1 (full 0):
 PSYoungGen      total 18944K, used 16384K [0x000000076ab00000, 0x000000076c000000, 0x00000007c0000000)
  eden space 16384K, 100% used [0x000000076ab00000,0x000000076bb00000,0x000000076bb00000)
  from space 2560K, 0% used [0x000000076bd80000,0x000000076bd80000,0x000000076c000000)
  to   space 2560K, 0% used [0x000000076bb00000,0x000000076bb00000,0x000000076bd80000)
 ParOldGen       total 44032K, used 0K [0x00000006c0000000, 0x00000006c2b00000, 0x000000076ab00000)
  object space 44032K, 0% used [0x00000006c0000000,0x00000006c0000000,0x00000006c2b00000)
 Metaspace       used 5780K, capacity 6704K, committed 6784K, reserved 1056768K
  class space    used 597K, capacity 616K, committed 640K, reserved 1048576K
Event: 23.817 GC heap after
Heap after GC invocations=1 (full 0):
 PSYoungGen      total 18944K, used 2551K [0x000000076ab00000, 0x000000076c000000, 0x00000007c0000000)
  eden space 16384K, 0% used [0x000000076ab00000,0x000000076ab00000,0x000000076bb00000)
  from space 2560K, 99% used [0x000000076bb00000,0x000000076bd7dfa0,0x000000076bd80000)
  to   space 2560K, 0% used [0x000000076bd80000,0x000000076bd80000,0x000000076c000000)
 ParOldGen       total 44032K, used 1310K [0x00000006c0000000, 0x00000006c2b00000, 0x000000076ab00000)
  object space 44032K, 2% used [0x00000006c0000000,0x00000006c0147b08,0x00000006c2b00000)
 Metaspace       used 5780K, capacity 6704K, committed 6784K, reserved 1056768K
  class space    used 597K, capacity 616K, committed 640K, reserved 1048576K
}
Event: 25.762 GC heap before
{Heap before GC invocations=2 (full 0):
 PSYoungGen      total 18944K, used 18935K [0x000000076ab00000, 0x000000076c000000, 0x00000007c0000000)
  eden space 16384K, 100% used [0x000000076ab00000,0x000000076bb00000,0x000000076bb00000)
  from space 2560K, 99% used [0x000000076bb00000,0x000000076bd7dfa0,0x000000076bd80000)
  to   space 2560K, 0% used [0x000000076bd80000,0x000000076bd80000,0x000000076c000000)
 ParOldGen       total 44032K, used 1310K [0x00000006c0000000, 0x00000006c2b00000, 0x000000076ab00000)
  object space 44032K, 2% used [0x00000006c0000000,0x00000006c0147b08,0x00000006c2b00000)
 Metaspace       used 6099K, capacity 6962K, committed 7040K, reserved 1056768K
  class space    used 601K, capacity 618K, committed 640K, reserved 1048576K
Event: 25.873 GC heap after
Heap after GC invocations=2 (full 0):
 PSYoungGen      total 18944K, used 2528K [0x000000076ab00000, 0x000000076d000000, 0x00000007c0000000)
  eden space 16384K, 0% used [0x000000076ab00000,0x000000076ab00000,0x000000076bb00000)
  from space 2560K, 98% used [0x000000076bd80000,0x000000076bff8018,0x000000076c000000)
  to   space 2560K, 0% used [0x000000076bb00000,0x000000076bb00000,0x000000076bd80000)
 ParOldGen       total 44032K, used 3385K [0x00000006c0000000, 0x00000006c2b00000, 0x000000076ab00000)
  object space 44032K, 7% used [0x00000006c0000000,0x00000006c034e540,0x00000006c2b00000)
 Metaspace       used 6099K, capacity 6962K, committed 7040K, reserved 1056768K
  class space    used 601K, capacity 618K, committed 640K, reserved 1048576K
}
Event: 26.496 GC heap before
{Heap before GC invocations=3 (full 0):
 PSYoungGen      total 18944K, used 18912K [0x000000076ab00000, 0x000000076d000000, 0x00000007c0000000)
  eden space 16384K, 100% used [0x000000076ab00000,0x000000076bb00000,0x000000076bb00000)
  from space 2560K, 98% used [0x000000076bd80000,0x000000076bff8018,0x000000076c000000)
  to   space 2560K, 0% used [0x000000076bb00000,0x000000076bb00000,0x000000076bd80000)
 ParOldGen       total 44032K, used 3385K [0x00000006c0000000, 0x00000006c2b00000, 0x000000076ab00000)
  object space 44032K, 7% used [0x00000006c0000000,0x00000006c034e540,0x00000006c2b00000)
 Metaspace       used 6212K, capacity 7026K, committed 7296K, reserved 1056768K
  class space    used 601K, capacity 618K, committed 640K, reserved 1048576K
Event: 26.554 GC heap after
Heap after GC invocations=3 (full 0):
 PSYoungGen      total 18944K, used 2528K [0x000000076ab00000, 0x000000076d000000, 0x00000007c0000000)
  eden space 16384K, 0% used [0x000000076ab00000,0x000000076ab00000,0x000000076bb00000)
  from space 2560K, 98% used [0x000000076bb00000,0x000000076bd78018,0x000000076bd80000)
  to   space 2560K, 0% used [0x000000076cd80000,0x000000076cd80000,0x000000076d000000)
 ParOldGen       total 44032K, used 5922K [0x00000006c0000000, 0x00000006c2b00000, 0x000000076ab00000)
  object space 44032K, 13% used [0x00000006c0000000,0x00000006c05c8ad0,0x00000006c2b00000)
 Metaspace       used 6212K, capacity 7026K, committed 7296K, reserved 1056768K
  class space    used 601K, capacity 618K, committed 640K, reserved 1048576K
}
Event: 26.926 GC heap before
{Heap before GC invocations=4 (full 0):
 PSYoungGen      total 18944K, used 18912K [0x000000076ab00000, 0x000000076d000000, 0x00000007c0000000)
  eden space 16384K, 100% used [0x000000076ab00000,0x000000076bb00000,0x000000076bb00000)
  from space 2560K, 98% used [0x000000076bb00000,0x000000076bd78018,0x000000076bd80000)
  to   space 2560K, 0% used [0x000000076cd80000,0x000000076cd80000,0x000000076d000000)
 ParOldGen       total 44032K, used 5922K [0x00000006c0000000, 0x00000006c2b00000, 0x000000076ab00000)
  object space 44032K, 13% used [0x00000006c0000000,0x00000006c05c8ad0,0x00000006c2b00000)
 Metaspace       used 6250K, capacity 7090K, committed 7296K, reserved 1056768K
  class space    used 601K, capacity 618K, committed 640K, reserved 1048576K
Event: 26.946 GC heap after
Heap after GC invocations=4 (full 0):
 PSYoungGen      total 35328K, used 2528K [0x000000076ab00000, 0x000000076d000000, 0x00000007c0000000)
  eden space 32768K, 0% used [0x000000076ab00000,0x000000076ab00000,0x000000076cb00000)
  from space 2560K, 98% used [0x000000076cd80000,0x000000076cff8018,0x000000076d000000)
  to   space 2560K, 0% used [0x000000076cb00000,0x000000076cb00000,0x000000076cd80000)
 ParOldGen       total 44032K, used 8549K [0x00000006c0000000, 0x00000006c2b00000, 0x000000076ab00000)
  object space 44032K, 19% used [0x00000006c0000000,0x00000006c08596f8,0x00000006c2b00000)
 Metaspace       used 6250K, capacity 7090K, committed 7296K, reserved 1056768K
  class space    used 601K, capacity 618K, committed 640K, reserved 1048576K
}
Event: 27.241 GC heap before
{Heap before GC invocations=5 (full 0):
 PSYoungGen      total 35328K, used 35296K [0x000000076ab00000, 0x000000076d000000, 0x00000007c0000000)
  eden space 32768K, 100% used [0x000000076ab00000,0x000000076cb00000,0x000000076cb00000)
  from space 2560K, 98% used [0x000000076cd80000,0x000000076cff8018,0x000000076d000000)
  to   space 2560K, 0% used [0x000000076cb00000,0x000000076cb00000,0x000000076cd80000)
 ParOldGen       total 44032K, used 8549K [0x00000006c0000000, 0x00000006c2b00000, 0x000000076ab00000)
  object space 44032K, 19% used [0x00000006c0000000,0x00000006c08596f8,0x00000006c2b00000)
 Metaspace       used 6293K, capacity 7090K, committed 7296K, reserved 1056768K
  class space    used 601K, capacity 618K, committed 640K, reserved 1048576K
Event: 27.308 GC heap after
Heap after GC invocations=5 (full 0):
 PSYoungGen      total 35328K, used 2528K [0x000000076ab00000, 0x000000076d000000, 0x00000007c0000000)
  eden space 32768K, 0% used [0x000000076ab00000,0x000000076ab00000,0x000000076cb00000)
  from space 2560K, 98% used [0x000000076cb00000,0x000000076cd78018,0x000000076cd80000)
  to   space 2560K, 0% used [0x000000076cd80000,0x000000076cd80000,0x000000076d000000)
 ParOldGen       total 44032K, used 13768K [0x00000006c0000000, 0x00000006c2b00000, 0x000000076ab00000)
  object space 44032K, 31% used [0x00000006c0000000,0x00000006c0d72128,0x00000006c2b00000)
 Metaspace       used 6293K, capacity 7090K, committed 7296K, reserved 1056768K
  class space    used 601K, capacity 618K, committed 640K, reserved 1048576K
}

Deoptimization events (10 events):
Event: 25.527 Thread 0x000000001dbab800 Uncommon trap: reason=unstable_if action=reinterpret pc=0x0000000002f9b4a8 method=com.android.dx.rop.code.RegisterSpec.equals(ILcom/android/dx/rop/type/TypeBearer;Lcom/android/dx/rop/code/LocalItem;)Z @ 16
Event: 26.132 Thread 0x000000001dc69000 Uncommon trap: reason=bimorphic action=maybe_recompile pc=0x00000000031b4d88 method=com.android.dx.cf.code.BytecodeArray.parseInstruction(ILcom/android/dx/cf/code/BytecodeArray$Visitor;)I @ 2484
Event: 26.133 Thread 0x000000001dc69000 Uncommon trap: reason=bimorphic action=maybe_recompile pc=0x00000000031b4d88 method=com.android.dx.cf.code.BytecodeArray.parseInstruction(ILcom/android/dx/cf/code/BytecodeArray$Visitor;)I @ 2484
Event: 26.133 Thread 0x000000001dc69000 Uncommon trap: reason=unstable_if action=reinterpret pc=0x00000000030a1e4c method=com.android.dx.util.IntList.binarysearch(I)I @ 105
Event: 26.253 Thread 0x000000001dbac800 Uncommon trap: reason=bimorphic action=maybe_recompile pc=0x00000000031b4ad0 method=com.android.dx.cf.code.BytecodeArray.parseInstruction(ILcom/android/dx/cf/code/BytecodeArray$Visitor;)I @ 2281
Event: 26.254 Thread 0x000000001dbac800 Uncommon trap: reason=bimorphic action=maybe_recompile pc=0x00000000031b4ad0 method=com.android.dx.cf.code.BytecodeArray.parseInstruction(ILcom/android/dx/cf/code/BytecodeArray$Visitor;)I @ 2281
Event: 26.579 Thread 0x000000001dbac800 Uncommon trap: reason=unstable_if action=reinterpret pc=0x00000000031eadcc method=com.android.dx.util.BitIntSet.has(I)Z @ 8
Event: 26.627 Thread 0x0000000002a3e000 Uncommon trap: reason=unloaded action=reinterpret pc=0x000000000315fd18 method=com.android.dx.cf.cst.ConstantPoolParser.parse0(ILjava/util/BitSet;)Lcom/android/dx/rop/cst/Constant; @ 176
Event: 27.132 Thread 0x000000001dc69000 Uncommon trap: reason=unstable_if action=reinterpret pc=0x00000000030bbe80 method=java.util.HashMap.putVal(ILjava/lang/Object;Ljava/lang/Object;ZZ)Ljava/lang/Object; @ 94
Event: 27.133 Thread 0x000000001dc69000 Uncommon trap: reason=bimorphic action=maybe_recompile pc=0x0000000003049fec method=java.util.HashMap.getNode(ILjava/lang/Object;)Ljava/util/HashMap$Node; @ 126

Internal exceptions (3 events):
Event: 4.789 Thread 0x0000000002a3e000 Exception <a 'java/lang/NoSuchMethodError': Method sun.misc.Unsafe.defineClass(Ljava/lang/String;[BII)Ljava/lang/Class; name or signature does not match> (0x000000076ab07cc0) thrown at [C:\re\workspace\8-2-build-windows-amd64-cygwin\jdk8u91\7017\hotspot\srãƒ›R»'@
Event: 4.789 Thread 0x0000000002a3e000 Exception <a 'java/lang/NoSuchMethodError': Method sun.misc.Unsafe.prefetchRead(Ljava/lang/Object;J)V name or signature does not match> (0x000000076ab07fa8) thrown at [C:\re\workspace\8-2-build-windows-amd64-cygwin\jdk8u91\7017\hotspot\src\share\vm\prims\jW­Á¾™Ê8@
Event: 24.791 Thread 0x000000001dc69000 Implicit null exception at 0x0000000002fdbf62 to 0x0000000002fdc05a

Events (10 events):
Event: 26.884 Executing VM operation: ParallelGCFailedAllocation
Event: 26.946 Executing VM operation: ParallelGCFailedAllocation done
Event: 27.132 Thread 0x000000001dc69000 Uncommon trap: trap_request=0xffffff65 fr.pc=0x00000000030bbe80
Event: 27.132 Thread 0x000000001dc69000 DEOPT PACKING pc=0x00000000030bbe80 sp=0x000000001e36e380
Event: 27.132 Thread 0x000000001dc69000 DEOPT UNPACKING pc=0x0000000002c8582a sp=0x000000001e36e300 mode 2
Event: 27.133 Thread 0x000000001dc69000 Uncommon trap: trap_request=0xffffffc6 fr.pc=0x0000000003049fec
Event: 27.133 Thread 0x000000001dc69000 DEOPT PACKING pc=0x0000000003049fec sp=0x000000001e36e3e0
Event: 27.133 Thread 0x000000001dc69000 DEOPT UNPACKING pc=0x0000000002c8582a sp=0x000000001e36e2f8 mode 2
Event: 27.241 Executing VM operation: ParallelGCFailedAllocation
Event: 27.308 Executing VM operation: ParallelGCFailedAllocation done


Dynamic libraries:
0x00007ff7cee60000 - 0x00007ff7cee97000 	C:\Program Files\Java\jdk1.8.0_91\bin\java.exe
0x00007ff8c0570000 - 0x00007ff8c0741000 	C:\WINDOWS\SYSTEM32\ntdll.dll
0x00007ff8be1c0000 - 0x00007ff8be26c000 	C:\WINDOWS\System32\KERNEL32.DLL
0x00007ff8a2af0000 - 0x00007ff8a2b23000 	C:\Program Files\AVAST Software\Avast\x64\aswhooka.dll
0x00007ff8bcac0000 - 0x00007ff8bccdd000 	C:\WINDOWS\System32\KERNELBASE.dll
0x00007ff8be0f0000 - 0x00007ff8be192000 	C:\WINDOWS\System32\ADVAPI32.dll
0x00007ff8c00a0000 - 0x00007ff8c013e000 	C:\WINDOWS\System32\msvcrt.dll
0x00007ff8bfc00000 - 0x00007ff8bfc59000 	C:\WINDOWS\System32\sechost.dll
0x00007ff8bde40000 - 0x00007ff8bdf61000 	C:\WINDOWS\System32\RPCRT4.dll
0x00007ff8bf9c0000 - 0x00007ff8bfb25000 	C:\WINDOWS\System32\USER32.dll
0x00007ff8bdae0000 - 0x00007ff8bdafe000 	C:\WINDOWS\System32\win32u.dll
0x00007ff8bdb00000 - 0x00007ff8bdb34000 	C:\WINDOWS\System32\GDI32.dll
0x00007ff8bd5e0000 - 0x00007ff8bd762000 	C:\WINDOWS\System32\gdi32full.dll
0x00007ff8b25d0000 - 0x00007ff8b284a000 	C:\WINDOWS\WinSxS\amd64_microsoft.windows.common-controls_6595b64144ccf1df_6.0.14393.953_none_42151e83c686086b\COMCTL32.dll
0x00007ff8bfdd0000 - 0x00007ff8c0098000 	C:\WINDOWS\System32\combase.dll
0x00007ff8bcce0000 - 0x00007ff8bcdd5000 	C:\WINDOWS\System32\ucrtbase.dll
0x00007ff8bd570000 - 0x00007ff8bd5da000 	C:\WINDOWS\System32\bcryptPrimitives.dll
0x00007ff8bfda0000 - 0x00007ff8bfdce000 	C:\WINDOWS\System32\IMM32.DLL
0x0000000077eb0000 - 0x0000000077f82000 	C:\Program Files\Java\jdk1.8.0_91\jre\bin\msvcr100.dll
0x0000000050330000 - 0x0000000050bc3000 	C:\Program Files\Java\jdk1.8.0_91\jre\bin\server\jvm.dll
0x00007ff8bfbf0000 - 0x00007ff8bfbf8000 	C:\WINDOWS\System32\PSAPI.DLL
0x00007ff8b29c0000 - 0x00007ff8b29c9000 	C:\WINDOWS\SYSTEM32\WSOCK32.dll
0x00007ff8bf950000 - 0x00007ff8bf9ba000 	C:\WINDOWS\System32\WS2_32.dll
0x00007ff8ba910000 - 0x00007ff8ba933000 	C:\WINDOWS\SYSTEM32\WINMM.dll
0x00007ff8ae2d0000 - 0x00007ff8ae2da000 	C:\WINDOWS\SYSTEM32\VERSION.dll
0x00007ff8ba8b0000 - 0x00007ff8ba8db000 	C:\WINDOWS\SYSTEM32\WINMMBASE.dll
0x00007ff8bd9f0000 - 0x00007ff8bda32000 	C:\WINDOWS\System32\cfgmgr32.dll
0x0000000050320000 - 0x000000005032f000 	C:\Program Files\Java\jdk1.8.0_91\jre\bin\verify.dll
0x00000000502f0000 - 0x0000000050319000 	C:\Program Files\Java\jdk1.8.0_91\jre\bin\java.dll
0x00000000502d0000 - 0x00000000502e6000 	C:\Program Files\Java\jdk1.8.0_91\jre\bin\zip.dll
0x00007ff8be3e0000 - 0x00007ff8bf8e8000 	C:\WINDOWS\System32\SHELL32.dll
0x00007ff8bcde0000 - 0x00007ff8bd4ba000 	C:\WINDOWS\System32\windows.storage.dll
0x00007ff8bca00000 - 0x00007ff8bca4c000 	C:\WINDOWS\System32\powrprof.dll
0x00007ff8be030000 - 0x00007ff8be082000 	C:\WINDOWS\System32\shlwapi.dll
0x00007ff8bc9d0000 - 0x00007ff8bc9df000 	C:\WINDOWS\System32\kernel.appcore.dll
0x00007ff8bd4c0000 - 0x00007ff8bd569000 	C:\WINDOWS\System32\shcore.dll
0x00007ff8bc9e0000 - 0x00007ff8bc9f4000 	C:\WINDOWS\System32\profapi.dll

VM Arguments:
jvm_args: -Djava.awt.headless=true -Xmx4g -Dfile.encoding=windows-1252 -Duser.country=MX -Duser.language=es -Duser.variant 
java_command: com.android.dx.command.Main --dex --force-jumbo --num-threads=4 --multi-dex --output C:\Users\mm\Documents\ProjectExperts\app\build\intermediates\transforms\dex\debug\folders\1000\10\com.google.android.gms-play-services-base-10.2.4_d9c0486d5c04c289b56718148e4b892d8d287306 C:\Users\mm\Documents\ProjectExperts\app\build\intermediates\exploded-aar\com.google.android.gms\play-services-base\10.2.4\jars\classes.jar
java_class_path (initial): C:\Users\mm\AppData\Local\Android\sdk\build-tools\24.0.3\lib\dx.jar
Launcher Type: SUN_STANDARD

Environment Variables:
JAVA_HOME=C:\Program Files\Java\jdk1.8.0_91
PATH=C:\ProgramData\Oracle\Java\javapath;C:\Program Files (x86)\Intel\iCLS Client\;C:\Program Files\Intel\iCLS Client\;C:\WINDOWS\system32;C:\WINDOWS;C:\WINDOWS\System32\Wbem;C:\WINDOWS\System32\WindowsPowerShell\v1.0\;C:\Program Files (x86)\Windows Live\Shared;C:\Program Files\Intel\Intel(R) Management Engine Components\DAL;C:\Program Files\Intel\Intel(R) Management Engine Components\IPT;C:\Program Files (x86)\Intel\Intel(R) Management Engine Components\DAL;C:\Program Files (x86)\Intel\Intel(R) Management Engine Components\IPT;C:\Program Files (x86)\Intel\OpenCL SDK\2.0\bin\x86;C:\Program Files (x86)\Intel\OpenCL SDK\2.0\bin\x64;C:\Program Files\Intel\WiFi\bin\;C:\Program Files\Common Files\Intel\WirelessCommon\;c:\Program Files (x86)\Microsoft SQL Server\100\Tools\Binn\VSShell\Common7\IDE\;c:\Program Files (x86)\Microsoft SQL Server\100\Tools\Binn\;c:\Program Files (x86)\Microsoft SQL Server\100\DTS\Binn\;C:\Program Files\Microsoft SQL Server\110\Tools\Binn\;C:\Program Files (x86)\Microsoft SDKs\TypeScript\1.0\;C:\Program Files\Microsoft SQL Server\120\Tools\Binn\;C:\MinGW\bin;C:\xampp\php;C:\ProgramData\ComposerSetup\bin;C:\WINDOWS\system32\config\systemprofile\.dnx\bin;C:\Program Files\Microsoft DNX\Dnvm\;C:\Program Files\Microsoft SQL Server\130\Tools\Binn\;C:\Program Files (x86)\Windows Kits\10\Windows Performance Toolkit\;C:\Program Files (x86)\nodejs\;C:\Program Files\Git\cmd;C:\Program Files\Microsoft\Web Platform Installer\;C:\Program Files (x86)\Skype\Phone\;C:\Users\mm\AppData\Roaming\Composer\vendor\binC:\Program Files (x86)\Java\jdk1.8.0_45;C:\Users\mm\AppData\Local\Microsoft\WindowsApps;C:\Users\mm\AppData\Roaming\npm
USERNAME=mm
OS=Windows_NT
PROCESSOR_IDENTIFIER=Intel64 Family 6 Model 58 Stepping 9, GenuineIntel



---------------  S Y S T E M  ---------------

OS: Windows 10.0 , 64 bit Build 14393 (10.0.14393.1198)

CPU:total 4 (2 cores per cpu, 2 threads per core) family 6 model 58 stepping 9, cmov, cx8, fxsr, mmx, sse, sse2, sse3, ssse3, sse4.1, sse4.2, popcnt, avx, clmul, erms, ht, tsc, tscinvbit, tscinv

Memory: 4k page, physical 4081596k(130648k free), swap 8177596k(18228k free)

vm_info: Java HotSpot(TM) 64-Bit Server VM (25.91-b15) for windows-amd64 JRE (1.8.0_91-b15), built on May 20 2016 17:43:15 by "java_re" with MS VC++ 10.0 (VS2010)

time: Mon Jun 05 13:40:24 2017
elapsed time: 28 seconds (0d 0h 0m 28s)

