#
# There is insufficient memory for the Java Runtime Environment to continue.
# Native memory allocation (malloc) failed to allocate 805296 bytes for Chunk::new
# Possible reasons:
#   The system is out of physical RAM or swap space
#   In 32 bit mode, the process size limit was hit
# Possible solutions:
#   Reduce memory load on the system
#   Increase physical memory or swap space
#   Check if swap backing store is full
#   Use 64 bit Java on a 64 bit OS
#   Decrease Java heap size (-Xmx/-Xms)
#   Decrease number of Java threads
#   Decrease Java thread stack sizes (-Xss)
#   Set larger code cache with -XX:ReservedCodeCacheSize=
# This output file may be truncated or incomplete.
#
#  Out of Memory Error (allocation.cpp:390), pid=6416, tid=4200
#
# JRE version: Java(TM) SE Runtime Environment (8.0_91-b15) (build 1.8.0_91-b15)
# Java VM: Java HotSpot(TM) 64-Bit Server VM (25.91-b15 mixed mode windows-amd64 compressed oops)
# Failed to write core dump. Minidumps are not enabled by default on client versions of Windows
#

---------------  T H R E A D  ---------------

Current thread (0x000000001c29a000):  JavaThread "C2 CompilerThread1" daemon [_thread_in_native, id=4200, stack(0x000000001d9b0000,0x000000001dab0000)]

Stack: [0x000000001d9b0000,0x000000001dab0000]
[error occurred during error reporting (printing stack bounds), id 0xc0000005]

Native frames: (J=compiled Java code, j=interpreted, Vv=VM code, C=native code)


Current CompileTask:
C2:   5598 1465       4       com.android.dx.ssa.SCCP::simulatePhi (169 bytes)


---------------  P R O C E S S  ---------------

Java Threads: ( => current thread )
  0x000000001de27000 JavaThread "pool-2-thread-4" [_thread_blocked, id=10668, stack(0x000000001e5b0000,0x000000001e6b0000)]
  0x000000001de25800 JavaThread "pool-2-thread-3" [_thread_blocked, id=12720, stack(0x000000001e4b0000,0x000000001e5b0000)]
  0x000000001de21800 JavaThread "pool-2-thread-2" [_thread_blocked, id=10208, stack(0x000000001e3b0000,0x000000001e4b0000)]
  0x000000001de1f000 JavaThread "pool-3-thread-1" [_thread_blocked, id=3056, stack(0x000000001e2b0000,0x000000001e3b0000)]
  0x000000001de13800 JavaThread "pool-2-thread-1" [_thread_in_vm, id=1884, stack(0x000000001e1b0000,0x000000001e2b0000)]
  0x000000001dbb1800 JavaThread "Service Thread" daemon [_thread_blocked, id=4720, stack(0x000000001dfb0000,0x000000001e0b0000)]
  0x000000001c29d000 JavaThread "C1 CompilerThread2" daemon [_thread_blocked, id=10604, stack(0x000000001dab0000,0x000000001dbb0000)]
=>0x000000001c29a000 JavaThread "C2 CompilerThread1" daemon [_thread_in_native, id=4200, stack(0x000000001d9b0000,0x000000001dab0000)]
  0x000000001c23e800 JavaThread "C2 CompilerThread0" daemon [_thread_in_native, id=10304, stack(0x000000001d8b0000,0x000000001d9b0000)]
  0x000000001c23d000 JavaThread "Attach Listener" daemon [_thread_blocked, id=1332, stack(0x000000001d7b0000,0x000000001d8b0000)]
  0x0000000002b6e800 JavaThread "Signal Dispatcher" daemon [_thread_blocked, id=5956, stack(0x000000001d6b0000,0x000000001d7b0000)]
  0x000000001c22a800 JavaThread "Finalizer" daemon [_thread_blocked, id=10744, stack(0x000000001d4a0000,0x000000001d5a0000)]
  0x0000000002b60000 JavaThread "Reference Handler" daemon [_thread_blocked, id=8580, stack(0x000000001d3a0000,0x000000001d4a0000)]
  0x0000000002a6e000 JavaThread "main" [_thread_blocked, id=9640, stack(0x00000000028b0000,0x00000000029b0000)]

Other Threads:
  0x000000001c207800 VMThread [stack: 0x000000001d2a0000,0x000000001d3a0000] [id=7220]
  0x000000001dbb5000 WatcherThread [stack: 0x000000001e0b0000,0x000000001e1b0000] [id=12792]

VM state:not at safepoint (normal execution)

VM Mutex/Monitor currently owned by a thread: None

Heap:
 PSYoungGen      total 35328K, used 14602K [0x000000076ab00000, 0x000000076f000000, 0x00000007c0000000)
  eden space 32768K, 36% used [0x000000076ab00000,0x000000076b6c76c0,0x000000076cb00000)
  from space 2560K, 99% used [0x000000076cb00000,0x000000076cd7b3b8,0x000000076cd80000)
  to   space 2560K, 0% used [0x000000076ed80000,0x000000076ed80000,0x000000076f000000)
 ParOldGen       total 44032K, used 8909K [0x00000006c0000000, 0x00000006c2b00000, 0x000000076ab00000)
  object space 44032K, 20% used [0x00000006c0000000,0x00000006c08b35c8,0x00000006c2b00000)
 Metaspace       used 6185K, capacity 7090K, committed 7296K, reserved 1056768K
  class space    used 601K, capacity 618K, committed 640K, reserved 1048576K

Card table byte_map: [0x0000000011f30000,0x0000000012740000] byte_map_base: 0x000000000e930000

Marking Bits: (ParMarkBitMap*) 0x0000000050b12f70
 Begin Bits: [0x00000000130a0000, 0x00000000170a0000)
 End Bits:   [0x00000000170a0000, 0x000000001b0a0000)

Polling page: 0x0000000000fa0000

CodeCache: size=245760Kb used=6374Kb max_used=6374Kb free=239385Kb
 bounds [0x0000000002b70000, 0x00000000031b0000, 0x0000000011b70000]
 total_blobs=1779 nmethods=1511 adapters=181
 compilation: enabled

Compilation events (10 events):
Event: 5.579 Thread 0x000000001c29d000 1528       2       com.android.dx.command.dexer.Main::access$2000 (4 bytes)
Event: 5.580 Thread 0x000000001c29d000 nmethod 1528 0x00000000031acdd0 code [0x00000000031acf20, 0x00000000031ad050]
Event: 5.580 Thread 0x000000001c29d000 1529       2       java.util.concurrent.locks.AbstractQueuedSynchronizer::release (33 bytes)
Event: 5.580 Thread 0x000000001c29d000 nmethod 1529 0x00000000031ad0d0 code [0x00000000031ad240, 0x00000000031ad418]
Event: 5.581 Thread 0x000000001c29d000 1530       2       com.android.dx.command.dexer.Main::access$1600 (4 bytes)
Event: 5.581 Thread 0x000000001c29d000 nmethod 1530 0x00000000031ad510 code [0x00000000031ad660, 0x00000000031ad7b0]
Event: 5.584 Thread 0x000000001c29d000 1531       2       java.util.concurrent.locks.AbstractQueuedSynchronizer::acquire (27 bytes)
Event: 5.585 Thread 0x000000001c29d000 nmethod 1531 0x00000000031ad810 code [0x00000000031ad9a0, 0x00000000031adbb8]
Event: 5.590 Thread 0x000000001c29d000 1532       1       com.android.dx.cf.attrib.AttConstantValue::byteLength (3 bytes)
Event: 5.590 Thread 0x000000001c29d000 nmethod 1532 0x00000000031adcd0 code [0x00000000031ade20, 0x00000000031adf30]

GC Heap History (6 events):
Event: 3.135 GC heap before
{Heap before GC invocations=1 (full 0):
 PSYoungGen      total 18944K, used 16384K [0x000000076ab00000, 0x000000076c000000, 0x00000007c0000000)
  eden space 16384K, 100% used [0x000000076ab00000,0x000000076bb00000,0x000000076bb00000)
  from space 2560K, 0% used [0x000000076bd80000,0x000000076bd80000,0x000000076c000000)
  to   space 2560K, 0% used [0x000000076bb00000,0x000000076bb00000,0x000000076bd80000)
 ParOldGen       total 44032K, used 0K [0x00000006c0000000, 0x00000006c2b00000, 0x000000076ab00000)
  object space 44032K, 0% used [0x00000006c0000000,0x00000006c0000000,0x00000006c2b00000)
 Metaspace       used 5728K, capacity 6706K, committed 6784K, reserved 1056768K
  class space    used 595K, capacity 618K, committed 640K, reserved 1048576K
Event: 3.174 GC heap after
Heap after GC invocations=1 (full 0):
 PSYoungGen      total 18944K, used 2535K [0x000000076ab00000, 0x000000076d000000, 0x00000007c0000000)
  eden space 16384K, 0% used [0x000000076ab00000,0x000000076ab00000,0x000000076bb00000)
  from space 2560K, 99% used [0x000000076bb00000,0x000000076bd79c88,0x000000076bd80000)
  to   space 2560K, 0% used [0x000000076cd80000,0x000000076cd80000,0x000000076d000000)
 ParOldGen       total 44032K, used 1480K [0x00000006c0000000, 0x00000006c2b00000, 0x000000076ab00000)
  object space 44032K, 3% used [0x00000006c0000000,0x00000006c01722e0,0x00000006c2b00000)
 Metaspace       used 5728K, capacity 6706K, committed 6784K, reserved 1056768K
  class space    used 595K, capacity 618K, committed 640K, reserved 1048576K
}
Event: 3.959 GC heap before
{Heap before GC invocations=2 (full 0):
 PSYoungGen      total 18944K, used 18919K [0x000000076ab00000, 0x000000076d000000, 0x00000007c0000000)
  eden space 16384K, 100% used [0x000000076ab00000,0x000000076bb00000,0x000000076bb00000)
  from space 2560K, 99% used [0x000000076bb00000,0x000000076bd79c88,0x000000076bd80000)
  to   space 2560K, 0% used [0x000000076cd80000,0x000000076cd80000,0x000000076d000000)
 ParOldGen       total 44032K, used 1480K [0x00000006c0000000, 0x00000006c2b00000, 0x000000076ab00000)
  object space 44032K, 3% used [0x00000006c0000000,0x00000006c01722e0,0x00000006c2b00000)
 Metaspace       used 6061K, capacity 6962K, committed 7040K, reserved 1056768K
  class space    used 600K, capacity 618K, committed 640K, reserved 1048576K
Event: 3.973 GC heap after
Heap after GC invocations=2 (full 0):
 PSYoungGen      total 35328K, used 2557K [0x000000076ab00000, 0x000000076d000000, 0x00000007c0000000)
  eden space 32768K, 0% used [0x000000076ab00000,0x000000076ab00000,0x000000076cb00000)
  from space 2560K, 99% used [0x000000076cd80000,0x000000076cfff490,0x000000076d000000)
  to   space 2560K, 0% used [0x000000076cb00000,0x000000076cb00000,0x000000076cd80000)
 ParOldGen       total 44032K, used 3841K [0x00000006c0000000, 0x00000006c2b00000, 0x000000076ab00000)
  object space 44032K, 8% used [0x00000006c0000000,0x00000006c03c06b8,0x00000006c2b00000)
 Metaspace       used 6061K, capacity 6962K, committed 7040K, reserved 1056768K
  class space    used 600K, capacity 618K, committed 640K, reserved 1048576K
}
Event: 5.417 GC heap before
{Heap before GC invocations=3 (full 0):
 PSYoungGen      total 35328K, used 35325K [0x000000076ab00000, 0x000000076d000000, 0x00000007c0000000)
  eden space 32768K, 100% used [0x000000076ab00000,0x000000076cb00000,0x000000076cb00000)
  from space 2560K, 99% used [0x000000076cd80000,0x000000076cfff490,0x000000076d000000)
  to   space 2560K, 0% used [0x000000076cb00000,0x000000076cb00000,0x000000076cd80000)
 ParOldGen       total 44032K, used 3841K [0x00000006c0000000, 0x00000006c2b00000, 0x000000076ab00000)
  object space 44032K, 8% used [0x00000006c0000000,0x00000006c03c06b8,0x00000006c2b00000)
 Metaspace       used 6171K, capacity 7090K, committed 7296K, reserved 1056768K
  class space    used 601K, capacity 618K, committed 640K, reserved 1048576K
Event: 5.508 GC heap after
Heap after GC invocations=3 (full 0):
 PSYoungGen      total 35328K, used 2540K [0x000000076ab00000, 0x000000076f000000, 0x00000007c0000000)
  eden space 32768K, 0% used [0x000000076ab00000,0x000000076ab00000,0x000000076cb00000)
  from space 2560K, 99% used [0x000000076cb00000,0x000000076cd7b3b8,0x000000076cd80000)
  to   space 2560K, 0% used [0x000000076ed80000,0x000000076ed80000,0x000000076f000000)
 ParOldGen       total 44032K, used 8909K [0x00000006c0000000, 0x00000006c2b00000, 0x000000076ab00000)
  object space 44032K, 20% used [0x00000006c0000000,0x00000006c08b35c8,0x00000006c2b00000)
 Metaspace       used 6171K, capacity 7090K, committed 7296K, reserved 1056768K
  class space    used 601K, capacity 618K, committed 640K, reserved 1048576K
}

Deoptimization events (10 events):
Event: 3.991 Thread 0x000000001de13800 Uncommon trap: reason=unstable_if action=reinterpret pc=0x0000000002f3f04c method=com.android.dx.util.IntList.binarysearch(I)I @ 105
Event: 4.006 Thread 0x000000001de21800 Uncommon trap: reason=bimorphic action=maybe_recompile pc=0x0000000002d83e40 method=java.util.HashMap.getNode(ILjava/lang/Object;)Ljava/util/HashMap$Node; @ 126
Event: 4.006 Thread 0x000000001de21800 Uncommon trap: reason=bimorphic action=maybe_recompile pc=0x0000000002d83e40 method=java.util.HashMap.getNode(ILjava/lang/Object;)Ljava/util/HashMap$Node; @ 126
Event: 4.006 Thread 0x000000001de21800 Uncommon trap: reason=bimorphic action=maybe_recompile pc=0x0000000002d83e40 method=java.util.HashMap.getNode(ILjava/lang/Object;)Ljava/util/HashMap$Node; @ 126
Event: 4.229 Thread 0x000000001de21800 Uncommon trap: reason=unstable_if action=reinterpret pc=0x00000000030b2c54 method=com.android.dx.ssa.SCCP.simulateBranch(Lcom/android/dx/ssa/SsaInsn;)V @ 118
Event: 4.627 Thread 0x000000001de21800 Uncommon trap: reason=class_check action=maybe_recompile pc=0x0000000003116eec method=com.android.dx.cf.code.BytecodeArray.parseInstruction(ILcom/android/dx/cf/code/BytecodeArray$Visitor;)I @ 1083
Event: 4.627 Thread 0x000000001de21800 Uncommon trap: reason=class_check action=maybe_recompile pc=0x0000000003116eec method=com.android.dx.cf.code.BytecodeArray.parseInstruction(ILcom/android/dx/cf/code/BytecodeArray$Visitor;)I @ 1083
Event: 4.641 Thread 0x000000001de21800 Uncommon trap: reason=bimorphic action=maybe_recompile pc=0x0000000003117348 method=com.android.dx.cf.code.BytecodeArray.parseInstruction(ILcom/android/dx/cf/code/BytecodeArray$Visitor;)I @ 1357
Event: 4.645 Thread 0x000000001de21800 Uncommon trap: reason=bimorphic action=maybe_recompile pc=0x0000000003117348 method=com.android.dx.cf.code.BytecodeArray.parseInstruction(ILcom/android/dx/cf/code/BytecodeArray$Visitor;)I @ 1357
Event: 4.682 Thread 0x0000000002a6e000 Uncommon trap: reason=unstable_if action=reinterpret pc=0x000000000311ab30 method=com.android.dx.cf.code.ByteCatchList.listFor(I)Lcom/android/dx/cf/code/ByteCatchList; @ 47

Internal exceptions (2 events):
Event: 0.635 Thread 0x0000000002a6e000 Exception <a 'java/lang/NoSuchMethodError': Method sun.misc.Unsafe.defineClass(Ljava/lang/String;[BII)Ljava/lang/Class; name or signature does not match> (0x000000076ab07cc0) thrown at [C:\re\workspace\8-2-build-windows-amd64-cygwin\jdk8u91\7017\hotspot\sr@‹;$Oä?
Event: 0.635 Thread 0x0000000002a6e000 Exception <a 'java/lang/NoSuchMethodError': Method sun.misc.Unsafe.prefetchRead(Ljava/lang/Object;J)V name or signature does not match> (0x000000076ab07fa8) thrown at [C:\re\workspace\8-2-build-windows-amd64-cygwin\jdk8u91\7017\hotspot\src\share\vm\prims\j

Events (10 events):
Event: 4.645 Thread 0x000000001de21800 Uncommon trap: trap_request=0xffffffc6 fr.pc=0x0000000003117348
Event: 4.645 Thread 0x000000001de21800 DEOPT PACKING pc=0x0000000003117348 sp=0x000000001e4ae570
Event: 4.645 Thread 0x000000001de21800 DEOPT UNPACKING pc=0x0000000002bb582a sp=0x000000001e4ae530 mode 2
Event: 4.682 Thread 0x0000000002a6e000 Uncommon trap: trap_request=0xffffff65 fr.pc=0x000000000311ab30
Event: 4.682 Thread 0x0000000002a6e000 DEOPT PACKING pc=0x000000000311ab30 sp=0x00000000029adfc0
Event: 4.682 Thread 0x0000000002a6e000 DEOPT UNPACKING pc=0x0000000002bb582a sp=0x00000000029ade10 mode 2
Event: 5.385 Executing VM operation: EnableBiasedLocking
Event: 5.385 Executing VM operation: EnableBiasedLocking done
Event: 5.417 Executing VM operation: ParallelGCFailedAllocation
Event: 5.508 Executing VM operation: ParallelGCFailedAllocation done


Dynamic libraries:
0x00007ff6536a0000 - 0x00007ff6536d7000 	C:\Program Files\Java\jdk1.8.0_91\bin\java.exe
0x00007ff8c0570000 - 0x00007ff8c0741000 	C:\WINDOWS\SYSTEM32\ntdll.dll
0x00007ff8be1c0000 - 0x00007ff8be26c000 	C:\WINDOWS\System32\KERNEL32.DLL
0x00007ff8a2af0000 - 0x00007ff8a2b23000 	C:\Program Files\AVAST Software\Avast\x64\aswhooka.dll
0x00007ff8bcac0000 - 0x00007ff8bccdd000 	C:\WINDOWS\System32\KERNELBASE.dll
0x00007ff8be0f0000 - 0x00007ff8be192000 	C:\WINDOWS\System32\ADVAPI32.dll
0x00007ff8c00a0000 - 0x00007ff8c013e000 	C:\WINDOWS\System32\msvcrt.dll
0x00007ff8bfc00000 - 0x00007ff8bfc59000 	C:\WINDOWS\System32\sechost.dll
0x00007ff8bde40000 - 0x00007ff8bdf61000 	C:\WINDOWS\System32\RPCRT4.dll
0x00007ff8bf9c0000 - 0x00007ff8bfb25000 	C:\WINDOWS\System32\USER32.dll
0x00007ff8bdae0000 - 0x00007ff8bdafe000 	C:\WINDOWS\System32\win32u.dll
0x00007ff8bdb00000 - 0x00007ff8bdb34000 	C:\WINDOWS\System32\GDI32.dll
0x00007ff8bd5e0000 - 0x00007ff8bd762000 	C:\WINDOWS\System32\gdi32full.dll
0x00007ff8b25d0000 - 0x00007ff8b284a000 	C:\WINDOWS\WinSxS\amd64_microsoft.windows.common-controls_6595b64144ccf1df_6.0.14393.953_none_42151e83c686086b\COMCTL32.dll
0x00007ff8bfdd0000 - 0x00007ff8c0098000 	C:\WINDOWS\System32\combase.dll
0x00007ff8bcce0000 - 0x00007ff8bcdd5000 	C:\WINDOWS\System32\ucrtbase.dll
0x00007ff8bd570000 - 0x00007ff8bd5da000 	C:\WINDOWS\System32\bcryptPrimitives.dll
0x00007ff8bfda0000 - 0x00007ff8bfdce000 	C:\WINDOWS\System32\IMM32.DLL
0x0000000077ea0000 - 0x0000000077f72000 	C:\Program Files\Java\jdk1.8.0_91\jre\bin\msvcr100.dll
0x0000000050300000 - 0x0000000050b93000 	C:\Program Files\Java\jdk1.8.0_91\jre\bin\server\jvm.dll
0x00007ff8bfbf0000 - 0x00007ff8bfbf8000 	C:\WINDOWS\System32\PSAPI.DLL
0x00007ff8b1e70000 - 0x00007ff8b1e79000 	C:\WINDOWS\SYSTEM32\WSOCK32.dll
0x00007ff8bf950000 - 0x00007ff8bf9ba000 	C:\WINDOWS\System32\WS2_32.dll
0x00007ff8ba910000 - 0x00007ff8ba933000 	C:\WINDOWS\SYSTEM32\WINMM.dll
0x00007ff8ae2d0000 - 0x00007ff8ae2da000 	C:\WINDOWS\SYSTEM32\VERSION.dll
0x00007ff8ba8b0000 - 0x00007ff8ba8db000 	C:\WINDOWS\SYSTEM32\WINMMBASE.dll
0x00007ff8bd9f0000 - 0x00007ff8bda32000 	C:\WINDOWS\System32\cfgmgr32.dll
0x0000000051a60000 - 0x0000000051a6f000 	C:\Program Files\Java\jdk1.8.0_91\jre\bin\verify.dll
0x00000000517b0000 - 0x00000000517d9000 	C:\Program Files\Java\jdk1.8.0_91\jre\bin\java.dll
0x0000000051a40000 - 0x0000000051a56000 	C:\Program Files\Java\jdk1.8.0_91\jre\bin\zip.dll
0x00007ff8be3e0000 - 0x00007ff8bf8e8000 	C:\WINDOWS\System32\SHELL32.dll
0x00007ff8bcde0000 - 0x00007ff8bd4ba000 	C:\WINDOWS\System32\windows.storage.dll
0x00007ff8bca00000 - 0x00007ff8bca4c000 	C:\WINDOWS\System32\powrprof.dll
0x00007ff8be030000 - 0x00007ff8be082000 	C:\WINDOWS\System32\shlwapi.dll
0x00007ff8bc9d0000 - 0x00007ff8bc9df000 	C:\WINDOWS\System32\kernel.appcore.dll
0x00007ff8bd4c0000 - 0x00007ff8bd569000 	C:\WINDOWS\System32\shcore.dll
0x00007ff8bc9e0000 - 0x00007ff8bc9f4000 	C:\WINDOWS\System32\profapi.dll

VM Arguments:
jvm_args: -Djava.awt.headless=true -Xmx4g -Dfile.encoding=windows-1252 -Duser.country=MX -Duser.language=es -Duser.variant 
java_command: com.android.dx.command.Main --dex --force-jumbo --num-threads=4 --multi-dex --output C:\Users\mm\Documents\ProjectExperts\app\build\intermediates\transforms\dex\debug\folders\1000\10\com.google.android.gms-play-services-cast-10.2.6_9ea5340fb22eb6207125960bfefe2daa4860848f C:\Users\mm\Documents\ProjectExperts\app\build\intermediates\exploded-aar\com.google.android.gms\play-services-cast\10.2.6\jars\classes.jar
java_class_path (initial): C:\Users\mm\AppData\Local\Android\sdk\build-tools\25.0.3\lib\dx.jar
Launcher Type: SUN_STANDARD

Environment Variables:
JAVA_HOME=C:\Program Files\Java\jdk1.8.0_91
PATH=C:\ProgramData\Oracle\Java\javapath;C:\Program Files (x86)\Intel\iCLS Client\;C:\Program Files\Intel\iCLS Client\;C:\WINDOWS\system32;C:\WINDOWS;C:\WINDOWS\System32\Wbem;C:\WINDOWS\System32\WindowsPowerShell\v1.0\;C:\Program Files (x86)\Windows Live\Shared;C:\Program Files\Intel\Intel(R) Management Engine Components\DAL;C:\Program Files\Intel\Intel(R) Management Engine Components\IPT;C:\Program Files (x86)\Intel\Intel(R) Management Engine Components\DAL;C:\Program Files (x86)\Intel\Intel(R) Management Engine Components\IPT;C:\Program Files (x86)\Intel\OpenCL SDK\2.0\bin\x86;C:\Program Files (x86)\Intel\OpenCL SDK\2.0\bin\x64;C:\Program Files\Intel\WiFi\bin\;C:\Program Files\Common Files\Intel\WirelessCommon\;c:\Program Files (x86)\Microsoft SQL Server\100\Tools\Binn\VSShell\Common7\IDE\;c:\Program Files (x86)\Microsoft SQL Server\100\Tools\Binn\;c:\Program Files (x86)\Microsoft SQL Server\100\DTS\Binn\;C:\Program Files\Microsoft SQL Server\110\Tools\Binn\;C:\Program Files (x86)\Microsoft SDKs\TypeScript\1.0\;C:\Program Files\Microsoft SQL Server\120\Tools\Binn\;C:\MinGW\bin;C:\xampp\php;C:\ProgramData\ComposerSetup\bin;C:\WINDOWS\system32\config\systemprofile\.dnx\bin;C:\Program Files\Microsoft DNX\Dnvm\;C:\Program Files\Microsoft SQL Server\130\Tools\Binn\;C:\Program Files (x86)\Windows Kits\10\Windows Performance Toolkit\;C:\Program Files (x86)\nodejs\;C:\Program Files\Git\cmd;C:\Program Files\Microsoft\Web Platform Installer\;C:\Program Files (x86)\Skype\Phone\;C:\Users\mm\AppData\Roaming\Composer\vendor\binC:\Program Files (x86)\Java\jdk1.8.0_45;C:\Users\mm\AppData\Local\Microsoft\WindowsApps;C:\Users\mm\AppData\Roaming\npm
USERNAME=mm
OS=Windows_NT
PROCESSOR_IDENTIFIER=Intel64 Family 6 Model 58 Stepping 9, GenuineIntel



---------------  S Y S T E M  ---------------

OS: Windows 10.0 , 64 bit Build 14393 (10.0.14393.1198)

CPU:total 4 (2 cores per cpu, 2 threads per core) family 6 model 58 stepping 9, cmov, cx8, fxsr, mmx, sse, sse2, sse3, ssse3, sse4.1, sse4.2, popcnt, avx, clmul, erms, ht, tsc, tscinvbit, tscinv

Memory: 4k page, physical 4081596k(518576k free), swap 8177596k(5520k free)

vm_info: Java HotSpot(TM) 64-Bit Server VM (25.91-b15) for windows-amd64 JRE (1.8.0_91-b15), built on May 20 2016 17:43:15 by "java_re" with MS VC++ 10.0 (VS2010)

time: Wed Jun 07 14:53:21 2017
elapsed time: 5 seconds (0d 0h 0m 5s)

