#
# There is insufficient memory for the Java Runtime Environment to continue.
# Native memory allocation (malloc) failed to allocate 32744 bytes for ChunkPool::allocate
# Possible reasons:
#   The system is out of physical RAM or swap space
#   In 32 bit mode, the process size limit was hit
# Possible solutions:
#   Reduce memory load on the system
#   Increase physical memory or swap space
#   Check if swap backing store is full
#   Use 64 bit Java on a 64 bit OS
#   Decrease Java heap size (-Xmx/-Xms)
#   Decrease number of Java threads
#   Decrease Java thread stack sizes (-Xss)
#   Set larger code cache with -XX:ReservedCodeCacheSize=
# This output file may be truncated or incomplete.
#
#  Out of Memory Error (allocation.cpp:273), pid=11372, tid=11832
#
# JRE version: Java(TM) SE Runtime Environment (8.0_91-b15) (build 1.8.0_91-b15)
# Java VM: Java HotSpot(TM) 64-Bit Server VM (25.91-b15 mixed mode windows-amd64 compressed oops)
# Failed to write core dump. Minidumps are not enabled by default on client versions of Windows
#

---------------  T H R E A D  ---------------

Current thread (0x000000001c229000):  JavaThread "C2 CompilerThread1" daemon [_thread_in_native, id=11832, stack(0x000000001d930000,0x000000001da30000)]

Stack: [0x000000001d930000,0x000000001da30000]
[error occurred during error reporting (printing stack bounds), id 0xc0000005]

Native frames: (J=compiled Java code, j=interpreted, Vv=VM code, C=native code)


Current CompileTask:
C2:  26707 1867 %     4       com.android.dx.ssa.SsaConverter::placePhiFunctions @ 103 (394 bytes)


---------------  P R O C E S S  ---------------

Java Threads: ( => current thread )
  0x000000001ddb9800 JavaThread "pool-2-thread-4" [_thread_blocked, id=10516, stack(0x000000001e530000,0x000000001e630000)]
  0x000000001ddb8800 JavaThread "pool-2-thread-3" [_thread_in_Java, id=780, stack(0x000000001e430000,0x000000001e530000)]
  0x000000001ddac800 JavaThread "pool-2-thread-2" [_thread_blocked, id=11916, stack(0x000000001e330000,0x000000001e430000)]
  0x000000001dda1000 JavaThread "pool-3-thread-1" [_thread_blocked, id=12268, stack(0x000000001e230000,0x000000001e330000)]
  0x000000001dd9e800 JavaThread "pool-2-thread-1" [_thread_blocked, id=5808, stack(0x000000001e130000,0x000000001e230000)]
  0x000000001c22e800 JavaThread "Service Thread" daemon [_thread_blocked, id=6880, stack(0x000000001df30000,0x000000001e030000)]
  0x000000001c22c000 JavaThread "C1 CompilerThread2" daemon [_thread_blocked, id=7076, stack(0x000000001da30000,0x000000001db30000)]
=>0x000000001c229000 JavaThread "C2 CompilerThread1" daemon [_thread_in_native, id=11832, stack(0x000000001d930000,0x000000001da30000)]
  0x000000001c1cd800 JavaThread "C2 CompilerThread0" daemon [_thread_in_native, id=10676, stack(0x000000001d830000,0x000000001d930000)]
  0x000000001c1cc000 JavaThread "Attach Listener" daemon [_thread_blocked, id=9908, stack(0x000000001d730000,0x000000001d830000)]
  0x000000001c1cb000 JavaThread "Signal Dispatcher" daemon [_thread_blocked, id=1544, stack(0x000000001d630000,0x000000001d730000)]
  0x000000001c1ba000 JavaThread "Finalizer" daemon [_thread_blocked, id=11908, stack(0x000000001d420000,0x000000001d520000)]
  0x0000000002af0000 JavaThread "Reference Handler" daemon [_thread_blocked, id=12064, stack(0x000000001d320000,0x000000001d420000)]
  0x000000000283e000 JavaThread "main" [_thread_blocked, id=1392, stack(0x0000000002900000,0x0000000002a00000)]

Other Threads:
  0x000000001c197800 VMThread [stack: 0x000000001d220000,0x000000001d320000] [id=12204]
  0x000000001db37800 WatcherThread [stack: 0x000000001e030000,0x000000001e130000] [id=11540]

VM state:not at safepoint (normal execution)

VM Mutex/Monitor currently owned by a thread: None

Heap:
 PSYoungGen      total 68096K, used 12873K [0x000000076ab00000, 0x0000000774600000, 0x00000007c0000000)
  eden space 65536K, 15% used [0x000000076ab00000,0x000000076b514930,0x000000076eb00000)
  from space 2560K, 99% used [0x000000076eb00000,0x000000076ed7daf8,0x000000076ed80000)
  to   space 13824K, 0% used [0x0000000773880000,0x0000000773880000,0x0000000774600000)
 ParOldGen       total 44032K, used 24471K [0x00000006c0000000, 0x00000006c2b00000, 0x000000076ab00000)
  object space 44032K, 55% used [0x00000006c0000000,0x00000006c17e5e78,0x00000006c2b00000)
 Metaspace       used 6326K, capacity 7154K, committed 7296K, reserved 1056768K
  class space    used 601K, capacity 618K, committed 640K, reserved 1048576K

Card table byte_map: [0x0000000011ec0000,0x00000000126d0000] byte_map_base: 0x000000000e8c0000

Marking Bits: (ParMarkBitMap*) 0x0000000050b42f70
 Begin Bits: [0x0000000013030000, 0x0000000017030000)
 End Bits:   [0x0000000017030000, 0x000000001b030000)

Polling page: 0x0000000000ee0000

CodeCache: size=245760Kb used=8107Kb max_used=8120Kb free=237652Kb
 bounds [0x0000000002b00000, 0x0000000003300000, 0x0000000011b00000]
 total_blobs=2087 nmethods=1819 adapters=181
 compilation: enabled

Compilation events (10 events):
Event: 26.339 Thread 0x000000001c22c000 1870       2       com.android.dx.cf.code.SwitchList::getTarget (9 bytes)
Event: 26.339 Thread 0x000000001c22c000 nmethod 1870 0x00000000032e8bd0 code [0x00000000032e8d40, 0x00000000032e8ec8]
Event: 26.345 Thread 0x000000001c229000 nmethod 1839% 0x00000000032f1210 code [0x00000000032f1460, 0x00000000032f2ad8]
Event: 26.345 Thread 0x000000001c229000 1867 %     4       com.android.dx.ssa.SsaConverter::placePhiFunctions @ 103 (394 bytes)
Event: 26.359 Thread 0x000000001c22c000 1872       2       java.util.BitSet::clear (28 bytes)
Event: 26.359 Thread 0x000000001c22c000 nmethod 1872 0x00000000032e8790 code [0x00000000032e8900, 0x00000000032e8ad0]
Event: 26.384 Thread 0x000000001c22c000 1873       1       java.util.concurrent.locks.AbstractQueuedSynchronizer::compareAndSetWaitStatus (13 bytes)
Event: 26.385 Thread 0x000000001c22c000 nmethod 1873 0x00000000032e84d0 code [0x00000000032e8620, 0x00000000032e8730]
Event: 26.394 Thread 0x000000001c22c000 1874       2       com.android.dx.cf.code.ByteCatchList$Item::<init> (69 bytes)
Event: 26.395 Thread 0x000000001c22c000 nmethod 1874 0x00000000032e7e10 code [0x00000000032e7fa0, 0x00000000032e8308]

GC Heap History (10 events):
Event: 9.197 GC heap before
{Heap before GC invocations=1 (full 0):
 PSYoungGen      total 18944K, used 16384K [0x000000076ab00000, 0x000000076c000000, 0x00000007c0000000)
  eden space 16384K, 100% used [0x000000076ab00000,0x000000076bb00000,0x000000076bb00000)
  from space 2560K, 0% used [0x000000076bd80000,0x000000076bd80000,0x000000076c000000)
  to   space 2560K, 0% used [0x000000076bb00000,0x000000076bb00000,0x000000076bd80000)
 ParOldGen       total 44032K, used 0K [0x00000006c0000000, 0x00000006c2b00000, 0x000000076ab00000)
  object space 44032K, 0% used [0x00000006c0000000,0x00000006c0000000,0x00000006c2b00000)
 Metaspace       used 5752K, capacity 6704K, committed 6784K, reserved 1056768K
  class space    used 595K, capacity 616K, committed 640K, reserved 1048576K
Event: 9.330 GC heap after
Heap after GC invocations=1 (full 0):
 PSYoungGen      total 18944K, used 2557K [0x000000076ab00000, 0x000000076d000000, 0x00000007c0000000)
  eden space 16384K, 0% used [0x000000076ab00000,0x000000076ab00000,0x000000076bb00000)
  from space 2560K, 99% used [0x000000076bb00000,0x000000076bd7f770,0x000000076bd80000)
  to   space 2560K, 0% used [0x000000076cd80000,0x000000076cd80000,0x000000076d000000)
 ParOldGen       total 44032K, used 1220K [0x00000006c0000000, 0x00000006c2b00000, 0x000000076ab00000)
  object space 44032K, 2% used [0x00000006c0000000,0x00000006c0131170,0x00000006c2b00000)
 Metaspace       used 5752K, capacity 6704K, committed 6784K, reserved 1056768K
  class space    used 595K, capacity 616K, committed 640K, reserved 1048576K
}
Event: 11.507 GC heap before
{Heap before GC invocations=2 (full 0):
 PSYoungGen      total 18944K, used 18941K [0x000000076ab00000, 0x000000076d000000, 0x00000007c0000000)
  eden space 16384K, 100% used [0x000000076ab00000,0x000000076bb00000,0x000000076bb00000)
  from space 2560K, 99% used [0x000000076bb00000,0x000000076bd7f770,0x000000076bd80000)
  to   space 2560K, 0% used [0x000000076cd80000,0x000000076cd80000,0x000000076d000000)
 ParOldGen       total 44032K, used 1220K [0x00000006c0000000, 0x00000006c2b00000, 0x000000076ab00000)
  object space 44032K, 2% used [0x00000006c0000000,0x00000006c0131170,0x00000006c2b00000)
 Metaspace       used 6035K, capacity 6962K, committed 7040K, reserved 1056768K
  class space    used 600K, capacity 618K, committed 640K, reserved 1048576K
Event: 11.711 GC heap after
Heap after GC invocations=2 (full 0):
 PSYoungGen      total 35328K, used 2535K [0x000000076ab00000, 0x000000076d000000, 0x00000007c0000000)
  eden space 32768K, 0% used [0x000000076ab00000,0x000000076ab00000,0x000000076cb00000)
  from space 2560K, 99% used [0x000000076cd80000,0x000000076cff9c68,0x000000076d000000)
  to   space 2560K, 0% used [0x000000076cb00000,0x000000076cb00000,0x000000076cd80000)
 ParOldGen       total 44032K, used 3250K [0x00000006c0000000, 0x00000006c2b00000, 0x000000076ab00000)
  object space 44032K, 7% used [0x00000006c0000000,0x00000006c032caa0,0x00000006c2b00000)
 Metaspace       used 6035K, capacity 6962K, committed 7040K, reserved 1056768K
  class space    used 600K, capacity 618K, committed 640K, reserved 1048576K
}
Event: 15.222 GC heap before
{Heap before GC invocations=3 (full 0):
 PSYoungGen      total 35328K, used 35303K [0x000000076ab00000, 0x000000076d000000, 0x00000007c0000000)
  eden space 32768K, 100% used [0x000000076ab00000,0x000000076cb00000,0x000000076cb00000)
  from space 2560K, 99% used [0x000000076cd80000,0x000000076cff9c68,0x000000076d000000)
  to   space 2560K, 0% used [0x000000076cb00000,0x000000076cb00000,0x000000076cd80000)
 ParOldGen       total 44032K, used 3250K [0x00000006c0000000, 0x00000006c2b00000, 0x000000076ab00000)
  object space 44032K, 7% used [0x00000006c0000000,0x00000006c032caa0,0x00000006c2b00000)
 Metaspace       used 6201K, capacity 7090K, committed 7296K, reserved 1056768K
  class space    used 600K, capacity 618K, committed 640K, reserved 1048576K
Event: 15.783 GC heap after
Heap after GC invocations=3 (full 0):
 PSYoungGen      total 35328K, used 2528K [0x000000076ab00000, 0x000000076f000000, 0x00000007c0000000)
  eden space 32768K, 0% used [0x000000076ab00000,0x000000076ab00000,0x000000076cb00000)
  from space 2560K, 98% used [0x000000076cb00000,0x000000076cd78020,0x000000076cd80000)
  to   space 2560K, 0% used [0x000000076ed80000,0x000000076ed80000,0x000000076f000000)
 ParOldGen       total 44032K, used 8216K [0x00000006c0000000, 0x00000006c2b00000, 0x000000076ab00000)
  object space 44032K, 18% used [0x00000006c0000000,0x00000006c0806188,0x00000006c2b00000)
 Metaspace       used 6201K, capacity 7090K, committed 7296K, reserved 1056768K
  class space    used 600K, capacity 618K, committed 640K, reserved 1048576K
}
Event: 17.391 GC heap before
{Heap before GC invocations=4 (full 0):
 PSYoungGen      total 35328K, used 35296K [0x000000076ab00000, 0x000000076f000000, 0x00000007c0000000)
  eden space 32768K, 100% used [0x000000076ab00000,0x000000076cb00000,0x000000076cb00000)
  from space 2560K, 98% used [0x000000076cb00000,0x000000076cd78020,0x000000076cd80000)
  to   space 2560K, 0% used [0x000000076ed80000,0x000000076ed80000,0x000000076f000000)
 ParOldGen       total 44032K, used 8216K [0x00000006c0000000, 0x00000006c2b00000, 0x000000076ab00000)
  object space 44032K, 18% used [0x00000006c0000000,0x00000006c0806188,0x00000006c2b00000)
 Metaspace       used 6265K, capacity 7090K, committed 7296K, reserved 1056768K
  class space    used 601K, capacity 618K, committed 640K, reserved 1048576K
Event: 17.955 GC heap after
Heap after GC invocations=4 (full 0):
 PSYoungGen      total 68096K, used 2544K [0x000000076ab00000, 0x000000076f000000, 0x00000007c0000000)
  eden space 65536K, 0% used [0x000000076ab00000,0x000000076ab00000,0x000000076eb00000)
  from space 2560K, 99% used [0x000000076ed80000,0x000000076effc010,0x000000076f000000)
  to   space 2560K, 0% used [0x000000076eb00000,0x000000076eb00000,0x000000076ed80000)
 ParOldGen       total 44032K, used 13499K [0x00000006c0000000, 0x00000006c2b00000, 0x000000076ab00000)
  object space 44032K, 30% used [0x00000006c0000000,0x00000006c0d2edc8,0x00000006c2b00000)
 Metaspace       used 6265K, capacity 7090K, committed 7296K, reserved 1056768K
  class space    used 601K, capacity 618K, committed 640K, reserved 1048576K
}
Event: 23.065 GC heap before
{Heap before GC invocations=5 (full 0):
 PSYoungGen      total 68096K, used 68080K [0x000000076ab00000, 0x000000076f000000, 0x00000007c0000000)
  eden space 65536K, 100% used [0x000000076ab00000,0x000000076eb00000,0x000000076eb00000)
  from space 2560K, 99% used [0x000000076ed80000,0x000000076effc010,0x000000076f000000)
  to   space 2560K, 0% used [0x000000076eb00000,0x000000076eb00000,0x000000076ed80000)
 ParOldGen       total 44032K, used 13499K [0x00000006c0000000, 0x00000006c2b00000, 0x000000076ab00000)
  object space 44032K, 30% used [0x00000006c0000000,0x00000006c0d2edc8,0x00000006c2b00000)
 Metaspace       used 6324K, capacity 7154K, committed 7296K, reserved 1056768K
  class space    used 601K, capacity 618K, committed 640K, reserved 1048576K
Event: 26.048 GC heap after
Heap after GC invocations=5 (full 0):
 PSYoungGen      total 68096K, used 2550K [0x000000076ab00000, 0x0000000774600000, 0x00000007c0000000)
  eden space 65536K, 0% used [0x000000076ab00000,0x000000076ab00000,0x000000076eb00000)
  from space 2560K, 99% used [0x000000076eb00000,0x000000076ed7daf8,0x000000076ed80000)
  to   space 13824K, 0% used [0x0000000773880000,0x0000000773880000,0x0000000774600000)
 ParOldGen       total 44032K, used 24471K [0x00000006c0000000, 0x00000006c2b00000, 0x000000076ab00000)
  object space 44032K, 55% used [0x00000006c0000000,0x00000006c17e5e78,0x00000006c2b00000)
 Metaspace       used 6324K, capacity 7154K, committed 7296K, reserved 1056768K
  class space    used 601K, capacity 618K, committed 640K, reserved 1048576K
}

Deoptimization events (10 events):
Event: 13.161 Thread 0x000000001dd9e800 Uncommon trap: reason=bimorphic action=maybe_recompile pc=0x0000000003121acc method=com.android.dx.cf.code.RopperMachine.run(Lcom/android/dx/cf/code/Frame;II)V @ 310
Event: 14.141 Thread 0x000000001ddac800 Uncommon trap: reason=unstable_if action=reinterpret pc=0x0000000003141c40 method=com.android.dx.ssa.InterferenceRegisterMapper.interferes(III)Z @ 69
Event: 15.949 Thread 0x000000001ddb9800 Uncommon trap: reason=bimorphic action=maybe_recompile pc=0x0000000003121acc method=com.android.dx.cf.code.RopperMachine.run(Lcom/android/dx/cf/code/Frame;II)V @ 310
Event: 15.950 Thread 0x000000001ddb9800 Uncommon trap: reason=bimorphic action=maybe_recompile pc=0x0000000003121acc method=com.android.dx.cf.code.RopperMachine.run(Lcom/android/dx/cf/code/Frame;II)V @ 310
Event: 16.662 Thread 0x000000001dd9e800 Uncommon trap: reason=bimorphic action=maybe_recompile pc=0x0000000002d362e0 method=java.util.HashMap.getNode(ILjava/lang/Object;)Ljava/util/HashMap$Node; @ 126
Event: 18.205 Thread 0x000000000283e000 Uncommon trap: reason=unstable_if action=reinterpret pc=0x000000000303d558 method=com.android.dx.ssa.MoveParamCombiner$1.visitNonMoveInsn(Lcom/android/dx/ssa/NormalSsaInsn;)V @ 27
Event: 21.285 Thread 0x000000001ddb8800 Uncommon trap: reason=uninitialized action=reinterpret pc=0x00000000030802cc method=com.android.dx.cf.code.BytecodeArray.parseInstruction(ILcom/android/dx/cf/code/BytecodeArray$Visitor;)I @ 1047
Event: 21.299 Thread 0x000000001ddb8800 Uncommon trap: reason=bimorphic action=maybe_recompile pc=0x0000000002fa31fc method=java.util.HashMap.getNode(ILjava/lang/Object;)Ljava/util/HashMap$Node; @ 126
Event: 22.503 Thread 0x000000001ddb8800 Uncommon trap: reason=class_check action=maybe_recompile pc=0x0000000002f2fe00 method=java.util.HashMap.putVal(ILjava/lang/Object;Ljava/lang/Object;ZZ)Ljava/lang/Object; @ 203
Event: 22.646 Thread 0x000000001dd9e800 Uncommon trap: reason=unstable_if action=reinterpret pc=0x00000000031f5014 method=com.android.dx.cf.code.Merger.mergeType(Lcom/android/dx/rop/type/TypeBearer;Lcom/android/dx/rop/type/TypeBearer;)Lcom/android/dx/rop/type/TypeBearer; @ 52

Internal exceptions (3 events):
Event: 1.826 Thread 0x000000000283e000 Exception <a 'java/lang/NoSuchMethodError': Method sun.misc.Unsafe.defineClass(Ljava/lang/String;[BII)Ljava/lang/Class; name or signature does not match> (0x000000076ab07cc0) thrown at [C:\re\workspace\8-2-build-windows-amd64-cygwin\jdk8u91\7017\hotspot\srR
Event: 1.826 Thread 0x000000000283e000 Exception <a 'java/lang/NoSuchMethodError': Method sun.misc.Unsafe.prefetchRead(Ljava/lang/Object;J)V name or signature does not match> (0x000000076ab07fa8) thrown at [C:\re\workspace\8-2-build-windows-amd64-cygwin\jdk8u91\7017\hotspot\src\share\vm\prims\jàý‡ƒ‡l%@
Event: 10.712 Thread 0x000000001ddb9800 Implicit null exception at 0x0000000002e90822 to 0x0000000002e9091a

Events (10 events):
Event: 22.537 Thread 0x000000001ddb8800 DEOPT UNPACKING pc=0x0000000002b4582a sp=0x000000001e52e2a8 mode 2
Event: 22.623 Thread 0x000000001ddac800 DEOPT PACKING pc=0x0000000002ee84e1 sp=0x000000001e42e990
Event: 22.623 Thread 0x000000001ddac800 DEOPT UNPACKING pc=0x0000000002b4787f sp=0x000000001e42e7c0 mode 0
Event: 22.646 Thread 0x000000001dd9e800 Uncommon trap: trap_request=0xffffff65 fr.pc=0x00000000031f5014
Event: 22.646 Thread 0x000000001dd9e800 DEOPT PACKING pc=0x00000000031f5014 sp=0x000000001e22e250
Event: 22.646 Thread 0x000000001dd9e800 DEOPT UNPACKING pc=0x0000000002b4582a sp=0x000000001e22e1e0 mode 2
Event: 22.689 Executing VM operation: ParallelGCFailedAllocation
Event: 26.049 Executing VM operation: ParallelGCFailedAllocation done
Event: 26.389 Thread 0x000000001dd9e800 DEOPT PACKING pc=0x0000000002ee83d5 sp=0x000000001e22e660
Event: 26.389 Thread 0x000000001dd9e800 DEOPT UNPACKING pc=0x0000000002b4787f sp=0x000000001e22e490 mode 0


Dynamic libraries:
0x00007ff7cee60000 - 0x00007ff7cee97000 	C:\Program Files\Java\jdk1.8.0_91\bin\java.exe
0x00007ff8c0570000 - 0x00007ff8c0741000 	C:\WINDOWS\SYSTEM32\ntdll.dll
0x00007ff8be1c0000 - 0x00007ff8be26c000 	C:\WINDOWS\System32\KERNEL32.DLL
0x00007ff8a2af0000 - 0x00007ff8a2b23000 	C:\Program Files\AVAST Software\Avast\x64\aswhooka.dll
0x00007ff8bcac0000 - 0x00007ff8bccdd000 	C:\WINDOWS\System32\KERNELBASE.dll
0x00007ff8be0f0000 - 0x00007ff8be192000 	C:\WINDOWS\System32\ADVAPI32.dll
0x00007ff8c00a0000 - 0x00007ff8c013e000 	C:\WINDOWS\System32\msvcrt.dll
0x00007ff8bfc00000 - 0x00007ff8bfc59000 	C:\WINDOWS\System32\sechost.dll
0x00007ff8bde40000 - 0x00007ff8bdf61000 	C:\WINDOWS\System32\RPCRT4.dll
0x00007ff8bf9c0000 - 0x00007ff8bfb25000 	C:\WINDOWS\System32\USER32.dll
0x00007ff8bdae0000 - 0x00007ff8bdafe000 	C:\WINDOWS\System32\win32u.dll
0x00007ff8bdb00000 - 0x00007ff8bdb34000 	C:\WINDOWS\System32\GDI32.dll
0x00007ff8bd5e0000 - 0x00007ff8bd762000 	C:\WINDOWS\System32\gdi32full.dll
0x00007ff8b25d0000 - 0x00007ff8b284a000 	C:\WINDOWS\WinSxS\amd64_microsoft.windows.common-controls_6595b64144ccf1df_6.0.14393.953_none_42151e83c686086b\COMCTL32.dll
0x00007ff8bfdd0000 - 0x00007ff8c0098000 	C:\WINDOWS\System32\combase.dll
0x00007ff8bcce0000 - 0x00007ff8bcdd5000 	C:\WINDOWS\System32\ucrtbase.dll
0x00007ff8bd570000 - 0x00007ff8bd5da000 	C:\WINDOWS\System32\bcryptPrimitives.dll
0x00007ff8bfda0000 - 0x00007ff8bfdce000 	C:\WINDOWS\System32\IMM32.DLL
0x0000000077eb0000 - 0x0000000077f82000 	C:\Program Files\Java\jdk1.8.0_91\jre\bin\msvcr100.dll
0x0000000050330000 - 0x0000000050bc3000 	C:\Program Files\Java\jdk1.8.0_91\jre\bin\server\jvm.dll
0x00007ff8bfbf0000 - 0x00007ff8bfbf8000 	C:\WINDOWS\System32\PSAPI.DLL
0x00007ff8b29c0000 - 0x00007ff8b29c9000 	C:\WINDOWS\SYSTEM32\WSOCK32.dll
0x00007ff8bf950000 - 0x00007ff8bf9ba000 	C:\WINDOWS\System32\WS2_32.dll
0x00007ff8ba910000 - 0x00007ff8ba933000 	C:\WINDOWS\SYSTEM32\WINMM.dll
0x00007ff8ae2d0000 - 0x00007ff8ae2da000 	C:\WINDOWS\SYSTEM32\VERSION.dll
0x00007ff8ba8b0000 - 0x00007ff8ba8db000 	C:\WINDOWS\SYSTEM32\WINMMBASE.dll
0x00007ff8bd9f0000 - 0x00007ff8bda32000 	C:\WINDOWS\System32\cfgmgr32.dll
0x0000000050320000 - 0x000000005032f000 	C:\Program Files\Java\jdk1.8.0_91\jre\bin\verify.dll
0x00000000502f0000 - 0x0000000050319000 	C:\Program Files\Java\jdk1.8.0_91\jre\bin\java.dll
0x00000000502d0000 - 0x00000000502e6000 	C:\Program Files\Java\jdk1.8.0_91\jre\bin\zip.dll
0x00007ff8be3e0000 - 0x00007ff8bf8e8000 	C:\WINDOWS\System32\SHELL32.dll
0x00007ff8bcde0000 - 0x00007ff8bd4ba000 	C:\WINDOWS\System32\windows.storage.dll
0x00007ff8bca00000 - 0x00007ff8bca4c000 	C:\WINDOWS\System32\powrprof.dll
0x00007ff8be030000 - 0x00007ff8be082000 	C:\WINDOWS\System32\shlwapi.dll
0x00007ff8bc9d0000 - 0x00007ff8bc9df000 	C:\WINDOWS\System32\kernel.appcore.dll
0x00007ff8bd4c0000 - 0x00007ff8bd569000 	C:\WINDOWS\System32\shcore.dll
0x00007ff8bc9e0000 - 0x00007ff8bc9f4000 	C:\WINDOWS\System32\profapi.dll

VM Arguments:
jvm_args: -Djava.awt.headless=true -Xmx4g -Dfile.encoding=windows-1252 -Duser.country=MX -Duser.language=es -Duser.variant 
java_command: com.android.dx.command.Main --dex --force-jumbo --num-threads=4 --multi-dex --output C:\Users\mm\Documents\ProjectExperts\app\build\intermediates\transforms\dex\debug\folders\1000\10\com.google.android.gms-play-services-base-10.2.4_d9c0486d5c04c289b56718148e4b892d8d287306 C:\Users\mm\Documents\ProjectExperts\app\build\intermediates\exploded-aar\com.google.android.gms\play-services-base\10.2.4\jars\classes.jar
java_class_path (initial): C:\Users\mm\AppData\Local\Android\sdk\build-tools\24.0.3\lib\dx.jar
Launcher Type: SUN_STANDARD

Environment Variables:
JAVA_HOME=C:\Program Files\Java\jdk1.8.0_91
PATH=C:\ProgramData\Oracle\Java\javapath;C:\Program Files (x86)\Intel\iCLS Client\;C:\Program Files\Intel\iCLS Client\;C:\WINDOWS\system32;C:\WINDOWS;C:\WINDOWS\System32\Wbem;C:\WINDOWS\System32\WindowsPowerShell\v1.0\;C:\Program Files (x86)\Windows Live\Shared;C:\Program Files\Intel\Intel(R) Management Engine Components\DAL;C:\Program Files\Intel\Intel(R) Management Engine Components\IPT;C:\Program Files (x86)\Intel\Intel(R) Management Engine Components\DAL;C:\Program Files (x86)\Intel\Intel(R) Management Engine Components\IPT;C:\Program Files (x86)\Intel\OpenCL SDK\2.0\bin\x86;C:\Program Files (x86)\Intel\OpenCL SDK\2.0\bin\x64;C:\Program Files\Intel\WiFi\bin\;C:\Program Files\Common Files\Intel\WirelessCommon\;c:\Program Files (x86)\Microsoft SQL Server\100\Tools\Binn\VSShell\Common7\IDE\;c:\Program Files (x86)\Microsoft SQL Server\100\Tools\Binn\;c:\Program Files (x86)\Microsoft SQL Server\100\DTS\Binn\;C:\Program Files\Microsoft SQL Server\110\Tools\Binn\;C:\Program Files (x86)\Microsoft SDKs\TypeScript\1.0\;C:\Program Files\Microsoft SQL Server\120\Tools\Binn\;C:\MinGW\bin;C:\xampp\php;C:\ProgramData\ComposerSetup\bin;C:\WINDOWS\system32\config\systemprofile\.dnx\bin;C:\Program Files\Microsoft DNX\Dnvm\;C:\Program Files\Microsoft SQL Server\130\Tools\Binn\;C:\Program Files (x86)\Windows Kits\10\Windows Performance Toolkit\;C:\Program Files (x86)\nodejs\;C:\Program Files\Git\cmd;C:\Program Files\Microsoft\Web Platform Installer\;C:\Program Files (x86)\Skype\Phone\;C:\Users\mm\AppData\Roaming\Composer\vendor\binC:\Program Files (x86)\Java\jdk1.8.0_45;C:\Users\mm\AppData\Local\Microsoft\WindowsApps;C:\Users\mm\AppData\Roaming\npm
USERNAME=mm
OS=Windows_NT
PROCESSOR_IDENTIFIER=Intel64 Family 6 Model 58 Stepping 9, GenuineIntel



---------------  S Y S T E M  ---------------

OS: Windows 10.0 , 64 bit Build 14393 (10.0.14393.1198)

CPU:total 4 (2 cores per cpu, 2 threads per core) family 6 model 58 stepping 9, cmov, cx8, fxsr, mmx, sse, sse2, sse3, ssse3, sse4.1, sse4.2, popcnt, avx, clmul, erms, ht, tsc, tscinvbit, tscinv

Memory: 4k page, physical 4081596k(432492k free), swap 8177596k(394328k free)

vm_info: Java HotSpot(TM) 64-Bit Server VM (25.91-b15) for windows-amd64 JRE (1.8.0_91-b15), built on May 20 2016 17:43:15 by "java_re" with MS VC++ 10.0 (VS2010)

time: Mon Jun 05 13:16:02 2017
elapsed time: 26 seconds (0d 0h 0m 26s)

