#
# There is insufficient memory for the Java Runtime Environment to continue.
# Native memory allocation (malloc) failed to allocate 410176 bytes for Chunk::new
# Possible reasons:
#   The system is out of physical RAM or swap space
#   In 32 bit mode, the process size limit was hit
# Possible solutions:
#   Reduce memory load on the system
#   Increase physical memory or swap space
#   Check if swap backing store is full
#   Use 64 bit Java on a 64 bit OS
#   Decrease Java heap size (-Xmx/-Xms)
#   Decrease number of Java threads
#   Decrease Java thread stack sizes (-Xss)
#   Set larger code cache with -XX:ReservedCodeCacheSize=
# This output file may be truncated or incomplete.
#
#  Out of Memory Error (allocation.cpp:390), pid=1132, tid=10800
#
# JRE version: Java(TM) SE Runtime Environment (8.0_91-b15) (build 1.8.0_91-b15)
# Java VM: Java HotSpot(TM) 64-Bit Server VM (25.91-b15 mixed mode windows-amd64 compressed oops)
# Failed to write core dump. Minidumps are not enabled by default on client versions of Windows
#

---------------  T H R E A D  ---------------

Current thread (0x000000001c08f000):  JavaThread "C2 CompilerThread0" daemon [_thread_in_native, id=10800, stack(0x000000001d6f0000,0x000000001d7f0000)]

Stack: [0x000000001d6f0000,0x000000001d7f0000]
[error occurred during error reporting (printing stack bounds), id 0xc0000005]

Native frames: (J=compiled Java code, j=interpreted, Vv=VM code, C=native code)


Current CompileTask:
C2:   7437 1359       4       com.android.dx.ssa.LocalVariableExtractor::processBlock (383 bytes)


---------------  P R O C E S S  ---------------

Java Threads: ( => current thread )
  0x000000001d99c800 JavaThread "pool-2-thread-4" [_thread_blocked, id=3136, stack(0x000000001e3f0000,0x000000001e4f0000)]
  0x000000001d99b800 JavaThread "pool-2-thread-3" [_thread_blocked, id=10988, stack(0x000000001e2f0000,0x000000001e3f0000)]
  0x000000001d99b000 JavaThread "pool-2-thread-2" [_thread_in_Java, id=6440, stack(0x000000001e1f0000,0x000000001e2f0000)]
  0x000000001d998000 JavaThread "pool-3-thread-1" [_thread_blocked, id=9912, stack(0x000000001e0f0000,0x000000001e1f0000)]
  0x000000001d990800 JavaThread "pool-2-thread-1" [_thread_in_Java, id=11060, stack(0x000000001dff0000,0x000000001e0f0000)]
  0x000000001d7f7000 JavaThread "Service Thread" daemon [_thread_blocked, id=10424, stack(0x000000001ddf0000,0x000000001def0000)]
  0x000000001c0ee000 JavaThread "C1 CompilerThread2" daemon [_thread_blocked, id=300, stack(0x000000001dcf0000,0x000000001ddf0000)]
  0x000000001c0ed800 JavaThread "C2 CompilerThread1" daemon [_thread_in_native, id=6176, stack(0x000000001dbf0000,0x000000001dcf0000)]
=>0x000000001c08f000 JavaThread "C2 CompilerThread0" daemon [_thread_in_native, id=10800, stack(0x000000001d6f0000,0x000000001d7f0000)]
  0x000000001c08d800 JavaThread "Attach Listener" daemon [_thread_blocked, id=9416, stack(0x000000001d5f0000,0x000000001d6f0000)]
  0x000000001c08c800 JavaThread "Signal Dispatcher" daemon [_thread_blocked, id=5692, stack(0x000000001d4f0000,0x000000001d5f0000)]
  0x000000001c07a800 JavaThread "Finalizer" daemon [_thread_blocked, id=8124, stack(0x000000001d2e0000,0x000000001d3e0000)]
  0x00000000029b2800 JavaThread "Reference Handler" daemon [_thread_blocked, id=11180, stack(0x000000001d1e0000,0x000000001d2e0000)]
  0x0000000000f1e000 JavaThread "main" [_thread_in_Java, id=10500, stack(0x00000000026c0000,0x00000000027c0000)]

Other Threads:
  0x000000001c059800 VMThread [stack: 0x000000001d0e0000,0x000000001d1e0000] [id=9528]
  0x000000001d7ff800 WatcherThread [stack: 0x000000001def0000,0x000000001dff0000] [id=2508]

VM state:not at safepoint (normal execution)

VM Mutex/Monitor currently owned by a thread: None

Heap:
 PSYoungGen      total 35328K, used 23920K [0x000000076ab00000, 0x000000076d000000, 0x00000007c0000000)
  eden space 32768K, 65% used [0x000000076ab00000,0x000000076bfe4090,0x000000076cb00000)
  from space 2560K, 98% used [0x000000076cd80000,0x000000076cff8018,0x000000076d000000)
  to   space 2560K, 0% used [0x000000076cb00000,0x000000076cb00000,0x000000076cd80000)
 ParOldGen       total 44032K, used 4354K [0x00000006c0000000, 0x00000006c2b00000, 0x000000076ab00000)
  object space 44032K, 9% used [0x00000006c0000000,0x00000006c0440948,0x00000006c2b00000)
 Metaspace       used 6089K, capacity 7026K, committed 7296K, reserved 1056768K
  class space    used 596K, capacity 618K, committed 640K, reserved 1048576K

Card table byte_map: [0x0000000011d80000,0x0000000012590000] byte_map_base: 0x000000000e780000

Marking Bits: (ParMarkBitMap*) 0x0000000050b42f70
 Begin Bits: [0x0000000012ef0000, 0x0000000016ef0000)
 End Bits:   [0x0000000016ef0000, 0x000000001aef0000)

Polling page: 0x0000000000ed0000

CodeCache: size=245760Kb used=6094Kb max_used=6094Kb free=239665Kb
 bounds [0x00000000029c0000, 0x0000000002fc0000, 0x00000000119c0000]
 total_blobs=1683 nmethods=1415 adapters=181
 compilation: enabled

Compilation events (10 events):
Event: 7.227 Thread 0x000000001c0ee000 nmethod 1358 0x0000000002f6a2d0 code [0x0000000002f6a500, 0x0000000002f6b528]
Event: 7.228 Thread 0x000000001c08f000 1359       4       com.android.dx.ssa.LocalVariableExtractor::processBlock (383 bytes)
Event: 7.232 Thread 0x000000001c0ed800 nmethod 1357 0x0000000002f68610 code [0x0000000002f68780, 0x0000000002f68b78]
Event: 7.234 Thread 0x000000001c0ed800 1360       4       com.android.dx.ssa.back.FirstFitLocalCombiningAllocator$1::visitNonMoveInsn (6 bytes)
Event: 7.254 Thread 0x000000001c0ed800 nmethod 1360 0x0000000002f74b90 code [0x0000000002f74d20, 0x0000000002f75408]
Event: 7.254 Thread 0x000000001c0ed800 1363       4       java.lang.Object::equals (11 bytes)
Event: 7.255 Thread 0x000000001c0ed800 nmethod 1363 0x0000000002eb4810 code [0x0000000002eb4940, 0x0000000002eb49b8]
Event: 7.255 Thread 0x000000001c0ed800 1364       4       com.android.dx.rop.code.PlainInsn::withNewRegisters (18 bytes)
Event: 7.258 Thread 0x000000001c0ed800 nmethod 1364 0x0000000002f75ed0 code [0x0000000002f76020, 0x0000000002f761f8]
Event: 7.258 Thread 0x000000001c0ed800 1362       4       com.android.dx.ssa.LocalVariableInfo::mergeStarts (59 bytes)

GC Heap History (4 events):
Event: 3.764 GC heap before
{Heap before GC invocations=1 (full 0):
 PSYoungGen      total 18944K, used 16384K [0x000000076ab00000, 0x000000076c000000, 0x00000007c0000000)
  eden space 16384K, 100% used [0x000000076ab00000,0x000000076bb00000,0x000000076bb00000)
  from space 2560K, 0% used [0x000000076bd80000,0x000000076bd80000,0x000000076c000000)
  to   space 2560K, 0% used [0x000000076bb00000,0x000000076bb00000,0x000000076bd80000)
 ParOldGen       total 44032K, used 0K [0x00000006c0000000, 0x00000006c2b00000, 0x000000076ab00000)
  object space 44032K, 0% used [0x00000006c0000000,0x00000006c0000000,0x00000006c2b00000)
 Metaspace       used 5753K, capacity 6704K, committed 6784K, reserved 1056768K
  class space    used 592K, capacity 616K, committed 640K, reserved 1048576K
Event: 4.032 GC heap after
Heap after GC invocations=1 (full 0):
 PSYoungGen      total 18944K, used 2538K [0x000000076ab00000, 0x000000076d000000, 0x00000007c0000000)
  eden space 16384K, 0% used [0x000000076ab00000,0x000000076ab00000,0x000000076bb00000)
  from space 2560K, 99% used [0x000000076bb00000,0x000000076bd7aaa8,0x000000076bd80000)
  to   space 2560K, 0% used [0x000000076cd80000,0x000000076cd80000,0x000000076d000000)
 ParOldGen       total 44032K, used 1679K [0x00000006c0000000, 0x00000006c2b00000, 0x000000076ab00000)
  object space 44032K, 3% used [0x00000006c0000000,0x00000006c01a3e40,0x00000006c2b00000)
 Metaspace       used 5753K, capacity 6704K, committed 6784K, reserved 1056768K
  class space    used 592K, capacity 616K, committed 640K, reserved 1048576K
}
Event: 5.761 GC heap before
{Heap before GC invocations=2 (full 0):
 PSYoungGen      total 18944K, used 18922K [0x000000076ab00000, 0x000000076d000000, 0x00000007c0000000)
  eden space 16384K, 100% used [0x000000076ab00000,0x000000076bb00000,0x000000076bb00000)
  from space 2560K, 99% used [0x000000076bb00000,0x000000076bd7aaa8,0x000000076bd80000)
  to   space 2560K, 0% used [0x000000076cd80000,0x000000076cd80000,0x000000076d000000)
 ParOldGen       total 44032K, used 1679K [0x00000006c0000000, 0x00000006c2b00000, 0x000000076ab00000)
  object space 44032K, 3% used [0x00000006c0000000,0x00000006c01a3e40,0x00000006c2b00000)
 Metaspace       used 6005K, capacity 6960K, committed 7040K, reserved 1056768K
  class space    used 594K, capacity 616K, committed 640K, reserved 1048576K
Event: 6.195 GC heap after
Heap after GC invocations=2 (full 0):
 PSYoungGen      total 35328K, used 2528K [0x000000076ab00000, 0x000000076d000000, 0x00000007c0000000)
  eden space 32768K, 0% used [0x000000076ab00000,0x000000076ab00000,0x000000076cb00000)
  from space 2560K, 98% used [0x000000076cd80000,0x000000076cff8018,0x000000076d000000)
  to   space 2560K, 0% used [0x000000076cb00000,0x000000076cb00000,0x000000076cd80000)
 ParOldGen       total 44032K, used 4354K [0x00000006c0000000, 0x00000006c2b00000, 0x000000076ab00000)
  object space 44032K, 9% used [0x00000006c0000000,0x00000006c0440948,0x00000006c2b00000)
 Metaspace       used 6005K, capacity 6960K, committed 7040K, reserved 1056768K
  class space    used 594K, capacity 616K, committed 640K, reserved 1048576K
}

Deoptimization events (10 events):
Event: 4.770 Thread 0x000000001d99b000 Uncommon trap: reason=unstable_if action=reinterpret pc=0x0000000002bd7b74 method=java.util.BitSet.nextSetBit(I)I @ 87
Event: 4.866 Thread 0x000000001d99b000 Uncommon trap: reason=unstable_if action=reinterpret pc=0x0000000002e43e30 method=java.util.BitSet.nextSetBit(I)I @ 87
Event: 6.225 Thread 0x000000001d99b000 Uncommon trap: reason=unstable_if action=reinterpret pc=0x0000000002c542b8 method=java.util.BitSet.ensureCapacity(I)V @ 6
Event: 6.236 Thread 0x0000000000f1e000 Uncommon trap: reason=unloaded action=reinterpret pc=0x0000000002e8d134 method=com.android.dx.cf.cst.ConstantPoolParser.parse0(ILjava/util/BitSet;)Lcom/android/dx/rop/cst/Constant; @ 220
Event: 6.337 Thread 0x0000000000f1e000 Uncommon trap: reason=unstable_if action=reinterpret pc=0x0000000002f0261c method=com.android.dx.cf.code.BytecodeArray.parseInstruction(ILcom/android/dx/cf/code/BytecodeArray$Visitor;)I @ 1198
Event: 6.469 Thread 0x000000001d99b800 Uncommon trap: reason=class_check action=maybe_recompile pc=0x0000000002c7a02c method=com.android.dx.ssa.NormalSsaInsn.accept(Lcom/android/dx/ssa/SsaInsn$Visitor;)V @ 9
Event: 6.469 Thread 0x000000001d99b800 Uncommon trap: reason=class_check action=maybe_recompile pc=0x0000000002c5320c method=com.android.dx.ssa.NormalSsaInsn.accept(Lcom/android/dx/ssa/SsaInsn$Visitor;)V @ 9
Event: 6.469 Thread 0x000000001d99b800 Uncommon trap: reason=class_check action=maybe_recompile pc=0x0000000002c5320c method=com.android.dx.ssa.NormalSsaInsn.accept(Lcom/android/dx/ssa/SsaInsn$Visitor;)V @ 9
Event: 6.469 Thread 0x000000001d99b800 Uncommon trap: reason=class_check action=maybe_recompile pc=0x0000000002c5320c method=com.android.dx.ssa.NormalSsaInsn.accept(Lcom/android/dx/ssa/SsaInsn$Visitor;)V @ 9
Event: 6.471 Thread 0x000000001d99b800 Uncommon trap: reason=class_check action=maybe_recompile pc=0x0000000002c7a02c method=com.android.dx.ssa.NormalSsaInsn.accept(Lcom/android/dx/ssa/SsaInsn$Visitor;)V @ 9

Internal exceptions (2 events):
Event: 0.746 Thread 0x0000000000f1e000 Exception <a 'java/lang/NoSuchMethodError': Method sun.misc.Unsafe.defineClass(Ljava/lang/String;[BII)Ljava/lang/Class; name or signature does not match> (0x000000076ab07cc0) thrown at [C:\re\workspace\8-2-build-windows-amd64-cygwin\jdk8u91\7017\hotspot\sr‹93NBâç?
Event: 0.746 Thread 0x0000000000f1e000 Exception <a 'java/lang/NoSuchMethodError': Method sun.misc.Unsafe.prefetchRead(Ljava/lang/Object;J)V name or signature does not match> (0x000000076ab07fa8) thrown at [C:\re\workspace\8-2-build-windows-amd64-cygwin\jdk8u91\7017\hotspot\src\share\vm\prims\j

Events (10 events):
Event: 6.469 Thread 0x000000001d99b800 DEOPT UNPACKING pc=0x0000000002a0582a sp=0x000000001e3eeaf0 mode 2
Event: 6.469 Thread 0x000000001d99b800 Uncommon trap: trap_request=0xffffffde fr.pc=0x0000000002c5320c
Event: 6.469 Thread 0x000000001d99b800 DEOPT PACKING pc=0x0000000002c5320c sp=0x000000001e3eeb30
Event: 6.469 Thread 0x000000001d99b800 DEOPT UNPACKING pc=0x0000000002a0582a sp=0x000000001e3eeaf0 mode 2
Event: 6.469 Thread 0x000000001d99b800 Uncommon trap: trap_request=0xffffffde fr.pc=0x0000000002c5320c
Event: 6.469 Thread 0x000000001d99b800 DEOPT PACKING pc=0x0000000002c5320c sp=0x000000001e3eeb30
Event: 6.469 Thread 0x000000001d99b800 DEOPT UNPACKING pc=0x0000000002a0582a sp=0x000000001e3eeaf0 mode 2
Event: 6.471 Thread 0x000000001d99b800 Uncommon trap: trap_request=0xffffffde fr.pc=0x0000000002c7a02c
Event: 6.471 Thread 0x000000001d99b800 DEOPT PACKING pc=0x0000000002c7a02c sp=0x000000001e3eeb20
Event: 6.471 Thread 0x000000001d99b800 DEOPT UNPACKING pc=0x0000000002a0582a sp=0x000000001e3eea70 mode 2


Dynamic libraries:
0x00007ff7cee60000 - 0x00007ff7cee97000 	C:\Program Files\Java\jdk1.8.0_91\bin\java.exe
0x00007ff8c0570000 - 0x00007ff8c0741000 	C:\WINDOWS\SYSTEM32\ntdll.dll
0x00007ff8be1c0000 - 0x00007ff8be26c000 	C:\WINDOWS\System32\KERNEL32.DLL
0x00007ff8a2af0000 - 0x00007ff8a2b23000 	C:\Program Files\AVAST Software\Avast\x64\aswhooka.dll
0x00007ff8bcac0000 - 0x00007ff8bccdd000 	C:\WINDOWS\System32\KERNELBASE.dll
0x00007ff8be0f0000 - 0x00007ff8be192000 	C:\WINDOWS\System32\ADVAPI32.dll
0x00007ff8c00a0000 - 0x00007ff8c013e000 	C:\WINDOWS\System32\msvcrt.dll
0x00007ff8bfc00000 - 0x00007ff8bfc59000 	C:\WINDOWS\System32\sechost.dll
0x00007ff8bde40000 - 0x00007ff8bdf61000 	C:\WINDOWS\System32\RPCRT4.dll
0x00007ff8bf9c0000 - 0x00007ff8bfb25000 	C:\WINDOWS\System32\USER32.dll
0x00007ff8bdae0000 - 0x00007ff8bdafe000 	C:\WINDOWS\System32\win32u.dll
0x00007ff8bdb00000 - 0x00007ff8bdb34000 	C:\WINDOWS\System32\GDI32.dll
0x00007ff8bd5e0000 - 0x00007ff8bd762000 	C:\WINDOWS\System32\gdi32full.dll
0x00007ff8b25d0000 - 0x00007ff8b284a000 	C:\WINDOWS\WinSxS\amd64_microsoft.windows.common-controls_6595b64144ccf1df_6.0.14393.953_none_42151e83c686086b\COMCTL32.dll
0x00007ff8bfdd0000 - 0x00007ff8c0098000 	C:\WINDOWS\System32\combase.dll
0x00007ff8bcce0000 - 0x00007ff8bcdd5000 	C:\WINDOWS\System32\ucrtbase.dll
0x00007ff8bd570000 - 0x00007ff8bd5da000 	C:\WINDOWS\System32\bcryptPrimitives.dll
0x00007ff8bfda0000 - 0x00007ff8bfdce000 	C:\WINDOWS\System32\IMM32.DLL
0x0000000077eb0000 - 0x0000000077f82000 	C:\Program Files\Java\jdk1.8.0_91\jre\bin\msvcr100.dll
0x0000000050330000 - 0x0000000050bc3000 	C:\Program Files\Java\jdk1.8.0_91\jre\bin\server\jvm.dll
0x00007ff8bfbf0000 - 0x00007ff8bfbf8000 	C:\WINDOWS\System32\PSAPI.DLL
0x00007ff8b29c0000 - 0x00007ff8b29c9000 	C:\WINDOWS\SYSTEM32\WSOCK32.dll
0x00007ff8bf950000 - 0x00007ff8bf9ba000 	C:\WINDOWS\System32\WS2_32.dll
0x00007ff8ba910000 - 0x00007ff8ba933000 	C:\WINDOWS\SYSTEM32\WINMM.dll
0x00007ff8ae2d0000 - 0x00007ff8ae2da000 	C:\WINDOWS\SYSTEM32\VERSION.dll
0x00007ff8ba8b0000 - 0x00007ff8ba8db000 	C:\WINDOWS\SYSTEM32\WINMMBASE.dll
0x00007ff8bd9f0000 - 0x00007ff8bda32000 	C:\WINDOWS\System32\cfgmgr32.dll
0x0000000050320000 - 0x000000005032f000 	C:\Program Files\Java\jdk1.8.0_91\jre\bin\verify.dll
0x00000000502f0000 - 0x0000000050319000 	C:\Program Files\Java\jdk1.8.0_91\jre\bin\java.dll
0x00000000502d0000 - 0x00000000502e6000 	C:\Program Files\Java\jdk1.8.0_91\jre\bin\zip.dll
0x00007ff8be3e0000 - 0x00007ff8bf8e8000 	C:\WINDOWS\System32\SHELL32.dll
0x00007ff8bcde0000 - 0x00007ff8bd4ba000 	C:\WINDOWS\System32\windows.storage.dll
0x00007ff8bca00000 - 0x00007ff8bca4c000 	C:\WINDOWS\System32\powrprof.dll
0x00007ff8be030000 - 0x00007ff8be082000 	C:\WINDOWS\System32\shlwapi.dll
0x00007ff8bc9d0000 - 0x00007ff8bc9df000 	C:\WINDOWS\System32\kernel.appcore.dll
0x00007ff8bd4c0000 - 0x00007ff8bd569000 	C:\WINDOWS\System32\shcore.dll
0x00007ff8bc9e0000 - 0x00007ff8bc9f4000 	C:\WINDOWS\System32\profapi.dll

VM Arguments:
jvm_args: -Djava.awt.headless=true -Xmx4g -Dfile.encoding=windows-1252 -Duser.country=MX -Duser.language=es -Duser.variant 
java_command: com.android.dx.command.Main --dex --force-jumbo --num-threads=4 --multi-dex --output C:\Users\mm\Documents\ProjectExperts\app\build\intermediates\transforms\dex\debug\folders\1000\10\com.google.android.gms-play-services-plus-10.2.4_2d85e306ba5457697178fbe00d9c0d8cee311a59 C:\Users\mm\Documents\ProjectExperts\app\build\intermediates\exploded-aar\com.google.android.gms\play-services-plus\10.2.4\jars\classes.jar
java_class_path (initial): C:\Users\mm\AppData\Local\Android\sdk\build-tools\24.0.3\lib\dx.jar
Launcher Type: SUN_STANDARD

Environment Variables:
JAVA_HOME=C:\Program Files\Java\jdk1.8.0_91
PATH=C:\ProgramData\Oracle\Java\javapath;C:\Program Files (x86)\Intel\iCLS Client\;C:\Program Files\Intel\iCLS Client\;C:\WINDOWS\system32;C:\WINDOWS;C:\WINDOWS\System32\Wbem;C:\WINDOWS\System32\WindowsPowerShell\v1.0\;C:\Program Files (x86)\Windows Live\Shared;C:\Program Files\Intel\Intel(R) Management Engine Components\DAL;C:\Program Files\Intel\Intel(R) Management Engine Components\IPT;C:\Program Files (x86)\Intel\Intel(R) Management Engine Components\DAL;C:\Program Files (x86)\Intel\Intel(R) Management Engine Components\IPT;C:\Program Files (x86)\Intel\OpenCL SDK\2.0\bin\x86;C:\Program Files (x86)\Intel\OpenCL SDK\2.0\bin\x64;C:\Program Files\Intel\WiFi\bin\;C:\Program Files\Common Files\Intel\WirelessCommon\;c:\Program Files (x86)\Microsoft SQL Server\100\Tools\Binn\VSShell\Common7\IDE\;c:\Program Files (x86)\Microsoft SQL Server\100\Tools\Binn\;c:\Program Files (x86)\Microsoft SQL Server\100\DTS\Binn\;C:\Program Files\Microsoft SQL Server\110\Tools\Binn\;C:\Program Files (x86)\Microsoft SDKs\TypeScript\1.0\;C:\Program Files\Microsoft SQL Server\120\Tools\Binn\;C:\MinGW\bin;C:\xampp\php;C:\ProgramData\ComposerSetup\bin;C:\WINDOWS\system32\config\systemprofile\.dnx\bin;C:\Program Files\Microsoft DNX\Dnvm\;C:\Program Files\Microsoft SQL Server\130\Tools\Binn\;C:\Program Files (x86)\Windows Kits\10\Windows Performance Toolkit\;C:\Program Files (x86)\nodejs\;C:\Program Files\Git\cmd;C:\Program Files\Microsoft\Web Platform Installer\;C:\Program Files (x86)\Skype\Phone\;C:\Users\mm\AppData\Roaming\Composer\vendor\binC:\Program Files (x86)\Java\jdk1.8.0_45;C:\Users\mm\AppData\Local\Microsoft\WindowsApps;C:\Users\mm\AppData\Roaming\npm
USERNAME=mm
OS=Windows_NT
PROCESSOR_IDENTIFIER=Intel64 Family 6 Model 58 Stepping 9, GenuineIntel



---------------  S Y S T E M  ---------------

OS: Windows 10.0 , 64 bit Build 14393 (10.0.14393.1198)

CPU:total 4 (2 cores per cpu, 2 threads per core) family 6 model 58 stepping 9, cmov, cx8, fxsr, mmx, sse, sse2, sse3, ssse3, sse4.1, sse4.2, popcnt, avx, clmul, erms, ht, tsc, tscinvbit, tscinv

Memory: 4k page, physical 4081596k(124332k free), swap 8177596k(4424k free)

vm_info: Java HotSpot(TM) 64-Bit Server VM (25.91-b15) for windows-amd64 JRE (1.8.0_91-b15), built on May 20 2016 17:43:15 by "java_re" with MS VC++ 10.0 (VS2010)

time: Mon Jun 05 12:24:13 2017
elapsed time: 7 seconds (0d 0h 0m 7s)

