#
# There is insufficient memory for the Java Runtime Environment to continue.
# Native memory allocation (malloc) failed to allocate 769456 bytes for Chunk::new
# Possible reasons:
#   The system is out of physical RAM or swap space
#   In 32 bit mode, the process size limit was hit
# Possible solutions:
#   Reduce memory load on the system
#   Increase physical memory or swap space
#   Check if swap backing store is full
#   Use 64 bit Java on a 64 bit OS
#   Decrease Java heap size (-Xmx/-Xms)
#   Decrease number of Java threads
#   Decrease Java thread stack sizes (-Xss)
#   Set larger code cache with -XX:ReservedCodeCacheSize=
# This output file may be truncated or incomplete.
#
#  Out of Memory Error (allocation.cpp:390), pid=10108, tid=9672
#
# JRE version: Java(TM) SE Runtime Environment (8.0_91-b15) (build 1.8.0_91-b15)
# Java VM: Java HotSpot(TM) 64-Bit Server VM (25.91-b15 mixed mode windows-amd64 compressed oops)
# Failed to write core dump. Minidumps are not enabled by default on client versions of Windows
#

---------------  T H R E A D  ---------------

Current thread (0x000000001bc12800):  JavaThread "C2 CompilerThread1" daemon [_thread_in_native, id=9672, stack(0x000000001d370000,0x000000001d470000)]

Stack: [0x000000001d370000,0x000000001d470000]
[error occurred during error reporting (printing stack bounds), id 0xc0000005]

Native frames: (J=compiled Java code, j=interpreted, Vv=VM code, C=native code)


Current CompileTask:
C2:   9802 1327       4       com.android.dx.ssa.SCCP::simulateBranch (666 bytes)


---------------  P R O C E S S  ---------------

Java Threads: ( => current thread )
  0x000000001d6ee800 JavaThread "pool-2-thread-4" [_thread_in_Java, id=10412, stack(0x000000001df70000,0x000000001e070000)]
  0x000000001d6ed800 JavaThread "pool-2-thread-3" [_thread_in_Java, id=6836, stack(0x000000001de70000,0x000000001df70000)]
  0x000000001d6ec800 JavaThread "pool-2-thread-2" [_thread_in_vm, id=9560, stack(0x000000001dd70000,0x000000001de70000)]
  0x000000001d77b800 JavaThread "pool-3-thread-1" [_thread_blocked, id=9348, stack(0x000000001dc70000,0x000000001dd70000)]
  0x000000001d77b000 JavaThread "pool-2-thread-1" [_thread_in_Java, id=11152, stack(0x000000001db70000,0x000000001dc70000)]
  0x000000001bc6c000 JavaThread "Service Thread" daemon [_thread_blocked, id=6268, stack(0x000000001d970000,0x000000001da70000)]
  0x000000001d480800 JavaThread "C1 CompilerThread2" daemon [_thread_blocked, id=9620, stack(0x000000001d870000,0x000000001d970000)]
=>0x000000001bc12800 JavaThread "C2 CompilerThread1" daemon [_thread_in_native, id=9672, stack(0x000000001d370000,0x000000001d470000)]
  0x000000001bc0d800 JavaThread "C2 CompilerThread0" daemon [_thread_in_native, id=5324, stack(0x000000001d270000,0x000000001d370000)]
  0x000000001bc0b800 JavaThread "Attach Listener" daemon [_thread_blocked, id=10940, stack(0x000000001d170000,0x000000001d270000)]
  0x000000001bc0a000 JavaThread "Signal Dispatcher" daemon [_thread_blocked, id=7860, stack(0x000000001d070000,0x000000001d170000)]
  0x000000001bbfa000 JavaThread "Finalizer" daemon [_thread_blocked, id=9572, stack(0x000000001ce60000,0x000000001cf60000)]
  0x000000001bbd9000 JavaThread "Reference Handler" daemon [_thread_blocked, id=2020, stack(0x000000001cd60000,0x000000001ce60000)]
  0x000000000243d800 JavaThread "main" [_thread_in_Java, id=6764, stack(0x0000000002280000,0x0000000002380000)]

Other Threads:
  0x000000001bbd7800 VMThread [stack: 0x000000001cc60000,0x000000001cd60000] [id=6112]
  0x000000001d49b000 WatcherThread [stack: 0x000000001da70000,0x000000001db70000] [id=9040]

VM state:not at safepoint (normal execution)

VM Mutex/Monitor currently owned by a thread: None

Heap:
 PSYoungGen      total 18944K, used 13547K [0x000000076ab00000, 0x000000076d000000, 0x00000007c0000000)
  eden space 16384K, 67% used [0x000000076ab00000,0x000000076b5bc570,0x000000076bb00000)
  from space 2560K, 99% used [0x000000076bd80000,0x000000076bffea68,0x000000076c000000)
  to   space 2560K, 0% used [0x000000076bb00000,0x000000076bb00000,0x000000076bd80000)
 ParOldGen       total 44032K, used 2265K [0x00000006c0000000, 0x00000006c2b00000, 0x000000076ab00000)
  object space 44032K, 5% used [0x00000006c0000000,0x00000006c0236480,0x00000006c2b00000)
 Metaspace       used 6075K, capacity 6962K, committed 7040K, reserved 1056768K
  class space    used 605K, capacity 618K, committed 640K, reserved 1048576K

Card table byte_map: [0x0000000011900000,0x0000000012110000] byte_map_base: 0x000000000e300000

Marking Bits: (ParMarkBitMap*) 0x0000000050b42f70
 Begin Bits: [0x0000000012a70000, 0x0000000016a70000)
 End Bits:   [0x0000000016a70000, 0x000000001aa70000)

Polling page: 0x00000000021c0000

CodeCache: size=245760Kb used=5288Kb max_used=5298Kb free=240471Kb
 bounds [0x0000000002540000, 0x0000000002a80000, 0x0000000011540000]
 total_blobs=1594 nmethods=1325 adapters=182
 compilation: enabled

Compilation events (10 events):
Event: 9.424 Thread 0x000000001d480800 1323       3       com.android.dx.rop.cst.CstBaseMethodRef::<init> (31 bytes)
Event: 9.424 Thread 0x000000001d480800 nmethod 1323 0x0000000002a5ff10 code [0x0000000002a60080, 0x0000000002a60458]
Event: 9.424 Thread 0x000000001d480800 1325       3       java.util.TreeMap::rotateRight (96 bytes)
Event: 9.425 Thread 0x000000001d480800 nmethod 1325 0x0000000002a6f550 code [0x0000000002a6f6c0, 0x0000000002a6fa50]
Event: 9.425 Thread 0x000000001bc0d800 1326       4       com.android.dx.ssa.SsaMethod$2::visitNonMoveInsn (6 bytes)
Event: 9.426 Thread 0x000000001bc0d800 nmethod 1326 0x0000000002a61510 code [0x0000000002a61660, 0x0000000002a616e8]
Event: 9.679 Thread 0x000000001bc12800 1327       4       com.android.dx.ssa.SCCP::simulateBranch (666 bytes)
Event: 9.681 Thread 0x000000001d480800 1328       3       com.android.dx.rop.cst.TypedConstant::getBasicType (8 bytes)
Event: 9.682 Thread 0x000000001d480800 nmethod 1328 0x0000000002a72310 code [0x0000000002a72480, 0x0000000002a72728]
Event: 9.683 Thread 0x000000001bc0d800 1329       4       com.android.dx.ssa.back.FirstFitLocalCombiningAllocator$1::processInsn (169 bytes)

GC Heap History (4 events):
Event: 2.590 GC heap before
{Heap before GC invocations=1 (full 0):
 PSYoungGen      total 18944K, used 16384K [0x000000076ab00000, 0x000000076c000000, 0x00000007c0000000)
  eden space 16384K, 100% used [0x000000076ab00000,0x000000076bb00000,0x000000076bb00000)
  from space 2560K, 0% used [0x000000076bd80000,0x000000076bd80000,0x000000076c000000)
  to   space 2560K, 0% used [0x000000076bb00000,0x000000076bb00000,0x000000076bd80000)
 ParOldGen       total 44032K, used 0K [0x00000006c0000000, 0x00000006c2b00000, 0x000000076ab00000)
  object space 44032K, 0% used [0x00000006c0000000,0x00000006c0000000,0x00000006c2b00000)
 Metaspace       used 3635K, capacity 4784K, committed 5120K, reserved 1056768K
  class space    used 398K, capacity 424K, committed 512K, reserved 1048576K
Event: 2.593 GC heap after
Heap after GC invocations=1 (full 0):
 PSYoungGen      total 18944K, used 1172K [0x000000076ab00000, 0x000000076c000000, 0x00000007c0000000)
  eden space 16384K, 0% used [0x000000076ab00000,0x000000076ab00000,0x000000076bb00000)
  from space 2560K, 45% used [0x000000076bb00000,0x000000076bc25230,0x000000076bd80000)
  to   space 2560K, 0% used [0x000000076bd80000,0x000000076bd80000,0x000000076c000000)
 ParOldGen       total 44032K, used 8K [0x00000006c0000000, 0x00000006c2b00000, 0x000000076ab00000)
  object space 44032K, 0% used [0x00000006c0000000,0x00000006c0002000,0x00000006c2b00000)
 Metaspace       used 3635K, capacity 4784K, committed 5120K, reserved 1056768K
  class space    used 398K, capacity 424K, committed 512K, reserved 1048576K
}
Event: 7.216 GC heap before
{Heap before GC invocations=2 (full 0):
 PSYoungGen      total 18944K, used 17556K [0x000000076ab00000, 0x000000076c000000, 0x00000007c0000000)
  eden space 16384K, 100% used [0x000000076ab00000,0x000000076bb00000,0x000000076bb00000)
  from space 2560K, 45% used [0x000000076bb00000,0x000000076bc25230,0x000000076bd80000)
  to   space 2560K, 0% used [0x000000076bd80000,0x000000076bd80000,0x000000076c000000)
 ParOldGen       total 44032K, used 8K [0x00000006c0000000, 0x00000006c2b00000, 0x000000076ab00000)
  object space 44032K, 0% used [0x00000006c0000000,0x00000006c0002000,0x00000006c2b00000)
 Metaspace       used 5904K, capacity 6832K, committed 7040K, reserved 1056768K
  class space    used 603K, capacity 616K, committed 640K, reserved 1048576K
Event: 7.877 GC heap after
Heap after GC invocations=2 (full 0):
 PSYoungGen      total 18944K, used 2554K [0x000000076ab00000, 0x000000076d000000, 0x00000007c0000000)
  eden space 16384K, 0% used [0x000000076ab00000,0x000000076ab00000,0x000000076bb00000)
  from space 2560K, 99% used [0x000000076bd80000,0x000000076bffea68,0x000000076c000000)
  to   space 2560K, 0% used [0x000000076bb00000,0x000000076bb00000,0x000000076bd80000)
 ParOldGen       total 44032K, used 2265K [0x00000006c0000000, 0x00000006c2b00000, 0x000000076ab00000)
  object space 44032K, 5% used [0x00000006c0000000,0x00000006c0236480,0x00000006c2b00000)
 Metaspace       used 5904K, capacity 6832K, committed 7040K, reserved 1056768K
  class space    used 603K, capacity 616K, committed 640K, reserved 1048576K
}

Deoptimization events (10 events):
Event: 6.089 Thread 0x000000001d6ee800 Uncommon trap: reason=unstable_if action=reinterpret pc=0x000000000275801c method=java.util.HashMap.getNode(ILjava/lang/Object;)Ljava/util/HashMap$Node; @ 62
Event: 6.961 Thread 0x000000000243d800 Uncommon trap: reason=unstable_if action=reinterpret pc=0x0000000002774734 method=java.util.BitSet.nextSetBit(I)I @ 87
Event: 7.971 Thread 0x000000001d6ee800 Uncommon trap: reason=unstable_if action=reinterpret pc=0x000000000294daf8 method=com.android.dx.cf.code.Ropper.labelToResultIndex(I)I @ 34
Event: 7.971 Thread 0x000000001d6ee800 Uncommon trap: reason=class_check action=maybe_recompile pc=0x000000000286e528 method=com.android.dx.rop.type.Type.equals(Ljava/lang/Object;)Z @ 8
Event: 7.971 Thread 0x000000001d6ee800 Uncommon trap: reason=class_check action=maybe_recompile pc=0x000000000286e528 method=com.android.dx.rop.type.Type.equals(Ljava/lang/Object;)Z @ 8
Event: 7.971 Thread 0x000000001d6ee800 Uncommon trap: reason=class_check action=maybe_recompile pc=0x000000000286e528 method=com.android.dx.rop.type.Type.equals(Ljava/lang/Object;)Z @ 8
Event: 7.975 Thread 0x000000001d6ee800 Uncommon trap: reason=class_check action=maybe_recompile pc=0x000000000286e528 method=com.android.dx.rop.type.Type.equals(Ljava/lang/Object;)Z @ 8
Event: 7.984 Thread 0x000000001d6ee800 Uncommon trap: reason=class_check action=maybe_recompile pc=0x000000000280edb0 method=com.android.dx.rop.type.Type.equals(Ljava/lang/Object;)Z @ 8
Event: 8.025 Thread 0x000000001d6ee800 Uncommon trap: reason=class_check action=maybe_recompile pc=0x0000000002820e78 method=com.android.dx.rop.type.Type.equals(Ljava/lang/Object;)Z @ 8
Event: 8.025 Thread 0x000000001d6ee800 Uncommon trap: reason=class_check action=maybe_recompile pc=0x00000000029078d4 method=com.android.dx.rop.type.Type.equals(Ljava/lang/Object;)Z @ 8

Internal exceptions (2 events):
Event: 0.080 Thread 0x000000000243d800 Exception <a 'java/lang/NoSuchMethodError': Method sun.misc.Unsafe.defineClass(Ljava/lang/String;[BII)Ljava/lang/Class; name or signature does not match> (0x000000076ab07cc0) thrown at [C:\re\workspace\8-2-build-windows-amd64-cygwin\jdk8u91\7017\hotspot\sr\P¼ùw´?
Event: 0.080 Thread 0x000000000243d800 Exception <a 'java/lang/NoSuchMethodError': Method sun.misc.Unsafe.prefetchRead(Ljava/lang/Object;J)V name or signature does not match> (0x000000076ab07fa8) thrown at [C:\re\workspace\8-2-build-windows-amd64-cygwin\jdk8u91\7017\hotspot\src\share\vm\prims\j

Events (10 events):
Event: 7.975 Thread 0x000000001d6ee800 DEOPT UNPACKING pc=0x000000000258582a sp=0x000000001e06e4f8 mode 2
Event: 7.984 Thread 0x000000001d6ee800 Uncommon trap: trap_request=0xffffffde fr.pc=0x000000000280edb0
Event: 7.984 Thread 0x000000001d6ee800 DEOPT PACKING pc=0x000000000280edb0 sp=0x000000001e06de00
Event: 8.025 Thread 0x000000001d6ee800 DEOPT UNPACKING pc=0x000000000258582a sp=0x000000001e06db88 mode 2
Event: 8.025 Thread 0x000000001d6ee800 Uncommon trap: trap_request=0xffffffde fr.pc=0x0000000002820e78
Event: 8.025 Thread 0x000000001d6ee800 DEOPT PACKING pc=0x0000000002820e78 sp=0x000000001e06dbe0
Event: 8.025 Thread 0x000000001d6ee800 DEOPT UNPACKING pc=0x000000000258582a sp=0x000000001e06d9d8 mode 2
Event: 8.025 Thread 0x000000001d6ee800 Uncommon trap: trap_request=0xffffffde fr.pc=0x00000000029078d4
Event: 8.025 Thread 0x000000001d6ee800 DEOPT PACKING pc=0x00000000029078d4 sp=0x000000001e06dac0
Event: 8.025 Thread 0x000000001d6ee800 DEOPT UNPACKING pc=0x000000000258582a sp=0x000000001e06d930 mode 2


Dynamic libraries:
0x00007ff7cee60000 - 0x00007ff7cee97000 	C:\Program Files\Java\jdk1.8.0_91\bin\java.exe
0x00007ff8c0570000 - 0x00007ff8c0741000 	C:\WINDOWS\SYSTEM32\ntdll.dll
0x00007ff8be1c0000 - 0x00007ff8be26c000 	C:\WINDOWS\System32\KERNEL32.DLL
0x00007ff8a2af0000 - 0x00007ff8a2b23000 	C:\Program Files\AVAST Software\Avast\x64\aswhooka.dll
0x00007ff8bcac0000 - 0x00007ff8bccdd000 	C:\WINDOWS\System32\KERNELBASE.dll
0x00007ff8be0f0000 - 0x00007ff8be192000 	C:\WINDOWS\System32\ADVAPI32.dll
0x00007ff8c00a0000 - 0x00007ff8c013e000 	C:\WINDOWS\System32\msvcrt.dll
0x00007ff8bfc00000 - 0x00007ff8bfc59000 	C:\WINDOWS\System32\sechost.dll
0x00007ff8bde40000 - 0x00007ff8bdf61000 	C:\WINDOWS\System32\RPCRT4.dll
0x00007ff8bf9c0000 - 0x00007ff8bfb25000 	C:\WINDOWS\System32\USER32.dll
0x00007ff8bdae0000 - 0x00007ff8bdafe000 	C:\WINDOWS\System32\win32u.dll
0x00007ff8bdb00000 - 0x00007ff8bdb34000 	C:\WINDOWS\System32\GDI32.dll
0x00007ff8bd5e0000 - 0x00007ff8bd762000 	C:\WINDOWS\System32\gdi32full.dll
0x00007ff8b25d0000 - 0x00007ff8b284a000 	C:\WINDOWS\WinSxS\amd64_microsoft.windows.common-controls_6595b64144ccf1df_6.0.14393.953_none_42151e83c686086b\COMCTL32.dll
0x00007ff8bfdd0000 - 0x00007ff8c0098000 	C:\WINDOWS\System32\combase.dll
0x00007ff8bcce0000 - 0x00007ff8bcdd5000 	C:\WINDOWS\System32\ucrtbase.dll
0x00007ff8bd570000 - 0x00007ff8bd5da000 	C:\WINDOWS\System32\bcryptPrimitives.dll
0x00007ff8bfda0000 - 0x00007ff8bfdce000 	C:\WINDOWS\System32\IMM32.DLL
0x0000000077eb0000 - 0x0000000077f82000 	C:\Program Files\Java\jdk1.8.0_91\jre\bin\msvcr100.dll
0x0000000050330000 - 0x0000000050bc3000 	C:\Program Files\Java\jdk1.8.0_91\jre\bin\server\jvm.dll
0x00007ff8bfbf0000 - 0x00007ff8bfbf8000 	C:\WINDOWS\System32\PSAPI.DLL
0x00007ff8b29c0000 - 0x00007ff8b29c9000 	C:\WINDOWS\SYSTEM32\WSOCK32.dll
0x00007ff8bf950000 - 0x00007ff8bf9ba000 	C:\WINDOWS\System32\WS2_32.dll
0x00007ff8ba910000 - 0x00007ff8ba933000 	C:\WINDOWS\SYSTEM32\WINMM.dll
0x00007ff8ae2d0000 - 0x00007ff8ae2da000 	C:\WINDOWS\SYSTEM32\VERSION.dll
0x00007ff8ba8b0000 - 0x00007ff8ba8db000 	C:\WINDOWS\SYSTEM32\WINMMBASE.dll
0x00007ff8bd9f0000 - 0x00007ff8bda32000 	C:\WINDOWS\System32\cfgmgr32.dll
0x0000000050320000 - 0x000000005032f000 	C:\Program Files\Java\jdk1.8.0_91\jre\bin\verify.dll
0x00000000502f0000 - 0x0000000050319000 	C:\Program Files\Java\jdk1.8.0_91\jre\bin\java.dll
0x00000000502d0000 - 0x00000000502e6000 	C:\Program Files\Java\jdk1.8.0_91\jre\bin\zip.dll
0x00007ff8be3e0000 - 0x00007ff8bf8e8000 	C:\WINDOWS\System32\SHELL32.dll
0x00007ff8bcde0000 - 0x00007ff8bd4ba000 	C:\WINDOWS\System32\windows.storage.dll
0x00007ff8bca00000 - 0x00007ff8bca4c000 	C:\WINDOWS\System32\powrprof.dll
0x00007ff8be030000 - 0x00007ff8be082000 	C:\WINDOWS\System32\shlwapi.dll
0x00007ff8bc9d0000 - 0x00007ff8bc9df000 	C:\WINDOWS\System32\kernel.appcore.dll
0x00007ff8bd4c0000 - 0x00007ff8bd569000 	C:\WINDOWS\System32\shcore.dll
0x00007ff8bc9e0000 - 0x00007ff8bc9f4000 	C:\WINDOWS\System32\profapi.dll

VM Arguments:
jvm_args: -Djava.awt.headless=true -Xmx4g -Dfile.encoding=windows-1252 -Duser.country=MX -Duser.language=es -Duser.variant 
java_command: com.android.dx.command.Main --dex --force-jumbo --num-threads=4 --multi-dex --output C:\Users\mm\Documents\ProjectExperts\app\build\intermediates\transforms\dex\debug\folders\1000\10\com.android.support-support-v4-24.0.0_ad5ff0e6ae02732be96befca3d35cea78952ddae C:\Users\mm\Documents\ProjectExperts\app\build\intermediates\exploded-aar\com.android.support\support-v4\24.0.0\jars\classes.jar
java_class_path (initial): C:\Users\mm\AppData\Local\Android\sdk\build-tools\24.0.3\lib\dx.jar
Launcher Type: SUN_STANDARD

Environment Variables:
JAVA_HOME=C:\Program Files\Java\jdk1.8.0_91
PATH=C:\ProgramData\Oracle\Java\javapath;C:\Program Files (x86)\Intel\iCLS Client\;C:\Program Files\Intel\iCLS Client\;C:\WINDOWS\system32;C:\WINDOWS;C:\WINDOWS\System32\Wbem;C:\WINDOWS\System32\WindowsPowerShell\v1.0\;C:\Program Files (x86)\Windows Live\Shared;C:\Program Files\Intel\Intel(R) Management Engine Components\DAL;C:\Program Files\Intel\Intel(R) Management Engine Components\IPT;C:\Program Files (x86)\Intel\Intel(R) Management Engine Components\DAL;C:\Program Files (x86)\Intel\Intel(R) Management Engine Components\IPT;C:\Program Files (x86)\Intel\OpenCL SDK\2.0\bin\x86;C:\Program Files (x86)\Intel\OpenCL SDK\2.0\bin\x64;C:\Program Files\Intel\WiFi\bin\;C:\Program Files\Common Files\Intel\WirelessCommon\;c:\Program Files (x86)\Microsoft SQL Server\100\Tools\Binn\VSShell\Common7\IDE\;c:\Program Files (x86)\Microsoft SQL Server\100\Tools\Binn\;c:\Program Files (x86)\Microsoft SQL Server\100\DTS\Binn\;C:\Program Files\Microsoft SQL Server\110\Tools\Binn\;C:\Program Files (x86)\Microsoft SDKs\TypeScript\1.0\;C:\Program Files\Microsoft SQL Server\120\Tools\Binn\;C:\MinGW\bin;C:\xampp\php;C:\ProgramData\ComposerSetup\bin;C:\WINDOWS\system32\config\systemprofile\.dnx\bin;C:\Program Files\Microsoft DNX\Dnvm\;C:\Program Files\Microsoft SQL Server\130\Tools\Binn\;C:\Program Files (x86)\Windows Kits\10\Windows Performance Toolkit\;C:\Program Files (x86)\nodejs\;C:\Program Files\Git\cmd;C:\Program Files\Microsoft\Web Platform Installer\;C:\Program Files (x86)\Skype\Phone\;C:\Users\mm\AppData\Roaming\Composer\vendor\binC:\Program Files (x86)\Java\jdk1.8.0_45;C:\Users\mm\AppData\Local\Microsoft\WindowsApps;C:\Users\mm\AppData\Roaming\npm
USERNAME=mm
OS=Windows_NT
PROCESSOR_IDENTIFIER=Intel64 Family 6 Model 58 Stepping 9, GenuineIntel



---------------  S Y S T E M  ---------------

OS: Windows 10.0 , 64 bit Build 14393 (10.0.14393.1198)

CPU:total 4 (2 cores per cpu, 2 threads per core) family 6 model 58 stepping 9, cmov, cx8, fxsr, mmx, sse, sse2, sse3, ssse3, sse4.1, sse4.2, popcnt, avx, clmul, erms, ht, tsc, tscinvbit, tscinv

Memory: 4k page, physical 4081596k(287320k free), swap 8177596k(5168k free)

vm_info: Java HotSpot(TM) 64-Bit Server VM (25.91-b15) for windows-amd64 JRE (1.8.0_91-b15), built on May 20 2016 17:43:15 by "java_re" with MS VC++ 10.0 (VS2010)

time: Mon Jun 05 12:29:12 2017
elapsed time: 9 seconds (0d 0h 0m 9s)

