#
# There is insufficient memory for the Java Runtime Environment to continue.
# Native memory allocation (malloc) failed to allocate 1547376 bytes for Chunk::new
# Possible reasons:
#   The system is out of physical RAM or swap space
#   In 32 bit mode, the process size limit was hit
# Possible solutions:
#   Reduce memory load on the system
#   Increase physical memory or swap space
#   Check if swap backing store is full
#   Use 64 bit Java on a 64 bit OS
#   Decrease Java heap size (-Xmx/-Xms)
#   Decrease number of Java threads
#   Decrease Java thread stack sizes (-Xss)
#   Set larger code cache with -XX:ReservedCodeCacheSize=
# This output file may be truncated or incomplete.
#
#  Out of Memory Error (allocation.cpp:390), pid=6000, tid=7300
#
# JRE version: Java(TM) SE Runtime Environment (8.0_91-b15) (build 1.8.0_91-b15)
# Java VM: Java HotSpot(TM) 64-Bit Server VM (25.91-b15 mixed mode windows-amd64 compressed oops)
# Failed to write core dump. Minidumps are not enabled by default on client versions of Windows
#

---------------  T H R E A D  ---------------

Current thread (0x000000001bcdd800):  JavaThread "C2 CompilerThread0" daemon [_thread_in_native, id=7300, stack(0x000000001d370000,0x000000001d470000)]

Stack: [0x000000001d370000,0x000000001d470000]
[error occurred during error reporting (printing stack bounds), id 0xc0000005]

Native frames: (J=compiled Java code, j=interpreted, Vv=VM code, C=native code)


Current CompileTask:
C2:   5869 1294   !   4       com.android.dx.cf.code.BytecodeArray::parseInstruction (2764 bytes)


---------------  P R O C E S S  ---------------

Java Threads: ( => current thread )
  0x000000001d8b2000 JavaThread "pool-2-thread-4" [_thread_blocked, id=11284, stack(0x000000001e070000,0x000000001e170000)]
  0x000000001d7ec800 JavaThread "pool-2-thread-3" [_thread_blocked, id=5616, stack(0x000000001df70000,0x000000001e070000)]
  0x000000001d7eb800 JavaThread "pool-2-thread-2" [_thread_blocked, id=13000, stack(0x000000001de70000,0x000000001df70000)]
  0x000000001d7e8000 JavaThread "pool-3-thread-1" [_thread_blocked, id=10616, stack(0x000000001dd70000,0x000000001de70000)]
  0x000000001d7df000 JavaThread "pool-2-thread-1" [_thread_in_Java, id=3244, stack(0x000000001dc70000,0x000000001dd70000)]
  0x000000001bd3d800 JavaThread "Service Thread" daemon [_thread_blocked, id=6884, stack(0x000000001da70000,0x000000001db70000)]
  0x000000001d578800 JavaThread "C1 CompilerThread2" daemon [_thread_in_native, id=6284, stack(0x000000001d970000,0x000000001da70000)]
  0x000000001bd36800 JavaThread "C2 CompilerThread1" daemon [_thread_in_native, id=8448, stack(0x000000001d470000,0x000000001d570000)]
=>0x000000001bcdd800 JavaThread "C2 CompilerThread0" daemon [_thread_in_native, id=7300, stack(0x000000001d370000,0x000000001d470000)]
  0x000000001bcdc000 JavaThread "Attach Listener" daemon [_thread_blocked, id=5356, stack(0x000000001d270000,0x000000001d370000)]
  0x000000001bcdb000 JavaThread "Signal Dispatcher" daemon [_thread_blocked, id=10844, stack(0x000000001d170000,0x000000001d270000)]
  0x000000001bcca000 JavaThread "Finalizer" daemon [_thread_blocked, id=5656, stack(0x000000001cf60000,0x000000001d060000)]
  0x0000000002600000 JavaThread "Reference Handler" daemon [_thread_blocked, id=11464, stack(0x000000001ce60000,0x000000001cf60000)]
  0x0000000000b8e000 JavaThread "main" [_thread_in_vm, id=12840, stack(0x0000000002360000,0x0000000002460000)]

Other Threads:
  0x000000001bca7800 VMThread [stack: 0x000000001cd60000,0x000000001ce60000] [id=10860]
  0x000000001d57b000 WatcherThread [stack: 0x000000001db70000,0x000000001dc70000] [id=8484]

VM state:not at safepoint (normal execution)

VM Mutex/Monitor currently owned by a thread: None

Heap:
 PSYoungGen      total 35328K, used 14620K [0x000000076ab00000, 0x000000076d000000, 0x00000007c0000000)
  eden space 32768K, 36% used [0x000000076ab00000,0x000000076b6c8880,0x000000076cb00000)
  from space 2560K, 99% used [0x000000076cd80000,0x000000076cffeab8,0x000000076d000000)
  to   space 2560K, 0% used [0x000000076cb00000,0x000000076cb00000,0x000000076cd80000)
 ParOldGen       total 44032K, used 3711K [0x00000006c0000000, 0x00000006c2b00000, 0x000000076ab00000)
  object space 44032K, 8% used [0x00000006c0000000,0x00000006c039fc58,0x00000006c2b00000)
 Metaspace       used 6088K, capacity 6962K, committed 7040K, reserved 1056768K
  class space    used 597K, capacity 618K, committed 640K, reserved 1048576K

Card table byte_map: [0x00000000119d0000,0x00000000121e0000] byte_map_base: 0x000000000e3d0000

Marking Bits: (ParMarkBitMap*) 0x0000000050b12f70
 Begin Bits: [0x0000000012b40000, 0x0000000016b40000)
 End Bits:   [0x0000000016b40000, 0x000000001ab40000)

Polling page: 0x00000000009d0000

CodeCache: size=245760Kb used=5607Kb max_used=5607Kb free=240152Kb
 bounds [0x0000000002610000, 0x0000000002b90000, 0x0000000011610000]
 total_blobs=1615 nmethods=1347 adapters=181
 compilation: enabled

Compilation events (10 events):
Event: 5.860 Thread 0x000000001d578800 nmethod 1353 0x0000000002b89bd0 code [0x0000000002b89d40, 0x0000000002b89f88]
Event: 5.861 Thread 0x000000001d578800 1354       3       java.util.concurrent.ThreadPoolExecutor::isRunning (10 bytes)
Event: 5.861 Thread 0x000000001d578800 nmethod 1354 0x0000000002b8a050 code [0x0000000002b8a1a0, 0x0000000002b8a330]
Event: 5.862 Thread 0x000000001d578800 1355       3       com.android.dx.cf.code.BytecodeArray::<init> (43 bytes)
Event: 5.862 Thread 0x000000001d578800 nmethod 1355 0x0000000002b8a390 code [0x0000000002b8a520, 0x0000000002b8a8f8]
Event: 5.862 Thread 0x000000001d578800 1356       3       sun.misc.SharedSecrets::getJavaLangAccess (4 bytes)
Event: 5.862 Thread 0x000000001d578800 nmethod 1356 0x0000000002b8aa50 code [0x0000000002b8aba0, 0x0000000002b8acf0]
Event: 5.863 Thread 0x000000001d578800 1357   !   3       com.android.dx.cf.attrib.AttCode::<init> (144 bytes)
Event: 5.864 Thread 0x000000001d578800 nmethod 1357 0x0000000002b8ad50 code [0x0000000002b8af80, 0x0000000002b8ba48]
Event: 5.864 Thread 0x000000001d578800 1358       3       com.android.dx.cf.attrib.AttCode::byteLength (29 bytes)

GC Heap History (4 events):
Event: 4.231 GC heap before
{Heap before GC invocations=1 (full 0):
 PSYoungGen      total 18944K, used 16384K [0x000000076ab00000, 0x000000076c000000, 0x00000007c0000000)
  eden space 16384K, 100% used [0x000000076ab00000,0x000000076bb00000,0x000000076bb00000)
  from space 2560K, 0% used [0x000000076bd80000,0x000000076bd80000,0x000000076c000000)
  to   space 2560K, 0% used [0x000000076bb00000,0x000000076bb00000,0x000000076bd80000)
 ParOldGen       total 44032K, used 0K [0x00000006c0000000, 0x00000006c2b00000, 0x000000076ab00000)
  object space 44032K, 0% used [0x00000006c0000000,0x00000006c0000000,0x00000006c2b00000)
 Metaspace       used 5760K, capacity 6704K, committed 6784K, reserved 1056768K
  class space    used 593K, capacity 616K, committed 640K, reserved 1048576K
Event: 4.354 GC heap after
Heap after GC invocations=1 (full 0):
 PSYoungGen      total 18944K, used 2551K [0x000000076ab00000, 0x000000076d000000, 0x00000007c0000000)
  eden space 16384K, 0% used [0x000000076ab00000,0x000000076ab00000,0x000000076bb00000)
  from space 2560K, 99% used [0x000000076bb00000,0x000000076bd7dc78,0x000000076bd80000)
  to   space 2560K, 0% used [0x000000076cd80000,0x000000076cd80000,0x000000076d000000)
 ParOldGen       total 44032K, used 1615K [0x00000006c0000000, 0x00000006c2b00000, 0x000000076ab00000)
  object space 44032K, 3% used [0x00000006c0000000,0x00000006c0193e78,0x00000006c2b00000)
 Metaspace       used 5760K, capacity 6704K, committed 6784K, reserved 1056768K
  class space    used 593K, capacity 616K, committed 640K, reserved 1048576K
}
Event: 5.685 GC heap before
{Heap before GC invocations=2 (full 0):
 PSYoungGen      total 18944K, used 18935K [0x000000076ab00000, 0x000000076d000000, 0x00000007c0000000)
  eden space 16384K, 100% used [0x000000076ab00000,0x000000076bb00000,0x000000076bb00000)
  from space 2560K, 99% used [0x000000076bb00000,0x000000076bd7dc78,0x000000076bd80000)
  to   space 2560K, 0% used [0x000000076cd80000,0x000000076cd80000,0x000000076d000000)
 ParOldGen       total 44032K, used 1615K [0x00000006c0000000, 0x00000006c2b00000, 0x000000076ab00000)
  object space 44032K, 3% used [0x00000006c0000000,0x00000006c0193e78,0x00000006c2b00000)
 Metaspace       used 6003K, capacity 6898K, committed 7040K, reserved 1056768K
  class space    used 596K, capacity 618K, committed 640K, reserved 1048576K
Event: 5.699 GC heap after
Heap after GC invocations=2 (full 0):
 PSYoungGen      total 35328K, used 2554K [0x000000076ab00000, 0x000000076d000000, 0x00000007c0000000)
  eden space 32768K, 0% used [0x000000076ab00000,0x000000076ab00000,0x000000076cb00000)
  from space 2560K, 99% used [0x000000076cd80000,0x000000076cffeab8,0x000000076d000000)
  to   space 2560K, 0% used [0x000000076cb00000,0x000000076cb00000,0x000000076cd80000)
 ParOldGen       total 44032K, used 3711K [0x00000006c0000000, 0x00000006c2b00000, 0x000000076ab00000)
  object space 44032K, 8% used [0x00000006c0000000,0x00000006c039fc58,0x00000006c2b00000)
 Metaspace       used 6003K, capacity 6898K, committed 7040K, reserved 1056768K
  class space    used 596K, capacity 618K, committed 640K, reserved 1048576K
}

Deoptimization events (10 events):
Event: 4.974 Thread 0x0000000000b8e000 Uncommon trap: reason=class_check action=maybe_recompile pc=0x00000000028ae9c0 method=com.android.dx.ssa.NormalSsaInsn.accept(Lcom/android/dx/ssa/SsaInsn$Visitor;)V @ 9
Event: 4.987 Thread 0x0000000000b8e000 Uncommon trap: reason=class_check action=maybe_recompile pc=0x00000000028ba05c method=com.android.dx.ssa.NormalSsaInsn.accept(Lcom/android/dx/ssa/SsaInsn$Visitor;)V @ 9
Event: 4.987 Thread 0x0000000000b8e000 Uncommon trap: reason=class_check action=maybe_recompile pc=0x00000000028ae9c0 method=com.android.dx.ssa.NormalSsaInsn.accept(Lcom/android/dx/ssa/SsaInsn$Visitor;)V @ 9
Event: 5.122 Thread 0x0000000000b8e000 Uncommon trap: reason=class_check action=maybe_recompile pc=0x00000000028ba05c method=com.android.dx.ssa.NormalSsaInsn.accept(Lcom/android/dx/ssa/SsaInsn$Visitor;)V @ 9
Event: 5.649 Thread 0x000000001d8b2000 Uncommon trap: reason=bimorphic action=maybe_recompile pc=0x0000000002ae6c64 method=com.android.dx.cf.code.BytecodeArray.parseInstruction(ILcom/android/dx/cf/code/BytecodeArray$Visitor;)I @ 2135
Event: 5.649 Thread 0x000000001d8b2000 Uncommon trap: reason=bimorphic action=maybe_recompile pc=0x0000000002ae6c64 method=com.android.dx.cf.code.BytecodeArray.parseInstruction(ILcom/android/dx/cf/code/BytecodeArray$Visitor;)I @ 2135
Event: 5.649 Thread 0x000000001d8b2000 Uncommon trap: reason=bimorphic action=maybe_recompile pc=0x0000000002ae6c64 method=com.android.dx.cf.code.BytecodeArray.parseInstruction(ILcom/android/dx/cf/code/BytecodeArray$Visitor;)I @ 2135
Event: 5.649 Thread 0x000000001d8b2000 Uncommon trap: reason=bimorphic action=maybe_recompile pc=0x0000000002ae6c64 method=com.android.dx.cf.code.BytecodeArray.parseInstruction(ILcom/android/dx/cf/code/BytecodeArray$Visitor;)I @ 2135
Event: 5.660 Thread 0x000000001d8b2000 Uncommon trap: reason=unstable_if action=reinterpret pc=0x0000000002af8a10 method=com.android.dx.ssa.SCCP.simulateStmt(Lcom/android/dx/ssa/SsaInsn;)V @ 53
Event: 5.713 Thread 0x000000001d7eb800 Uncommon trap: reason=unstable_if action=reinterpret pc=0x0000000002a0d58c method=com.android.dx.util.IntList.binarysearch(I)I @ 105

Internal exceptions (2 events):
Event: 0.736 Thread 0x0000000000b8e000 Exception <a 'java/lang/NoSuchMethodError': Method sun.misc.Unsafe.defineClass(Ljava/lang/String;[BII)Ljava/lang/Class; name or signature does not match> (0x000000076ab07cc0) thrown at [C:\re\workspace\8-2-build-windows-amd64-cygwin\jdk8u91\7017\hotspot\srÅÂ¶UgéÁ?
Event: 0.736 Thread 0x0000000000b8e000 Exception <a 'java/lang/NoSuchMethodError': Method sun.misc.Unsafe.prefetchRead(Ljava/lang/Object;J)V name or signature does not match> (0x000000076ab07fa8) thrown at [C:\re\workspace\8-2-build-windows-amd64-cygwin\jdk8u91\7017\hotspot\src\share\vm\prims\j

Events (10 events):
Event: 5.700 Thread 0x0000000000b8e000 DEOPT UNPACKING pc=0x000000000265787f sp=0x000000000245de70 mode 0
Event: 5.713 Thread 0x000000001d7eb800 Uncommon trap: trap_request=0xffffff65 fr.pc=0x0000000002a0d58c
Event: 5.713 Thread 0x000000001d7eb800 DEOPT PACKING pc=0x0000000002a0d58c sp=0x000000001df6e880
Event: 5.713 Thread 0x000000001d7eb800 DEOPT UNPACKING pc=0x000000000265582a sp=0x000000001df6e7f8 mode 2
Event: 5.729 loading class com/android/dx/cf/attrib/AttDeprecated
Event: 5.729 loading class com/android/dx/cf/attrib/AttDeprecated done
Event: 5.752 loading class com/android/dx/cf/attrib/AttEnclosingMethod
Event: 5.752 loading class com/android/dx/cf/attrib/AttEnclosingMethod done
Event: 5.811 loading class com/android/dx/cf/attrib/AttRuntimeInvisibleAnnotations
Event: 5.811 loading class com/android/dx/cf/attrib/AttRuntimeInvisibleAnnotations done


Dynamic libraries:
0x00007ff6536a0000 - 0x00007ff6536d7000 	C:\Program Files\Java\jdk1.8.0_91\bin\java.exe
0x00007ff8c0570000 - 0x00007ff8c0741000 	C:\WINDOWS\SYSTEM32\ntdll.dll
0x00007ff8be1c0000 - 0x00007ff8be26c000 	C:\WINDOWS\System32\KERNEL32.DLL
0x00007ff8a2af0000 - 0x00007ff8a2b23000 	C:\Program Files\AVAST Software\Avast\x64\aswhooka.dll
0x00007ff8bcac0000 - 0x00007ff8bccdd000 	C:\WINDOWS\System32\KERNELBASE.dll
0x00007ff8be0f0000 - 0x00007ff8be192000 	C:\WINDOWS\System32\ADVAPI32.dll
0x00007ff8c00a0000 - 0x00007ff8c013e000 	C:\WINDOWS\System32\msvcrt.dll
0x00007ff8bfc00000 - 0x00007ff8bfc59000 	C:\WINDOWS\System32\sechost.dll
0x00007ff8bde40000 - 0x00007ff8bdf61000 	C:\WINDOWS\System32\RPCRT4.dll
0x00007ff8bf9c0000 - 0x00007ff8bfb25000 	C:\WINDOWS\System32\USER32.dll
0x00007ff8bdae0000 - 0x00007ff8bdafe000 	C:\WINDOWS\System32\win32u.dll
0x00007ff8bdb00000 - 0x00007ff8bdb34000 	C:\WINDOWS\System32\GDI32.dll
0x00007ff8bd5e0000 - 0x00007ff8bd762000 	C:\WINDOWS\System32\gdi32full.dll
0x00007ff8b25d0000 - 0x00007ff8b284a000 	C:\WINDOWS\WinSxS\amd64_microsoft.windows.common-controls_6595b64144ccf1df_6.0.14393.953_none_42151e83c686086b\COMCTL32.dll
0x00007ff8bfdd0000 - 0x00007ff8c0098000 	C:\WINDOWS\System32\combase.dll
0x00007ff8bcce0000 - 0x00007ff8bcdd5000 	C:\WINDOWS\System32\ucrtbase.dll
0x00007ff8bd570000 - 0x00007ff8bd5da000 	C:\WINDOWS\System32\bcryptPrimitives.dll
0x00007ff8bfda0000 - 0x00007ff8bfdce000 	C:\WINDOWS\System32\IMM32.DLL
0x0000000077ea0000 - 0x0000000077f72000 	C:\Program Files\Java\jdk1.8.0_91\jre\bin\msvcr100.dll
0x0000000050300000 - 0x0000000050b93000 	C:\Program Files\Java\jdk1.8.0_91\jre\bin\server\jvm.dll
0x00007ff8bfbf0000 - 0x00007ff8bfbf8000 	C:\WINDOWS\System32\PSAPI.DLL
0x00007ff8b1e70000 - 0x00007ff8b1e79000 	C:\WINDOWS\SYSTEM32\WSOCK32.dll
0x00007ff8bf950000 - 0x00007ff8bf9ba000 	C:\WINDOWS\System32\WS2_32.dll
0x00007ff8ba910000 - 0x00007ff8ba933000 	C:\WINDOWS\SYSTEM32\WINMM.dll
0x00007ff8ae2d0000 - 0x00007ff8ae2da000 	C:\WINDOWS\SYSTEM32\VERSION.dll
0x00007ff8ba8b0000 - 0x00007ff8ba8db000 	C:\WINDOWS\SYSTEM32\WINMMBASE.dll
0x00007ff8bd9f0000 - 0x00007ff8bda32000 	C:\WINDOWS\System32\cfgmgr32.dll
0x0000000051a60000 - 0x0000000051a6f000 	C:\Program Files\Java\jdk1.8.0_91\jre\bin\verify.dll
0x00000000517b0000 - 0x00000000517d9000 	C:\Program Files\Java\jdk1.8.0_91\jre\bin\java.dll
0x0000000051a40000 - 0x0000000051a56000 	C:\Program Files\Java\jdk1.8.0_91\jre\bin\zip.dll
0x00007ff8be3e0000 - 0x00007ff8bf8e8000 	C:\WINDOWS\System32\SHELL32.dll
0x00007ff8bcde0000 - 0x00007ff8bd4ba000 	C:\WINDOWS\System32\windows.storage.dll
0x00007ff8bca00000 - 0x00007ff8bca4c000 	C:\WINDOWS\System32\powrprof.dll
0x00007ff8be030000 - 0x00007ff8be082000 	C:\WINDOWS\System32\shlwapi.dll
0x00007ff8bc9d0000 - 0x00007ff8bc9df000 	C:\WINDOWS\System32\kernel.appcore.dll
0x00007ff8bd4c0000 - 0x00007ff8bd569000 	C:\WINDOWS\System32\shcore.dll
0x00007ff8bc9e0000 - 0x00007ff8bc9f4000 	C:\WINDOWS\System32\profapi.dll

VM Arguments:
jvm_args: -Djava.awt.headless=true -Xmx4g -Dfile.encoding=windows-1252 -Duser.country=MX -Duser.language=es -Duser.variant 
java_command: com.android.dx.command.Main --dex --force-jumbo --num-threads=4 --multi-dex --output C:\Users\mm\Documents\ProjectExperts\app\build\intermediates\transforms\dex\debug\folders\1000\10\com.google.android.gms-play-services-wearable-10.2.6_8d8b4fd0b4a93bf17a99b691f312afc0493767c0 C:\Users\mm\Documents\ProjectExperts\app\build\intermediates\exploded-aar\com.google.android.gms\play-services-wearable\10.2.6\jars\classes.jar
java_class_path (initial): C:\Users\mm\AppData\Local\Android\sdk\build-tools\25.0.3\lib\dx.jar
Launcher Type: SUN_STANDARD

Environment Variables:
JAVA_HOME=C:\Program Files\Java\jdk1.8.0_91
PATH=C:\ProgramData\Oracle\Java\javapath;C:\Program Files (x86)\Intel\iCLS Client\;C:\Program Files\Intel\iCLS Client\;C:\WINDOWS\system32;C:\WINDOWS;C:\WINDOWS\System32\Wbem;C:\WINDOWS\System32\WindowsPowerShell\v1.0\;C:\Program Files (x86)\Windows Live\Shared;C:\Program Files\Intel\Intel(R) Management Engine Components\DAL;C:\Program Files\Intel\Intel(R) Management Engine Components\IPT;C:\Program Files (x86)\Intel\Intel(R) Management Engine Components\DAL;C:\Program Files (x86)\Intel\Intel(R) Management Engine Components\IPT;C:\Program Files (x86)\Intel\OpenCL SDK\2.0\bin\x86;C:\Program Files (x86)\Intel\OpenCL SDK\2.0\bin\x64;C:\Program Files\Intel\WiFi\bin\;C:\Program Files\Common Files\Intel\WirelessCommon\;c:\Program Files (x86)\Microsoft SQL Server\100\Tools\Binn\VSShell\Common7\IDE\;c:\Program Files (x86)\Microsoft SQL Server\100\Tools\Binn\;c:\Program Files (x86)\Microsoft SQL Server\100\DTS\Binn\;C:\Program Files\Microsoft SQL Server\110\Tools\Binn\;C:\Program Files (x86)\Microsoft SDKs\TypeScript\1.0\;C:\Program Files\Microsoft SQL Server\120\Tools\Binn\;C:\MinGW\bin;C:\xampp\php;C:\ProgramData\ComposerSetup\bin;C:\WINDOWS\system32\config\systemprofile\.dnx\bin;C:\Program Files\Microsoft DNX\Dnvm\;C:\Program Files\Microsoft SQL Server\130\Tools\Binn\;C:\Program Files (x86)\Windows Kits\10\Windows Performance Toolkit\;C:\Program Files (x86)\nodejs\;C:\Program Files\Git\cmd;C:\Program Files\Microsoft\Web Platform Installer\;C:\Program Files (x86)\Skype\Phone\;C:\Users\mm\AppData\Roaming\Composer\vendor\binC:\Program Files (x86)\Java\jdk1.8.0_45;C:\Users\mm\AppData\Local\Microsoft\WindowsApps;C:\Users\mm\AppData\Roaming\npm
USERNAME=mm
OS=Windows_NT
PROCESSOR_IDENTIFIER=Intel64 Family 6 Model 58 Stepping 9, GenuineIntel



---------------  S Y S T E M  ---------------

OS: Windows 10.0 , 64 bit Build 14393 (10.0.14393.1198)

CPU:total 4 (2 cores per cpu, 2 threads per core) family 6 model 58 stepping 9, cmov, cx8, fxsr, mmx, sse, sse2, sse3, ssse3, sse4.1, sse4.2, popcnt, avx, clmul, erms, ht, tsc, tscinvbit, tscinv

Memory: 4k page, physical 4081596k(510384k free), swap 8177596k(5292k free)

vm_info: Java HotSpot(TM) 64-Bit Server VM (25.91-b15) for windows-amd64 JRE (1.8.0_91-b15), built on May 20 2016 17:43:15 by "java_re" with MS VC++ 10.0 (VS2010)

time: Wed Jun 07 14:53:21 2017
elapsed time: 5 seconds (0d 0h 0m 5s)

