#
# There is insufficient memory for the Java Runtime Environment to continue.
# Native memory allocation (malloc) failed to allocate 131088 bytes for Chunk::new
# Possible reasons:
#   The system is out of physical RAM or swap space
#   In 32 bit mode, the process size limit was hit
# Possible solutions:
#   Reduce memory load on the system
#   Increase physical memory or swap space
#   Check if swap backing store is full
#   Use 64 bit Java on a 64 bit OS
#   Decrease Java heap size (-Xmx/-Xms)
#   Decrease number of Java threads
#   Decrease Java thread stack sizes (-Xss)
#   Set larger code cache with -XX:ReservedCodeCacheSize=
# This output file may be truncated or incomplete.
#
#  Out of Memory Error (allocation.cpp:390), pid=6536, tid=5820
#
# JRE version: Java(TM) SE Runtime Environment (8.0_91-b15) (build 1.8.0_91-b15)
# Java VM: Java HotSpot(TM) 64-Bit Server VM (25.91-b15 mixed mode windows-amd64 compressed oops)
# Failed to write core dump. Minidumps are not enabled by default on client versions of Windows
#

---------------  T H R E A D  ---------------

Current thread (0x000000001c36c800):  JavaThread "C2 CompilerThread1" daemon [_thread_in_native, id=5820, stack(0x000000001de80000,0x000000001df80000)]

Stack: [0x000000001de80000,0x000000001df80000]
[error occurred during error reporting (printing stack bounds), id 0xc0000005]

Native frames: (J=compiled Java code, j=interpreted, Vv=VM code, C=native code)


Current CompileTask:
C2:   9913 1437       4       com.android.dx.ssa.SCCP::simulateBranch (666 bytes)


---------------  P R O C E S S  ---------------

Java Threads: ( => current thread )
  0x000000001ddfd000 JavaThread "pool-2-thread-4" [_thread_in_Java, id=10768, stack(0x000000001e680000,0x000000001e780000)]
  0x000000001ddfc800 JavaThread "pool-2-thread-3" [_thread_blocked, id=10844, stack(0x000000001e580000,0x000000001e680000)]
  0x000000001ddfb800 JavaThread "pool-2-thread-2" [_thread_blocked, id=5412, stack(0x000000001e480000,0x000000001e580000)]
  0x000000001ddf8800 JavaThread "pool-3-thread-1" [_thread_blocked, id=11092, stack(0x000000001e380000,0x000000001e480000)]
  0x000000001dcd7000 JavaThread "pool-2-thread-1" [_thread_blocked, id=8084, stack(0x000000001e280000,0x000000001e380000)]
  0x000000001da8a000 JavaThread "Service Thread" daemon [_thread_blocked, id=10276, stack(0x000000001e080000,0x000000001e180000)]
  0x000000001c36d800 JavaThread "C1 CompilerThread2" daemon [_thread_blocked, id=9632, stack(0x000000001df80000,0x000000001e080000)]
=>0x000000001c36c800 JavaThread "C2 CompilerThread1" daemon [_thread_in_native, id=5820, stack(0x000000001de80000,0x000000001df80000)]
  0x000000001c30e800 JavaThread "C2 CompilerThread0" daemon [_thread_in_native, id=10552, stack(0x000000001d980000,0x000000001da80000)]
  0x000000001c30c800 JavaThread "Attach Listener" daemon [_thread_blocked, id=6044, stack(0x000000001d880000,0x000000001d980000)]
  0x0000000002c3e800 JavaThread "Signal Dispatcher" daemon [_thread_blocked, id=9324, stack(0x000000001d780000,0x000000001d880000)]
  0x0000000002c36800 JavaThread "Finalizer" daemon [_thread_blocked, id=2136, stack(0x000000001d570000,0x000000001d670000)]
  0x0000000002c31000 JavaThread "Reference Handler" daemon [_thread_blocked, id=9624, stack(0x000000001d470000,0x000000001d570000)]
  0x0000000002b3d800 JavaThread "main" [_thread_blocked, id=6592, stack(0x00000000029d0000,0x0000000002ad0000)]

Other Threads:
  0x000000001c2d8000 VMThread [stack: 0x000000001d370000,0x000000001d470000] [id=5928]
  0x000000001da97000 WatcherThread [stack: 0x000000001e180000,0x000000001e280000] [id=6036]

VM state:not at safepoint (normal execution)

VM Mutex/Monitor currently owned by a thread: None

Heap:
 PSYoungGen      total 18944K, used 16237K [0x000000076ab00000, 0x000000076d000000, 0x00000007c0000000)
  eden space 16384K, 83% used [0x000000076ab00000,0x000000076b85cd38,0x000000076bb00000)
  from space 2560K, 99% used [0x000000076bd80000,0x000000076bffeab8,0x000000076c000000)
  to   space 2560K, 0% used [0x000000076bb00000,0x000000076bb00000,0x000000076bd80000)
 ParOldGen       total 44032K, used 3007K [0x00000006c0000000, 0x00000006c2b00000, 0x000000076ab00000)
  object space 44032K, 6% used [0x00000006c0000000,0x00000006c02efe20,0x00000006c2b00000)
 Metaspace       used 6157K, capacity 7026K, committed 7296K, reserved 1056768K
  class space    used 600K, capacity 618K, committed 640K, reserved 1048576K

Card table byte_map: [0x0000000012000000,0x0000000012810000] byte_map_base: 0x000000000ea00000

Marking Bits: (ParMarkBitMap*) 0x0000000050b42f70
 Begin Bits: [0x0000000013170000, 0x0000000017170000)
 End Bits:   [0x0000000017170000, 0x000000001b170000)

Polling page: 0x00000000011d0000

CodeCache: size=245760Kb used=5828Kb max_used=5829Kb free=239931Kb
 bounds [0x0000000002c40000, 0x0000000003200000, 0x0000000011c40000]
 total_blobs=1701 nmethods=1432 adapters=181
 compilation: enabled

Compilation events (10 events):
Event: 9.871 Thread 0x000000001c36c800 nmethod 1436 0x00000000031e3e90 code [0x00000000031e3fe0, 0x00000000031e40e8]
Event: 9.872 Thread 0x000000001c36c800 1437       4       com.android.dx.ssa.SCCP::simulateBranch (666 bytes)
Event: 9.874 Thread 0x000000001c36d800 1439       3       com.android.dx.ssa.PhiInsn::mapSourceRegisters (78 bytes)
Event: 9.875 Thread 0x000000001c36d800 nmethod 1439 0x00000000031e4790 code [0x00000000031e4980, 0x00000000031e5348]
Event: 9.877 Thread 0x000000001c36d800 1441       3       com.android.dx.ssa.back.FirstFitLocalCombiningAllocator::tryMapRegs (110 bytes)
Event: 9.878 Thread 0x000000001c36d800 nmethod 1441 0x00000000031d2450 code [0x00000000031d26a0, 0x00000000031d3458]
Event: 9.882 Thread 0x000000001c36d800 1443       3       com.android.dx.ssa.PhiInsn::updateSourcesToDefinitions (68 bytes)
Event: 9.884 Thread 0x000000001c36d800 nmethod 1443 0x00000000031d1050 code [0x00000000031d1260, 0x00000000031d1e38]
Event: 9.891 Thread 0x000000001c36d800 1444  s    3       com.android.dx.dex.file.FieldIdsSection::intern (55 bytes)
Event: 9.892 Thread 0x000000001c36d800 nmethod 1444 0x00000000031e0550 code [0x00000000031e0780, 0x00000000031e14a8]

GC Heap History (4 events):
Event: 6.338 GC heap before
{Heap before GC invocations=1 (full 0):
 PSYoungGen      total 18944K, used 16384K [0x000000076ab00000, 0x000000076c000000, 0x00000007c0000000)
  eden space 16384K, 100% used [0x000000076ab00000,0x000000076bb00000,0x000000076bb00000)
  from space 2560K, 0% used [0x000000076bd80000,0x000000076bd80000,0x000000076c000000)
  to   space 2560K, 0% used [0x000000076bb00000,0x000000076bb00000,0x000000076bd80000)
 ParOldGen       total 44032K, used 0K [0x00000006c0000000, 0x00000006c2b00000, 0x000000076ab00000)
  object space 44032K, 0% used [0x00000006c0000000,0x00000006c0000000,0x00000006c2b00000)
 Metaspace       used 5748K, capacity 6704K, committed 6784K, reserved 1056768K
  class space    used 597K, capacity 616K, committed 640K, reserved 1048576K
Event: 6.345 GC heap after
Heap after GC invocations=1 (full 0):
 PSYoungGen      total 18944K, used 2537K [0x000000076ab00000, 0x000000076c000000, 0x00000007c0000000)
  eden space 16384K, 0% used [0x000000076ab00000,0x000000076ab00000,0x000000076bb00000)
  from space 2560K, 99% used [0x000000076bb00000,0x000000076bd7a450,0x000000076bd80000)
  to   space 2560K, 0% used [0x000000076bd80000,0x000000076bd80000,0x000000076c000000)
 ParOldGen       total 44032K, used 1295K [0x00000006c0000000, 0x00000006c2b00000, 0x000000076ab00000)
  object space 44032K, 2% used [0x00000006c0000000,0x00000006c0143e20,0x00000006c2b00000)
 Metaspace       used 5748K, capacity 6704K, committed 6784K, reserved 1056768K
  class space    used 597K, capacity 616K, committed 640K, reserved 1048576K
}
Event: 7.865 GC heap before
{Heap before GC invocations=2 (full 0):
 PSYoungGen      total 18944K, used 18921K [0x000000076ab00000, 0x000000076c000000, 0x00000007c0000000)
  eden space 16384K, 100% used [0x000000076ab00000,0x000000076bb00000,0x000000076bb00000)
  from space 2560K, 99% used [0x000000076bb00000,0x000000076bd7a450,0x000000076bd80000)
  to   space 2560K, 0% used [0x000000076bd80000,0x000000076bd80000,0x000000076c000000)
 ParOldGen       total 44032K, used 1295K [0x00000006c0000000, 0x00000006c2b00000, 0x000000076ab00000)
  object space 44032K, 2% used [0x00000006c0000000,0x00000006c0143e20,0x00000006c2b00000)
 Metaspace       used 6020K, capacity 6898K, committed 7040K, reserved 1056768K
  class space    used 600K, capacity 618K, committed 640K, reserved 1048576K
Event: 8.236 GC heap after
Heap after GC invocations=2 (full 0):
 PSYoungGen      total 18944K, used 2554K [0x000000076ab00000, 0x000000076d000000, 0x00000007c0000000)
  eden space 16384K, 0% used [0x000000076ab00000,0x000000076ab00000,0x000000076bb00000)
  from space 2560K, 99% used [0x000000076bd80000,0x000000076bffeab8,0x000000076c000000)
  to   space 2560K, 0% used [0x000000076bb00000,0x000000076bb00000,0x000000076bd80000)
 ParOldGen       total 44032K, used 3007K [0x00000006c0000000, 0x00000006c2b00000, 0x000000076ab00000)
  object space 44032K, 6% used [0x00000006c0000000,0x00000006c02efe20,0x00000006c2b00000)
 Metaspace       used 6020K, capacity 6898K, committed 7040K, reserved 1056768K
  class space    used 600K, capacity 618K, committed 640K, reserved 1048576K
}

Deoptimization events (8 events):
Event: 5.631 Thread 0x0000000002b3d800 Uncommon trap: reason=unstable_if action=reinterpret pc=0x0000000002df7818 method=java.lang.String.<init>([CII)V @ 18
Event: 6.413 Thread 0x0000000002b3d800 Uncommon trap: reason=unstable_if action=reinterpret pc=0x0000000002fb0d7c method=com.android.dx.rop.code.RegisterSpec.equals(ILcom/android/dx/rop/type/TypeBearer;Lcom/android/dx/rop/code/LocalItem;)Z @ 16
Event: 6.469 Thread 0x000000001ddfb800 Uncommon trap: reason=unstable_if action=reinterpret pc=0x0000000002fd36e8 method=com.android.dx.rop.code.RegisterSpec.equals(ILcom/android/dx/rop/type/TypeBearer;Lcom/android/dx/rop/code/LocalItem;)Z @ 16
Event: 6.845 Thread 0x000000001ddfd000 Uncommon trap: reason=unstable_if action=reinterpret pc=0x0000000002e6dc74 method=java.util.HashMap.getNode(ILjava/lang/Object;)Ljava/util/HashMap$Node; @ 129
Event: 6.876 Thread 0x000000001ddfc800 Uncommon trap: reason=unstable_if action=reinterpret pc=0x0000000002eb48b8 method=java.util.BitSet.ensureCapacity(I)V @ 6
Event: 7.657 Thread 0x000000001ddfd000 Uncommon trap: reason=null_check action=make_not_entrant pc=0x0000000002fd76e8 method=com.android.dx.rop.type.Type.equals(Ljava/lang/Object;)Z @ 8
Event: 7.792 Thread 0x000000001dcd7000 Uncommon trap: reason=unstable_if action=reinterpret pc=0x0000000002ff2fa4 method=java.util.HashMap.getNode(ILjava/lang/Object;)Ljava/util/HashMap$Node; @ 129
Event: 8.683 Thread 0x000000001ddfc800 Uncommon trap: reason=unstable_if action=reinterpret pc=0x00000000030ba7cc method=com.android.dx.util.IntList.binarysearch(I)I @ 105

Internal exceptions (3 events):
Event: 0.121 Thread 0x0000000002b3d800 Exception <a 'java/lang/NoSuchMethodError': Method sun.misc.Unsafe.defineClass(Ljava/lang/String;[BII)Ljava/lang/Class; name or signature does not match> (0x000000076ab07cc0) thrown at [C:\re\workspace\8-2-build-windows-amd64-cygwin\jdk8u91\7017\hotspot\srˆuð‘µ¿?
Event: 0.121 Thread 0x0000000002b3d800 Exception <a 'java/lang/NoSuchMethodError': Method sun.misc.Unsafe.prefetchRead(Ljava/lang/Object;J)V name or signature does not match> (0x000000076ab07fa8) thrown at [C:\re\workspace\8-2-build-windows-amd64-cygwin\jdk8u91\7017\hotspot\src\share\vm\prims\jVf„8¡@
Event: 7.657 Thread 0x000000001ddfd000 Implicit null exception at 0x0000000002fd75e2 to 0x0000000002fd76da

Events (10 events):
Event: 7.792 Thread 0x000000001dcd7000 Uncommon trap: trap_request=0xffffff65 fr.pc=0x0000000002ff2fa4
Event: 7.792 Thread 0x000000001dcd7000 DEOPT PACKING pc=0x0000000002ff2fa4 sp=0x000000001e37eb90
Event: 7.792 Thread 0x000000001dcd7000 DEOPT UNPACKING pc=0x0000000002c8582a sp=0x000000001e37ea10 mode 2
Event: 7.865 Executing VM operation: ParallelGCFailedAllocation
Event: 8.237 Executing VM operation: ParallelGCFailedAllocation done
Event: 8.681 loading class com/android/dx/cf/code/BytecodeArray$ConstantParserVisitor
Event: 8.681 loading class com/android/dx/cf/code/BytecodeArray$ConstantParserVisitor done
Event: 8.682 Thread 0x000000001ddfc800 Uncommon trap: trap_request=0xffffff65 fr.pc=0x00000000030ba7cc
Event: 8.683 Thread 0x000000001ddfc800 DEOPT PACKING pc=0x00000000030ba7cc sp=0x000000001e67ed10
Event: 8.683 Thread 0x000000001ddfc800 DEOPT UNPACKING pc=0x0000000002c8582a sp=0x000000001e67ec88 mode 2


Dynamic libraries:
0x00007ff7cee60000 - 0x00007ff7cee97000 	C:\Program Files\Java\jdk1.8.0_91\bin\java.exe
0x00007ff8c0570000 - 0x00007ff8c0741000 	C:\WINDOWS\SYSTEM32\ntdll.dll
0x00007ff8be1c0000 - 0x00007ff8be26c000 	C:\WINDOWS\System32\KERNEL32.DLL
0x00007ff8a2af0000 - 0x00007ff8a2b23000 	C:\Program Files\AVAST Software\Avast\x64\aswhooka.dll
0x00007ff8bcac0000 - 0x00007ff8bccdd000 	C:\WINDOWS\System32\KERNELBASE.dll
0x00007ff8be0f0000 - 0x00007ff8be192000 	C:\WINDOWS\System32\ADVAPI32.dll
0x00007ff8c00a0000 - 0x00007ff8c013e000 	C:\WINDOWS\System32\msvcrt.dll
0x00007ff8bfc00000 - 0x00007ff8bfc59000 	C:\WINDOWS\System32\sechost.dll
0x00007ff8bde40000 - 0x00007ff8bdf61000 	C:\WINDOWS\System32\RPCRT4.dll
0x00007ff8bf9c0000 - 0x00007ff8bfb25000 	C:\WINDOWS\System32\USER32.dll
0x00007ff8bdae0000 - 0x00007ff8bdafe000 	C:\WINDOWS\System32\win32u.dll
0x00007ff8bdb00000 - 0x00007ff8bdb34000 	C:\WINDOWS\System32\GDI32.dll
0x00007ff8bd5e0000 - 0x00007ff8bd762000 	C:\WINDOWS\System32\gdi32full.dll
0x00007ff8b25d0000 - 0x00007ff8b284a000 	C:\WINDOWS\WinSxS\amd64_microsoft.windows.common-controls_6595b64144ccf1df_6.0.14393.953_none_42151e83c686086b\COMCTL32.dll
0x00007ff8bfdd0000 - 0x00007ff8c0098000 	C:\WINDOWS\System32\combase.dll
0x00007ff8bcce0000 - 0x00007ff8bcdd5000 	C:\WINDOWS\System32\ucrtbase.dll
0x00007ff8bd570000 - 0x00007ff8bd5da000 	C:\WINDOWS\System32\bcryptPrimitives.dll
0x00007ff8bfda0000 - 0x00007ff8bfdce000 	C:\WINDOWS\System32\IMM32.DLL
0x0000000077eb0000 - 0x0000000077f82000 	C:\Program Files\Java\jdk1.8.0_91\jre\bin\msvcr100.dll
0x0000000050330000 - 0x0000000050bc3000 	C:\Program Files\Java\jdk1.8.0_91\jre\bin\server\jvm.dll
0x00007ff8bfbf0000 - 0x00007ff8bfbf8000 	C:\WINDOWS\System32\PSAPI.DLL
0x00007ff8b29c0000 - 0x00007ff8b29c9000 	C:\WINDOWS\SYSTEM32\WSOCK32.dll
0x00007ff8bf950000 - 0x00007ff8bf9ba000 	C:\WINDOWS\System32\WS2_32.dll
0x00007ff8ba910000 - 0x00007ff8ba933000 	C:\WINDOWS\SYSTEM32\WINMM.dll
0x00007ff8ae2d0000 - 0x00007ff8ae2da000 	C:\WINDOWS\SYSTEM32\VERSION.dll
0x00007ff8ba8b0000 - 0x00007ff8ba8db000 	C:\WINDOWS\SYSTEM32\WINMMBASE.dll
0x00007ff8bd9f0000 - 0x00007ff8bda32000 	C:\WINDOWS\System32\cfgmgr32.dll
0x0000000050320000 - 0x000000005032f000 	C:\Program Files\Java\jdk1.8.0_91\jre\bin\verify.dll
0x00000000502f0000 - 0x0000000050319000 	C:\Program Files\Java\jdk1.8.0_91\jre\bin\java.dll
0x00000000502d0000 - 0x00000000502e6000 	C:\Program Files\Java\jdk1.8.0_91\jre\bin\zip.dll
0x00007ff8be3e0000 - 0x00007ff8bf8e8000 	C:\WINDOWS\System32\SHELL32.dll
0x00007ff8bcde0000 - 0x00007ff8bd4ba000 	C:\WINDOWS\System32\windows.storage.dll
0x00007ff8bca00000 - 0x00007ff8bca4c000 	C:\WINDOWS\System32\powrprof.dll
0x00007ff8be030000 - 0x00007ff8be082000 	C:\WINDOWS\System32\shlwapi.dll
0x00007ff8bc9d0000 - 0x00007ff8bc9df000 	C:\WINDOWS\System32\kernel.appcore.dll
0x00007ff8bd4c0000 - 0x00007ff8bd569000 	C:\WINDOWS\System32\shcore.dll
0x00007ff8bc9e0000 - 0x00007ff8bc9f4000 	C:\WINDOWS\System32\profapi.dll

VM Arguments:
jvm_args: -Djava.awt.headless=true -Xmx4g -Dfile.encoding=windows-1252 -Duser.country=MX -Duser.language=es -Duser.variant 
java_command: com.android.dx.command.Main --dex --force-jumbo --num-threads=4 --multi-dex --output C:\Users\mm\Documents\ProjectExperts\app\build\intermediates\transforms\dex\debug\folders\1000\10\com.google.android.gms-play-services-base-10.2.4_d9c0486d5c04c289b56718148e4b892d8d287306 C:\Users\mm\Documents\ProjectExperts\app\build\intermediates\exploded-aar\com.google.android.gms\play-services-base\10.2.4\jars\classes.jar
java_class_path (initial): C:\Users\mm\AppData\Local\Android\sdk\build-tools\24.0.3\lib\dx.jar
Launcher Type: SUN_STANDARD

Environment Variables:
JAVA_HOME=C:\Program Files\Java\jdk1.8.0_91
PATH=C:\ProgramData\Oracle\Java\javapath;C:\Program Files (x86)\Intel\iCLS Client\;C:\Program Files\Intel\iCLS Client\;C:\WINDOWS\system32;C:\WINDOWS;C:\WINDOWS\System32\Wbem;C:\WINDOWS\System32\WindowsPowerShell\v1.0\;C:\Program Files (x86)\Windows Live\Shared;C:\Program Files\Intel\Intel(R) Management Engine Components\DAL;C:\Program Files\Intel\Intel(R) Management Engine Components\IPT;C:\Program Files (x86)\Intel\Intel(R) Management Engine Components\DAL;C:\Program Files (x86)\Intel\Intel(R) Management Engine Components\IPT;C:\Program Files (x86)\Intel\OpenCL SDK\2.0\bin\x86;C:\Program Files (x86)\Intel\OpenCL SDK\2.0\bin\x64;C:\Program Files\Intel\WiFi\bin\;C:\Program Files\Common Files\Intel\WirelessCommon\;c:\Program Files (x86)\Microsoft SQL Server\100\Tools\Binn\VSShell\Common7\IDE\;c:\Program Files (x86)\Microsoft SQL Server\100\Tools\Binn\;c:\Program Files (x86)\Microsoft SQL Server\100\DTS\Binn\;C:\Program Files\Microsoft SQL Server\110\Tools\Binn\;C:\Program Files (x86)\Microsoft SDKs\TypeScript\1.0\;C:\Program Files\Microsoft SQL Server\120\Tools\Binn\;C:\MinGW\bin;C:\xampp\php;C:\ProgramData\ComposerSetup\bin;C:\WINDOWS\system32\config\systemprofile\.dnx\bin;C:\Program Files\Microsoft DNX\Dnvm\;C:\Program Files\Microsoft SQL Server\130\Tools\Binn\;C:\Program Files (x86)\Windows Kits\10\Windows Performance Toolkit\;C:\Program Files (x86)\nodejs\;C:\Program Files\Git\cmd;C:\Program Files\Microsoft\Web Platform Installer\;C:\Program Files (x86)\Skype\Phone\;C:\Users\mm\AppData\Roaming\Composer\vendor\binC:\Program Files (x86)\Java\jdk1.8.0_45;C:\Users\mm\AppData\Local\Microsoft\WindowsApps;C:\Users\mm\AppData\Roaming\npm
USERNAME=mm
OS=Windows_NT
PROCESSOR_IDENTIFIER=Intel64 Family 6 Model 58 Stepping 9, GenuineIntel



---------------  S Y S T E M  ---------------

OS: Windows 10.0 , 64 bit Build 14393 (10.0.14393.1198)

CPU:total 4 (2 cores per cpu, 2 threads per core) family 6 model 58 stepping 9, cmov, cx8, fxsr, mmx, sse, sse2, sse3, ssse3, sse4.1, sse4.2, popcnt, avx, clmul, erms, ht, tsc, tscinvbit, tscinv

Memory: 4k page, physical 4081596k(287676k free), swap 8177596k(5212k free)

vm_info: Java HotSpot(TM) 64-Bit Server VM (25.91-b15) for windows-amd64 JRE (1.8.0_91-b15), built on May 20 2016 17:43:15 by "java_re" with MS VC++ 10.0 (VS2010)

time: Mon Jun 05 12:29:13 2017
elapsed time: 9 seconds (0d 0h 0m 9s)

