#
# There is insufficient memory for the Java Runtime Environment to continue.
# Native memory allocation (malloc) failed to allocate 1578656 bytes for Chunk::new
# Possible reasons:
#   The system is out of physical RAM or swap space
#   In 32 bit mode, the process size limit was hit
# Possible solutions:
#   Reduce memory load on the system
#   Increase physical memory or swap space
#   Check if swap backing store is full
#   Use 64 bit Java on a 64 bit OS
#   Decrease Java heap size (-Xmx/-Xms)
#   Decrease number of Java threads
#   Decrease Java thread stack sizes (-Xss)
#   Set larger code cache with -XX:ReservedCodeCacheSize=
# This output file may be truncated or incomplete.
#
#  Out of Memory Error (allocation.cpp:390), pid=1952, tid=5300
#
# JRE version: Java(TM) SE Runtime Environment (8.0_91-b15) (build 1.8.0_91-b15)
# Java VM: Java HotSpot(TM) 64-Bit Server VM (25.91-b15 mixed mode windows-amd64 compressed oops)
# Failed to write core dump. Minidumps are not enabled by default on client versions of Windows
#

---------------  T H R E A D  ---------------

Current thread (0x000000001bdc1000):  JavaThread "C2 CompilerThread0" daemon [_thread_in_native, id=5300, stack(0x000000001d440000,0x000000001d540000)]

Stack: [0x000000001d440000,0x000000001d540000]
[error occurred during error reporting (printing stack bounds), id 0xc0000005]

Native frames: (J=compiled Java code, j=interpreted, Vv=VM code, C=native code)


Current CompileTask:
C2:  32997 1415   !   4       com.android.dx.cf.cst.ConstantPoolParser::parse0 (731 bytes)


---------------  P R O C E S S  ---------------

Java Threads: ( => current thread )
  0x000000001d918000 JavaThread "pool-2-thread-4" [_thread_blocked, id=6504, stack(0x000000001e140000,0x000000001e240000)]
  0x000000001d90f000 JavaThread "pool-2-thread-3" [_thread_in_Java, id=912, stack(0x000000001e040000,0x000000001e140000)]
  0x000000001d902000 JavaThread "pool-2-thread-2" [_thread_blocked, id=1084, stack(0x000000001df40000,0x000000001e040000)]
  0x000000001d84f000 JavaThread "pool-3-thread-1" [_thread_blocked, id=8984, stack(0x000000001de40000,0x000000001df40000)]
  0x000000001d838800 JavaThread "pool-2-thread-1" [_thread_in_Java, id=11132, stack(0x000000001dd40000,0x000000001de40000)]
  0x000000001d760800 JavaThread "Service Thread" daemon [_thread_blocked, id=300, stack(0x000000001db40000,0x000000001dc40000)]
  0x000000001bde5000 JavaThread "C1 CompilerThread2" daemon [_thread_blocked, id=10160, stack(0x000000001d640000,0x000000001d740000)]
  0x000000001bde2000 JavaThread "C2 CompilerThread1" daemon [_thread_in_native, id=10108, stack(0x000000001d540000,0x000000001d640000)]
=>0x000000001bdc1000 JavaThread "C2 CompilerThread0" daemon [_thread_in_native, id=5300, stack(0x000000001d440000,0x000000001d540000)]
  0x000000001bdbc000 JavaThread "Attach Listener" daemon [_thread_blocked, id=10720, stack(0x000000001d340000,0x000000001d440000)]
  0x000000001bdba800 JavaThread "Signal Dispatcher" daemon [_thread_blocked, id=9416, stack(0x000000001d240000,0x000000001d340000)]
  0x000000001bdaa800 JavaThread "Finalizer" daemon [_thread_blocked, id=6276, stack(0x000000001d030000,0x000000001d130000)]
  0x00000000026e0000 JavaThread "Reference Handler" daemon [_thread_blocked, id=10976, stack(0x000000001cf30000,0x000000001d030000)]
  0x000000000248d800 JavaThread "main" [_thread_blocked, id=10620, stack(0x00000000024f0000,0x00000000025f0000)]

Other Threads:
  0x000000001bd87800 VMThread [stack: 0x000000001ce30000,0x000000001cf30000] [id=5372]
  0x000000001d763800 WatcherThread [stack: 0x000000001dc40000,0x000000001dd40000] [id=7400]

VM state:not at safepoint (normal execution)

VM Mutex/Monitor currently owned by a thread: None

Heap:
 PSYoungGen      total 18944K, used 5668K [0x000000076ab00000, 0x000000076d000000, 0x00000007c0000000)
  eden space 16384K, 19% used [0x000000076ab00000,0x000000076ae0cfe0,0x000000076bb00000)
  from space 2560K, 99% used [0x000000076bb00000,0x000000076bd7c038,0x000000076bd80000)
  to   space 2560K, 0% used [0x000000076cd80000,0x000000076cd80000,0x000000076d000000)
 ParOldGen       total 44032K, used 6291K [0x00000006c0000000, 0x00000006c2b00000, 0x000000076ab00000)
  object space 44032K, 14% used [0x00000006c0000000,0x00000006c0624dc8,0x00000006c2b00000)
 Metaspace       used 6159K, capacity 7026K, committed 7296K, reserved 1056768K
  class space    used 600K, capacity 618K, committed 640K, reserved 1048576K

Card table byte_map: [0x0000000011ab0000,0x00000000122c0000] byte_map_base: 0x000000000e4b0000

Marking Bits: (ParMarkBitMap*) 0x0000000050b42f70
 Begin Bits: [0x0000000012c20000, 0x0000000016c20000)
 End Bits:   [0x0000000016c20000, 0x000000001ac20000)

Polling page: 0x0000000000c30000

CodeCache: size=245760Kb used=6178Kb max_used=6180Kb free=239581Kb
 bounds [0x00000000026f0000, 0x0000000002d00000, 0x00000000116f0000]
 total_blobs=1748 nmethods=1479 adapters=181
 compilation: enabled

Compilation events (10 events):
Event: 32.253 Thread 0x000000001bde5000 1451       3       java.util.ArrayList$SubList::get (23 bytes)
Event: 32.254 Thread 0x000000001bde5000 nmethod 1451 0x0000000002ccfed0 code [0x0000000002cd0080, 0x0000000002cd0588]
Event: 32.364 Thread 0x000000001bde2000 nmethod 1436 0x0000000002cdef90 code [0x0000000002cdf240, 0x0000000002ce15a8]
Event: 32.364 Thread 0x000000001bde2000 1437       4       com.android.dx.ssa.Dominators::compress (229 bytes)
Event: 32.403 Thread 0x000000001bde2000 nmethod 1437 0x0000000002ce3bd0 code [0x0000000002ce3d80, 0x0000000002ce4738]
Event: 32.403 Thread 0x000000001bde2000 1452       4       com.android.dx.rop.cst.CstMemberRef::compareTo0 (49 bytes)
Event: 32.407 Thread 0x000000001bde2000 nmethod 1452 0x0000000002cdb7d0 code [0x0000000002cdb920, 0x0000000002cdbc58]
Event: 32.407 Thread 0x000000001bde2000 1449       4       com.android.dx.ssa.InterferenceRegisterMapper::interferes (78 bytes)
Event: 32.416 Thread 0x000000001bde2000 nmethod 1449 0x0000000002cdca90 code [0x0000000002cdcc00, 0x0000000002cdcf68]
Event: 32.416 Thread 0x000000001bde2000 1441       4       com.android.dx.ssa.SsaConverter::needsNewSuccessor (53 bytes)

GC Heap History (4 events):
Event: 29.043 GC heap before
{Heap before GC invocations=1 (full 0):
 PSYoungGen      total 18944K, used 16384K [0x000000076ab00000, 0x000000076c000000, 0x00000007c0000000)
  eden space 16384K, 100% used [0x000000076ab00000,0x000000076bb00000,0x000000076bb00000)
  from space 2560K, 0% used [0x000000076bd80000,0x000000076bd80000,0x000000076c000000)
  to   space 2560K, 0% used [0x000000076bb00000,0x000000076bb00000,0x000000076bd80000)
 ParOldGen       total 44032K, used 0K [0x00000006c0000000, 0x00000006c2b00000, 0x000000076ab00000)
  object space 44032K, 0% used [0x00000006c0000000,0x00000006c0000000,0x00000006c2b00000)
 Metaspace       used 5822K, capacity 6768K, committed 7040K, reserved 1056768K
  class space    used 596K, capacity 616K, committed 640K, reserved 1048576K
Event: 29.255 GC heap after
Heap after GC invocations=1 (full 0):
 PSYoungGen      total 18944K, used 2554K [0x000000076ab00000, 0x000000076c000000, 0x00000007c0000000)
  eden space 16384K, 0% used [0x000000076ab00000,0x000000076ab00000,0x000000076bb00000)
  from space 2560K, 99% used [0x000000076bb00000,0x000000076bd7eab8,0x000000076bd80000)
  to   space 2560K, 0% used [0x000000076bd80000,0x000000076bd80000,0x000000076c000000)
 ParOldGen       total 44032K, used 1504K [0x00000006c0000000, 0x00000006c2b00000, 0x000000076ab00000)
  object space 44032K, 3% used [0x00000006c0000000,0x00000006c01780e8,0x00000006c2b00000)
 Metaspace       used 5822K, capacity 6768K, committed 7040K, reserved 1056768K
  class space    used 596K, capacity 616K, committed 640K, reserved 1048576K
}
Event: 31.056 GC heap before
{Heap before GC invocations=2 (full 0):
 PSYoungGen      total 18944K, used 18938K [0x000000076ab00000, 0x000000076c000000, 0x00000007c0000000)
  eden space 16384K, 100% used [0x000000076ab00000,0x000000076bb00000,0x000000076bb00000)
  from space 2560K, 99% used [0x000000076bb00000,0x000000076bd7eab8,0x000000076bd80000)
  to   space 2560K, 0% used [0x000000076bd80000,0x000000076bd80000,0x000000076c000000)
 ParOldGen       total 44032K, used 1504K [0x00000006c0000000, 0x00000006c2b00000, 0x000000076ab00000)
  object space 44032K, 3% used [0x00000006c0000000,0x00000006c01780e8,0x00000006c2b00000)
 Metaspace       used 6051K, capacity 6962K, committed 7040K, reserved 1056768K
  class space    used 600K, capacity 618K, committed 640K, reserved 1048576K
Event: 31.407 GC heap after
Heap after GC invocations=2 (full 0):
 PSYoungGen      total 18944K, used 2553K [0x000000076ab00000, 0x000000076d000000, 0x00000007c0000000)
  eden space 16384K, 0% used [0x000000076ab00000,0x000000076ab00000,0x000000076bb00000)
  from space 2560K, 99% used [0x000000076bd80000,0x000000076bffe408,0x000000076c000000)
  to   space 2560K, 0% used [0x000000076bb00000,0x000000076bb00000,0x000000076bd80000)
 ParOldGen       total 44032K, used 3802K [0x00000006c0000000, 0x00000006c2b00000, 0x000000076ab00000)
  object space 44032K, 8% used [0x00000006c0000000,0x00000006c03b68c8,0x00000006c2b00000)
 Metaspace       used 6051K, capacity 6962K, committed 7040K, reserved 1056768K
  class space    used 600K, capacity 618K, committed 640K, reserved 1048576K
}

Deoptimization events (10 events):
Event: 29.337 Thread 0x000000001d90f000 Uncommon trap: reason=class_check action=maybe_recompile pc=0x00000000029320b0 method=com.android.dx.ssa.NormalSsaInsn.accept(Lcom/android/dx/ssa/SsaInsn$Visitor;)V @ 9
Event: 29.337 Thread 0x000000001d90f000 Uncommon trap: reason=class_check action=maybe_recompile pc=0x00000000029320b0 method=com.android.dx.ssa.NormalSsaInsn.accept(Lcom/android/dx/ssa/SsaInsn$Visitor;)V @ 9
Event: 29.337 Thread 0x000000001d90f000 Uncommon trap: reason=class_check action=maybe_recompile pc=0x00000000029320b0 method=com.android.dx.ssa.NormalSsaInsn.accept(Lcom/android/dx/ssa/SsaInsn$Visitor;)V @ 9
Event: 29.338 Thread 0x000000001d90f000 Uncommon trap: reason=class_check action=maybe_recompile pc=0x0000000002980ce8 method=com.android.dx.ssa.NormalSsaInsn.accept(Lcom/android/dx/ssa/SsaInsn$Visitor;)V @ 9
Event: 30.241 Thread 0x000000001d90f000 Uncommon trap: reason=unstable_if action=reinterpret pc=0x0000000002abddcc method=com.android.dx.util.IntList.binarysearch(I)I @ 105
Event: 30.607 Thread 0x000000001d838800 Uncommon trap: reason=bimorphic action=maybe_recompile pc=0x0000000002ba4634 method=com.android.dx.cf.code.BytecodeArray.parseInstruction(ILcom/android/dx/cf/code/BytecodeArray$Visitor;)I @ 1161
Event: 30.608 Thread 0x000000001d838800 Uncommon trap: reason=bimorphic action=maybe_recompile pc=0x0000000002ba4634 method=com.android.dx.cf.code.BytecodeArray.parseInstruction(ILcom/android/dx/cf/code/BytecodeArray$Visitor;)I @ 1161
Event: 31.888 Thread 0x000000000248d800 Uncommon trap: reason=bimorphic action=maybe_recompile pc=0x0000000002ae98ac method=java.util.HashMap.putVal(ILjava/lang/Object;Ljava/lang/Object;ZZ)Ljava/lang/Object; @ 203
Event: 31.888 Thread 0x000000000248d800 Uncommon trap: reason=bimorphic action=maybe_recompile pc=0x0000000002ae98ac method=java.util.HashMap.putVal(ILjava/lang/Object;Ljava/lang/Object;ZZ)Ljava/lang/Object; @ 203
Event: 32.233 Thread 0x000000001d838800 Uncommon trap: reason=class_check action=maybe_recompile pc=0x0000000002c47cb0 method=com.android.dx.ssa.SCCP.setLatticeValueTo(IILcom/android/dx/rop/cst/Constant;)Z @ 43

Internal exceptions (2 events):
Event: 8.313 Thread 0x000000000248d800 Exception <a 'java/lang/NoSuchMethodError': Method sun.misc.Unsafe.defineClass(Ljava/lang/String;[BII)Ljava/lang/Class; name or signature does not match> (0x000000076ab07cc0) thrown at [C:\re\workspace\8-2-build-windows-amd64-cygwin\jdk8u91\7017\hotspot\sr™°y[0  @
Event: 8.313 Thread 0x000000000248d800 Exception <a 'java/lang/NoSuchMethodError': Method sun.misc.Unsafe.prefetchRead(Ljava/lang/Object;J)V name or signature does not match> (0x000000076ab07fa8) thrown at [C:\re\workspace\8-2-build-windows-amd64-cygwin\jdk8u91\7017\hotspot\src\share\vm\prims\j

Events (10 events):
Event: 31.528 Thread 0x000000000248d800 DEOPT UNPACKING pc=0x000000000273787f sp=0x00000000025ee298 mode 0
Event: 31.888 Thread 0x000000000248d800 Uncommon trap: trap_request=0xffffffc6 fr.pc=0x0000000002ae98ac
Event: 31.888 Thread 0x000000000248d800 DEOPT PACKING pc=0x0000000002ae98ac sp=0x00000000025ee420
Event: 31.888 Thread 0x000000000248d800 DEOPT UNPACKING pc=0x000000000273582a sp=0x00000000025ee3a8 mode 2
Event: 31.888 Thread 0x000000000248d800 Uncommon trap: trap_request=0xffffffc6 fr.pc=0x0000000002ae98ac
Event: 31.888 Thread 0x000000000248d800 DEOPT PACKING pc=0x0000000002ae98ac sp=0x00000000025ee420
Event: 31.888 Thread 0x000000000248d800 DEOPT UNPACKING pc=0x000000000273582a sp=0x00000000025ee3a8 mode 2
Event: 32.233 Thread 0x000000001d838800 Uncommon trap: trap_request=0xffffffde fr.pc=0x0000000002c47cb0
Event: 32.233 Thread 0x000000001d838800 DEOPT PACKING pc=0x0000000002c47cb0 sp=0x000000001de3ec50
Event: 32.233 Thread 0x000000001d838800 DEOPT UNPACKING pc=0x000000000273582a sp=0x000000001de3ebb8 mode 2


Dynamic libraries:
0x00007ff7cee60000 - 0x00007ff7cee97000 	C:\Program Files\Java\jdk1.8.0_91\bin\java.exe
0x00007ff8c0570000 - 0x00007ff8c0741000 	C:\WINDOWS\SYSTEM32\ntdll.dll
0x00007ff8be1c0000 - 0x00007ff8be26c000 	C:\WINDOWS\System32\KERNEL32.DLL
0x00007ff8a2af0000 - 0x00007ff8a2b23000 	C:\Program Files\AVAST Software\Avast\x64\aswhooka.dll
0x00007ff8bcac0000 - 0x00007ff8bccdd000 	C:\WINDOWS\System32\KERNELBASE.dll
0x00007ff8be0f0000 - 0x00007ff8be192000 	C:\WINDOWS\System32\ADVAPI32.dll
0x00007ff8c00a0000 - 0x00007ff8c013e000 	C:\WINDOWS\System32\msvcrt.dll
0x00007ff8bfc00000 - 0x00007ff8bfc59000 	C:\WINDOWS\System32\sechost.dll
0x00007ff8bde40000 - 0x00007ff8bdf61000 	C:\WINDOWS\System32\RPCRT4.dll
0x00007ff8bf9c0000 - 0x00007ff8bfb25000 	C:\WINDOWS\System32\USER32.dll
0x00007ff8bdae0000 - 0x00007ff8bdafe000 	C:\WINDOWS\System32\win32u.dll
0x00007ff8bdb00000 - 0x00007ff8bdb34000 	C:\WINDOWS\System32\GDI32.dll
0x00007ff8bd5e0000 - 0x00007ff8bd762000 	C:\WINDOWS\System32\gdi32full.dll
0x00007ff8b25d0000 - 0x00007ff8b284a000 	C:\WINDOWS\WinSxS\amd64_microsoft.windows.common-controls_6595b64144ccf1df_6.0.14393.953_none_42151e83c686086b\COMCTL32.dll
0x00007ff8bfdd0000 - 0x00007ff8c0098000 	C:\WINDOWS\System32\combase.dll
0x00007ff8bcce0000 - 0x00007ff8bcdd5000 	C:\WINDOWS\System32\ucrtbase.dll
0x00007ff8bd570000 - 0x00007ff8bd5da000 	C:\WINDOWS\System32\bcryptPrimitives.dll
0x00007ff8bfda0000 - 0x00007ff8bfdce000 	C:\WINDOWS\System32\IMM32.DLL
0x0000000077eb0000 - 0x0000000077f82000 	C:\Program Files\Java\jdk1.8.0_91\jre\bin\msvcr100.dll
0x0000000050330000 - 0x0000000050bc3000 	C:\Program Files\Java\jdk1.8.0_91\jre\bin\server\jvm.dll
0x00007ff8bfbf0000 - 0x00007ff8bfbf8000 	C:\WINDOWS\System32\PSAPI.DLL
0x00007ff8b29c0000 - 0x00007ff8b29c9000 	C:\WINDOWS\SYSTEM32\WSOCK32.dll
0x00007ff8bf950000 - 0x00007ff8bf9ba000 	C:\WINDOWS\System32\WS2_32.dll
0x00007ff8ba910000 - 0x00007ff8ba933000 	C:\WINDOWS\SYSTEM32\WINMM.dll
0x00007ff8ae2d0000 - 0x00007ff8ae2da000 	C:\WINDOWS\SYSTEM32\VERSION.dll
0x00007ff8ba8b0000 - 0x00007ff8ba8db000 	C:\WINDOWS\SYSTEM32\WINMMBASE.dll
0x00007ff8bd9f0000 - 0x00007ff8bda32000 	C:\WINDOWS\System32\cfgmgr32.dll
0x0000000050320000 - 0x000000005032f000 	C:\Program Files\Java\jdk1.8.0_91\jre\bin\verify.dll
0x00000000502f0000 - 0x0000000050319000 	C:\Program Files\Java\jdk1.8.0_91\jre\bin\java.dll
0x00000000502d0000 - 0x00000000502e6000 	C:\Program Files\Java\jdk1.8.0_91\jre\bin\zip.dll
0x00007ff8be3e0000 - 0x00007ff8bf8e8000 	C:\WINDOWS\System32\SHELL32.dll
0x00007ff8bcde0000 - 0x00007ff8bd4ba000 	C:\WINDOWS\System32\windows.storage.dll
0x00007ff8bca00000 - 0x00007ff8bca4c000 	C:\WINDOWS\System32\powrprof.dll
0x00007ff8be030000 - 0x00007ff8be082000 	C:\WINDOWS\System32\shlwapi.dll
0x00007ff8bc9d0000 - 0x00007ff8bc9df000 	C:\WINDOWS\System32\kernel.appcore.dll
0x00007ff8bd4c0000 - 0x00007ff8bd569000 	C:\WINDOWS\System32\shcore.dll
0x00007ff8bc9e0000 - 0x00007ff8bc9f4000 	C:\WINDOWS\System32\profapi.dll

VM Arguments:
jvm_args: -Djava.awt.headless=true -Xmx4g -Dfile.encoding=windows-1252 -Duser.country=MX -Duser.language=es -Duser.variant 
java_command: com.android.dx.command.Main --dex --force-jumbo --num-threads=4 --multi-dex --output C:\Users\mm\Documents\ProjectExperts\app\build\intermediates\transforms\dex\debug\folders\1000\10\com.google.firebase-firebase-storage-10.2.4_a7286cf57f0e42d2e1bcafcd0f5b84a9bb8e3043 C:\Users\mm\Documents\ProjectExperts\app\build\intermediates\exploded-aar\com.google.firebase\firebase-storage\10.2.4\jars\classes.jar
java_class_path (initial): C:\Users\mm\AppData\Local\Android\sdk\build-tools\24.0.3\lib\dx.jar
Launcher Type: SUN_STANDARD

Environment Variables:
JAVA_HOME=C:\Program Files\Java\jdk1.8.0_91
PATH=C:\ProgramData\Oracle\Java\javapath;C:\Program Files (x86)\Intel\iCLS Client\;C:\Program Files\Intel\iCLS Client\;C:\WINDOWS\system32;C:\WINDOWS;C:\WINDOWS\System32\Wbem;C:\WINDOWS\System32\WindowsPowerShell\v1.0\;C:\Program Files (x86)\Windows Live\Shared;C:\Program Files\Intel\Intel(R) Management Engine Components\DAL;C:\Program Files\Intel\Intel(R) Management Engine Components\IPT;C:\Program Files (x86)\Intel\Intel(R) Management Engine Components\DAL;C:\Program Files (x86)\Intel\Intel(R) Management Engine Components\IPT;C:\Program Files (x86)\Intel\OpenCL SDK\2.0\bin\x86;C:\Program Files (x86)\Intel\OpenCL SDK\2.0\bin\x64;C:\Program Files\Intel\WiFi\bin\;C:\Program Files\Common Files\Intel\WirelessCommon\;c:\Program Files (x86)\Microsoft SQL Server\100\Tools\Binn\VSShell\Common7\IDE\;c:\Program Files (x86)\Microsoft SQL Server\100\Tools\Binn\;c:\Program Files (x86)\Microsoft SQL Server\100\DTS\Binn\;C:\Program Files\Microsoft SQL Server\110\Tools\Binn\;C:\Program Files (x86)\Microsoft SDKs\TypeScript\1.0\;C:\Program Files\Microsoft SQL Server\120\Tools\Binn\;C:\MinGW\bin;C:\xampp\php;C:\ProgramData\ComposerSetup\bin;C:\WINDOWS\system32\config\systemprofile\.dnx\bin;C:\Program Files\Microsoft DNX\Dnvm\;C:\Program Files\Microsoft SQL Server\130\Tools\Binn\;C:\Program Files (x86)\Windows Kits\10\Windows Performance Toolkit\;C:\Program Files (x86)\nodejs\;C:\Program Files\Git\cmd;C:\Program Files\Microsoft\Web Platform Installer\;C:\Program Files (x86)\Skype\Phone\;C:\Users\mm\AppData\Roaming\Composer\vendor\binC:\Program Files (x86)\Java\jdk1.8.0_45;C:\Users\mm\AppData\Local\Microsoft\WindowsApps;C:\Users\mm\AppData\Roaming\npm
USERNAME=mm
OS=Windows_NT
PROCESSOR_IDENTIFIER=Intel64 Family 6 Model 58 Stepping 9, GenuineIntel



---------------  S Y S T E M  ---------------

OS: Windows 10.0 , 64 bit Build 14393 (10.0.14393.1198)

CPU:total 4 (2 cores per cpu, 2 threads per core) family 6 model 58 stepping 9, cmov, cx8, fxsr, mmx, sse, sse2, sse3, ssse3, sse4.1, sse4.2, popcnt, avx, clmul, erms, ht, tsc, tscinvbit, tscinv

Memory: 4k page, physical 4081596k(17548k free), swap 8177596k(3276k free)

vm_info: Java HotSpot(TM) 64-Bit Server VM (25.91-b15) for windows-amd64 JRE (1.8.0_91-b15), built on May 20 2016 17:43:15 by "java_re" with MS VC++ 10.0 (VS2010)

time: Mon Jun 05 12:26:41 2017
elapsed time: 33 seconds (0d 0h 0m 33s)

