#
# There is insufficient memory for the Java Runtime Environment to continue.
# Native memory allocation (malloc) failed to allocate 1132176 bytes for Chunk::new
# Possible reasons:
#   The system is out of physical RAM or swap space
#   In 32 bit mode, the process size limit was hit
# Possible solutions:
#   Reduce memory load on the system
#   Increase physical memory or swap space
#   Check if swap backing store is full
#   Use 64 bit Java on a 64 bit OS
#   Decrease Java heap size (-Xmx/-Xms)
#   Decrease number of Java threads
#   Decrease Java thread stack sizes (-Xss)
#   Set larger code cache with -XX:ReservedCodeCacheSize=
# This output file may be truncated or incomplete.
#
#  Out of Memory Error (allocation.cpp:390), pid=10448, tid=12068
#
# JRE version: Java(TM) SE Runtime Environment (8.0_91-b15) (build 1.8.0_91-b15)
# Java VM: Java HotSpot(TM) 64-Bit Server VM (25.91-b15 mixed mode windows-amd64 compressed oops)
# Failed to write core dump. Minidumps are not enabled by default on client versions of Windows
#

---------------  T H R E A D  ---------------

Current thread (0x000000001b83f800):  JavaThread "C2 CompilerThread0" daemon [_thread_in_native, id=12068, stack(0x000000001ced0000,0x000000001cfd0000)]

Stack: [0x000000001ced0000,0x000000001cfd0000]
[error occurred during error reporting (printing stack bounds), id 0xc0000005]

Native frames: (J=compiled Java code, j=interpreted, Vv=VM code, C=native code)


Current CompileTask:
C2: 109749 3441       4       java.util.Arrays::sort (47 bytes)


---------------  P R O C E S S  ---------------

Java Threads: ( => current thread )
  0x000000001ea45800 JavaThread "pool-1-thread-1" [_thread_in_Java, id=8160, stack(0x0000000020470000,0x0000000020570000)]
  0x000000001dc25000 JavaThread "pool-2-thread-4" [_thread_blocked, id=11044, stack(0x000000001f3a0000,0x000000001f4a0000)]
  0x000000001dc22800 JavaThread "pool-2-thread-3" [_thread_blocked, id=7508, stack(0x000000001f2a0000,0x000000001f3a0000)]
  0x000000001dc21800 JavaThread "pool-2-thread-2" [_thread_blocked, id=10524, stack(0x000000001f1a0000,0x000000001f2a0000)]
  0x000000001d803000 JavaThread "pool-3-thread-1" [_thread_blocked, id=9132, stack(0x000000001f0a0000,0x000000001f1a0000)]
  0x000000001d544000 JavaThread "pool-2-thread-1" [_thread_blocked, id=11516, stack(0x000000001efa0000,0x000000001f0a0000)]
  0x000000001d1f4000 JavaThread "Service Thread" daemon [_thread_blocked, id=6192, stack(0x000000001d5d0000,0x000000001d6d0000)]
  0x000000001b84d000 JavaThread "C1 CompilerThread2" daemon [_thread_blocked, id=11048, stack(0x000000001d0d0000,0x000000001d1d0000)]
  0x000000001b844800 JavaThread "C2 CompilerThread1" daemon [_thread_in_native, id=7624, stack(0x000000001cfd0000,0x000000001d0d0000)]
=>0x000000001b83f800 JavaThread "C2 CompilerThread0" daemon [_thread_in_native, id=12068, stack(0x000000001ced0000,0x000000001cfd0000)]
  0x000000001b83e000 JavaThread "Attach Listener" daemon [_thread_blocked, id=9236, stack(0x000000001cdd0000,0x000000001ced0000)]
  0x000000001b83d000 JavaThread "Signal Dispatcher" daemon [_thread_blocked, id=10580, stack(0x000000001ccd0000,0x000000001cdd0000)]
  0x000000001b82a800 JavaThread "Finalizer" daemon [_thread_blocked, id=5864, stack(0x000000001cac0000,0x000000001cbc0000)]
  0x000000001b809000 JavaThread "Reference Handler" daemon [_thread_blocked, id=10412, stack(0x000000001c9c0000,0x000000001cac0000)]
  0x000000000216e000 JavaThread "main" [_thread_in_native, id=11692, stack(0x0000000001e10000,0x0000000001f10000)]

Other Threads:
  0x000000001b807800 VMThread [stack: 0x000000001c8c0000,0x000000001c9c0000] [id=12048]
  0x000000001d229800 WatcherThread [stack: 0x000000001d6d0000,0x000000001d7d0000] [id=972]

VM state:not at safepoint (normal execution)

VM Mutex/Monitor currently owned by a thread: None

Heap:
 PSYoungGen      total 530432K, used 249113K [0x000000076ab00000, 0x0000000797380000, 0x00000007c0000000)
  eden space 384512K, 64% used [0x000000076ab00000,0x0000000779e467c0,0x0000000782280000)
  from space 145920K, 0% used [0x0000000782280000,0x0000000782280000,0x000000078b100000)
  to   space 153088K, 0% used [0x000000078de00000,0x000000078de00000,0x0000000797380000)
 ParOldGen       total 704000K, used 703531K [0x00000006c0000000, 0x00000006eaf80000, 0x000000076ab00000)
  object space 704000K, 99% used [0x00000006c0000000,0x00000006eaf0ac50,0x00000006eaf80000)
 Metaspace       used 6806K, capacity 7384K, committed 7680K, reserved 1056768K
  class space    used 634K, capacity 656K, committed 768K, reserved 1048576K

Card table byte_map: [0x0000000011530000,0x0000000011d40000] byte_map_base: 0x000000000df30000

Marking Bits: (ParMarkBitMap*) 0x0000000050b42f70
 Begin Bits: [0x00000000126a0000, 0x00000000166a0000)
 End Bits:   [0x00000000166a0000, 0x000000001a6a0000)

Polling page: 0x0000000000580000

CodeCache: size=245760Kb used=12331Kb max_used=13826Kb free=233428Kb
 bounds [0x0000000002170000, 0x0000000002f10000, 0x0000000011170000]
 total_blobs=2821 nmethods=2551 adapters=182
 compilation: enabled

Compilation events (10 events):
Event: 108.475 Thread 0x000000001b84d000 3451       3       com.android.dx.dex.file.MethodAnnotationStruct::addContents (35 bytes)
Event: 108.475 Thread 0x000000001b84d000 nmethod 3451 0x0000000002a8e7d0 code [0x0000000002a8e960, 0x0000000002a8ee98]
Event: 108.475 Thread 0x000000001b84d000 3454       1       com.android.dx.dex.file.AnnotationsDirectoryItem::itemType (4 bytes)
Event: 108.476 Thread 0x000000001b84d000 nmethod 3454 0x0000000002a8e510 code [0x0000000002a8e660, 0x0000000002a8e770]
Event: 108.476 Thread 0x000000001b84d000 3453       3       com.android.dx.dex.file.ParameterAnnotationStruct::addContents (28 bytes)
Event: 108.476 Thread 0x000000001b84d000 nmethod 3453 0x0000000002666950 code [0x0000000002666ac0, 0x0000000002666ed8]
Event: 108.476 Thread 0x000000001b84d000 3456       3       com.android.dx.rop.cst.CstArray$List::compareTo (93 bytes)
Event: 108.478 Thread 0x000000001b84d000 nmethod 3456 0x0000000002667c90 code [0x0000000002667ec0, 0x0000000002668e38]
Event: 108.478 Thread 0x000000001b84d000 3455       3       com.android.dx.rop.cst.CstArray::compareTo0 (15 bytes)
Event: 108.478 Thread 0x000000001b84d000 nmethod 3455 0x0000000002a86ed0 code [0x0000000002a87040, 0x0000000002a87348]

GC Heap History (10 events):
Event: 77.728 GC heap before
{Heap before GC invocations=30 (full 7):
 PSYoungGen      total 530432K, used 145888K [0x000000076ab00000, 0x0000000797380000, 0x00000007c0000000)
  eden space 384512K, 0% used [0x000000076ab00000,0x000000076ab00000,0x0000000782280000)
  from space 145920K, 99% used [0x0000000782280000,0x000000078b0f8280,0x000000078b100000)
  to   space 153088K, 0% used [0x000000078de00000,0x000000078de00000,0x0000000797380000)
 ParOldGen       total 704000K, used 699573K [0x00000006c0000000, 0x00000006eaf80000, 0x000000076ab00000)
  object space 704000K, 99% used [0x00000006c0000000,0x00000006eab2d770,0x00000006eaf80000)
 Metaspace       used 6699K, capacity 7320K, committed 7680K, reserved 1056768K
  class space    used 628K, capacity 656K, committed 768K, reserved 1048576K
Event: 81.417 GC heap after
Heap after GC invocations=30 (full 7):
 PSYoungGen      total 530432K, used 15012K [0x000000076ab00000, 0x0000000797380000, 0x00000007c0000000)
  eden space 384512K, 0% used [0x000000076ab00000,0x000000076ab00000,0x0000000782280000)
  from space 145920K, 10% used [0x0000000782280000,0x0000000783129128,0x000000078b100000)
  to   space 153088K, 0% used [0x000000078de00000,0x000000078de00000,0x0000000797380000)
 ParOldGen       total 704000K, used 703595K [0x00000006c0000000, 0x00000006eaf80000, 0x000000076ab00000)
  object space 704000K, 99% used [0x00000006c0000000,0x00000006eaf1ae60,0x00000006eaf80000)
 Metaspace       used 6699K, capacity 7320K, committed 7680K, reserved 1056768K
  class space    used 628K, capacity 656K, committed 768K, reserved 1048576K
}
Event: 82.460 GC heap before
{Heap before GC invocations=31 (full 8):
 PSYoungGen      total 530432K, used 399524K [0x000000076ab00000, 0x0000000797380000, 0x00000007c0000000)
  eden space 384512K, 100% used [0x000000076ab00000,0x0000000782280000,0x0000000782280000)
  from space 145920K, 10% used [0x0000000782280000,0x0000000783129128,0x000000078b100000)
  to   space 153088K, 0% used [0x000000078de00000,0x000000078de00000,0x0000000797380000)
 ParOldGen       total 704000K, used 703595K [0x00000006c0000000, 0x00000006eaf80000, 0x000000076ab00000)
  object space 704000K, 99% used [0x00000006c0000000,0x00000006eaf1ae60,0x00000006eaf80000)
 Metaspace       used 6699K, capacity 7320K, committed 7680K, reserved 1056768K
  class space    used 628K, capacity 656K, committed 768K, reserved 1048576K
Event: 86.127 GC heap after
Heap after GC invocations=31 (full 8):
 PSYoungGen      total 530432K, used 2843K [0x000000076ab00000, 0x0000000797380000, 0x00000007c0000000)
  eden space 384512K, 0% used [0x000000076ab00000,0x000000076adc6d50,0x0000000782280000)
  from space 145920K, 0% used [0x0000000782280000,0x0000000782280000,0x000000078b100000)
  to   space 153088K, 0% used [0x000000078de00000,0x000000078de00000,0x0000000797380000)
 ParOldGen       total 704000K, used 703759K [0x00000006c0000000, 0x00000006eaf80000, 0x000000076ab00000)
  object space 704000K, 99% used [0x00000006c0000000,0x00000006eaf43e60,0x00000006eaf80000)
 Metaspace       used 6699K, capacity 7320K, committed 7680K, reserved 1056768K
  class space    used 628K, capacity 656K, committed 768K, reserved 1048576K
}
Event: 89.662 GC heap before
{Heap before GC invocations=32 (full 9):
 PSYoungGen      total 530432K, used 384512K [0x000000076ab00000, 0x0000000797380000, 0x00000007c0000000)
  eden space 384512K, 100% used [0x000000076ab00000,0x0000000782280000,0x0000000782280000)
  from space 145920K, 0% used [0x0000000782280000,0x0000000782280000,0x000000078b100000)
  to   space 153088K, 0% used [0x000000078de00000,0x000000078de00000,0x0000000797380000)
 ParOldGen       total 704000K, used 703759K [0x00000006c0000000, 0x00000006eaf80000, 0x000000076ab00000)
  object space 704000K, 99% used [0x00000006c0000000,0x00000006eaf43e60,0x00000006eaf80000)
 Metaspace       used 6700K, capacity 7320K, committed 7680K, reserved 1056768K
  class space    used 628K, capacity 656K, committed 768K, reserved 1048576K
Event: 91.793 GC heap after
Heap after GC invocations=32 (full 9):
 PSYoungGen      total 530432K, used 0K [0x000000076ab00000, 0x0000000797380000, 0x00000007c0000000)
  eden space 384512K, 0% used [0x000000076ab00000,0x000000076ab00000,0x0000000782280000)
  from space 145920K, 0% used [0x0000000782280000,0x0000000782280000,0x000000078b100000)
  to   space 153088K, 0% used [0x000000078de00000,0x000000078de00000,0x0000000797380000)
 ParOldGen       total 704000K, used 660891K [0x00000006c0000000, 0x00000006eaf80000, 0x000000076ab00000)
  object space 704000K, 93% used [0x00000006c0000000,0x00000006e8566e68,0x00000006eaf80000)
 Metaspace       used 6700K, capacity 7320K, committed 7680K, reserved 1056768K
  class space    used 628K, capacity 656K, committed 768K, reserved 1048576K
}
Event: 95.002 GC heap before
{Heap before GC invocations=33 (full 10):
 PSYoungGen      total 530432K, used 384512K [0x000000076ab00000, 0x0000000797380000, 0x00000007c0000000)
  eden space 384512K, 100% used [0x000000076ab00000,0x0000000782280000,0x0000000782280000)
  from space 145920K, 0% used [0x0000000782280000,0x0000000782280000,0x000000078b100000)
  to   space 153088K, 0% used [0x000000078de00000,0x000000078de00000,0x0000000797380000)
 ParOldGen       total 704000K, used 660891K [0x00000006c0000000, 0x00000006eaf80000, 0x000000076ab00000)
  object space 704000K, 93% used [0x00000006c0000000,0x00000006e8566e68,0x00000006eaf80000)
 Metaspace       used 6701K, capacity 7320K, committed 7680K, reserved 1056768K
  class space    used 628K, capacity 656K, committed 768K, reserved 1048576K
Event: 100.066 GC heap after
Heap after GC invocations=33 (full 10):
 PSYoungGen      total 530432K, used 12818K [0x000000076ab00000, 0x0000000797380000, 0x00000007c0000000)
  eden space 384512K, 3% used [0x000000076ab00000,0x000000076b784b90,0x0000000782280000)
  from space 145920K, 0% used [0x0000000782280000,0x0000000782280000,0x000000078b100000)
  to   space 153088K, 0% used [0x000000078de00000,0x000000078de00000,0x0000000797380000)
 ParOldGen       total 704000K, used 703897K [0x00000006c0000000, 0x00000006eaf80000, 0x000000076ab00000)
  object space 704000K, 99% used [0x00000006c0000000,0x00000006eaf664e8,0x00000006eaf80000)
 Metaspace       used 6701K, capacity 7320K, committed 7680K, reserved 1056768K
  class space    used 628K, capacity 656K, committed 768K, reserved 1048576K
}
Event: 103.966 GC heap before
{Heap before GC invocations=34 (full 11):
 PSYoungGen      total 530432K, used 384512K [0x000000076ab00000, 0x0000000797380000, 0x00000007c0000000)
  eden space 384512K, 100% used [0x000000076ab00000,0x0000000782280000,0x0000000782280000)
  from space 145920K, 0% used [0x0000000782280000,0x0000000782280000,0x000000078b100000)
  to   space 153088K, 0% used [0x000000078de00000,0x000000078de00000,0x0000000797380000)
 ParOldGen       total 704000K, used 703897K [0x00000006c0000000, 0x00000006eaf80000, 0x000000076ab00000)
  object space 704000K, 99% used [0x00000006c0000000,0x00000006eaf664e8,0x00000006eaf80000)
 Metaspace       used 6729K, capacity 7384K, committed 7680K, reserved 1056768K
  class space    used 631K, capacity 656K, committed 768K, reserved 1048576K
Event: 107.825 GC heap after
Heap after GC invocations=34 (full 11):
 PSYoungGen      total 530432K, used 72211K [0x000000076ab00000, 0x0000000797380000, 0x00000007c0000000)
  eden space 384512K, 18% used [0x000000076ab00000,0x000000076f184d80,0x0000000782280000)
  from space 145920K, 0% used [0x0000000782280000,0x0000000782280000,0x000000078b100000)
  to   space 153088K, 0% used [0x000000078de00000,0x000000078de00000,0x0000000797380000)
 ParOldGen       total 704000K, used 703531K [0x00000006c0000000, 0x00000006eaf80000, 0x000000076ab00000)
  object space 704000K, 99% used [0x00000006c0000000,0x00000006eaf0ac50,0x00000006eaf80000)
 Metaspace       used 6729K, capacity 7384K, committed 7680K, reserved 1056768K
  class space    used 631K, capacity 656K, committed 768K, reserved 1048576K
}

Deoptimization events (10 events):
Event: 76.013 Thread 0x000000001dc25000 Uncommon trap: reason=class_check action=maybe_recompile pc=0x0000000002a15b58 method=com.android.dx.ssa.back.InterferenceGraph.mergeInterferenceSet(ILcom/android/dx/util/IntSet;)V @ 20
Event: 76.013 Thread 0x000000001dc25000 Uncommon trap: reason=class_check action=maybe_recompile pc=0x0000000002cea87c method=com.android.dx.util.BitIntSet.merge(Lcom/android/dx/util/IntSet;)V @ 1
Event: 103.414 Thread 0x000000000216e000 Uncommon trap: reason=unstable_if action=reinterpret pc=0x0000000002779a2c method=java.util.concurrent.ThreadPoolExecutor.execute(Ljava/lang/Runnable;)V @ 28
Event: 103.540 Thread 0x000000001ea45800 Uncommon trap: reason=bimorphic action=maybe_recompile pc=0x00000000025366ac method=java.util.concurrent.FutureTask.run()V @ 42
Event: 107.859 Thread 0x000000001ea45800 Uncommon trap: reason=class_check action=maybe_recompile pc=0x00000000026e6524 method=java.util.Arrays.hashCode([Ljava/lang/Object;)I @ 43
Event: 107.859 Thread 0x000000001ea45800 Uncommon trap: reason=class_check action=maybe_recompile pc=0x00000000026e6524 method=java.util.Arrays.hashCode([Ljava/lang/Object;)I @ 43
Event: 107.859 Thread 0x000000001ea45800 Uncommon trap: reason=class_check action=maybe_recompile pc=0x00000000026e6524 method=java.util.Arrays.hashCode([Ljava/lang/Object;)I @ 43
Event: 107.860 Thread 0x000000001ea45800 Uncommon trap: reason=class_check action=maybe_recompile pc=0x00000000026e6524 method=java.util.Arrays.hashCode([Ljava/lang/Object;)I @ 43
Event: 107.860 Thread 0x000000001ea45800 Uncommon trap: reason=class_check action=maybe_recompile pc=0x00000000026b3b04 method=java.util.Arrays.hashCode([Ljava/lang/Object;)I @ 43
Event: 107.860 Thread 0x000000001ea45800 Uncommon trap: reason=unstable_if action=reinterpret pc=0x0000000002340b40 method=java.util.Arrays.sort([Ljava/lang/Object;IILjava/util/Comparator;)V @ 1

Internal exceptions (10 events):
Event: 0.090 Thread 0x000000000216e000 Exception <a 'java/lang/NoSuchMethodError': Method sun.misc.Unsafe.defineClass(Ljava/lang/String;[BII)Ljava/lang/Class; name or signature does not match> (0x000000076ab07cc0) thrown at [C:\re\workspace\8-2-build-windows-amd64-cygwin\jdk8u91\7017\hotspot\sr}„½Sû÷¶?
Event: 0.090 Thread 0x000000000216e000 Exception <a 'java/lang/NoSuchMethodError': Method sun.misc.Unsafe.prefetchRead(Ljava/lang/Object;J)V name or signature does not match> (0x000000076ab07fa8) thrown at [C:\re\workspace\8-2-build-windows-amd64-cygwin\jdk8u91\7017\hotspot\src\share\vm\prims\jK–«Þ$û%@
Event: 10.991 Thread 0x000000001dc22800 Implicit null exception at 0x00000000024e81e2 to 0x00000000024e82e9
Event: 12.145 Thread 0x000000001dc25000 Implicit null exception at 0x0000000002715bf9 to 0x0000000002715e59
Event: 12.145 Thread 0x000000001dc25000 Implicit null exception at 0x000000000279f3b9 to 0x00000000027a11f9
Event: 14.124 Thread 0x000000001dc25000 Exception <a 'java/lang/ArrayIndexOutOfBoundsException': 18> (0x000000076bff4eb8) thrown at [C:\re\workspace\8-2-build-windows-amd64-cygwin\jdk8u91\7017\hotspot\src\share\vm\interpreter\interpreterRuntime.cpp, line 366]
Event: 14.124 Thread 0x000000001dc25000 Exception <a 'java/lang/ArrayIndexOutOfBoundsException': 145> (0x000000076bff6a38) thrown at [C:\re\workspace\8-2-build-windows-amd64-cygwin\jdk8u91\7017\hotspot\src\share\vm\interpreter\interpreterRuntime.cpp, line 366]
Event: 14.403 Thread 0x000000001dc25000 Exception <a 'java/lang/ArrayIndexOutOfBoundsException'> (0x000000076bff7d20) thrown at [C:\re\workspace\8-2-build-windows-amd64-cygwin\jdk8u91\7017\hotspot\src\share\vm\runtime\sharedRuntime.cpp, line 605]
Event: 20.068 Thread 0x000000001d544000 Implicit null exception at 0x0000000002b097f0 to 0x0000000002b12249
Event: 35.073 Thread 0x000000000216e000 Implicit null exception at 0x00000000022d1494 to 0x00000000022d1e25

Events (10 events):
Event: 107.860 Thread 0x000000001ea45800 DEOPT PACKING pc=0x00000000026e6524 sp=0x000000002056e800
Event: 107.860 Thread 0x000000001ea45800 DEOPT UNPACKING pc=0x00000000021b582a sp=0x000000002056e730 mode 2
Event: 107.860 Thread 0x000000001ea45800 Uncommon trap: trap_request=0xffffffde fr.pc=0x00000000026b3b04
Event: 107.860 Thread 0x000000001ea45800 DEOPT PACKING pc=0x00000000026b3b04 sp=0x000000002056e7b0
Event: 107.860 Thread 0x000000001ea45800 DEOPT UNPACKING pc=0x00000000021b582a sp=0x000000002056e738 mode 2
Event: 107.860 Thread 0x000000001ea45800 Uncommon trap: trap_request=0xffffff65 fr.pc=0x0000000002340b40
Event: 107.860 Thread 0x000000001ea45800 DEOPT PACKING pc=0x0000000002340b40 sp=0x000000002056eb00
Event: 107.861 Thread 0x000000001ea45800 DEOPT UNPACKING pc=0x00000000021b582a sp=0x000000002056eaa8 mode 2
Event: 107.866 loading class com/android/dx/rop/cst/Zeroes
Event: 107.866 loading class com/android/dx/rop/cst/Zeroes done


Dynamic libraries:
0x00007ff7cee60000 - 0x00007ff7cee97000 	C:\Program Files\Java\jdk1.8.0_91\bin\java.exe
0x00007ff8c0570000 - 0x00007ff8c0741000 	C:\WINDOWS\SYSTEM32\ntdll.dll
0x00007ff8be1c0000 - 0x00007ff8be26c000 	C:\WINDOWS\System32\KERNEL32.DLL
0x00007ff8a2af0000 - 0x00007ff8a2b23000 	C:\Program Files\AVAST Software\Avast\x64\aswhooka.dll
0x00007ff8bcac0000 - 0x00007ff8bccdd000 	C:\WINDOWS\System32\KERNELBASE.dll
0x00007ff8be0f0000 - 0x00007ff8be192000 	C:\WINDOWS\System32\ADVAPI32.dll
0x00007ff8c00a0000 - 0x00007ff8c013e000 	C:\WINDOWS\System32\msvcrt.dll
0x00007ff8bfc00000 - 0x00007ff8bfc59000 	C:\WINDOWS\System32\sechost.dll
0x00007ff8bde40000 - 0x00007ff8bdf61000 	C:\WINDOWS\System32\RPCRT4.dll
0x00007ff8bf9c0000 - 0x00007ff8bfb25000 	C:\WINDOWS\System32\USER32.dll
0x00007ff8bdae0000 - 0x00007ff8bdafe000 	C:\WINDOWS\System32\win32u.dll
0x00007ff8bdb00000 - 0x00007ff8bdb34000 	C:\WINDOWS\System32\GDI32.dll
0x00007ff8bd5e0000 - 0x00007ff8bd762000 	C:\WINDOWS\System32\gdi32full.dll
0x00007ff8b25d0000 - 0x00007ff8b284a000 	C:\WINDOWS\WinSxS\amd64_microsoft.windows.common-controls_6595b64144ccf1df_6.0.14393.953_none_42151e83c686086b\COMCTL32.dll
0x00007ff8bfdd0000 - 0x00007ff8c0098000 	C:\WINDOWS\System32\combase.dll
0x00007ff8bcce0000 - 0x00007ff8bcdd5000 	C:\WINDOWS\System32\ucrtbase.dll
0x00007ff8bd570000 - 0x00007ff8bd5da000 	C:\WINDOWS\System32\bcryptPrimitives.dll
0x00007ff8bfda0000 - 0x00007ff8bfdce000 	C:\WINDOWS\System32\IMM32.DLL
0x0000000077eb0000 - 0x0000000077f82000 	C:\Program Files\Java\jdk1.8.0_91\jre\bin\msvcr100.dll
0x0000000050330000 - 0x0000000050bc3000 	C:\Program Files\Java\jdk1.8.0_91\jre\bin\server\jvm.dll
0x00007ff8bfbf0000 - 0x00007ff8bfbf8000 	C:\WINDOWS\System32\PSAPI.DLL
0x00007ff8b29c0000 - 0x00007ff8b29c9000 	C:\WINDOWS\SYSTEM32\WSOCK32.dll
0x00007ff8bf950000 - 0x00007ff8bf9ba000 	C:\WINDOWS\System32\WS2_32.dll
0x00007ff8ba910000 - 0x00007ff8ba933000 	C:\WINDOWS\SYSTEM32\WINMM.dll
0x00007ff8ae2d0000 - 0x00007ff8ae2da000 	C:\WINDOWS\SYSTEM32\VERSION.dll
0x00007ff8ba8b0000 - 0x00007ff8ba8db000 	C:\WINDOWS\SYSTEM32\WINMMBASE.dll
0x00007ff8bd9f0000 - 0x00007ff8bda32000 	C:\WINDOWS\System32\cfgmgr32.dll
0x0000000050320000 - 0x000000005032f000 	C:\Program Files\Java\jdk1.8.0_91\jre\bin\verify.dll
0x00000000502f0000 - 0x0000000050319000 	C:\Program Files\Java\jdk1.8.0_91\jre\bin\java.dll
0x00000000502d0000 - 0x00000000502e6000 	C:\Program Files\Java\jdk1.8.0_91\jre\bin\zip.dll
0x00007ff8be3e0000 - 0x00007ff8bf8e8000 	C:\WINDOWS\System32\SHELL32.dll
0x00007ff8bcde0000 - 0x00007ff8bd4ba000 	C:\WINDOWS\System32\windows.storage.dll
0x00007ff8bca00000 - 0x00007ff8bca4c000 	C:\WINDOWS\System32\powrprof.dll
0x00007ff8be030000 - 0x00007ff8be082000 	C:\WINDOWS\System32\shlwapi.dll
0x00007ff8bc9d0000 - 0x00007ff8bc9df000 	C:\WINDOWS\System32\kernel.appcore.dll
0x00007ff8bd4c0000 - 0x00007ff8bd569000 	C:\WINDOWS\System32\shcore.dll
0x00007ff8bc9e0000 - 0x00007ff8bc9f4000 	C:\WINDOWS\System32\profapi.dll

VM Arguments:
jvm_args: -Djava.awt.headless=true -Xmx4g -Dfile.encoding=windows-1252 -Duser.country=MX -Duser.language=es -Duser.variant 
java_command: com.android.dx.command.Main --dex --num-threads=4 --multi-dex --main-dex-list C:\Users\mm\Documents\ProjectExperts\app\build\intermediates\multi-dex\debug\maindexlist.txt --output C:\Users\mm\Documents\ProjectExperts\app\build\intermediates\transforms\dex\debug\folders\1000\1f\main C:\Users\mm\Documents\ProjectExperts\app\build\intermediates\transforms\jarMerging\debug\jars\1\1f\combined.jar
java_class_path (initial): C:\Users\mm\AppData\Local\Android\sdk\build-tools\24.0.3\lib\dx.jar
Launcher Type: SUN_STANDARD

Environment Variables:
JAVA_HOME=C:\Program Files\Java\jdk1.8.0_91
PATH=C:\ProgramData\Oracle\Java\javapath;C:\Program Files (x86)\Intel\iCLS Client\;C:\Program Files\Intel\iCLS Client\;C:\WINDOWS\system32;C:\WINDOWS;C:\WINDOWS\System32\Wbem;C:\WINDOWS\System32\WindowsPowerShell\v1.0\;C:\Program Files (x86)\Windows Live\Shared;C:\Program Files\Intel\Intel(R) Management Engine Components\DAL;C:\Program Files\Intel\Intel(R) Management Engine Components\IPT;C:\Program Files (x86)\Intel\Intel(R) Management Engine Components\DAL;C:\Program Files (x86)\Intel\Intel(R) Management Engine Components\IPT;C:\Program Files (x86)\Intel\OpenCL SDK\2.0\bin\x86;C:\Program Files (x86)\Intel\OpenCL SDK\2.0\bin\x64;C:\Program Files\Intel\WiFi\bin\;C:\Program Files\Common Files\Intel\WirelessCommon\;c:\Program Files (x86)\Microsoft SQL Server\100\Tools\Binn\VSShell\Common7\IDE\;c:\Program Files (x86)\Microsoft SQL Server\100\Tools\Binn\;c:\Program Files (x86)\Microsoft SQL Server\100\DTS\Binn\;C:\Program Files\Microsoft SQL Server\110\Tools\Binn\;C:\Program Files (x86)\Microsoft SDKs\TypeScript\1.0\;C:\Program Files\Microsoft SQL Server\120\Tools\Binn\;C:\MinGW\bin;C:\xampp\php;C:\ProgramData\ComposerSetup\bin;C:\WINDOWS\system32\config\systemprofile\.dnx\bin;C:\Program Files\Microsoft DNX\Dnvm\;C:\Program Files\Microsoft SQL Server\130\Tools\Binn\;C:\Program Files (x86)\Windows Kits\10\Windows Performance Toolkit\;C:\Program Files (x86)\nodejs\;C:\Program Files\Git\cmd;C:\Program Files\Microsoft\Web Platform Installer\;C:\Program Files (x86)\Skype\Phone\;C:\Users\mm\AppData\Roaming\Composer\vendor\binC:\Program Files (x86)\Java\jdk1.8.0_45;C:\Users\mm\AppData\Local\Microsoft\WindowsApps;C:\Users\mm\AppData\Roaming\npm
USERNAME=mm
OS=Windows_NT
PROCESSOR_IDENTIFIER=Intel64 Family 6 Model 58 Stepping 9, GenuineIntel



---------------  S Y S T E M  ---------------

OS: Windows 10.0 , 64 bit Build 14393 (10.0.14393.1198)

CPU:total 4 (2 cores per cpu, 2 threads per core) family 6 model 58 stepping 9, cmov, cx8, fxsr, mmx, sse, sse2, sse3, ssse3, sse4.1, sse4.2, popcnt, avx, clmul, erms, ht, tsc, tscinvbit, tscinv

Memory: 4k page, physical 4081596k(183668k free), swap 8177596k(9156k free)

vm_info: Java HotSpot(TM) 64-Bit Server VM (25.91-b15) for windows-amd64 JRE (1.8.0_91-b15), built on May 20 2016 17:43:15 by "java_re" with MS VC++ 10.0 (VS2010)

time: Mon Jun 05 13:29:12 2017
elapsed time: 111 seconds (0d 0h 1m 51s)

