#
# There is insufficient memory for the Java Runtime Environment to continue.
# Native memory allocation (malloc) failed to allocate 129136 bytes for Chunk::new
# Possible reasons:
#   The system is out of physical RAM or swap space
#   In 32 bit mode, the process size limit was hit
# Possible solutions:
#   Reduce memory load on the system
#   Increase physical memory or swap space
#   Check if swap backing store is full
#   Use 64 bit Java on a 64 bit OS
#   Decrease Java heap size (-Xmx/-Xms)
#   Decrease number of Java threads
#   Decrease Java thread stack sizes (-Xss)
#   Set larger code cache with -XX:ReservedCodeCacheSize=
# This output file may be truncated or incomplete.
#
#  Out of Memory Error (allocation.cpp:390), pid=11216, tid=10276
#
# JRE version: Java(TM) SE Runtime Environment (8.0_91-b15) (build 1.8.0_91-b15)
# Java VM: Java HotSpot(TM) 64-Bit Server VM (25.91-b15 mixed mode windows-amd64 compressed oops)
# Failed to write core dump. Minidumps are not enabled by default on client versions of Windows
#

---------------  T H R E A D  ---------------

Current thread (0x000000001b7fe800):  JavaThread "C2 CompilerThread0" daemon [_thread_in_native, id=10276, stack(0x000000001ce80000,0x000000001cf80000)]

Stack: [0x000000001ce80000,0x000000001cf80000]
[error occurred during error reporting (printing stack bounds), id 0xc0000005]

Native frames: (J=compiled Java code, j=interpreted, Vv=VM code, C=native code)


Current CompileTask:
C2:   4319 1162       4       com.android.dx.ssa.SCCP::simulateStmt (481 bytes)


---------------  P R O C E S S  ---------------

Java Threads: ( => current thread )
  0x000000001d33a800 JavaThread "pool-2-thread-4" [_thread_blocked, id=9264, stack(0x000000001db80000,0x000000001dc80000)]
  0x000000001d338800 JavaThread "pool-2-thread-3" [_thread_in_Java, id=1540, stack(0x000000001da80000,0x000000001db80000)]
  0x000000001d335800 JavaThread "pool-2-thread-2" [_thread_blocked, id=6228, stack(0x000000001d980000,0x000000001da80000)]
  0x000000001d303800 JavaThread "pool-3-thread-1" [_thread_blocked, id=11056, stack(0x000000001d880000,0x000000001d980000)]
  0x000000001d302800 JavaThread "pool-2-thread-1" [_thread_blocked, id=6008, stack(0x000000001d780000,0x000000001d880000)]
  0x000000001d095800 JavaThread "Service Thread" daemon [_thread_blocked, id=10860, stack(0x000000001d580000,0x000000001d680000)]
  0x000000001d090800 JavaThread "C1 CompilerThread2" daemon [_thread_blocked, id=8248, stack(0x000000001d480000,0x000000001d580000)]
  0x000000001b803800 JavaThread "C2 CompilerThread1" daemon [_thread_in_native, id=7976, stack(0x000000001cf80000,0x000000001d080000)]
=>0x000000001b7fe800 JavaThread "C2 CompilerThread0" daemon [_thread_in_native, id=10276, stack(0x000000001ce80000,0x000000001cf80000)]
  0x000000001b7fd000 JavaThread "Attach Listener" daemon [_thread_blocked, id=4832, stack(0x000000001cd80000,0x000000001ce80000)]
  0x000000001b7fc000 JavaThread "Signal Dispatcher" daemon [_thread_blocked, id=5132, stack(0x000000001cc80000,0x000000001cd80000)]
  0x000000001b7e8800 JavaThread "Finalizer" daemon [_thread_blocked, id=1380, stack(0x000000001ca70000,0x000000001cb70000)]
  0x0000000002123800 JavaThread "Reference Handler" daemon [_thread_blocked, id=4008, stack(0x000000001c970000,0x000000001ca70000)]
  0x0000000001f2e000 JavaThread "main" [_thread_in_Java, id=4700, stack(0x0000000001f30000,0x0000000002030000)]

Other Threads:
  0x000000001b7c7800 VMThread [stack: 0x000000001c870000,0x000000001c970000] [id=6216]
  0x000000001d0ba800 WatcherThread [stack: 0x000000001d680000,0x000000001d780000] [id=9268]

VM state:not at safepoint (normal execution)

VM Mutex/Monitor currently owned by a thread: None

Heap:
 PSYoungGen      total 18944K, used 13062K [0x000000076ab00000, 0x000000076d000000, 0x00000007c0000000)
  eden space 16384K, 64% used [0x000000076ab00000,0x000000076b5430b8,0x000000076bb00000)
  from space 2560K, 99% used [0x000000076bb00000,0x000000076bd7eab8,0x000000076bd80000)
  to   space 2560K, 0% used [0x000000076cd80000,0x000000076cd80000,0x000000076d000000)
 ParOldGen       total 44032K, used 1399K [0x00000006c0000000, 0x00000006c2b00000, 0x000000076ab00000)
  object space 44032K, 3% used [0x00000006c0000000,0x00000006c015dc40,0x00000006c2b00000)
 Metaspace       used 5971K, capacity 6896K, committed 7040K, reserved 1056768K
  class space    used 599K, capacity 616K, committed 640K, reserved 1048576K

Card table byte_map: [0x00000000114f0000,0x0000000011d00000] byte_map_base: 0x000000000def0000

Marking Bits: (ParMarkBitMap*) 0x0000000050b42f70
 Begin Bits: [0x0000000012660000, 0x0000000016660000)
 End Bits:   [0x0000000016660000, 0x000000001a660000)

Polling page: 0x00000000006e0000

CodeCache: size=245760Kb used=4712Kb max_used=4714Kb free=241047Kb
 bounds [0x0000000002130000, 0x00000000025d0000, 0x0000000011130000]
 total_blobs=1442 nmethods=1173 adapters=182
 compilation: enabled

Compilation events (10 events):
Event: 4.298 Thread 0x000000001b803800 nmethod 1170 0x00000000025ca650 code [0x00000000025ca780, 0x00000000025ca818]
Event: 4.298 Thread 0x000000001b803800 1171       4       com.android.dx.ssa.SsaMethod::computeReachability (131 bytes)
Event: 4.298 Thread 0x000000001d090800 1172       3       com.android.dx.rop.cst.CstBaseMethodRef::isClassInit (8 bytes)
Event: 4.299 Thread 0x000000001d090800 nmethod 1172 0x00000000025cf350 code [0x00000000025cf4c0, 0x00000000025cf908]
Event: 4.299 Thread 0x000000001d090800 1173       3       com.android.dx.rop.cst.CstNat::isClassInit (13 bytes)
Event: 4.299 Thread 0x000000001d090800 nmethod 1173 0x00000000025ca150 code [0x00000000025ca2c0, 0x00000000025ca588]
Event: 4.302 Thread 0x000000001d090800 1175       3       java.util.TreeMap::values (27 bytes)
Event: 4.302 Thread 0x000000001d090800 nmethod 1175 0x00000000025ced50 code [0x00000000025ceec0, 0x00000000025cf210]
Event: 4.303 Thread 0x000000001d090800 1176       3       com.android.dx.rop.code.Rops::opGetField (97 bytes)
Event: 4.304 Thread 0x000000001d090800 nmethod 1176 0x00000000025c7dd0 code [0x00000000025c8000, 0x00000000025c8c78]

GC Heap History (2 events):
Event: 2.696 GC heap before
{Heap before GC invocations=1 (full 0):
 PSYoungGen      total 18944K, used 16384K [0x000000076ab00000, 0x000000076c000000, 0x00000007c0000000)
  eden space 16384K, 100% used [0x000000076ab00000,0x000000076bb00000,0x000000076bb00000)
  from space 2560K, 0% used [0x000000076bd80000,0x000000076bd80000,0x000000076c000000)
  to   space 2560K, 0% used [0x000000076bb00000,0x000000076bb00000,0x000000076bd80000)
 ParOldGen       total 44032K, used 0K [0x00000006c0000000, 0x00000006c2b00000, 0x000000076ab00000)
  object space 44032K, 0% used [0x00000006c0000000,0x00000006c0000000,0x00000006c2b00000)
 Metaspace       used 5745K, capacity 6704K, committed 6784K, reserved 1056768K
  class space    used 595K, capacity 616K, committed 640K, reserved 1048576K
Event: 2.726 GC heap after
Heap after GC invocations=1 (full 0):
 PSYoungGen      total 18944K, used 2554K [0x000000076ab00000, 0x000000076d000000, 0x00000007c0000000)
  eden space 16384K, 0% used [0x000000076ab00000,0x000000076ab00000,0x000000076bb00000)
  from space 2560K, 99% used [0x000000076bb00000,0x000000076bd7eab8,0x000000076bd80000)
  to   space 2560K, 0% used [0x000000076cd80000,0x000000076cd80000,0x000000076d000000)
 ParOldGen       total 44032K, used 1399K [0x00000006c0000000, 0x00000006c2b00000, 0x000000076ab00000)
  object space 44032K, 3% used [0x00000006c0000000,0x00000006c015dc40,0x00000006c2b00000)
 Metaspace       used 5745K, capacity 6704K, committed 6784K, reserved 1056768K
  class space    used 595K, capacity 616K, committed 640K, reserved 1048576K
}

Deoptimization events (8 events):
Event: 0.653 Thread 0x0000000001f2e000 Uncommon trap: reason=unstable_if action=reinterpret pc=0x00000000022800a8 method=java.lang.String.compareTo(Ljava/lang/String;)I @ 38
Event: 1.479 Thread 0x000000001d335800 Uncommon trap: reason=unstable_if action=reinterpret pc=0x0000000002373b20 method=java.util.HashMap.getNode(ILjava/lang/Object;)Ljava/util/HashMap$Node; @ 62
Event: 2.972 Thread 0x000000001d335800 Uncommon trap: reason=unstable_if action=reinterpret pc=0x00000000023f3ff4 method=java.util.BitSet.nextSetBit(I)I @ 87
Event: 2.973 Thread 0x000000001d335800 Uncommon trap: reason=unstable_if action=reinterpret pc=0x0000000002417f04 method=java.util.HashMap.getNode(ILjava/lang/Object;)Ljava/util/HashMap$Node; @ 129
Event: 3.200 Thread 0x000000001d338800 Uncommon trap: reason=class_check action=maybe_recompile pc=0x00000000024983a8 method=com.android.dx.rop.type.Type.equals(Ljava/lang/Object;)Z @ 8
Event: 4.273 Thread 0x000000001d338800 Uncommon trap: reason=class_check action=maybe_recompile pc=0x00000000024983a8 method=com.android.dx.rop.type.Type.equals(Ljava/lang/Object;)Z @ 8
Event: 4.296 Thread 0x0000000001f2e000 Uncommon trap: reason=class_check action=maybe_recompile pc=0x00000000024983a8 method=com.android.dx.rop.type.Type.equals(Ljava/lang/Object;)Z @ 8
Event: 4.301 Thread 0x0000000001f2e000 Uncommon trap: reason=class_check action=maybe_recompile pc=0x00000000024983a8 method=com.android.dx.rop.type.Type.equals(Ljava/lang/Object;)Z @ 8

Internal exceptions (2 events):
Event: 0.102 Thread 0x0000000001f2e000 Exception <a 'java/lang/NoSuchMethodError': Method sun.misc.Unsafe.defineClass(Ljava/lang/String;[BII)Ljava/lang/Class; name or signature does not match> (0x000000076ab07cc0) thrown at [C:\re\workspace\8-2-build-windows-amd64-cygwin\jdk8u91\7017\hotspot\srJí^sv$º?
Event: 0.102 Thread 0x0000000001f2e000 Exception <a 'java/lang/NoSuchMethodError': Method sun.misc.Unsafe.prefetchRead(Ljava/lang/Object;J)V name or signature does not match> (0x000000076ab07fa8) thrown at [C:\re\workspace\8-2-build-windows-amd64-cygwin\jdk8u91\7017\hotspot\src\share\vm\prims\j

Events (10 events):
Event: 3.218 loading class java/util/DualPivotQuicksort done
Event: 4.273 Thread 0x000000001d338800 Uncommon trap: trap_request=0xffffffde fr.pc=0x00000000024983a8
Event: 4.273 Thread 0x000000001d338800 DEOPT PACKING pc=0x00000000024983a8 sp=0x000000001db7eb90
Event: 4.273 Thread 0x000000001d338800 DEOPT UNPACKING pc=0x000000000217582a sp=0x000000001db7eb28 mode 2
Event: 4.296 Thread 0x0000000001f2e000 Uncommon trap: trap_request=0xffffffde fr.pc=0x00000000024983a8
Event: 4.296 Thread 0x0000000001f2e000 DEOPT PACKING pc=0x00000000024983a8 sp=0x000000000202dd10
Event: 4.296 Thread 0x0000000001f2e000 DEOPT UNPACKING pc=0x000000000217582a sp=0x000000000202dca8 mode 2
Event: 4.301 Thread 0x0000000001f2e000 Uncommon trap: trap_request=0xffffffde fr.pc=0x00000000024983a8
Event: 4.301 Thread 0x0000000001f2e000 DEOPT PACKING pc=0x00000000024983a8 sp=0x000000000202dd10
Event: 4.301 Thread 0x0000000001f2e000 DEOPT UNPACKING pc=0x000000000217582a sp=0x000000000202dca8 mode 2


Dynamic libraries:
0x00007ff7cee60000 - 0x00007ff7cee97000 	C:\Program Files\Java\jdk1.8.0_91\bin\java.exe
0x00007ff8c0570000 - 0x00007ff8c0741000 	C:\WINDOWS\SYSTEM32\ntdll.dll
0x00007ff8be1c0000 - 0x00007ff8be26c000 	C:\WINDOWS\System32\KERNEL32.DLL
0x00007ff8a2af0000 - 0x00007ff8a2b23000 	C:\Program Files\AVAST Software\Avast\x64\aswhooka.dll
0x00007ff8bcac0000 - 0x00007ff8bccdd000 	C:\WINDOWS\System32\KERNELBASE.dll
0x00007ff8be0f0000 - 0x00007ff8be192000 	C:\WINDOWS\System32\ADVAPI32.dll
0x00007ff8c00a0000 - 0x00007ff8c013e000 	C:\WINDOWS\System32\msvcrt.dll
0x00007ff8bfc00000 - 0x00007ff8bfc59000 	C:\WINDOWS\System32\sechost.dll
0x00007ff8bde40000 - 0x00007ff8bdf61000 	C:\WINDOWS\System32\RPCRT4.dll
0x00007ff8bf9c0000 - 0x00007ff8bfb25000 	C:\WINDOWS\System32\USER32.dll
0x00007ff8bdae0000 - 0x00007ff8bdafe000 	C:\WINDOWS\System32\win32u.dll
0x00007ff8bdb00000 - 0x00007ff8bdb34000 	C:\WINDOWS\System32\GDI32.dll
0x00007ff8bd5e0000 - 0x00007ff8bd762000 	C:\WINDOWS\System32\gdi32full.dll
0x00007ff8b25d0000 - 0x00007ff8b284a000 	C:\WINDOWS\WinSxS\amd64_microsoft.windows.common-controls_6595b64144ccf1df_6.0.14393.953_none_42151e83c686086b\COMCTL32.dll
0x00007ff8bfdd0000 - 0x00007ff8c0098000 	C:\WINDOWS\System32\combase.dll
0x00007ff8bcce0000 - 0x00007ff8bcdd5000 	C:\WINDOWS\System32\ucrtbase.dll
0x00007ff8bd570000 - 0x00007ff8bd5da000 	C:\WINDOWS\System32\bcryptPrimitives.dll
0x00007ff8bfda0000 - 0x00007ff8bfdce000 	C:\WINDOWS\System32\IMM32.DLL
0x0000000077eb0000 - 0x0000000077f82000 	C:\Program Files\Java\jdk1.8.0_91\jre\bin\msvcr100.dll
0x0000000050330000 - 0x0000000050bc3000 	C:\Program Files\Java\jdk1.8.0_91\jre\bin\server\jvm.dll
0x00007ff8bfbf0000 - 0x00007ff8bfbf8000 	C:\WINDOWS\System32\PSAPI.DLL
0x00007ff8b29c0000 - 0x00007ff8b29c9000 	C:\WINDOWS\SYSTEM32\WSOCK32.dll
0x00007ff8bf950000 - 0x00007ff8bf9ba000 	C:\WINDOWS\System32\WS2_32.dll
0x00007ff8ba910000 - 0x00007ff8ba933000 	C:\WINDOWS\SYSTEM32\WINMM.dll
0x00007ff8ae2d0000 - 0x00007ff8ae2da000 	C:\WINDOWS\SYSTEM32\VERSION.dll
0x00007ff8ba8b0000 - 0x00007ff8ba8db000 	C:\WINDOWS\SYSTEM32\WINMMBASE.dll
0x00007ff8bd9f0000 - 0x00007ff8bda32000 	C:\WINDOWS\System32\cfgmgr32.dll
0x0000000050320000 - 0x000000005032f000 	C:\Program Files\Java\jdk1.8.0_91\jre\bin\verify.dll
0x00000000502f0000 - 0x0000000050319000 	C:\Program Files\Java\jdk1.8.0_91\jre\bin\java.dll
0x00000000502d0000 - 0x00000000502e6000 	C:\Program Files\Java\jdk1.8.0_91\jre\bin\zip.dll
0x00007ff8be3e0000 - 0x00007ff8bf8e8000 	C:\WINDOWS\System32\SHELL32.dll
0x00007ff8bcde0000 - 0x00007ff8bd4ba000 	C:\WINDOWS\System32\windows.storage.dll
0x00007ff8bca00000 - 0x00007ff8bca4c000 	C:\WINDOWS\System32\powrprof.dll
0x00007ff8be030000 - 0x00007ff8be082000 	C:\WINDOWS\System32\shlwapi.dll
0x00007ff8bc9d0000 - 0x00007ff8bc9df000 	C:\WINDOWS\System32\kernel.appcore.dll
0x00007ff8bd4c0000 - 0x00007ff8bd569000 	C:\WINDOWS\System32\shcore.dll
0x00007ff8bc9e0000 - 0x00007ff8bc9f4000 	C:\WINDOWS\System32\profapi.dll

VM Arguments:
jvm_args: -Djava.awt.headless=true -Xmx4g -Dfile.encoding=windows-1252 -Duser.country=MX -Duser.language=es -Duser.variant 
java_command: com.android.dx.command.Main --dex --force-jumbo --num-threads=4 --multi-dex --output C:\Users\mm\Documents\ProjectExperts\app\build\intermediates\transforms\dex\debug\folders\1000\10\com.android.support-design-23.4.0_b774a366ca9103d1cecf12eb951c5a56ff7c950c C:\Users\mm\Documents\ProjectExperts\app\build\intermediates\exploded-aar\com.android.support\design\23.4.0\jars\classes.jar
java_class_path (initial): C:\Users\mm\AppData\Local\Android\sdk\build-tools\24.0.3\lib\dx.jar
Launcher Type: SUN_STANDARD

Environment Variables:
JAVA_HOME=C:\Program Files\Java\jdk1.8.0_91
PATH=C:\ProgramData\Oracle\Java\javapath;C:\Program Files (x86)\Intel\iCLS Client\;C:\Program Files\Intel\iCLS Client\;C:\WINDOWS\system32;C:\WINDOWS;C:\WINDOWS\System32\Wbem;C:\WINDOWS\System32\WindowsPowerShell\v1.0\;C:\Program Files (x86)\Windows Live\Shared;C:\Program Files\Intel\Intel(R) Management Engine Components\DAL;C:\Program Files\Intel\Intel(R) Management Engine Components\IPT;C:\Program Files (x86)\Intel\Intel(R) Management Engine Components\DAL;C:\Program Files (x86)\Intel\Intel(R) Management Engine Components\IPT;C:\Program Files (x86)\Intel\OpenCL SDK\2.0\bin\x86;C:\Program Files (x86)\Intel\OpenCL SDK\2.0\bin\x64;C:\Program Files\Intel\WiFi\bin\;C:\Program Files\Common Files\Intel\WirelessCommon\;c:\Program Files (x86)\Microsoft SQL Server\100\Tools\Binn\VSShell\Common7\IDE\;c:\Program Files (x86)\Microsoft SQL Server\100\Tools\Binn\;c:\Program Files (x86)\Microsoft SQL Server\100\DTS\Binn\;C:\Program Files\Microsoft SQL Server\110\Tools\Binn\;C:\Program Files (x86)\Microsoft SDKs\TypeScript\1.0\;C:\Program Files\Microsoft SQL Server\120\Tools\Binn\;C:\MinGW\bin;C:\xampp\php;C:\ProgramData\ComposerSetup\bin;C:\WINDOWS\system32\config\systemprofile\.dnx\bin;C:\Program Files\Microsoft DNX\Dnvm\;C:\Program Files\Microsoft SQL Server\130\Tools\Binn\;C:\Program Files (x86)\Windows Kits\10\Windows Performance Toolkit\;C:\Program Files (x86)\nodejs\;C:\Program Files\Git\cmd;C:\Program Files\Microsoft\Web Platform Installer\;C:\Program Files (x86)\Skype\Phone\;C:\Users\mm\AppData\Roaming\Composer\vendor\binC:\Program Files (x86)\Java\jdk1.8.0_45;C:\Users\mm\AppData\Local\Microsoft\WindowsApps;C:\Users\mm\AppData\Roaming\npm
USERNAME=mm
OS=Windows_NT
PROCESSOR_IDENTIFIER=Intel64 Family 6 Model 58 Stepping 9, GenuineIntel



---------------  S Y S T E M  ---------------

OS: Windows 10.0 , 64 bit Build 14393 (10.0.14393.1198)

CPU:total 4 (2 cores per cpu, 2 threads per core) family 6 model 58 stepping 9, cmov, cx8, fxsr, mmx, sse, sse2, sse3, ssse3, sse4.1, sse4.2, popcnt, avx, clmul, erms, ht, tsc, tscinvbit, tscinv

Memory: 4k page, physical 4081596k(190612k free), swap 8177596k(3308k free)

vm_info: Java HotSpot(TM) 64-Bit Server VM (25.91-b15) for windows-amd64 JRE (1.8.0_91-b15), built on May 20 2016 17:43:15 by "java_re" with MS VC++ 10.0 (VS2010)

time: Mon Jun 05 12:24:29 2017
elapsed time: 4 seconds (0d 0h 0m 4s)

