#
# There is insufficient memory for the Java Runtime Environment to continue.
# Native memory allocation (malloc) failed to allocate 1587936 bytes for Chunk::new
# Possible reasons:
#   The system is out of physical RAM or swap space
#   In 32 bit mode, the process size limit was hit
# Possible solutions:
#   Reduce memory load on the system
#   Increase physical memory or swap space
#   Check if swap backing store is full
#   Use 64 bit Java on a 64 bit OS
#   Decrease Java heap size (-Xmx/-Xms)
#   Decrease number of Java threads
#   Decrease Java thread stack sizes (-Xss)
#   Set larger code cache with -XX:ReservedCodeCacheSize=
# This output file may be truncated or incomplete.
#
#  Out of Memory Error (allocation.cpp:390), pid=5848, tid=2660
#
# JRE version: Java(TM) SE Runtime Environment (8.0_91-b15) (build 1.8.0_91-b15)
# Java VM: Java HotSpot(TM) 64-Bit Server VM (25.91-b15 mixed mode windows-amd64 compressed oops)
# Failed to write core dump. Minidumps are not enabled by default on client versions of Windows
#

---------------  T H R E A D  ---------------

Current thread (0x000000001b85d800):  JavaThread "C2 CompilerThread0" daemon [_thread_in_native, id=2660, stack(0x000000001cef0000,0x000000001cff0000)]

Stack: [0x000000001cef0000,0x000000001cff0000]
[error occurred during error reporting (printing stack bounds), id 0xc0000005]

Native frames: (J=compiled Java code, j=interpreted, Vv=VM code, C=native code)


Current CompileTask:
C2:  10286 1196   !   4       com.android.dx.cf.code.BytecodeArray::parseInstruction (2764 bytes)


---------------  P R O C E S S  ---------------

Java Threads: ( => current thread )
  0x000000001d48b800 JavaThread "pool-2-thread-4" [_thread_blocked, id=4484, stack(0x000000001dbf0000,0x000000001dcf0000)]
  0x000000001d4b0000 JavaThread "pool-2-thread-3" [_thread_blocked, id=12732, stack(0x000000001daf0000,0x000000001dbf0000)]
  0x000000001d464000 JavaThread "pool-2-thread-2" [_thread_in_Java, id=9480, stack(0x000000001d9f0000,0x000000001daf0000)]
  0x000000001d47b800 JavaThread "pool-3-thread-1" [_thread_blocked, id=7920, stack(0x000000001d8f0000,0x000000001d9f0000)]
  0x000000001d47a800 JavaThread "pool-2-thread-1" [_thread_blocked, id=7152, stack(0x000000001d7f0000,0x000000001d8f0000)]
  0x000000001b8be800 JavaThread "Service Thread" daemon [_thread_blocked, id=5644, stack(0x000000001d5f0000,0x000000001d6f0000)]
  0x000000001b8bc000 JavaThread "C1 CompilerThread2" daemon [_thread_blocked, id=12332, stack(0x000000001d0f0000,0x000000001d1f0000)]
  0x000000001b8b1000 JavaThread "C2 CompilerThread1" daemon [_thread_in_native, id=10176, stack(0x000000001cff0000,0x000000001d0f0000)]
=>0x000000001b85d800 JavaThread "C2 CompilerThread0" daemon [_thread_in_native, id=2660, stack(0x000000001cef0000,0x000000001cff0000)]
  0x000000001b85c000 JavaThread "Attach Listener" daemon [_thread_blocked, id=11520, stack(0x000000001cdf0000,0x000000001cef0000)]
  0x000000001b85b000 JavaThread "Signal Dispatcher" daemon [_thread_blocked, id=13200, stack(0x000000001ccf0000,0x000000001cdf0000)]
  0x000000001b84a000 JavaThread "Finalizer" daemon [_thread_blocked, id=2764, stack(0x000000001cae0000,0x000000001cbe0000)]
  0x0000000002180000 JavaThread "Reference Handler" daemon [_thread_blocked, id=11340, stack(0x000000001c9e0000,0x000000001cae0000)]
  0x000000000206e000 JavaThread "main" [_thread_blocked, id=12632, stack(0x0000000001ee0000,0x0000000001fe0000)]

Other Threads:
  0x000000001b827800 VMThread [stack: 0x000000001c8e0000,0x000000001c9e0000] [id=8404]
  0x000000001d1f7800 WatcherThread [stack: 0x000000001d6f0000,0x000000001d7f0000] [id=13148]

VM state:not at safepoint (normal execution)

VM Mutex/Monitor currently owned by a thread: None

Heap:
 PSYoungGen      total 35328K, used 10178K [0x000000076ab00000, 0x000000076d000000, 0x00000007c0000000)
  eden space 32768K, 23% used [0x000000076ab00000,0x000000076b276f30,0x000000076cb00000)
  from space 2560K, 99% used [0x000000076cd80000,0x000000076cff9c78,0x000000076d000000)
  to   space 2560K, 0% used [0x000000076cb00000,0x000000076cb00000,0x000000076cd80000)
 ParOldGen       total 44032K, used 3084K [0x00000006c0000000, 0x00000006c2b00000, 0x000000076ab00000)
  object space 44032K, 7% used [0x00000006c0000000,0x00000006c0303108,0x00000006c2b00000)
 Metaspace       used 5927K, capacity 6960K, committed 7040K, reserved 1056768K
  class space    used 588K, capacity 616K, committed 640K, reserved 1048576K

Card table byte_map: [0x0000000011550000,0x0000000011d60000] byte_map_base: 0x000000000df50000

Marking Bits: (ParMarkBitMap*) 0x0000000050b12f70
 Begin Bits: [0x00000000126c0000, 0x00000000166c0000)
 End Bits:   [0x00000000166c0000, 0x000000001a6c0000)

Polling page: 0x00000000006d0000

CodeCache: size=245760Kb used=5219Kb max_used=5219Kb free=240540Kb
 bounds [0x0000000002190000, 0x00000000026b0000, 0x0000000011190000]
 total_blobs=1539 nmethods=1276 adapters=176
 compilation: enabled

Compilation events (10 events):
Event: 10.277 Thread 0x000000001b8bc000 nmethod 1277 0x00000000026a7650 code [0x00000000026a79e0, 0x00000000026a9968]
Event: 10.277 Thread 0x000000001b8bc000 1278       3       com.android.dx.rop.code.InsnList::contentEquals (54 bytes)
Event: 10.278 Thread 0x000000001b8bc000 nmethod 1278 0x00000000026aaf10 code [0x00000000026ab0e0, 0x00000000026abb88]
Event: 10.281 Thread 0x000000001b8bc000 1279       3       com.android.dx.cf.code.LineNumberList::<init> (6 bytes)
Event: 10.281 Thread 0x000000001b8bc000 nmethod 1279 0x000000000269c010 code [0x000000000269c180, 0x000000000269c308]
Event: 10.281 Thread 0x000000001b8bc000 1283       3       com.android.dx.cf.code.LocalVariableList$Item::<init> (115 bytes)
Event: 10.282 Thread 0x000000001b8bc000 nmethod 1283 0x00000000026a0b90 code [0x00000000026a0d80, 0x00000000026a1488]
Event: 10.282 Thread 0x000000001b8bc000 1282       3       com.android.dx.cf.attrib.AttLineNumberTable::byteLength (13 bytes)
Event: 10.283 Thread 0x000000001b8bc000 nmethod 1282 0x00000000026abed0 code [0x00000000026ac040, 0x00000000026ac290]
Event: 10.283 Thread 0x000000001b8bc000 1280       3       com.android.dx.cf.code.BytecodeArray::<init> (43 bytes)

GC Heap History (4 events):
Event: 9.106 GC heap before
{Heap before GC invocations=1 (full 0):
 PSYoungGen      total 18944K, used 16384K [0x000000076ab00000, 0x000000076c000000, 0x00000007c0000000)
  eden space 16384K, 100% used [0x000000076ab00000,0x000000076bb00000,0x000000076bb00000)
  from space 2560K, 0% used [0x000000076bd80000,0x000000076bd80000,0x000000076c000000)
  to   space 2560K, 0% used [0x000000076bb00000,0x000000076bb00000,0x000000076bd80000)
 ParOldGen       total 44032K, used 0K [0x00000006c0000000, 0x00000006c2b00000, 0x000000076ab00000)
  object space 44032K, 0% used [0x00000006c0000000,0x00000006c0000000,0x00000006c2b00000)
 Metaspace       used 5527K, capacity 6640K, committed 6784K, reserved 1056768K
  class space    used 583K, capacity 616K, committed 640K, reserved 1048576K
Event: 9.216 GC heap after
Heap after GC invocations=1 (full 0):
 PSYoungGen      total 18944K, used 2541K [0x000000076ab00000, 0x000000076d000000, 0x00000007c0000000)
  eden space 16384K, 0% used [0x000000076ab00000,0x000000076ab00000,0x000000076bb00000)
  from space 2560K, 99% used [0x000000076bb00000,0x000000076bd7b760,0x000000076bd80000)
  to   space 2560K, 0% used [0x000000076cd80000,0x000000076cd80000,0x000000076d000000)
 ParOldGen       total 44032K, used 1155K [0x00000006c0000000, 0x00000006c2b00000, 0x000000076ab00000)
  object space 44032K, 2% used [0x00000006c0000000,0x00000006c0120cf0,0x00000006c2b00000)
 Metaspace       used 5527K, capacity 6640K, committed 6784K, reserved 1056768K
  class space    used 583K, capacity 616K, committed 640K, reserved 1048576K
}
Event: 10.029 GC heap before
{Heap before GC invocations=2 (full 0):
 PSYoungGen      total 18944K, used 18925K [0x000000076ab00000, 0x000000076d000000, 0x00000007c0000000)
  eden space 16384K, 100% used [0x000000076ab00000,0x000000076bb00000,0x000000076bb00000)
  from space 2560K, 99% used [0x000000076bb00000,0x000000076bd7b760,0x000000076bd80000)
  to   space 2560K, 0% used [0x000000076cd80000,0x000000076cd80000,0x000000076d000000)
 ParOldGen       total 44032K, used 1155K [0x00000006c0000000, 0x00000006c2b00000, 0x000000076ab00000)
  object space 44032K, 2% used [0x00000006c0000000,0x00000006c0120cf0,0x00000006c2b00000)
 Metaspace       used 5835K, capacity 6896K, committed 7040K, reserved 1056768K
  class space    used 587K, capacity 616K, committed 640K, reserved 1048576K
Event: 10.081 GC heap after
Heap after GC invocations=2 (full 0):
 PSYoungGen      total 35328K, used 2535K [0x000000076ab00000, 0x000000076d000000, 0x00000007c0000000)
  eden space 32768K, 0% used [0x000000076ab00000,0x000000076ab00000,0x000000076cb00000)
  from space 2560K, 99% used [0x000000076cd80000,0x000000076cff9c78,0x000000076d000000)
  to   space 2560K, 0% used [0x000000076cb00000,0x000000076cb00000,0x000000076cd80000)
 ParOldGen       total 44032K, used 3084K [0x00000006c0000000, 0x00000006c2b00000, 0x000000076ab00000)
  object space 44032K, 7% used [0x00000006c0000000,0x00000006c0303108,0x00000006c2b00000)
 Metaspace       used 5835K, capacity 6896K, committed 7040K, reserved 1056768K
  class space    used 587K, capacity 616K, committed 640K, reserved 1048576K
}

Deoptimization events (7 events):
Event: 5.089 Thread 0x000000000206e000 Uncommon trap: reason=unstable_if action=reinterpret pc=0x00000000022dfda8 method=java.lang.String.compareTo(Ljava/lang/String;)I @ 38
Event: 8.885 Thread 0x000000001d48b800 Uncommon trap: reason=unstable_if action=reinterpret pc=0x00000000023cecf4 method=java.util.HashMap.getNode(ILjava/lang/Object;)Ljava/util/HashMap$Node; @ 62
Event: 10.014 Thread 0x000000001d48b800 Uncommon trap: reason=class_check action=maybe_recompile pc=0x000000000247a758 method=com.android.dx.ssa.NormalSsaInsn.accept(Lcom/android/dx/ssa/SsaInsn$Visitor;)V @ 9
Event: 10.015 Thread 0x000000001d48b800 Uncommon trap: reason=class_check action=maybe_recompile pc=0x000000000247a758 method=com.android.dx.ssa.NormalSsaInsn.accept(Lcom/android/dx/ssa/SsaInsn$Visitor;)V @ 9
Event: 10.015 Thread 0x000000001d48b800 Uncommon trap: reason=class_check action=maybe_recompile pc=0x000000000247a758 method=com.android.dx.ssa.NormalSsaInsn.accept(Lcom/android/dx/ssa/SsaInsn$Visitor;)V @ 9
Event: 10.015 Thread 0x000000001d48b800 Uncommon trap: reason=class_check action=maybe_recompile pc=0x000000000247a758 method=com.android.dx.ssa.NormalSsaInsn.accept(Lcom/android/dx/ssa/SsaInsn$Visitor;)V @ 9
Event: 10.015 Thread 0x000000001d48b800 Uncommon trap: reason=class_check action=maybe_recompile pc=0x00000000023dd470 method=com.android.dx.ssa.NormalSsaInsn.accept(Lcom/android/dx/ssa/SsaInsn$Visitor;)V @ 9

Internal exceptions (2 events):
Event: 2.119 Thread 0x000000000206e000 Exception <a 'java/lang/NoSuchMethodError': Method sun.misc.Unsafe.defineClass(Ljava/lang/String;[BII)Ljava/lang/Class; name or signature does not match> (0x000000076ab07cc0) thrown at [C:\re\workspace\8-2-build-windows-amd64-cygwin\jdk8u91\7017\hotspot\srQELUSô
Event: 2.119 Thread 0x000000000206e000 Exception <a 'java/lang/NoSuchMethodError': Method sun.misc.Unsafe.prefetchRead(Ljava/lang/Object;J)V name or signature does not match> (0x000000076ab07fa8) thrown at [C:\re\workspace\8-2-build-windows-amd64-cygwin\jdk8u91\7017\hotspot\src\share\vm\prims\j

Events (10 events):
Event: 10.015 Thread 0x000000001d48b800 DEOPT PACKING pc=0x00000000023dd470 sp=0x000000001dcee870
Event: 10.015 Thread 0x000000001d48b800 DEOPT UNPACKING pc=0x00000000021d582a sp=0x000000001dcee810 mode 2
Event: 10.021 Executing VM operation: ParallelGCFailedAllocation
Event: 10.081 Executing VM operation: ParallelGCFailedAllocation done
Event: 10.147 loading class java/util/TreeMap$EntrySet
Event: 10.147 loading class java/util/TreeMap$EntrySet done
Event: 10.147 loading class java/util/TreeMap$EntryIterator
Event: 10.148 loading class java/util/TreeMap$EntryIterator done
Event: 10.148 Executing VM operation: Deoptimize
Event: 10.148 Executing VM operation: Deoptimize done


Dynamic libraries:
0x00007ff6536a0000 - 0x00007ff6536d7000 	C:\Program Files\Java\jdk1.8.0_91\bin\java.exe
0x00007ff8c0570000 - 0x00007ff8c0741000 	C:\WINDOWS\SYSTEM32\ntdll.dll
0x00007ff8be1c0000 - 0x00007ff8be26c000 	C:\WINDOWS\System32\KERNEL32.DLL
0x00007ff8a2af0000 - 0x00007ff8a2b23000 	C:\Program Files\AVAST Software\Avast\x64\aswhooka.dll
0x00007ff8bcac0000 - 0x00007ff8bccdd000 	C:\WINDOWS\System32\KERNELBASE.dll
0x00007ff8be0f0000 - 0x00007ff8be192000 	C:\WINDOWS\System32\ADVAPI32.dll
0x00007ff8c00a0000 - 0x00007ff8c013e000 	C:\WINDOWS\System32\msvcrt.dll
0x00007ff8bfc00000 - 0x00007ff8bfc59000 	C:\WINDOWS\System32\sechost.dll
0x00007ff8bde40000 - 0x00007ff8bdf61000 	C:\WINDOWS\System32\RPCRT4.dll
0x00007ff8bf9c0000 - 0x00007ff8bfb25000 	C:\WINDOWS\System32\USER32.dll
0x00007ff8bdae0000 - 0x00007ff8bdafe000 	C:\WINDOWS\System32\win32u.dll
0x00007ff8bdb00000 - 0x00007ff8bdb34000 	C:\WINDOWS\System32\GDI32.dll
0x00007ff8bd5e0000 - 0x00007ff8bd762000 	C:\WINDOWS\System32\gdi32full.dll
0x00007ff8b25d0000 - 0x00007ff8b284a000 	C:\WINDOWS\WinSxS\amd64_microsoft.windows.common-controls_6595b64144ccf1df_6.0.14393.953_none_42151e83c686086b\COMCTL32.dll
0x00007ff8bfdd0000 - 0x00007ff8c0098000 	C:\WINDOWS\System32\combase.dll
0x00007ff8bcce0000 - 0x00007ff8bcdd5000 	C:\WINDOWS\System32\ucrtbase.dll
0x00007ff8bd570000 - 0x00007ff8bd5da000 	C:\WINDOWS\System32\bcryptPrimitives.dll
0x00007ff8bfda0000 - 0x00007ff8bfdce000 	C:\WINDOWS\System32\IMM32.DLL
0x0000000077ea0000 - 0x0000000077f72000 	C:\Program Files\Java\jdk1.8.0_91\jre\bin\msvcr100.dll
0x0000000050300000 - 0x0000000050b93000 	C:\Program Files\Java\jdk1.8.0_91\jre\bin\server\jvm.dll
0x00007ff8bfbf0000 - 0x00007ff8bfbf8000 	C:\WINDOWS\System32\PSAPI.DLL
0x00007ff8b1e70000 - 0x00007ff8b1e79000 	C:\WINDOWS\SYSTEM32\WSOCK32.dll
0x00007ff8bf950000 - 0x00007ff8bf9ba000 	C:\WINDOWS\System32\WS2_32.dll
0x00007ff8ba910000 - 0x00007ff8ba933000 	C:\WINDOWS\SYSTEM32\WINMM.dll
0x00007ff8ae2d0000 - 0x00007ff8ae2da000 	C:\WINDOWS\SYSTEM32\VERSION.dll
0x00007ff8ba8b0000 - 0x00007ff8ba8db000 	C:\WINDOWS\SYSTEM32\WINMMBASE.dll
0x00007ff8bd9f0000 - 0x00007ff8bda32000 	C:\WINDOWS\System32\cfgmgr32.dll
0x0000000051a60000 - 0x0000000051a6f000 	C:\Program Files\Java\jdk1.8.0_91\jre\bin\verify.dll
0x00000000517b0000 - 0x00000000517d9000 	C:\Program Files\Java\jdk1.8.0_91\jre\bin\java.dll
0x0000000051a40000 - 0x0000000051a56000 	C:\Program Files\Java\jdk1.8.0_91\jre\bin\zip.dll
0x00007ff8be3e0000 - 0x00007ff8bf8e8000 	C:\WINDOWS\System32\SHELL32.dll
0x00007ff8bcde0000 - 0x00007ff8bd4ba000 	C:\WINDOWS\System32\windows.storage.dll
0x00007ff8bca00000 - 0x00007ff8bca4c000 	C:\WINDOWS\System32\powrprof.dll
0x00007ff8be030000 - 0x00007ff8be082000 	C:\WINDOWS\System32\shlwapi.dll
0x00007ff8bc9d0000 - 0x00007ff8bc9df000 	C:\WINDOWS\System32\kernel.appcore.dll
0x00007ff8bd4c0000 - 0x00007ff8bd569000 	C:\WINDOWS\System32\shcore.dll
0x00007ff8bc9e0000 - 0x00007ff8bc9f4000 	C:\WINDOWS\System32\profapi.dll

VM Arguments:
jvm_args: -Djava.awt.headless=true -Xmx4g -Dfile.encoding=windows-1252 -Duser.country=MX -Duser.language=es -Duser.variant 
java_command: com.android.dx.command.Main --dex --force-jumbo --num-threads=4 --multi-dex --output C:\Users\mm\Documents\ProjectExperts\app\build\intermediates\transforms\dex\debug\folders\1000\10\com.android.support-support-media-compat-25.2.0_ec68adb2871170dfc8554c51836f51fc7c00e0dd C:\Users\mm\Documents\ProjectExperts\app\build\intermediates\exploded-aar\com.android.support\support-media-compat\25.2.0\jars\classes.jar
java_class_path (initial): C:\Users\mm\AppData\Local\Android\sdk\build-tools\25.0.3\lib\dx.jar
Launcher Type: SUN_STANDARD

Environment Variables:
JAVA_HOME=C:\Program Files\Java\jdk1.8.0_91
PATH=C:\ProgramData\Oracle\Java\javapath;C:\Program Files (x86)\Intel\iCLS Client\;C:\Program Files\Intel\iCLS Client\;C:\WINDOWS\system32;C:\WINDOWS;C:\WINDOWS\System32\Wbem;C:\WINDOWS\System32\WindowsPowerShell\v1.0\;C:\Program Files (x86)\Windows Live\Shared;C:\Program Files\Intel\Intel(R) Management Engine Components\DAL;C:\Program Files\Intel\Intel(R) Management Engine Components\IPT;C:\Program Files (x86)\Intel\Intel(R) Management Engine Components\DAL;C:\Program Files (x86)\Intel\Intel(R) Management Engine Components\IPT;C:\Program Files (x86)\Intel\OpenCL SDK\2.0\bin\x86;C:\Program Files (x86)\Intel\OpenCL SDK\2.0\bin\x64;C:\Program Files\Intel\WiFi\bin\;C:\Program Files\Common Files\Intel\WirelessCommon\;c:\Program Files (x86)\Microsoft SQL Server\100\Tools\Binn\VSShell\Common7\IDE\;c:\Program Files (x86)\Microsoft SQL Server\100\Tools\Binn\;c:\Program Files (x86)\Microsoft SQL Server\100\DTS\Binn\;C:\Program Files\Microsoft SQL Server\110\Tools\Binn\;C:\Program Files (x86)\Microsoft SDKs\TypeScript\1.0\;C:\Program Files\Microsoft SQL Server\120\Tools\Binn\;C:\MinGW\bin;C:\xampp\php;C:\ProgramData\ComposerSetup\bin;C:\WINDOWS\system32\config\systemprofile\.dnx\bin;C:\Program Files\Microsoft DNX\Dnvm\;C:\Program Files\Microsoft SQL Server\130\Tools\Binn\;C:\Program Files (x86)\Windows Kits\10\Windows Performance Toolkit\;C:\Program Files (x86)\nodejs\;C:\Program Files\Git\cmd;C:\Program Files\Microsoft\Web Platform Installer\;C:\Program Files (x86)\Skype\Phone\;C:\Users\mm\AppData\Roaming\Composer\vendor\binC:\Program Files (x86)\Java\jdk1.8.0_45;C:\Users\mm\AppData\Local\Microsoft\WindowsApps;C:\Users\mm\AppData\Roaming\npm
USERNAME=mm
OS=Windows_NT
PROCESSOR_IDENTIFIER=Intel64 Family 6 Model 58 Stepping 9, GenuineIntel



---------------  S Y S T E M  ---------------

OS: Windows 10.0 , 64 bit Build 14393 (10.0.14393.1198)

CPU:total 4 (2 cores per cpu, 2 threads per core) family 6 model 58 stepping 9, cmov, cx8, fxsr, mmx, sse, sse2, sse3, ssse3, sse4.1, sse4.2, popcnt, avx, clmul, erms, ht, tsc, tscinvbit, tscinv

Memory: 4k page, physical 4081596k(375860k free), swap 8177596k(5540k free)

vm_info: Java HotSpot(TM) 64-Bit Server VM (25.91-b15) for windows-amd64 JRE (1.8.0_91-b15), built on May 20 2016 17:43:15 by "java_re" with MS VC++ 10.0 (VS2010)

time: Wed Jun 07 14:52:30 2017
elapsed time: 10 seconds (0d 0h 0m 10s)

