#
# There is insufficient memory for the Java Runtime Environment to continue.
# Native memory allocation (malloc) failed to allocate 1551136 bytes for Chunk::new
# Possible reasons:
#   The system is out of physical RAM or swap space
#   In 32 bit mode, the process size limit was hit
# Possible solutions:
#   Reduce memory load on the system
#   Increase physical memory or swap space
#   Check if swap backing store is full
#   Use 64 bit Java on a 64 bit OS
#   Decrease Java heap size (-Xmx/-Xms)
#   Decrease number of Java threads
#   Decrease Java thread stack sizes (-Xss)
#   Set larger code cache with -XX:ReservedCodeCacheSize=
# This output file may be truncated or incomplete.
#
#  Out of Memory Error (allocation.cpp:390), pid=9772, tid=9296
#
# JRE version: Java(TM) SE Runtime Environment (8.0_91-b15) (build 1.8.0_91-b15)
# Java VM: Java HotSpot(TM) 64-Bit Server VM (25.91-b15 mixed mode windows-amd64 compressed oops)
# Failed to write core dump. Minidumps are not enabled by default on client versions of Windows
#

---------------  T H R E A D  ---------------

Current thread (0x000000001b7ec000):  JavaThread "C2 CompilerThread1" daemon [_thread_in_native, id=9296, stack(0x000000001cef0000,0x000000001cff0000)]

Stack: [0x000000001cef0000,0x000000001cff0000]
[error occurred during error reporting (printing stack bounds), id 0xc0000005]

Native frames: (J=compiled Java code, j=interpreted, Vv=VM code, C=native code)


Current CompileTask:
C2:   7444 1309   !   4       com.android.dx.cf.code.BytecodeArray::parseInstruction (2764 bytes)


---------------  P R O C E S S  ---------------

Java Threads: ( => current thread )
  0x000000001d24a000 JavaThread "pool-2-thread-4" [_thread_in_Java, id=10832, stack(0x000000001daf0000,0x000000001dbf0000)]
  0x000000001d249800 JavaThread "pool-2-thread-3" [_thread_in_Java, id=5508, stack(0x000000001d9f0000,0x000000001daf0000)]
  0x000000001d23a000 JavaThread "pool-2-thread-2" [_thread_in_Java, id=5584, stack(0x000000001d8f0000,0x000000001d9f0000)]
  0x000000001d239800 JavaThread "pool-3-thread-1" [_thread_blocked, id=9384, stack(0x000000001d7f0000,0x000000001d8f0000)]
  0x000000001d2cb000 JavaThread "pool-2-thread-1" [_thread_in_Java, id=10544, stack(0x000000001d6f0000,0x000000001d7f0000)]
  0x000000001cff6000 JavaThread "Service Thread" daemon [_thread_blocked, id=10180, stack(0x000000001d4f0000,0x000000001d5f0000)]
  0x000000001cff0800 JavaThread "C1 CompilerThread2" daemon [_thread_blocked, id=10304, stack(0x000000001d3f0000,0x000000001d4f0000)]
=>0x000000001b7ec000 JavaThread "C2 CompilerThread1" daemon [_thread_in_native, id=9296, stack(0x000000001cef0000,0x000000001cff0000)]
  0x000000001b78d800 JavaThread "C2 CompilerThread0" daemon [_thread_in_native, id=3796, stack(0x000000001cdf0000,0x000000001cef0000)]
  0x000000001b78b800 JavaThread "Attach Listener" daemon [_thread_blocked, id=9544, stack(0x000000001ccf0000,0x000000001cdf0000)]
  0x00000000020be800 JavaThread "Signal Dispatcher" daemon [_thread_blocked, id=8396, stack(0x000000001cbf0000,0x000000001ccf0000)]
  0x000000001b77a000 JavaThread "Finalizer" daemon [_thread_blocked, id=5428, stack(0x000000001c9e0000,0x000000001cae0000)]
  0x00000000020b0000 JavaThread "Reference Handler" daemon [_thread_blocked, id=10144, stack(0x000000001c8e0000,0x000000001c9e0000)]
  0x0000000001fbd800 JavaThread "main" [_thread_in_vm, id=10400, stack(0x0000000001e00000,0x0000000001f00000)]

Other Threads:
  0x000000001b757800 VMThread [stack: 0x000000001c7e0000,0x000000001c8e0000] [id=1924]
  0x000000001d01b800 WatcherThread [stack: 0x000000001d5f0000,0x000000001d6f0000] [id=8128]

VM state:not at safepoint (normal execution)

VM Mutex/Monitor currently owned by a thread: None

Heap:
 PSYoungGen      total 35328K, used 14224K [0x000000076ab00000, 0x000000076d000000, 0x00000007c0000000)
  eden space 32768K, 35% used [0x000000076ab00000,0x000000076b66c388,0x000000076cb00000)
  from space 2560K, 98% used [0x000000076cd80000,0x000000076cff8028,0x000000076d000000)
  to   space 2560K, 0% used [0x000000076cb00000,0x000000076cb00000,0x000000076cd80000)
 ParOldGen       total 44032K, used 3413K [0x00000006c0000000, 0x00000006c2b00000, 0x000000076ab00000)
  object space 44032K, 7% used [0x00000006c0000000,0x00000006c0355678,0x00000006c2b00000)
 Metaspace       used 6154K, capacity 7026K, committed 7296K, reserved 1056768K
  class space    used 600K, capacity 618K, committed 640K, reserved 1048576K

Card table byte_map: [0x0000000011480000,0x0000000011c90000] byte_map_base: 0x000000000de80000

Marking Bits: (ParMarkBitMap*) 0x0000000050b42f70
 Begin Bits: [0x00000000125f0000, 0x00000000165f0000)
 End Bits:   [0x00000000165f0000, 0x000000001a5f0000)

Polling page: 0x0000000001dd0000

CodeCache: size=245760Kb used=5892Kb max_used=5905Kb free=239867Kb
 bounds [0x00000000020c0000, 0x0000000002690000, 0x00000000110c0000]
 total_blobs=1706 nmethods=1437 adapters=182
 compilation: enabled

Compilation events (10 events):
Event: 7.006 Thread 0x000000001cff0800 1364       3       com.android.dx.ssa.BasicRegisterMapper::oldToNew (22 bytes)
Event: 7.007 Thread 0x000000001cff0800 nmethod 1364 0x000000000261de90 code [0x000000000261e000, 0x000000000261e2e8]
Event: 7.009 Thread 0x000000001cff0800 1366       3       com.android.dx.ssa.SsaBasicBlock::addMoveToEnd (172 bytes)
Event: 7.013 Thread 0x000000001cff0800 nmethod 1366 0x000000000261e3d0 code [0x000000000261e760, 0x00000000026206e8]
Event: 7.016 Thread 0x000000001cff0800 1367       3       com.android.dx.ssa.SsaMethod$2::visitPhiInsn (6 bytes)
Event: 7.017 Thread 0x000000001cff0800 nmethod 1367 0x0000000002621c90 code [0x0000000002621e00, 0x0000000002621f88]
Event: 7.017 Thread 0x000000001cff0800 1368       3       com.android.dx.rop.code.LocalVariableExtractor::doit (49 bytes)
Event: 7.018 Thread 0x000000001cff0800 nmethod 1368 0x0000000002622010 code [0x00000000026221a0, 0x0000000002622658]
Event: 7.019 Thread 0x000000001cff0800 1369       3       com.android.dx.util.LabeledList::<init> (57 bytes)
Event: 7.020 Thread 0x000000001cff0800 nmethod 1369 0x0000000002622890 code [0x0000000002622ac0, 0x0000000002623778]

GC Heap History (4 events):
Event: 3.406 GC heap before
{Heap before GC invocations=1 (full 0):
 PSYoungGen      total 18944K, used 16384K [0x000000076ab00000, 0x000000076c000000, 0x00000007c0000000)
  eden space 16384K, 100% used [0x000000076ab00000,0x000000076bb00000,0x000000076bb00000)
  from space 2560K, 0% used [0x000000076bd80000,0x000000076bd80000,0x000000076c000000)
  to   space 2560K, 0% used [0x000000076bb00000,0x000000076bb00000,0x000000076bd80000)
 ParOldGen       total 44032K, used 0K [0x00000006c0000000, 0x00000006c2b00000, 0x000000076ab00000)
  object space 44032K, 0% used [0x00000006c0000000,0x00000006c0000000,0x00000006c2b00000)
 Metaspace       used 5740K, capacity 6640K, committed 6784K, reserved 1056768K
  class space    used 598K, capacity 616K, committed 640K, reserved 1048576K
Event: 3.635 GC heap after
Heap after GC invocations=1 (full 0):
 PSYoungGen      total 18944K, used 2556K [0x000000076ab00000, 0x000000076d000000, 0x00000007c0000000)
  eden space 16384K, 0% used [0x000000076ab00000,0x000000076ab00000,0x000000076bb00000)
  from space 2560K, 99% used [0x000000076bb00000,0x000000076bd7f018,0x000000076bd80000)
  to   space 2560K, 0% used [0x000000076cd80000,0x000000076cd80000,0x000000076d000000)
 ParOldGen       total 44032K, used 1214K [0x00000006c0000000, 0x00000006c2b00000, 0x000000076ab00000)
  object space 44032K, 2% used [0x00000006c0000000,0x00000006c012fae0,0x00000006c2b00000)
 Metaspace       used 5740K, capacity 6640K, committed 6784K, reserved 1056768K
  class space    used 598K, capacity 616K, committed 640K, reserved 1048576K
}
Event: 6.182 GC heap before
{Heap before GC invocations=2 (full 0):
 PSYoungGen      total 18944K, used 18940K [0x000000076ab00000, 0x000000076d000000, 0x00000007c0000000)
  eden space 16384K, 100% used [0x000000076ab00000,0x000000076bb00000,0x000000076bb00000)
  from space 2560K, 99% used [0x000000076bb00000,0x000000076bd7f018,0x000000076bd80000)
  to   space 2560K, 0% used [0x000000076cd80000,0x000000076cd80000,0x000000076d000000)
 ParOldGen       total 44032K, used 1214K [0x00000006c0000000, 0x00000006c2b00000, 0x000000076ab00000)
  object space 44032K, 2% used [0x00000006c0000000,0x00000006c012fae0,0x00000006c2b00000)
 Metaspace       used 6076K, capacity 6962K, committed 7040K, reserved 1056768K
  class space    used 600K, capacity 618K, committed 640K, reserved 1048576K
Event: 6.764 GC heap after
Heap after GC invocations=2 (full 0):
 PSYoungGen      total 35328K, used 2528K [0x000000076ab00000, 0x000000076d000000, 0x00000007c0000000)
  eden space 32768K, 0% used [0x000000076ab00000,0x000000076ab00000,0x000000076cb00000)
  from space 2560K, 98% used [0x000000076cd80000,0x000000076cff8028,0x000000076d000000)
  to   space 2560K, 0% used [0x000000076cb00000,0x000000076cb00000,0x000000076cd80000)
 ParOldGen       total 44032K, used 3413K [0x00000006c0000000, 0x00000006c2b00000, 0x000000076ab00000)
  object space 44032K, 7% used [0x00000006c0000000,0x00000006c0355678,0x00000006c2b00000)
 Metaspace       used 6076K, capacity 6962K, committed 7040K, reserved 1056768K
  class space    used 600K, capacity 618K, committed 640K, reserved 1048576K
}

Deoptimization events (10 events):
Event: 3.719 Thread 0x000000001d249800 Uncommon trap: reason=unstable_if action=reinterpret pc=0x000000000233e0b4 method=java.util.BitSet.nextSetBit(I)I @ 87
Event: 5.557 Thread 0x000000001d24a000 Uncommon trap: reason=bimorphic action=maybe_recompile pc=0x000000000237dcb0 method=java.util.HashMap.getNode(ILjava/lang/Object;)Ljava/util/HashMap$Node; @ 126
Event: 5.557 Thread 0x000000001d24a000 Uncommon trap: reason=class_check action=maybe_recompile pc=0x000000000256dc8c method=java.util.HashMap.putVal(ILjava/lang/Object;Ljava/lang/Object;ZZ)Ljava/lang/Object; @ 203
Event: 5.558 Thread 0x000000001d24a000 Uncommon trap: reason=bimorphic action=maybe_recompile pc=0x000000000237dcb0 method=java.util.HashMap.getNode(ILjava/lang/Object;)Ljava/util/HashMap$Node; @ 126
Event: 5.558 Thread 0x000000001d24a000 Uncommon trap: reason=class_check action=maybe_recompile pc=0x000000000256dc8c method=java.util.HashMap.putVal(ILjava/lang/Object;Ljava/lang/Object;ZZ)Ljava/lang/Object; @ 203
Event: 5.558 Thread 0x000000001d24a000 Uncommon trap: reason=bimorphic action=maybe_recompile pc=0x000000000237dcb0 method=java.util.HashMap.getNode(ILjava/lang/Object;)Ljava/util/HashMap$Node; @ 126
Event: 5.558 Thread 0x000000001d24a000 Uncommon trap: reason=class_check action=maybe_recompile pc=0x000000000256dc8c method=java.util.HashMap.putVal(ILjava/lang/Object;Ljava/lang/Object;ZZ)Ljava/lang/Object; @ 203
Event: 5.558 Thread 0x000000001d24a000 Uncommon trap: reason=bimorphic action=maybe_recompile pc=0x000000000237dcb0 method=java.util.HashMap.getNode(ILjava/lang/Object;)Ljava/util/HashMap$Node; @ 126
Event: 5.558 Thread 0x000000001d24a000 Uncommon trap: reason=bimorphic action=maybe_recompile pc=0x00000000024480c8 method=java.util.HashMap.getNode(ILjava/lang/Object;)Ljava/util/HashMap$Node; @ 126
Event: 5.558 Thread 0x000000001d24a000 Uncommon trap: reason=unstable_if action=reinterpret pc=0x00000000022f4f1c method=com.android.dx.rop.cst.Constant.compareTo(Lcom/android/dx/rop/cst/Constant;)I @ 12

Internal exceptions (2 events):
Event: 0.724 Thread 0x0000000001fbd800 Exception <a 'java/lang/NoSuchMethodError': Method sun.misc.Unsafe.defineClass(Ljava/lang/String;[BII)Ljava/lang/Class; name or signature does not match> (0x000000076ab07cc0) thrown at [C:\re\workspace\8-2-build-windows-amd64-cygwin\jdk8u91\7017\hotspot\src]œ‚S.ç?
Event: 0.724 Thread 0x0000000001fbd800 Exception <a 'java/lang/NoSuchMethodError': Method sun.misc.Unsafe.prefetchRead(Ljava/lang/Object;J)V name or signature does not match> (0x000000076ab07fa8) thrown at [C:\re\workspace\8-2-build-windows-amd64-cygwin\jdk8u91\7017\hotspot\src\share\vm\prims\j

Events (10 events):
Event: 5.558 Thread 0x000000001d24a000 DEOPT PACKING pc=0x000000000237dcb0 sp=0x000000001dbee840
Event: 5.558 Thread 0x000000001d24a000 DEOPT UNPACKING pc=0x000000000210582a sp=0x000000001dbee778 mode 2
Event: 5.558 Thread 0x000000001d24a000 Uncommon trap: trap_request=0xffffffc6 fr.pc=0x00000000024480c8
Event: 5.558 Thread 0x000000001d24a000 DEOPT PACKING pc=0x00000000024480c8 sp=0x000000001dbee7f0
Event: 5.558 Thread 0x000000001d24a000 DEOPT UNPACKING pc=0x000000000210582a sp=0x000000001dbee788 mode 2
Event: 5.558 Thread 0x000000001d24a000 Uncommon trap: trap_request=0xffffff65 fr.pc=0x00000000022f4f1c
Event: 5.558 Thread 0x000000001d24a000 DEOPT PACKING pc=0x00000000022f4f1c sp=0x000000001dbee850
Event: 5.558 Thread 0x000000001d24a000 DEOPT UNPACKING pc=0x000000000210582a sp=0x000000001dbee7f0 mode 2
Event: 5.760 Executing VM operation: ParallelGCFailedAllocation
Event: 6.764 Executing VM operation: ParallelGCFailedAllocation done


Dynamic libraries:
0x00007ff7cee60000 - 0x00007ff7cee97000 	C:\Program Files\Java\jdk1.8.0_91\bin\java.exe
0x00007ff8c0570000 - 0x00007ff8c0741000 	C:\WINDOWS\SYSTEM32\ntdll.dll
0x00007ff8be1c0000 - 0x00007ff8be26c000 	C:\WINDOWS\System32\KERNEL32.DLL
0x00007ff8a2af0000 - 0x00007ff8a2b23000 	C:\Program Files\AVAST Software\Avast\x64\aswhooka.dll
0x00007ff8bcac0000 - 0x00007ff8bccdd000 	C:\WINDOWS\System32\KERNELBASE.dll
0x00007ff8be0f0000 - 0x00007ff8be192000 	C:\WINDOWS\System32\ADVAPI32.dll
0x00007ff8c00a0000 - 0x00007ff8c013e000 	C:\WINDOWS\System32\msvcrt.dll
0x00007ff8bfc00000 - 0x00007ff8bfc59000 	C:\WINDOWS\System32\sechost.dll
0x00007ff8bde40000 - 0x00007ff8bdf61000 	C:\WINDOWS\System32\RPCRT4.dll
0x00007ff8bf9c0000 - 0x00007ff8bfb25000 	C:\WINDOWS\System32\USER32.dll
0x00007ff8bdae0000 - 0x00007ff8bdafe000 	C:\WINDOWS\System32\win32u.dll
0x00007ff8bdb00000 - 0x00007ff8bdb34000 	C:\WINDOWS\System32\GDI32.dll
0x00007ff8bd5e0000 - 0x00007ff8bd762000 	C:\WINDOWS\System32\gdi32full.dll
0x00007ff8b25d0000 - 0x00007ff8b284a000 	C:\WINDOWS\WinSxS\amd64_microsoft.windows.common-controls_6595b64144ccf1df_6.0.14393.953_none_42151e83c686086b\COMCTL32.dll
0x00007ff8bfdd0000 - 0x00007ff8c0098000 	C:\WINDOWS\System32\combase.dll
0x00007ff8bcce0000 - 0x00007ff8bcdd5000 	C:\WINDOWS\System32\ucrtbase.dll
0x00007ff8bd570000 - 0x00007ff8bd5da000 	C:\WINDOWS\System32\bcryptPrimitives.dll
0x00007ff8bfda0000 - 0x00007ff8bfdce000 	C:\WINDOWS\System32\IMM32.DLL
0x0000000077eb0000 - 0x0000000077f82000 	C:\Program Files\Java\jdk1.8.0_91\jre\bin\msvcr100.dll
0x0000000050330000 - 0x0000000050bc3000 	C:\Program Files\Java\jdk1.8.0_91\jre\bin\server\jvm.dll
0x00007ff8bfbf0000 - 0x00007ff8bfbf8000 	C:\WINDOWS\System32\PSAPI.DLL
0x00007ff8b29c0000 - 0x00007ff8b29c9000 	C:\WINDOWS\SYSTEM32\WSOCK32.dll
0x00007ff8bf950000 - 0x00007ff8bf9ba000 	C:\WINDOWS\System32\WS2_32.dll
0x00007ff8ba910000 - 0x00007ff8ba933000 	C:\WINDOWS\SYSTEM32\WINMM.dll
0x00007ff8ae2d0000 - 0x00007ff8ae2da000 	C:\WINDOWS\SYSTEM32\VERSION.dll
0x00007ff8ba8b0000 - 0x00007ff8ba8db000 	C:\WINDOWS\SYSTEM32\WINMMBASE.dll
0x00007ff8bd9f0000 - 0x00007ff8bda32000 	C:\WINDOWS\System32\cfgmgr32.dll
0x0000000050320000 - 0x000000005032f000 	C:\Program Files\Java\jdk1.8.0_91\jre\bin\verify.dll
0x00000000502f0000 - 0x0000000050319000 	C:\Program Files\Java\jdk1.8.0_91\jre\bin\java.dll
0x00000000502d0000 - 0x00000000502e6000 	C:\Program Files\Java\jdk1.8.0_91\jre\bin\zip.dll
0x00007ff8be3e0000 - 0x00007ff8bf8e8000 	C:\WINDOWS\System32\SHELL32.dll
0x00007ff8bcde0000 - 0x00007ff8bd4ba000 	C:\WINDOWS\System32\windows.storage.dll
0x00007ff8bca00000 - 0x00007ff8bca4c000 	C:\WINDOWS\System32\powrprof.dll
0x00007ff8be030000 - 0x00007ff8be082000 	C:\WINDOWS\System32\shlwapi.dll
0x00007ff8bc9d0000 - 0x00007ff8bc9df000 	C:\WINDOWS\System32\kernel.appcore.dll
0x00007ff8bd4c0000 - 0x00007ff8bd569000 	C:\WINDOWS\System32\shcore.dll
0x00007ff8bc9e0000 - 0x00007ff8bc9f4000 	C:\WINDOWS\System32\profapi.dll

VM Arguments:
jvm_args: -Djava.awt.headless=true -Xmx4g -Dfile.encoding=windows-1252 -Duser.country=MX -Duser.language=es -Duser.variant 
java_command: com.android.dx.command.Main --dex --force-jumbo --num-threads=4 --multi-dex --output C:\Users\mm\Documents\ProjectExperts\app\build\intermediates\transforms\dex\debug\folders\1000\2\httpcore-4.4.5_1fc4002d0c2aa87bb7d816928c8a517844fa406f C:\Users\mm\Documents\ProjectExperts\app\src\main\java\httpcore-4.4.5.jar
java_class_path (initial): C:\Users\mm\AppData\Local\Android\sdk\build-tools\24.0.3\lib\dx.jar
Launcher Type: SUN_STANDARD

Environment Variables:
JAVA_HOME=C:\Program Files\Java\jdk1.8.0_91
PATH=C:\ProgramData\Oracle\Java\javapath;C:\Program Files (x86)\Intel\iCLS Client\;C:\Program Files\Intel\iCLS Client\;C:\WINDOWS\system32;C:\WINDOWS;C:\WINDOWS\System32\Wbem;C:\WINDOWS\System32\WindowsPowerShell\v1.0\;C:\Program Files (x86)\Windows Live\Shared;C:\Program Files\Intel\Intel(R) Management Engine Components\DAL;C:\Program Files\Intel\Intel(R) Management Engine Components\IPT;C:\Program Files (x86)\Intel\Intel(R) Management Engine Components\DAL;C:\Program Files (x86)\Intel\Intel(R) Management Engine Components\IPT;C:\Program Files (x86)\Intel\OpenCL SDK\2.0\bin\x86;C:\Program Files (x86)\Intel\OpenCL SDK\2.0\bin\x64;C:\Program Files\Intel\WiFi\bin\;C:\Program Files\Common Files\Intel\WirelessCommon\;c:\Program Files (x86)\Microsoft SQL Server\100\Tools\Binn\VSShell\Common7\IDE\;c:\Program Files (x86)\Microsoft SQL Server\100\Tools\Binn\;c:\Program Files (x86)\Microsoft SQL Server\100\DTS\Binn\;C:\Program Files\Microsoft SQL Server\110\Tools\Binn\;C:\Program Files (x86)\Microsoft SDKs\TypeScript\1.0\;C:\Program Files\Microsoft SQL Server\120\Tools\Binn\;C:\MinGW\bin;C:\xampp\php;C:\ProgramData\ComposerSetup\bin;C:\WINDOWS\system32\config\systemprofile\.dnx\bin;C:\Program Files\Microsoft DNX\Dnvm\;C:\Program Files\Microsoft SQL Server\130\Tools\Binn\;C:\Program Files (x86)\Windows Kits\10\Windows Performance Toolkit\;C:\Program Files (x86)\nodejs\;C:\Program Files\Git\cmd;C:\Program Files\Microsoft\Web Platform Installer\;C:\Program Files (x86)\Skype\Phone\;C:\Users\mm\AppData\Roaming\Composer\vendor\binC:\Program Files (x86)\Java\jdk1.8.0_45;C:\Users\mm\AppData\Local\Microsoft\WindowsApps;C:\Users\mm\AppData\Roaming\npm
USERNAME=mm
OS=Windows_NT
PROCESSOR_IDENTIFIER=Intel64 Family 6 Model 58 Stepping 9, GenuineIntel



---------------  S Y S T E M  ---------------

OS: Windows 10.0 , 64 bit Build 14393 (10.0.14393.1198)

CPU:total 4 (2 cores per cpu, 2 threads per core) family 6 model 58 stepping 9, cmov, cx8, fxsr, mmx, sse, sse2, sse3, ssse3, sse4.1, sse4.2, popcnt, avx, clmul, erms, ht, tsc, tscinvbit, tscinv

Memory: 4k page, physical 4081596k(124404k free), swap 8177596k(4424k free)

vm_info: Java HotSpot(TM) 64-Bit Server VM (25.91-b15) for windows-amd64 JRE (1.8.0_91-b15), built on May 20 2016 17:43:15 by "java_re" with MS VC++ 10.0 (VS2010)

time: Mon Jun 05 12:24:13 2017
elapsed time: 7 seconds (0d 0h 0m 7s)

