#
# There is insufficient memory for the Java Runtime Environment to continue.
# Native memory allocation (malloc) failed to allocate 655216 bytes for Chunk::new
# Possible reasons:
#   The system is out of physical RAM or swap space
#   In 32 bit mode, the process size limit was hit
# Possible solutions:
#   Reduce memory load on the system
#   Increase physical memory or swap space
#   Check if swap backing store is full
#   Use 64 bit Java on a 64 bit OS
#   Decrease Java heap size (-Xmx/-Xms)
#   Decrease number of Java threads
#   Decrease Java thread stack sizes (-Xss)
#   Set larger code cache with -XX:ReservedCodeCacheSize=
# This output file may be truncated or incomplete.
#
#  Out of Memory Error (allocation.cpp:390), pid=11268, tid=12220
#
# JRE version: Java(TM) SE Runtime Environment (8.0_91-b15) (build 1.8.0_91-b15)
# Java VM: Java HotSpot(TM) 64-Bit Server VM (25.91-b15 mixed mode windows-amd64 compressed oops)
# Failed to write core dump. Minidumps are not enabled by default on client versions of Windows
#

---------------  T H R E A D  ---------------

Current thread (0x000000001c0c4000):  JavaThread "C2 CompilerThread1" daemon [_thread_in_native, id=12220, stack(0x000000001d830000,0x000000001d930000)]

Stack: [0x000000001d830000,0x000000001d930000]
[error occurred during error reporting (printing stack bounds), id 0xc0000005]

Native frames: (J=compiled Java code, j=interpreted, Vv=VM code, C=native code)


Current CompileTask:
C2:  49913 2369   !   4       com.android.dx.rop.type.Prototype::intern (233 bytes)


---------------  P R O C E S S  ---------------

Java Threads: ( => current thread )
  0x000000001dce6000 JavaThread "pool-2-thread-4" [_thread_in_Java, id=12168, stack(0x000000001e430000,0x000000001e530000)]
  0x000000001dce5000 JavaThread "pool-2-thread-3" [_thread_in_Java, id=11348, stack(0x000000001e330000,0x000000001e430000)]
  0x000000001dce4000 JavaThread "pool-2-thread-2" [_thread_in_Java, id=9412, stack(0x000000001e230000,0x000000001e330000)]
  0x000000001dcda800 JavaThread "pool-3-thread-1" [_thread_blocked, id=11508, stack(0x000000001e130000,0x000000001e230000)]
  0x000000001dcd1800 JavaThread "pool-2-thread-1" [_thread_in_vm, id=11868, stack(0x000000001e030000,0x000000001e130000)]
  0x000000001da30800 JavaThread "Service Thread" daemon [_thread_blocked, id=12256, stack(0x000000001de30000,0x000000001df30000)]
  0x000000001c11c800 JavaThread "C1 CompilerThread2" daemon [_thread_blocked, id=11308, stack(0x000000001d930000,0x000000001da30000)]
=>0x000000001c0c4000 JavaThread "C2 CompilerThread1" daemon [_thread_in_native, id=12220, stack(0x000000001d830000,0x000000001d930000)]
  0x000000001c0be800 JavaThread "C2 CompilerThread0" daemon [_thread_in_native, id=10428, stack(0x000000001d730000,0x000000001d830000)]
  0x000000001c0bd000 JavaThread "Attach Listener" daemon [_thread_blocked, id=12172, stack(0x000000001d630000,0x000000001d730000)]
  0x000000001c0bc000 JavaThread "Signal Dispatcher" daemon [_thread_blocked, id=12040, stack(0x000000001d530000,0x000000001d630000)]
  0x000000001c0aa800 JavaThread "Finalizer" daemon [_thread_blocked, id=11684, stack(0x000000001d320000,0x000000001d420000)]
  0x00000000029e0000 JavaThread "Reference Handler" daemon [_thread_blocked, id=12156, stack(0x000000001d220000,0x000000001d320000)]
  0x00000000027ce000 JavaThread "main" [_thread_in_vm, id=11324, stack(0x00000000027f0000,0x00000000028f0000)]

Other Threads:
  0x000000001c087800 VMThread [stack: 0x000000001d120000,0x000000001d220000] [id=11252]
  0x000000001da3c000 WatcherThread [stack: 0x000000001df30000,0x000000001e030000] [id=11928]

VM state:not at safepoint (normal execution)

VM Mutex/Monitor currently owned by a thread: None

Heap:
 PSYoungGen      total 237568K, used 206039K [0x000000076ab00000, 0x0000000784d00000, 0x00000007c0000000)
  eden space 104960K, 80% used [0x000000076ab00000,0x000000076fd69b70,0x0000000771180000)
  from space 132608K, 91% used [0x000000077a500000,0x0000000781bcc098,0x0000000782680000)
  to   space 151040K, 0% used [0x0000000771180000,0x0000000771180000,0x000000077a500000)
 ParOldGen       total 204288K, used 116443K [0x00000006c0000000, 0x00000006cc780000, 0x000000076ab00000)
  object space 204288K, 56% used [0x00000006c0000000,0x00000006c71b6e08,0x00000006cc780000)
 Metaspace       used 6497K, capacity 7256K, committed 7424K, reserved 1056768K
  class space    used 623K, capacity 656K, committed 768K, reserved 1048576K

Card table byte_map: [0x0000000011db0000,0x00000000125c0000] byte_map_base: 0x000000000e7b0000

Marking Bits: (ParMarkBitMap*) 0x0000000050b42f70
 Begin Bits: [0x0000000012f20000, 0x0000000016f20000)
 End Bits:   [0x0000000016f20000, 0x000000001af20000)

Polling page: 0x0000000000e80000

CodeCache: size=245760Kb used=9895Kb max_used=10465Kb free=235864Kb
 bounds [0x00000000029f0000, 0x0000000003460000, 0x00000000119f0000]
 total_blobs=2129 nmethods=1860 adapters=181
 compilation: enabled

Compilation events (10 events):
Event: 49.734 Thread 0x000000001c11c800 nmethod 2364 0x0000000002bea510 code [0x0000000002bea6c0, 0x0000000002beae08]
Event: 49.734 Thread 0x000000001c11c800 2365   !   3       com.android.dx.command.dexer.Main::processFileBytes (265 bytes)
Event: 49.738 Thread 0x000000001c11c800 nmethod 2365 0x0000000002e9a910 code [0x0000000002e9ad00, 0x0000000002e9d338]
Event: 49.738 Thread 0x000000001c11c800 2366       3       com.android.dx.dex.file.ClassDataItem::<init> (96 bytes)
Event: 49.739 Thread 0x000000001c11c800 nmethod 2366 0x0000000002b6b010 code [0x0000000002b6b220, 0x0000000002b6b8e8]
Event: 49.740 Thread 0x000000001c11c800 2367       3       com.android.dx.dex.cf.AttributeTranslator::translateEnclosingMethod (50 bytes)
Event: 49.742 Thread 0x000000001c11c800 nmethod 2367 0x00000000030f3c10 code [0x00000000030f3e60, 0x00000000030f4ce8]
Event: 49.742 Thread 0x000000001c11c800 2368       3       com.android.dx.dex.cf.AttributeTranslator::translateInnerClasses (356 bytes)
Event: 49.749 Thread 0x000000001c11c800 nmethod 2368 0x0000000002f3dd50 code [0x0000000002f3e360, 0x0000000002f427b8]
Event: 49.750 Thread 0x000000001c0c4000 2369   !   4       com.android.dx.rop.type.Prototype::intern (233 bytes)

GC Heap History (10 events):
Event: 26.009 GC heap before
{Heap before GC invocations=15 (full 3):
 PSYoungGen      total 165376K, used 71671K [0x000000076ab00000, 0x000000077dc80000, 0x00000007c0000000)
  eden space 93696K, 0% used [0x000000076ab00000,0x000000076ab00000,0x0000000770680000)
  from space 71680K, 99% used [0x0000000776500000,0x000000077aafdc40,0x000000077ab00000)
  to   space 96768K, 0% used [0x0000000770680000,0x0000000770680000,0x0000000776500000)
 ParOldGen       total 187392K, used 154435K [0x00000006c0000000, 0x00000006cb700000, 0x000000076ab00000)
  object space 187392K, 82% used [0x00000006c0000000,0x00000006c96d0d08,0x00000006cb700000)
 Metaspace       used 6439K, capacity 7192K, committed 7424K, reserved 1056768K
  class space    used 623K, capacity 656K, committed 768K, reserved 1048576K
Event: 29.744 GC heap after
Heap after GC invocations=15 (full 3):
 PSYoungGen      total 165376K, used 0K [0x000000076ab00000, 0x000000077dc80000, 0x00000007c0000000)
  eden space 93696K, 0% used [0x000000076ab00000,0x000000076ab00000,0x0000000770680000)
  from space 71680K, 0% used [0x0000000776500000,0x0000000776500000,0x000000077ab00000)
  to   space 96768K, 0% used [0x0000000770680000,0x0000000770680000,0x0000000776500000)
 ParOldGen       total 204288K, used 100213K [0x00000006c0000000, 0x00000006cc780000, 0x000000076ab00000)
  object space 204288K, 49% used [0x00000006c0000000,0x00000006c61dd4e8,0x00000006cc780000)
 Metaspace       used 6439K, capacity 7192K, committed 7424K, reserved 1056768K
  class space    used 623K, capacity 656K, committed 768K, reserved 1048576K
}
Event: 31.462 GC heap before
{Heap before GC invocations=16 (full 3):
 PSYoungGen      total 165376K, used 93696K [0x000000076ab00000, 0x000000077dc80000, 0x00000007c0000000)
  eden space 93696K, 100% used [0x000000076ab00000,0x0000000770680000,0x0000000770680000)
  from space 71680K, 0% used [0x0000000776500000,0x0000000776500000,0x000000077ab00000)
  to   space 96768K, 0% used [0x0000000770680000,0x0000000770680000,0x0000000776500000)
 ParOldGen       total 204288K, used 100213K [0x00000006c0000000, 0x00000006cc780000, 0x000000076ab00000)
  object space 204288K, 49% used [0x00000006c0000000,0x00000006c61dd4e8,0x00000006cc780000)
 Metaspace       used 6476K, capacity 7192K, committed 7424K, reserved 1056768K
  class space    used 623K, capacity 656K, committed 768K, reserved 1048576K
Event: 31.774 GC heap after
Heap after GC invocations=16 (full 3):
 PSYoungGen      total 190464K, used 49696K [0x000000076ab00000, 0x000000077d280000, 0x00000007c0000000)
  eden space 93696K, 0% used [0x000000076ab00000,0x000000076ab00000,0x0000000770680000)
  from space 96768K, 51% used [0x0000000770680000,0x0000000773708280,0x0000000776500000)
  to   space 96256K, 0% used [0x0000000777480000,0x0000000777480000,0x000000077d280000)
 ParOldGen       total 204288K, used 100213K [0x00000006c0000000, 0x00000006cc780000, 0x000000076ab00000)
  object space 204288K, 49% used [0x00000006c0000000,0x00000006c61dd4e8,0x00000006cc780000)
 Metaspace       used 6476K, capacity 7192K, committed 7424K, reserved 1056768K
  class space    used 623K, capacity 656K, committed 768K, reserved 1048576K
}
Event: 32.449 GC heap before
{Heap before GC invocations=17 (full 3):
 PSYoungGen      total 190464K, used 143392K [0x000000076ab00000, 0x000000077d280000, 0x00000007c0000000)
  eden space 93696K, 100% used [0x000000076ab00000,0x0000000770680000,0x0000000770680000)
  from space 96768K, 51% used [0x0000000770680000,0x0000000773708280,0x0000000776500000)
  to   space 96256K, 0% used [0x0000000777480000,0x0000000777480000,0x000000077d280000)
 ParOldGen       total 204288K, used 100213K [0x00000006c0000000, 0x00000006cc780000, 0x000000076ab00000)
  object space 204288K, 49% used [0x00000006c0000000,0x00000006c61dd4e8,0x00000006cc780000)
 Metaspace       used 6480K, capacity 7192K, committed 7424K, reserved 1056768K
  class space    used 623K, capacity 656K, committed 768K, reserved 1048576K
Event: 33.123 GC heap after
Heap after GC invocations=17 (full 3):
 PSYoungGen      total 194048K, used 84951K [0x000000076ab00000, 0x000000077ef80000, 0x00000007c0000000)
  eden space 97792K, 0% used [0x000000076ab00000,0x000000076ab00000,0x0000000770a80000)
  from space 96256K, 88% used [0x0000000777480000,0x000000077c775c00,0x000000077d280000)
  to   space 108544K, 0% used [0x0000000770a80000,0x0000000770a80000,0x0000000777480000)
 ParOldGen       total 204288K, used 100221K [0x00000006c0000000, 0x00000006cc780000, 0x000000076ab00000)
  object space 204288K, 49% used [0x00000006c0000000,0x00000006c61df4e8,0x00000006cc780000)
 Metaspace       used 6480K, capacity 7192K, committed 7424K, reserved 1056768K
  class space    used 623K, capacity 656K, committed 768K, reserved 1048576K
}
Event: 35.385 GC heap before
{Heap before GC invocations=18 (full 3):
 PSYoungGen      total 194048K, used 182743K [0x000000076ab00000, 0x000000077ef80000, 0x00000007c0000000)
  eden space 97792K, 100% used [0x000000076ab00000,0x0000000770a80000,0x0000000770a80000)
  from space 96256K, 88% used [0x0000000777480000,0x000000077c775c00,0x000000077d280000)
  to   space 108544K, 0% used [0x0000000770a80000,0x0000000770a80000,0x0000000777480000)
 ParOldGen       total 204288K, used 100221K [0x00000006c0000000, 0x00000006cc780000, 0x000000076ab00000)
  object space 204288K, 49% used [0x00000006c0000000,0x00000006c61df4e8,0x00000006cc780000)
 Metaspace       used 6484K, capacity 7192K, committed 7424K, reserved 1056768K
  class space    used 623K, capacity 656K, committed 768K, reserved 1048576K
Event: 37.732 GC heap after
Heap after GC invocations=18 (full 3):
 PSYoungGen      total 206336K, used 108535K [0x000000076ab00000, 0x0000000782680000, 0x00000007c0000000)
  eden space 97792K, 0% used [0x000000076ab00000,0x000000076ab00000,0x0000000770a80000)
  from space 108544K, 99% used [0x0000000770a80000,0x000000077747dfb0,0x0000000777480000)
  to   space 132608K, 0% used [0x000000077a500000,0x000000077a500000,0x0000000782680000)
 ParOldGen       total 204288K, used 116435K [0x00000006c0000000, 0x00000006cc780000, 0x000000076ab00000)
  object space 204288K, 56% used [0x00000006c0000000,0x00000006c71b4e08,0x00000006cc780000)
 Metaspace       used 6484K, capacity 7192K, committed 7424K, reserved 1056768K
  class space    used 623K, capacity 656K, committed 768K, reserved 1048576K
}
Event: 40.719 GC heap before
{Heap before GC invocations=19 (full 3):
 PSYoungGen      total 206336K, used 206327K [0x000000076ab00000, 0x0000000782680000, 0x00000007c0000000)
  eden space 97792K, 100% used [0x000000076ab00000,0x0000000770a80000,0x0000000770a80000)
  from space 108544K, 99% used [0x0000000770a80000,0x000000077747dfb0,0x0000000777480000)
  to   space 132608K, 0% used [0x000000077a500000,0x000000077a500000,0x0000000782680000)
 ParOldGen       total 204288K, used 116435K [0x00000006c0000000, 0x00000006cc780000, 0x000000076ab00000)
  object space 204288K, 56% used [0x00000006c0000000,0x00000006c71b4e08,0x00000006cc780000)
 Metaspace       used 6491K, capacity 7192K, committed 7424K, reserved 1056768K
  class space    used 623K, capacity 656K, committed 768K, reserved 1048576K
Event: 44.550 GC heap after
Heap after GC invocations=19 (full 3):
 PSYoungGen      total 237568K, used 121648K [0x000000076ab00000, 0x0000000784d00000, 0x00000007c0000000)
  eden space 104960K, 0% used [0x000000076ab00000,0x000000076ab00000,0x0000000771180000)
  from space 132608K, 91% used [0x000000077a500000,0x0000000781bcc098,0x0000000782680000)
  to   space 151040K, 0% used [0x0000000771180000,0x0000000771180000,0x000000077a500000)
 ParOldGen       total 204288K, used 116443K [0x00000006c0000000, 0x00000006cc780000, 0x000000076ab00000)
  object space 204288K, 56% used [0x00000006c0000000,0x00000006c71b6e08,0x00000006cc780000)
 Metaspace       used 6491K, capacity 7192K, committed 7424K, reserved 1056768K
  class space    used 623K, capacity 656K, committed 768K, reserved 1048576K
}

Deoptimization events (10 events):
Event: 34.764 Thread 0x00000000027ce000 Uncommon trap: reason=bimorphic action=maybe_recompile pc=0x0000000003409c68 method=com.android.dx.cf.code.BytecodeArray.parseInstruction(ILcom/android/dx/cf/code/BytecodeArray$Visitor;)I @ 1501
Event: 39.548 Thread 0x00000000027ce000 Uncommon trap: reason=bimorphic action=maybe_recompile pc=0x0000000002cfcbf8 method=com.android.dx.cf.code.BytecodeArray.parseInstruction(ILcom/android/dx/cf/code/BytecodeArray$Visitor;)I @ 1224
Event: 39.548 Thread 0x00000000027ce000 Uncommon trap: reason=bimorphic action=maybe_recompile pc=0x0000000002cfc5ec method=com.android.dx.cf.code.BytecodeArray.parseInstruction(ILcom/android/dx/cf/code/BytecodeArray$Visitor;)I @ 923
Event: 39.548 Thread 0x00000000027ce000 Uncommon trap: reason=bimorphic action=maybe_recompile pc=0x0000000002cfcbf8 method=com.android.dx.cf.code.BytecodeArray.parseInstruction(ILcom/android/dx/cf/code/BytecodeArray$Visitor;)I @ 1224
Event: 39.566 Thread 0x00000000027ce000 Uncommon trap: reason=unstable_if action=reinterpret pc=0x00000000030e1a34 method=java.util.HashMap.putVal(ILjava/lang/Object;Ljava/lang/Object;ZZ)Ljava/lang/Object; @ 109
Event: 39.566 Thread 0x00000000027ce000 Uncommon trap: reason=unstable_if action=reinterpret pc=0x0000000002f8eae8 method=java.util.HashMap.getNode(ILjava/lang/Object;)Ljava/util/HashMap$Node; @ 84
Event: 40.263 Thread 0x00000000027ce000 Uncommon trap: reason=unstable_if action=reinterpret pc=0x0000000002d43b88 method=java.util.HashMap.putVal(ILjava/lang/Object;Ljava/lang/Object;ZZ)Ljava/lang/Object; @ 94
Event: 48.917 Thread 0x00000000027ce000 Uncommon trap: reason=class_check action=maybe_recompile pc=0x00000000033ed5dc method=com.android.dx.ssa.SCCP.replaceConstants()V @ 182
Event: 48.923 Thread 0x00000000027ce000 Uncommon trap: reason=class_check action=maybe_recompile pc=0x0000000002c2d6d0 method=com.android.dx.cf.code.BytecodeArray.parseInstruction(ILcom/android/dx/cf/code/BytecodeArray$Visitor;)I @ 1612
Event: 48.923 Thread 0x00000000027ce000 Uncommon trap: reason=class_check action=maybe_recompile pc=0x0000000002c2d6d0 method=com.android.dx.cf.code.BytecodeArray.parseInstruction(ILcom/android/dx/cf/code/BytecodeArray$Visitor;)I @ 1612

Internal exceptions (6 events):
Event: 1.973 Thread 0x00000000027ce000 Exception <a 'java/lang/NoSuchMethodError': Method sun.misc.Unsafe.defineClass(Ljava/lang/String;[BII)Ljava/lang/Class; name or signature does not match> (0x000000076ab07cc0) thrown at [C:\re\workspace\8-2-build-windows-amd64-cygwin\jdk8u91\7017\hotspot\sr|ÅÎû’ÿ?
Event: 1.973 Thread 0x00000000027ce000 Exception <a 'java/lang/NoSuchMethodError': Method sun.misc.Unsafe.prefetchRead(Ljava/lang/Object;J)V name or signature does not match> (0x000000076ab07fa8) thrown at [C:\re\workspace\8-2-build-windows-amd64-cygwin\jdk8u91\7017\hotspot\src\share\vm\prims\jêª¸Ag@
Event: 7.101 Thread 0x000000001dce6000 Implicit null exception at 0x0000000002cd4de2 to 0x0000000002cd4eda
Event: 8.894 Thread 0x00000000027ce000 Exception <a 'java/lang/ArrayIndexOutOfBoundsException': 18> (0x000000076b8450e0) thrown at [C:\re\workspace\8-2-build-windows-amd64-cygwin\jdk8u91\7017\hotspot\src\share\vm\interpreter\interpreterRuntime.cpp, line 366]
Event: 8.895 Thread 0x00000000027ce000 Exception <a 'java/lang/ArrayIndexOutOfBoundsException'> (0x000000076b846c60) thrown at [C:\re\workspace\8-2-build-windows-amd64-cygwin\jdk8u91\7017\hotspot\src\share\vm\runtime\sharedRuntime.cpp, line 605]
Event: 8.896 Thread 0x00000000027ce000 Exception <a 'java/lang/ArrayIndexOutOfBoundsException'> (0x000000076b847f48) thrown at [C:\re\workspace\8-2-build-windows-amd64-cygwin\jdk8u91\7017\hotspot\src\share\vm\runtime\sharedRuntime.cpp, line 605]

Events (10 events):
Event: 48.923 Thread 0x00000000027ce000 DEOPT PACKING pc=0x0000000002c2d6d0 sp=0x00000000028ee120
Event: 48.923 Thread 0x00000000027ce000 DEOPT UNPACKING pc=0x0000000002a3582a sp=0x00000000028ee0d8 mode 2
Event: 49.023 Thread 0x00000000027ce000 DEOPT PACKING pc=0x0000000002efccd8 sp=0x00000000028ee220
Event: 49.023 Thread 0x00000000027ce000 DEOPT UNPACKING pc=0x0000000002a3787f sp=0x00000000028edf68 mode 0
Event: 49.042 Thread 0x000000001dce6000 DEOPT PACKING pc=0x0000000002e5d048 sp=0x000000001e52e6c0
Event: 49.042 Thread 0x000000001dce6000 DEOPT UNPACKING pc=0x0000000002a3787f sp=0x000000001e52e450 mode 0
Event: 49.072 Thread 0x000000001dce5000 DEOPT PACKING pc=0x0000000002eb5883 sp=0x000000001e42e7f0
Event: 49.073 Thread 0x000000001dce5000 DEOPT UNPACKING pc=0x0000000002a3787f sp=0x000000001e42e528 mode 0
Event: 49.091 Thread 0x000000001dce5000 DEOPT PACKING pc=0x0000000002e5d0d1 sp=0x000000001e42e690
Event: 49.091 Thread 0x000000001dce5000 DEOPT UNPACKING pc=0x0000000002a3787f sp=0x000000001e42e420 mode 0


Dynamic libraries:
0x00007ff7cee60000 - 0x00007ff7cee97000 	C:\Program Files\Java\jdk1.8.0_91\bin\java.exe
0x00007ff8c0570000 - 0x00007ff8c0741000 	C:\WINDOWS\SYSTEM32\ntdll.dll
0x00007ff8be1c0000 - 0x00007ff8be26c000 	C:\WINDOWS\System32\KERNEL32.DLL
0x00007ff8a2af0000 - 0x00007ff8a2b23000 	C:\Program Files\AVAST Software\Avast\x64\aswhooka.dll
0x00007ff8bcac0000 - 0x00007ff8bccdd000 	C:\WINDOWS\System32\KERNELBASE.dll
0x00007ff8be0f0000 - 0x00007ff8be192000 	C:\WINDOWS\System32\ADVAPI32.dll
0x00007ff8c00a0000 - 0x00007ff8c013e000 	C:\WINDOWS\System32\msvcrt.dll
0x00007ff8bfc00000 - 0x00007ff8bfc59000 	C:\WINDOWS\System32\sechost.dll
0x00007ff8bde40000 - 0x00007ff8bdf61000 	C:\WINDOWS\System32\RPCRT4.dll
0x00007ff8bf9c0000 - 0x00007ff8bfb25000 	C:\WINDOWS\System32\USER32.dll
0x00007ff8bdae0000 - 0x00007ff8bdafe000 	C:\WINDOWS\System32\win32u.dll
0x00007ff8bdb00000 - 0x00007ff8bdb34000 	C:\WINDOWS\System32\GDI32.dll
0x00007ff8bd5e0000 - 0x00007ff8bd762000 	C:\WINDOWS\System32\gdi32full.dll
0x00007ff8b25d0000 - 0x00007ff8b284a000 	C:\WINDOWS\WinSxS\amd64_microsoft.windows.common-controls_6595b64144ccf1df_6.0.14393.953_none_42151e83c686086b\COMCTL32.dll
0x00007ff8bfdd0000 - 0x00007ff8c0098000 	C:\WINDOWS\System32\combase.dll
0x00007ff8bcce0000 - 0x00007ff8bcdd5000 	C:\WINDOWS\System32\ucrtbase.dll
0x00007ff8bd570000 - 0x00007ff8bd5da000 	C:\WINDOWS\System32\bcryptPrimitives.dll
0x00007ff8bfda0000 - 0x00007ff8bfdce000 	C:\WINDOWS\System32\IMM32.DLL
0x0000000077eb0000 - 0x0000000077f82000 	C:\Program Files\Java\jdk1.8.0_91\jre\bin\msvcr100.dll
0x0000000050330000 - 0x0000000050bc3000 	C:\Program Files\Java\jdk1.8.0_91\jre\bin\server\jvm.dll
0x00007ff8bfbf0000 - 0x00007ff8bfbf8000 	C:\WINDOWS\System32\PSAPI.DLL
0x00007ff8b29c0000 - 0x00007ff8b29c9000 	C:\WINDOWS\SYSTEM32\WSOCK32.dll
0x00007ff8bf950000 - 0x00007ff8bf9ba000 	C:\WINDOWS\System32\WS2_32.dll
0x00007ff8ba910000 - 0x00007ff8ba933000 	C:\WINDOWS\SYSTEM32\WINMM.dll
0x00007ff8ae2d0000 - 0x00007ff8ae2da000 	C:\WINDOWS\SYSTEM32\VERSION.dll
0x00007ff8ba8b0000 - 0x00007ff8ba8db000 	C:\WINDOWS\SYSTEM32\WINMMBASE.dll
0x00007ff8bd9f0000 - 0x00007ff8bda32000 	C:\WINDOWS\System32\cfgmgr32.dll
0x0000000050320000 - 0x000000005032f000 	C:\Program Files\Java\jdk1.8.0_91\jre\bin\verify.dll
0x00000000502f0000 - 0x0000000050319000 	C:\Program Files\Java\jdk1.8.0_91\jre\bin\java.dll
0x00000000502d0000 - 0x00000000502e6000 	C:\Program Files\Java\jdk1.8.0_91\jre\bin\zip.dll
0x00007ff8be3e0000 - 0x00007ff8bf8e8000 	C:\WINDOWS\System32\SHELL32.dll
0x00007ff8bcde0000 - 0x00007ff8bd4ba000 	C:\WINDOWS\System32\windows.storage.dll
0x00007ff8bca00000 - 0x00007ff8bca4c000 	C:\WINDOWS\System32\powrprof.dll
0x00007ff8be030000 - 0x00007ff8be082000 	C:\WINDOWS\System32\shlwapi.dll
0x00007ff8bc9d0000 - 0x00007ff8bc9df000 	C:\WINDOWS\System32\kernel.appcore.dll
0x00007ff8bd4c0000 - 0x00007ff8bd569000 	C:\WINDOWS\System32\shcore.dll
0x00007ff8bc9e0000 - 0x00007ff8bc9f4000 	C:\WINDOWS\System32\profapi.dll

VM Arguments:
jvm_args: -Djava.awt.headless=true -Xmx4g -Dfile.encoding=windows-1252 -Duser.country=MX -Duser.language=es -Duser.variant 
java_command: com.android.dx.command.Main --dex --force-jumbo --num-threads=4 --multi-dex --output C:\Users\mm\Documents\ProjectExperts\app\build\intermediates\transforms\dex\debug\folders\1000\10\com.google.android.gms-play-services-ads-10.2.4_f6a4e911e04fe57ce3c1181c895817218b06f307 C:\Users\mm\Documents\ProjectExperts\app\build\intermediates\exploded-aar\com.google.android.gms\play-services-ads\10.2.4\jars\classes.jar
java_class_path (initial): C:\Users\mm\AppData\Local\Android\sdk\build-tools\24.0.3\lib\dx.jar
Launcher Type: SUN_STANDARD

Environment Variables:
JAVA_HOME=C:\Program Files\Java\jdk1.8.0_91
PATH=C:\ProgramData\Oracle\Java\javapath;C:\Program Files (x86)\Intel\iCLS Client\;C:\Program Files\Intel\iCLS Client\;C:\WINDOWS\system32;C:\WINDOWS;C:\WINDOWS\System32\Wbem;C:\WINDOWS\System32\WindowsPowerShell\v1.0\;C:\Program Files (x86)\Windows Live\Shared;C:\Program Files\Intel\Intel(R) Management Engine Components\DAL;C:\Program Files\Intel\Intel(R) Management Engine Components\IPT;C:\Program Files (x86)\Intel\Intel(R) Management Engine Components\DAL;C:\Program Files (x86)\Intel\Intel(R) Management Engine Components\IPT;C:\Program Files (x86)\Intel\OpenCL SDK\2.0\bin\x86;C:\Program Files (x86)\Intel\OpenCL SDK\2.0\bin\x64;C:\Program Files\Intel\WiFi\bin\;C:\Program Files\Common Files\Intel\WirelessCommon\;c:\Program Files (x86)\Microsoft SQL Server\100\Tools\Binn\VSShell\Common7\IDE\;c:\Program Files (x86)\Microsoft SQL Server\100\Tools\Binn\;c:\Program Files (x86)\Microsoft SQL Server\100\DTS\Binn\;C:\Program Files\Microsoft SQL Server\110\Tools\Binn\;C:\Program Files (x86)\Microsoft SDKs\TypeScript\1.0\;C:\Program Files\Microsoft SQL Server\120\Tools\Binn\;C:\MinGW\bin;C:\xampp\php;C:\ProgramData\ComposerSetup\bin;C:\WINDOWS\system32\config\systemprofile\.dnx\bin;C:\Program Files\Microsoft DNX\Dnvm\;C:\Program Files\Microsoft SQL Server\130\Tools\Binn\;C:\Program Files (x86)\Windows Kits\10\Windows Performance Toolkit\;C:\Program Files (x86)\nodejs\;C:\Program Files\Git\cmd;C:\Program Files\Microsoft\Web Platform Installer\;C:\Program Files (x86)\Skype\Phone\;C:\Users\mm\AppData\Roaming\Composer\vendor\binC:\Program Files (x86)\Java\jdk1.8.0_45;C:\Users\mm\AppData\Local\Microsoft\WindowsApps;C:\Users\mm\AppData\Roaming\npm
USERNAME=mm
OS=Windows_NT
PROCESSOR_IDENTIFIER=Intel64 Family 6 Model 58 Stepping 9, GenuineIntel



---------------  S Y S T E M  ---------------

OS: Windows 10.0 , 64 bit Build 14393 (10.0.14393.1198)

CPU:total 4 (2 cores per cpu, 2 threads per core) family 6 model 58 stepping 9, cmov, cx8, fxsr, mmx, sse, sse2, sse3, ssse3, sse4.1, sse4.2, popcnt, avx, clmul, erms, ht, tsc, tscinvbit, tscinv

Memory: 4k page, physical 4081596k(432492k free), swap 8177596k(394328k free)

vm_info: Java HotSpot(TM) 64-Bit Server VM (25.91-b15) for windows-amd64 JRE (1.8.0_91-b15), built on May 20 2016 17:43:15 by "java_re" with MS VC++ 10.0 (VS2010)

time: Mon Jun 05 13:16:02 2017
elapsed time: 49 seconds (0d 0h 0m 49s)

