#
# There is insufficient memory for the Java Runtime Environment to continue.
# Native memory allocation (malloc) failed to allocate 32744 bytes for ChunkPool::allocate
# Possible reasons:
#   The system is out of physical RAM or swap space
#   In 32 bit mode, the process size limit was hit
# Possible solutions:
#   Reduce memory load on the system
#   Increase physical memory or swap space
#   Check if swap backing store is full
#   Use 64 bit Java on a 64 bit OS
#   Decrease Java heap size (-Xmx/-Xms)
#   Decrease number of Java threads
#   Decrease Java thread stack sizes (-Xss)
#   Set larger code cache with -XX:ReservedCodeCacheSize=
# This output file may be truncated or incomplete.
#
#  Out of Memory Error (allocation.cpp:273), pid=6680, tid=5744
#
# JRE version: Java(TM) SE Runtime Environment (8.0_91-b15) (build 1.8.0_91-b15)
# Java VM: Java HotSpot(TM) 64-Bit Server VM (25.91-b15 mixed mode windows-amd64 compressed oops)
# Failed to write core dump. Minidumps are not enabled by default on client versions of Windows
#

---------------  T H R E A D  ---------------

Current thread (0x000000001b86c800):  JavaThread "C2 CompilerThread1" daemon [_thread_in_native, id=5744, stack(0x000000001cf70000,0x000000001d070000)]

Stack: [0x000000001cf70000,0x000000001d070000]
[error occurred during error reporting (printing stack bounds), id 0xc0000005]

Native frames: (J=compiled Java code, j=interpreted, Vv=VM code, C=native code)


Current CompileTask:
C2:   1041  617       4       com.android.dx.ssa.NormalSsaInsn::isNormalMoveInsn (20 bytes)


---------------  P R O C E S S  ---------------

Java Threads: ( => current thread )
  0x000000001d24f800 JavaThread "pool-2-thread-4" [_thread_in_Java, id=10516, stack(0x000000001db70000,0x000000001dc70000)]
  0x000000001d24e800 JavaThread "pool-2-thread-3" [_thread_in_Java, id=6808, stack(0x000000001da70000,0x000000001db70000)]
  0x000000001d24e000 JavaThread "pool-2-thread-2" [_thread_in_vm, id=10788, stack(0x000000001d970000,0x000000001da70000)]
  0x000000001d1ff800 JavaThread "pool-3-thread-1" [_thread_blocked, id=6648, stack(0x000000001d870000,0x000000001d970000)]
  0x000000001d1f8800 JavaThread "pool-2-thread-1" [_thread_in_Java, id=9416, stack(0x000000001d770000,0x000000001d870000)]
  0x000000001d077000 JavaThread "Service Thread" daemon [_thread_blocked, id=8684, stack(0x000000001d570000,0x000000001d670000)]
  0x000000001d070800 JavaThread "C1 CompilerThread2" daemon [_thread_in_native, id=10988, stack(0x000000001d470000,0x000000001d570000)]
=>0x000000001b86c800 JavaThread "C2 CompilerThread1" daemon [_thread_in_native, id=5744, stack(0x000000001cf70000,0x000000001d070000)]
  0x000000001b80d800 JavaThread "C2 CompilerThread0" daemon [_thread_in_vm, id=10756, stack(0x000000001ce70000,0x000000001cf70000)]
  0x000000001b80c000 JavaThread "Attach Listener" daemon [_thread_blocked, id=9728, stack(0x000000001cd70000,0x000000001ce70000)]
  0x000000000206e800 JavaThread "Signal Dispatcher" daemon [_thread_blocked, id=10840, stack(0x000000001cc70000,0x000000001cd70000)]
  0x000000001b7fa800 JavaThread "Finalizer" daemon [_thread_blocked, id=11064, stack(0x000000001ca60000,0x000000001cb60000)]
  0x0000000002060000 JavaThread "Reference Handler" daemon [_thread_blocked, id=10412, stack(0x000000001c960000,0x000000001ca60000)]
  0x000000000213d800 JavaThread "main" [_thread_in_vm, id=8004, stack(0x0000000001db0000,0x0000000001eb0000)]

Other Threads:
  0x000000001b7d7800 VMThread [stack: 0x000000001c860000,0x000000001c960000] [id=5300]
  0x000000001d07b000 WatcherThread [stack: 0x000000001d670000,0x000000001d770000] [id=10796]

VM state:synchronizing (normal execution)

VM Mutex/Monitor currently owned by a thread:  ([mutex/lock_event])
[0x000000000213cdb0] Safepoint_lock - owner thread: 0x000000001b7d7800
[0x000000000213d1b0] Threads_lock - owner thread: 0x000000001b7d7800
[0x000000000213d430] Heap_lock - owner thread: 0x000000001d24f800

Heap:
 PSYoungGen      total 18944K, used 16384K [0x000000076ab00000, 0x000000076c000000, 0x00000007c0000000)
  eden space 16384K, 100% used [0x000000076ab00000,0x000000076bb00000,0x000000076bb00000)
  from space 2560K, 0% used [0x000000076bd80000,0x000000076bd80000,0x000000076c000000)
  to   space 2560K, 0% used [0x000000076bb00000,0x000000076bb00000,0x000000076bd80000)
 ParOldGen       total 44032K, used 0K [0x00000006c0000000, 0x00000006c2b00000, 0x000000076ab00000)
  object space 44032K, 0% used [0x00000006c0000000,0x00000006c0000000,0x00000006c2b00000)
 Metaspace       used 5714K, capacity 6642K, committed 6784K, reserved 1056768K
  class space    used 596K, capacity 618K, committed 640K, reserved 1048576K

Card table byte_map: [0x0000000011500000,0x0000000011d10000] byte_map_base: 0x000000000df00000

Marking Bits: (ParMarkBitMap*) 0x0000000050b42f70
 Begin Bits: [0x0000000012670000, 0x0000000016670000)
 End Bits:   [0x0000000016670000, 0x000000001a670000)

Polling page: 0x0000000000460000

CodeCache: size=245760Kb used=2281Kb max_used=2292Kb free=243478Kb
 bounds [0x0000000002140000, 0x00000000023b0000, 0x0000000011140000]
 total_blobs=860 nmethods=592 adapters=181
 compilation: enabled

Compilation events (10 events):
Event: 0.927 Thread 0x000000001b80d800 nmethod 610 0x0000000002379050 code [0x0000000002379180, 0x00000000023791d8]
Event: 0.927 Thread 0x000000001b86c800  611       4       java.util.ArrayList::iterator (10 bytes)
Event: 0.928 Thread 0x000000001b80d800  612       4       java.lang.Long::numberOfTrailingZeros (116 bytes)
Event: 0.929 Thread 0x000000001b86c800 nmethod 611 0x0000000002375e50 code [0x0000000002375fa0, 0x00000000023760a8]
Event: 0.930 Thread 0x000000001b80d800 nmethod 612 0x0000000002375bd0 code [0x0000000002375d00, 0x0000000002375dd8]
Event: 0.931 Thread 0x000000001b86c800  613       4       java.util.ArrayList$Itr::<init> (6 bytes)
Event: 0.932 Thread 0x000000001b86c800 nmethod 613 0x000000000237c690 code [0x000000000237c7c0, 0x000000000237c858]
Event: 0.933 Thread 0x000000001b80d800  615       4       com.android.dx.rop.code.BasicBlockList::get (9 bytes)
Event: 0.935 Thread 0x000000001b80d800 nmethod 615 0x000000000237da50 code [0x000000000237dba0, 0x000000000237dc78]
Event: 0.936 Thread 0x000000001b86c800  617       4       com.android.dx.ssa.NormalSsaInsn::isNormalMoveInsn (20 bytes)

GC Heap History (0 events):
No events

Deoptimization events (2 events):
Event: 0.844 Thread 0x000000000213d800 Uncommon trap: reason=unstable_if action=reinterpret pc=0x000000000233e8bc method=java.util.HashMap.getNode(ILjava/lang/Object;)Ljava/util/HashMap$Node; @ 62
Event: 0.918 Thread 0x000000001d1f8800 Uncommon trap: reason=unstable_if action=reinterpret pc=0x00000000023531f4 method=java.util.BitSet.nextSetBit(I)I @ 87

Internal exceptions (2 events):
Event: 0.118 Thread 0x000000000213d800 Exception <a 'java/lang/NoSuchMethodError': Method sun.misc.Unsafe.defineClass(Ljava/lang/String;[BII)Ljava/lang/Class; name or signature does not match> (0x000000076ab07cc0) thrown at [C:\re\workspace\8-2-build-windows-amd64-cygwin\jdk8u91\7017\hotspot\srñ¹‰å¨F¾?
Event: 0.118 Thread 0x000000000213d800 Exception <a 'java/lang/NoSuchMethodError': Method sun.misc.Unsafe.prefetchRead(Ljava/lang/Object;J)V name or signature does not match> (0x000000076ab07fa8) thrown at [C:\re\workspace\8-2-build-windows-amd64-cygwin\jdk8u91\7017\hotspot\src\share\vm\prims\j

Events (10 events):
Event: 0.918 Thread 0x000000001d1f8800 Uncommon trap: trap_request=0xffffff65 fr.pc=0x00000000023531f4
Event: 0.918 Thread 0x000000001d1f8800 DEOPT PACKING pc=0x00000000023531f4 sp=0x000000001d86ea80
Event: 0.918 Thread 0x000000001d1f8800 DEOPT UNPACKING pc=0x000000000218582a sp=0x000000001d86ea18 mode 2
Event: 0.931 loading class com/android/dx/cf/code/Ropper$ExceptionHandlerSetup
Event: 0.931 loading class com/android/dx/cf/code/Ropper$ExceptionHandlerSetup done
Event: 0.931 loading class java/util/ArrayList$1
Event: 0.931 loading class java/util/ArrayList$1 done
Event: 0.936 loading class java/util/HashMap$Values
Event: 0.937 loading class java/util/HashMap$Values done
Event: 0.937 loading class java/util/HashMap$ValueIterator


Dynamic libraries:
0x00007ff7cee60000 - 0x00007ff7cee97000 	C:\Program Files\Java\jdk1.8.0_91\bin\java.exe
0x00007ff8c0570000 - 0x00007ff8c0741000 	C:\WINDOWS\SYSTEM32\ntdll.dll
0x00007ff8be1c0000 - 0x00007ff8be26c000 	C:\WINDOWS\System32\KERNEL32.DLL
0x00007ff8a2af0000 - 0x00007ff8a2b23000 	C:\Program Files\AVAST Software\Avast\x64\aswhooka.dll
0x00007ff8bcac0000 - 0x00007ff8bccdd000 	C:\WINDOWS\System32\KERNELBASE.dll
0x00007ff8be0f0000 - 0x00007ff8be192000 	C:\WINDOWS\System32\ADVAPI32.dll
0x00007ff8c00a0000 - 0x00007ff8c013e000 	C:\WINDOWS\System32\msvcrt.dll
0x00007ff8bfc00000 - 0x00007ff8bfc59000 	C:\WINDOWS\System32\sechost.dll
0x00007ff8bde40000 - 0x00007ff8bdf61000 	C:\WINDOWS\System32\RPCRT4.dll
0x00007ff8bf9c0000 - 0x00007ff8bfb25000 	C:\WINDOWS\System32\USER32.dll
0x00007ff8bdae0000 - 0x00007ff8bdafe000 	C:\WINDOWS\System32\win32u.dll
0x00007ff8bdb00000 - 0x00007ff8bdb34000 	C:\WINDOWS\System32\GDI32.dll
0x00007ff8bd5e0000 - 0x00007ff8bd762000 	C:\WINDOWS\System32\gdi32full.dll
0x00007ff8b25d0000 - 0x00007ff8b284a000 	C:\WINDOWS\WinSxS\amd64_microsoft.windows.common-controls_6595b64144ccf1df_6.0.14393.953_none_42151e83c686086b\COMCTL32.dll
0x00007ff8bfdd0000 - 0x00007ff8c0098000 	C:\WINDOWS\System32\combase.dll
0x00007ff8bcce0000 - 0x00007ff8bcdd5000 	C:\WINDOWS\System32\ucrtbase.dll
0x00007ff8bd570000 - 0x00007ff8bd5da000 	C:\WINDOWS\System32\bcryptPrimitives.dll
0x00007ff8bfda0000 - 0x00007ff8bfdce000 	C:\WINDOWS\System32\IMM32.DLL
0x0000000077eb0000 - 0x0000000077f82000 	C:\Program Files\Java\jdk1.8.0_91\jre\bin\msvcr100.dll
0x0000000050330000 - 0x0000000050bc3000 	C:\Program Files\Java\jdk1.8.0_91\jre\bin\server\jvm.dll
0x00007ff8bfbf0000 - 0x00007ff8bfbf8000 	C:\WINDOWS\System32\PSAPI.DLL
0x00007ff8b29c0000 - 0x00007ff8b29c9000 	C:\WINDOWS\SYSTEM32\WSOCK32.dll
0x00007ff8bf950000 - 0x00007ff8bf9ba000 	C:\WINDOWS\System32\WS2_32.dll
0x00007ff8ba910000 - 0x00007ff8ba933000 	C:\WINDOWS\SYSTEM32\WINMM.dll
0x00007ff8ae2d0000 - 0x00007ff8ae2da000 	C:\WINDOWS\SYSTEM32\VERSION.dll
0x00007ff8ba8b0000 - 0x00007ff8ba8db000 	C:\WINDOWS\SYSTEM32\WINMMBASE.dll
0x00007ff8bd9f0000 - 0x00007ff8bda32000 	C:\WINDOWS\System32\cfgmgr32.dll
0x0000000050320000 - 0x000000005032f000 	C:\Program Files\Java\jdk1.8.0_91\jre\bin\verify.dll
0x00000000502f0000 - 0x0000000050319000 	C:\Program Files\Java\jdk1.8.0_91\jre\bin\java.dll
0x00000000502d0000 - 0x00000000502e6000 	C:\Program Files\Java\jdk1.8.0_91\jre\bin\zip.dll
0x00007ff8be3e0000 - 0x00007ff8bf8e8000 	C:\WINDOWS\System32\SHELL32.dll
0x00007ff8bcde0000 - 0x00007ff8bd4ba000 	C:\WINDOWS\System32\windows.storage.dll
0x00007ff8bca00000 - 0x00007ff8bca4c000 	C:\WINDOWS\System32\powrprof.dll
0x00007ff8be030000 - 0x00007ff8be082000 	C:\WINDOWS\System32\shlwapi.dll
0x00007ff8bc9d0000 - 0x00007ff8bc9df000 	C:\WINDOWS\System32\kernel.appcore.dll
0x00007ff8bd4c0000 - 0x00007ff8bd569000 	C:\WINDOWS\System32\shcore.dll
0x00007ff8bc9e0000 - 0x00007ff8bc9f4000 	C:\WINDOWS\System32\profapi.dll

VM Arguments:
jvm_args: -Djava.awt.headless=true -Xmx4g -Dfile.encoding=windows-1252 -Duser.country=MX -Duser.language=es -Duser.variant 
java_command: com.android.dx.command.Main --dex --force-jumbo --num-threads=4 --multi-dex --output C:\Users\mm\Documents\ProjectExperts\app\build\intermediates\transforms\dex\debug\folders\1000\10\com.google.android.gms-play-services-auth-base-10.2.4_5376741f84669fcc39fab9c05b0f0c14ebca35fd C:\Users\mm\Documents\ProjectExperts\app\build\intermediates\exploded-aar\com.google.android.gms\play-services-auth-base\10.2.4\jars\classes.jar
java_class_path (initial): C:\Users\mm\AppData\Local\Android\sdk\build-tools\24.0.3\lib\dx.jar
Launcher Type: SUN_STANDARD

Environment Variables:
JAVA_HOME=C:\Program Files\Java\jdk1.8.0_91
PATH=C:\ProgramData\Oracle\Java\javapath;C:\Program Files (x86)\Intel\iCLS Client\;C:\Program Files\Intel\iCLS Client\;C:\WINDOWS\system32;C:\WINDOWS;C:\WINDOWS\System32\Wbem;C:\WINDOWS\System32\WindowsPowerShell\v1.0\;C:\Program Files (x86)\Windows Live\Shared;C:\Program Files\Intel\Intel(R) Management Engine Components\DAL;C:\Program Files\Intel\Intel(R) Management Engine Components\IPT;C:\Program Files (x86)\Intel\Intel(R) Management Engine Components\DAL;C:\Program Files (x86)\Intel\Intel(R) Management Engine Components\IPT;C:\Program Files (x86)\Intel\OpenCL SDK\2.0\bin\x86;C:\Program Files (x86)\Intel\OpenCL SDK\2.0\bin\x64;C:\Program Files\Intel\WiFi\bin\;C:\Program Files\Common Files\Intel\WirelessCommon\;c:\Program Files (x86)\Microsoft SQL Server\100\Tools\Binn\VSShell\Common7\IDE\;c:\Program Files (x86)\Microsoft SQL Server\100\Tools\Binn\;c:\Program Files (x86)\Microsoft SQL Server\100\DTS\Binn\;C:\Program Files\Microsoft SQL Server\110\Tools\Binn\;C:\Program Files (x86)\Microsoft SDKs\TypeScript\1.0\;C:\Program Files\Microsoft SQL Server\120\Tools\Binn\;C:\MinGW\bin;C:\xampp\php;C:\ProgramData\ComposerSetup\bin;C:\WINDOWS\system32\config\systemprofile\.dnx\bin;C:\Program Files\Microsoft DNX\Dnvm\;C:\Program Files\Microsoft SQL Server\130\Tools\Binn\;C:\Program Files (x86)\Windows Kits\10\Windows Performance Toolkit\;C:\Program Files (x86)\nodejs\;C:\Program Files\Git\cmd;C:\Program Files\Microsoft\Web Platform Installer\;C:\Program Files (x86)\Skype\Phone\;C:\Users\mm\AppData\Roaming\Composer\vendor\binC:\Program Files (x86)\Java\jdk1.8.0_45;C:\Users\mm\AppData\Local\Microsoft\WindowsApps;C:\Users\mm\AppData\Roaming\npm
USERNAME=mm
OS=Windows_NT
PROCESSOR_IDENTIFIER=Intel64 Family 6 Model 58 Stepping 9, GenuineIntel



---------------  S Y S T E M  ---------------

OS: Windows 10.0 , 64 bit Build 14393 (10.0.14393.1198)

CPU:total 4 (2 cores per cpu, 2 threads per core) family 6 model 58 stepping 9, cmov, cx8, fxsr, mmx, sse, sse2, sse3, ssse3, sse4.1, sse4.2, popcnt, avx, clmul, erms, ht, tsc, tscinvbit, tscinv

Memory: 4k page, physical 4081596k(122120k free), swap 8177596k(205420k free)

vm_info: Java HotSpot(TM) 64-Bit Server VM (25.91-b15) for windows-amd64 JRE (1.8.0_91-b15), built on May 20 2016 17:43:15 by "java_re" with MS VC++ 10.0 (VS2010)

time: Mon Jun 05 12:47:48 2017
elapsed time: 1 seconds (0d 0h 0m 1s)

