#
# There is insufficient memory for the Java Runtime Environment to continue.
# Native memory allocation (malloc) failed to allocate 268736 bytes for Chunk::new
# Possible reasons:
#   The system is out of physical RAM or swap space
#   In 32 bit mode, the process size limit was hit
# Possible solutions:
#   Reduce memory load on the system
#   Increase physical memory or swap space
#   Check if swap backing store is full
#   Use 64 bit Java on a 64 bit OS
#   Decrease Java heap size (-Xmx/-Xms)
#   Decrease number of Java threads
#   Decrease Java thread stack sizes (-Xss)
#   Set larger code cache with -XX:ReservedCodeCacheSize=
# This output file may be truncated or incomplete.
#
#  Out of Memory Error (allocation.cpp:390), pid=12352, tid=10548
#
# JRE version: Java(TM) SE Runtime Environment (8.0_91-b15) (build 1.8.0_91-b15)
# Java VM: Java HotSpot(TM) 64-Bit Server VM (25.91-b15 mixed mode windows-amd64 compressed oops)
# Failed to write core dump. Minidumps are not enabled by default on client versions of Windows
#

---------------  T H R E A D  ---------------

Current thread (0x000000001c1e3000):  JavaThread "C2 CompilerThread1" daemon [_thread_in_native, id=10548, stack(0x000000001d930000,0x000000001da30000)]

Stack: [0x000000001d930000,0x000000001da30000]
[error occurred during error reporting (printing stack bounds), id 0xc0000005]

Native frames: (J=compiled Java code, j=interpreted, Vv=VM code, C=native code)


Current CompileTask:
C2:  12895 2063   !   4       com.android.dx.rop.type.Type::intern (319 bytes)


---------------  P R O C E S S  ---------------

Java Threads: ( => current thread )
  0x000000001dda0800 JavaThread "pool-1-thread-1" [_thread_in_Java, id=11632, stack(0x0000000020dd0000,0x0000000020ed0000)]
  0x000000001da39000 JavaThread "Service Thread" daemon [_thread_blocked, id=10988, stack(0x000000001df30000,0x000000001e030000)]
  0x000000001da38800 JavaThread "C1 CompilerThread2" daemon [_thread_blocked, id=7056, stack(0x000000001de30000,0x000000001df30000)]
=>0x000000001c1e3000 JavaThread "C2 CompilerThread1" daemon [_thread_in_native, id=10548, stack(0x000000001d930000,0x000000001da30000)]
  0x000000001c1bf000 JavaThread "C2 CompilerThread0" daemon [_thread_blocked, id=12884, stack(0x000000001d830000,0x000000001d930000)]
  0x000000001c1bd000 JavaThread "Attach Listener" daemon [_thread_blocked, id=3856, stack(0x000000001d730000,0x000000001d830000)]
  0x000000001c1bc000 JavaThread "Signal Dispatcher" daemon [_thread_blocked, id=1740, stack(0x000000001d630000,0x000000001d730000)]
  0x000000001c1aa800 JavaThread "Finalizer" daemon [_thread_blocked, id=6320, stack(0x000000001d420000,0x000000001d520000)]
  0x0000000002ae0000 JavaThread "Reference Handler" daemon [_thread_blocked, id=1544, stack(0x000000001d320000,0x000000001d420000)]
  0x0000000000bee000 JavaThread "main" [_thread_blocked, id=11400, stack(0x00000000028f0000,0x00000000029f0000)]

Other Threads:
  0x000000001c187800 VMThread [stack: 0x000000001d220000,0x000000001d320000] [id=8880]
  0x000000001da45800 WatcherThread [stack: 0x000000001e030000,0x000000001e130000] [id=2768]

VM state:not at safepoint (normal execution)

VM Mutex/Monitor currently owned by a thread: None

Heap:
 PSYoungGen      total 68096K, used 60947K [0x000000076ab00000, 0x000000076f000000, 0x00000007c0000000)
  eden space 65536K, 89% used [0x000000076ab00000,0x000000076e4057c0,0x000000076eb00000)
  from space 2560K, 99% used [0x000000076ed80000,0x000000076efff6e0,0x000000076f000000)
  to   space 2560K, 0% used [0x000000076eb00000,0x000000076eb00000,0x000000076ed80000)
 ParOldGen       total 44032K, used 13368K [0x00000006c0000000, 0x00000006c2b00000, 0x000000076ab00000)
  object space 44032K, 30% used [0x00000006c0000000,0x00000006c0d0e130,0x00000006c2b00000)
 Metaspace       used 6507K, capacity 7256K, committed 7424K, reserved 1056768K
  class space    used 628K, capacity 656K, committed 768K, reserved 1048576K

Card table byte_map: [0x0000000011eb0000,0x00000000126c0000] byte_map_base: 0x000000000e8b0000

Marking Bits: (ParMarkBitMap*) 0x0000000050b12f70
 Begin Bits: [0x0000000013020000, 0x0000000017020000)
 End Bits:   [0x0000000017020000, 0x000000001b020000)

Polling page: 0x0000000000e70000

CodeCache: size=245760Kb used=8554Kb max_used=8566Kb free=237205Kb
 bounds [0x0000000002af0000, 0x0000000003360000, 0x0000000011af0000]
 total_blobs=2226 nmethods=1957 adapters=181
 compilation: enabled

Compilation events (10 events):
Event: 12.795 Thread 0x000000001c1bf000 2059  s    4       com.android.dx.dex.file.TypeIdsSection::intern (60 bytes)
Event: 12.797 Thread 0x000000001c1e3000 nmethod 2054 0x0000000003351c90 code [0x0000000003351e00, 0x00000000033522b8]
Event: 12.802 Thread 0x000000001da38800 2060  s    3       com.android.dx.dex.file.TypeIdsSection::intern (62 bytes)
Event: 12.804 Thread 0x000000001da38800 nmethod 2060 0x00000000033508d0 code [0x0000000003350ae0, 0x00000000033516c8]
Event: 12.805 Thread 0x000000001da38800 2061       3       com.android.dx.dex.file.FieldIdItem::addContents (23 bytes)
Event: 12.806 Thread 0x000000001c1e3000 2063   !   4       com.android.dx.rop.type.Type::intern (319 bytes)
Event: 12.806 Thread 0x000000001da38800 nmethod 2061 0x000000000334f290 code [0x000000000334f480, 0x0000000003350388]
Event: 12.806 Thread 0x000000001da38800 2062       3       com.android.dx.dex.file.FieldIdItem::getFieldRef (8 bytes)
Event: 12.807 Thread 0x000000001da38800 nmethod 2062 0x000000000334edd0 code [0x000000000334ef40, 0x000000000334f210]
Event: 12.807 Thread 0x000000001c1bf000 nmethod 2059 0x0000000003355b10 code [0x0000000003355c80, 0x0000000003356308]

GC Heap History (8 events):
Event: 1.299 GC heap before
{Heap before GC invocations=1 (full 0):
 PSYoungGen      total 18944K, used 16384K [0x000000076ab00000, 0x000000076c000000, 0x00000007c0000000)
  eden space 16384K, 100% used [0x000000076ab00000,0x000000076bb00000,0x000000076bb00000)
  from space 2560K, 0% used [0x000000076bd80000,0x000000076bd80000,0x000000076c000000)
  to   space 2560K, 0% used [0x000000076bb00000,0x000000076bb00000,0x000000076bd80000)
 ParOldGen       total 44032K, used 0K [0x00000006c0000000, 0x00000006c2b00000, 0x000000076ab00000)
  object space 44032K, 0% used [0x00000006c0000000,0x00000006c0000000,0x00000006c2b00000)
 Metaspace       used 5727K, capacity 6644K, committed 6784K, reserved 1056768K
  class space    used 600K, capacity 620K, committed 640K, reserved 1048576K
Event: 1.317 GC heap after
Heap after GC invocations=1 (full 0):
 PSYoungGen      total 18944K, used 2535K [0x000000076ab00000, 0x000000076d000000, 0x00000007c0000000)
  eden space 16384K, 0% used [0x000000076ab00000,0x000000076ab00000,0x000000076bb00000)
  from space 2560K, 99% used [0x000000076bb00000,0x000000076bd79c88,0x000000076bd80000)
  to   space 2560K, 0% used [0x000000076cd80000,0x000000076cd80000,0x000000076d000000)
 ParOldGen       total 44032K, used 1572K [0x00000006c0000000, 0x00000006c2b00000, 0x000000076ab00000)
  object space 44032K, 3% used [0x00000006c0000000,0x00000006c0189178,0x00000006c2b00000)
 Metaspace       used 5727K, capacity 6644K, committed 6784K, reserved 1056768K
  class space    used 600K, capacity 620K, committed 640K, reserved 1048576K
}
Event: 2.059 GC heap before
{Heap before GC invocations=2 (full 0):
 PSYoungGen      total 18944K, used 18919K [0x000000076ab00000, 0x000000076d000000, 0x00000007c0000000)
  eden space 16384K, 100% used [0x000000076ab00000,0x000000076bb00000,0x000000076bb00000)
  from space 2560K, 99% used [0x000000076bb00000,0x000000076bd79c88,0x000000076bd80000)
  to   space 2560K, 0% used [0x000000076cd80000,0x000000076cd80000,0x000000076d000000)
 ParOldGen       total 44032K, used 1572K [0x00000006c0000000, 0x00000006c2b00000, 0x000000076ab00000)
  object space 44032K, 3% used [0x00000006c0000000,0x00000006c0189178,0x00000006c2b00000)
 Metaspace       used 6035K, capacity 6964K, committed 7040K, reserved 1056768K
  class space    used 601K, capacity 620K, committed 640K, reserved 1048576K
Event: 2.094 GC heap after
Heap after GC invocations=2 (full 0):
 PSYoungGen      total 35328K, used 2554K [0x000000076ab00000, 0x000000076d000000, 0x00000007c0000000)
  eden space 32768K, 0% used [0x000000076ab00000,0x000000076ab00000,0x000000076cb00000)
  from space 2560K, 99% used [0x000000076cd80000,0x000000076cffead8,0x000000076d000000)
  to   space 2560K, 0% used [0x000000076cb00000,0x000000076cb00000,0x000000076cd80000)
 ParOldGen       total 44032K, used 3876K [0x00000006c0000000, 0x00000006c2b00000, 0x000000076ab00000)
  object space 44032K, 8% used [0x00000006c0000000,0x00000006c03c9240,0x00000006c2b00000)
 Metaspace       used 6035K, capacity 6964K, committed 7040K, reserved 1056768K
  class space    used 601K, capacity 620K, committed 640K, reserved 1048576K
}
Event: 3.230 GC heap before
{Heap before GC invocations=3 (full 0):
 PSYoungGen      total 35328K, used 35322K [0x000000076ab00000, 0x000000076d000000, 0x00000007c0000000)
  eden space 32768K, 100% used [0x000000076ab00000,0x000000076cb00000,0x000000076cb00000)
  from space 2560K, 99% used [0x000000076cd80000,0x000000076cffead8,0x000000076d000000)
  to   space 2560K, 0% used [0x000000076cb00000,0x000000076cb00000,0x000000076cd80000)
 ParOldGen       total 44032K, used 3876K [0x00000006c0000000, 0x00000006c2b00000, 0x000000076ab00000)
  object space 44032K, 8% used [0x00000006c0000000,0x00000006c03c9240,0x00000006c2b00000)
 Metaspace       used 6271K, capacity 7128K, committed 7424K, reserved 1056768K
  class space    used 621K, capacity 656K, committed 768K, reserved 1048576K
Event: 3.252 GC heap after
Heap after GC invocations=3 (full 0):
 PSYoungGen      total 35328K, used 2538K [0x000000076ab00000, 0x000000076f000000, 0x00000007c0000000)
  eden space 32768K, 0% used [0x000000076ab00000,0x000000076ab00000,0x000000076cb00000)
  from space 2560K, 99% used [0x000000076cb00000,0x000000076cd7a828,0x000000076cd80000)
  to   space 2560K, 0% used [0x000000076ed80000,0x000000076ed80000,0x000000076f000000)
 ParOldGen       total 44032K, used 8679K [0x00000006c0000000, 0x00000006c2b00000, 0x000000076ab00000)
  object space 44032K, 19% used [0x00000006c0000000,0x00000006c0879e98,0x00000006c2b00000)
 Metaspace       used 6271K, capacity 7128K, committed 7424K, reserved 1056768K
  class space    used 621K, capacity 656K, committed 768K, reserved 1048576K
}
Event: 4.718 GC heap before
{Heap before GC invocations=4 (full 0):
 PSYoungGen      total 35328K, used 35306K [0x000000076ab00000, 0x000000076f000000, 0x00000007c0000000)
  eden space 32768K, 100% used [0x000000076ab00000,0x000000076cb00000,0x000000076cb00000)
  from space 2560K, 99% used [0x000000076cb00000,0x000000076cd7a828,0x000000076cd80000)
  to   space 2560K, 0% used [0x000000076ed80000,0x000000076ed80000,0x000000076f000000)
 ParOldGen       total 44032K, used 8679K [0x00000006c0000000, 0x00000006c2b00000, 0x000000076ab00000)
  object space 44032K, 19% used [0x00000006c0000000,0x00000006c0879e98,0x00000006c2b00000)
 Metaspace       used 6357K, capacity 7128K, committed 7424K, reserved 1056768K
  class space    used 621K, capacity 656K, committed 768K, reserved 1048576K
Event: 4.738 GC heap after
Heap after GC invocations=4 (full 0):
 PSYoungGen      total 68096K, used 2557K [0x000000076ab00000, 0x000000076f000000, 0x00000007c0000000)
  eden space 65536K, 0% used [0x000000076ab00000,0x000000076ab00000,0x000000076eb00000)
  from space 2560K, 99% used [0x000000076ed80000,0x000000076efff6e0,0x000000076f000000)
  to   space 2560K, 0% used [0x000000076eb00000,0x000000076eb00000,0x000000076ed80000)
 ParOldGen       total 44032K, used 13368K [0x00000006c0000000, 0x00000006c2b00000, 0x000000076ab00000)
  object space 44032K, 30% used [0x00000006c0000000,0x00000006c0d0e130,0x00000006c2b00000)
 Metaspace       used 6357K, capacity 7128K, committed 7424K, reserved 1056768K
  class space    used 621K, capacity 656K, committed 768K, reserved 1048576K
}

Deoptimization events (10 events):
Event: 7.103 Thread 0x000000001dd4b800 Uncommon trap: reason=bimorphic action=maybe_recompile pc=0x000000000315035c method=com.android.dx.cf.code.BytecodeArray.parseInstruction(ILcom/android/dx/cf/code/BytecodeArray$Visitor;)I @ 1357
Event: 7.104 Thread 0x000000001dd4b800 Uncommon trap: reason=bimorphic action=maybe_recompile pc=0x000000000315035c method=com.android.dx.cf.code.BytecodeArray.parseInstruction(ILcom/android/dx/cf/code/BytecodeArray$Visitor;)I @ 1357
Event: 8.422 Thread 0x000000001dcc1800 Uncommon trap: reason=unstable_if action=reinterpret pc=0x0000000003224dac method=com.android.dx.cf.code.Merger.mergeStack(Lcom/android/dx/cf/code/ExecutionStack;Lcom/android/dx/cf/code/ExecutionStack;)Lcom/android/dx/cf/code/ExecutionStack; @ 2
Event: 8.834 Thread 0x000000001dda0800 Uncommon trap: reason=unstable_if action=reinterpret pc=0x00000000031712e0 method=com.android.dx.ssa.MoveParamCombiner$1.visitNonMoveInsn(Lcom/android/dx/ssa/NormalSsaInsn;)V @ 27
Event: 8.841 Thread 0x000000001dda0800 Uncommon trap: reason=unstable_if action=reinterpret pc=0x000000000324b94c method=com.android.dx.cf.code.Ropper.isSynchronized()Z @ 12
Event: 11.047 Thread 0x000000001dda0800 Uncommon trap: reason=class_check action=maybe_recompile pc=0x0000000002f21540 method=java.util.Arrays.hashCode([Ljava/lang/Object;)I @ 43
Event: 11.047 Thread 0x000000001dda0800 Uncommon trap: reason=class_check action=maybe_recompile pc=0x0000000002f21540 method=java.util.Arrays.hashCode([Ljava/lang/Object;)I @ 43
Event: 11.048 Thread 0x000000001dda0800 Uncommon trap: reason=class_check action=maybe_recompile pc=0x0000000002f21540 method=java.util.Arrays.hashCode([Ljava/lang/Object;)I @ 43
Event: 11.048 Thread 0x000000001dda0800 Uncommon trap: reason=class_check action=maybe_recompile pc=0x0000000002f21540 method=java.util.Arrays.hashCode([Ljava/lang/Object;)I @ 43
Event: 12.779 Thread 0x000000001dda0800 Uncommon trap: reason=bimorphic action=maybe_recompile pc=0x000000000323fb78 method=java.util.TreeMap.compare(Ljava/lang/Object;Ljava/lang/Object;)I @ 12

Internal exceptions (6 events):
Event: 0.075 Thread 0x0000000000bee000 Exception <a 'java/lang/NoSuchMethodError': Method sun.misc.Unsafe.defineClass(Ljava/lang/String;[BII)Ljava/lang/Class; name or signature does not match> (0x000000076ab07cc0) thrown at [C:\re\workspace\8-2-build-windows-amd64-cygwin\jdk8u91\7017\hotspot\srìà$êK≥?
Event: 0.075 Thread 0x0000000000bee000 Exception <a 'java/lang/NoSuchMethodError': Method sun.misc.Unsafe.prefetchRead(Ljava/lang/Object;J)V name or signature does not match> (0x000000076ab07fa8) thrown at [C:\re\workspace\8-2-build-windows-amd64-cygwin\jdk8u91\7017\hotspot\src\share\vm\prims\j› EÁ*@
Event: 2.146 Thread 0x000000001dd4b800 Implicit null exception at 0x0000000002df7f62 to 0x0000000002df805a
Event: 2.231 Thread 0x000000001dc93000 Exception <a 'java/lang/ArrayIndexOutOfBoundsException': 18> (0x000000076b2aadd0) thrown at [C:\re\workspace\8-2-build-windows-amd64-cygwin\jdk8u91\7017\hotspot\src\share\vm\interpreter\interpreterRuntime.cpp, line 366]
Event: 2.231 Thread 0x000000001dc93000 Exception <a 'java/lang/ArrayIndexOutOfBoundsException': 145> (0x000000076b2ac950) thrown at [C:\re\workspace\8-2-build-windows-amd64-cygwin\jdk8u91\7017\hotspot\src\share\vm\interpreter\interpreterRuntime.cpp, line 366]
Event: 2.233 Thread 0x000000001dc93000 Exception <a 'java/lang/ArrayIndexOutOfBoundsException'> (0x000000076b2adc38) thrown at [C:\re\workspace\8-2-build-windows-amd64-cygwin\jdk8u91\7017\hotspot\src\share\vm\runtime\sharedRuntime.cpp, line 605]

Events (10 events):
Event: 12.621 Thread 0x000000001dda0800 DEOPT UNPACKING pc=0x0000000002b3787f sp=0x0000000020eceb80 mode 0
Event: 12.630 Thread 0x000000001dda0800 DEOPT PACKING pc=0x00000000033316b1 sp=0x0000000020ecedf0
Event: 12.630 Thread 0x000000001dda0800 DEOPT UNPACKING pc=0x0000000002b3787f sp=0x0000000020eceb80 mode 0
Event: 12.633 Thread 0x000000001dda0800 DEOPT PACKING pc=0x00000000033316b1 sp=0x0000000020ecedf0
Event: 12.633 Thread 0x000000001dda0800 DEOPT UNPACKING pc=0x0000000002b3787f sp=0x0000000020eceb80 mode 0
Event: 12.777 loading class com/android/dx/dex/file/ProtoIdItem
Event: 12.777 loading class com/android/dx/dex/file/ProtoIdItem done
Event: 12.779 Thread 0x000000001dda0800 Uncommon trap: trap_request=0xffffffc6 fr.pc=0x000000000323fb78
Event: 12.779 Thread 0x000000001dda0800 DEOPT PACKING pc=0x000000000323fb78 sp=0x0000000020ecee30
Event: 12.779 Thread 0x000000001dda0800 DEOPT UNPACKING pc=0x0000000002b3582a sp=0x0000000020eced60 mode 2


Dynamic libraries:
0x00007ff6536a0000 - 0x00007ff6536d7000 	C:\Program Files\Java\jdk1.8.0_91\bin\java.exe
0x00007ff8c0570000 - 0x00007ff8c0741000 	C:\WINDOWS\SYSTEM32\ntdll.dll
0x00007ff8be1c0000 - 0x00007ff8be26c000 	C:\WINDOWS\System32\KERNEL32.DLL
0x00007ff8a2af0000 - 0x00007ff8a2b23000 	C:\Program Files\AVAST Software\Avast\x64\aswhooka.dll
0x00007ff8bcac0000 - 0x00007ff8bccdd000 	C:\WINDOWS\System32\KERNELBASE.dll
0x00007ff8be0f0000 - 0x00007ff8be192000 	C:\WINDOWS\System32\ADVAPI32.dll
0x00007ff8c00a0000 - 0x00007ff8c013e000 	C:\WINDOWS\System32\msvcrt.dll
0x00007ff8bfc00000 - 0x00007ff8bfc59000 	C:\WINDOWS\System32\sechost.dll
0x00007ff8bde40000 - 0x00007ff8bdf61000 	C:\WINDOWS\System32\RPCRT4.dll
0x00007ff8bf9c0000 - 0x00007ff8bfb25000 	C:\WINDOWS\System32\USER32.dll
0x00007ff8bdae0000 - 0x00007ff8bdafe000 	C:\WINDOWS\System32\win32u.dll
0x00007ff8bdb00000 - 0x00007ff8bdb34000 	C:\WINDOWS\System32\GDI32.dll
0x00007ff8bd5e0000 - 0x00007ff8bd762000 	C:\WINDOWS\System32\gdi32full.dll
0x00007ff8b25d0000 - 0x00007ff8b284a000 	C:\WINDOWS\WinSxS\amd64_microsoft.windows.common-controls_6595b64144ccf1df_6.0.14393.953_none_42151e83c686086b\COMCTL32.dll
0x00007ff8bfdd0000 - 0x00007ff8c0098000 	C:\WINDOWS\System32\combase.dll
0x00007ff8bcce0000 - 0x00007ff8bcdd5000 	C:\WINDOWS\System32\ucrtbase.dll
0x00007ff8bd570000 - 0x00007ff8bd5da000 	C:\WINDOWS\System32\bcryptPrimitives.dll
0x00007ff8bfda0000 - 0x00007ff8bfdce000 	C:\WINDOWS\System32\IMM32.DLL
0x0000000077ea0000 - 0x0000000077f72000 	C:\Program Files\Java\jdk1.8.0_91\jre\bin\msvcr100.dll
0x0000000050300000 - 0x0000000050b93000 	C:\Program Files\Java\jdk1.8.0_91\jre\bin\server\jvm.dll
0x00007ff8bfbf0000 - 0x00007ff8bfbf8000 	C:\WINDOWS\System32\PSAPI.DLL
0x00007ff8b1e70000 - 0x00007ff8b1e79000 	C:\WINDOWS\SYSTEM32\WSOCK32.dll
0x00007ff8bf950000 - 0x00007ff8bf9ba000 	C:\WINDOWS\System32\WS2_32.dll
0x00007ff8ba910000 - 0x00007ff8ba933000 	C:\WINDOWS\SYSTEM32\WINMM.dll
0x00007ff8ae2d0000 - 0x00007ff8ae2da000 	C:\WINDOWS\SYSTEM32\VERSION.dll
0x00007ff8ba8b0000 - 0x00007ff8ba8db000 	C:\WINDOWS\SYSTEM32\WINMMBASE.dll
0x00007ff8bd9f0000 - 0x00007ff8bda32000 	C:\WINDOWS\System32\cfgmgr32.dll
0x0000000051a60000 - 0x0000000051a6f000 	C:\Program Files\Java\jdk1.8.0_91\jre\bin\verify.dll
0x00000000517b0000 - 0x00000000517d9000 	C:\Program Files\Java\jdk1.8.0_91\jre\bin\java.dll
0x0000000051a40000 - 0x0000000051a56000 	C:\Program Files\Java\jdk1.8.0_91\jre\bin\zip.dll
0x00007ff8be3e0000 - 0x00007ff8bf8e8000 	C:\WINDOWS\System32\SHELL32.dll
0x00007ff8bcde0000 - 0x00007ff8bd4ba000 	C:\WINDOWS\System32\windows.storage.dll
0x00007ff8bca00000 - 0x00007ff8bca4c000 	C:\WINDOWS\System32\powrprof.dll
0x00007ff8be030000 - 0x00007ff8be082000 	C:\WINDOWS\System32\shlwapi.dll
0x00007ff8bc9d0000 - 0x00007ff8bc9df000 	C:\WINDOWS\System32\kernel.appcore.dll
0x00007ff8bd4c0000 - 0x00007ff8bd569000 	C:\WINDOWS\System32\shcore.dll
0x00007ff8bc9e0000 - 0x00007ff8bc9f4000 	C:\WINDOWS\System32\profapi.dll

VM Arguments:
jvm_args: -Djava.awt.headless=true -Xmx4g -Dfile.encoding=windows-1252 -Duser.country=MX -Duser.language=es -Duser.variant 
java_command: com.android.dx.command.Main --dex --force-jumbo --num-threads=4 --multi-dex --output C:\Users\mm\Documents\ProjectExperts\app\build\intermediates\transforms\dex\debug\folders\1000\10\com.google.android.gms-play-services-cast-framework-10.2.6_1f5b30f09add31d43548b8726d63016cec56c2d5 C:\Users\mm\Documents\ProjectExperts\app\build\intermediates\exploded-aar\com.google.android.gms\play-services-cast-framework\10.2.6\jars\classes.jar
java_class_path (initial): C:\Users\mm\AppData\Local\Android\sdk\build-tools\25.0.3\lib\dx.jar
Launcher Type: SUN_STANDARD

Environment Variables:
JAVA_HOME=C:\Program Files\Java\jdk1.8.0_91
PATH=C:\ProgramData\Oracle\Java\javapath;C:\Program Files (x86)\Intel\iCLS Client\;C:\Program Files\Intel\iCLS Client\;C:\WINDOWS\system32;C:\WINDOWS;C:\WINDOWS\System32\Wbem;C:\WINDOWS\System32\WindowsPowerShell\v1.0\;C:\Program Files (x86)\Windows Live\Shared;C:\Program Files\Intel\Intel(R) Management Engine Components\DAL;C:\Program Files\Intel\Intel(R) Management Engine Components\IPT;C:\Program Files (x86)\Intel\Intel(R) Management Engine Components\DAL;C:\Program Files (x86)\Intel\Intel(R) Management Engine Components\IPT;C:\Program Files (x86)\Intel\OpenCL SDK\2.0\bin\x86;C:\Program Files (x86)\Intel\OpenCL SDK\2.0\bin\x64;C:\Program Files\Intel\WiFi\bin\;C:\Program Files\Common Files\Intel\WirelessCommon\;c:\Program Files (x86)\Microsoft SQL Server\100\Tools\Binn\VSShell\Common7\IDE\;c:\Program Files (x86)\Microsoft SQL Server\100\Tools\Binn\;c:\Program Files (x86)\Microsoft SQL Server\100\DTS\Binn\;C:\Program Files\Microsoft SQL Server\110\Tools\Binn\;C:\Program Files (x86)\Microsoft SDKs\TypeScript\1.0\;C:\Program Files\Microsoft SQL Server\120\Tools\Binn\;C:\MinGW\bin;C:\xampp\php;C:\ProgramData\ComposerSetup\bin;C:\WINDOWS\system32\config\systemprofile\.dnx\bin;C:\Program Files\Microsoft DNX\Dnvm\;C:\Program Files\Microsoft SQL Server\130\Tools\Binn\;C:\Program Files (x86)\Windows Kits\10\Windows Performance Toolkit\;C:\Program Files (x86)\nodejs\;C:\Program Files\Git\cmd;C:\Program Files\Microsoft\Web Platform Installer\;C:\Program Files (x86)\Skype\Phone\;C:\Users\mm\AppData\Roaming\Composer\vendor\binC:\Program Files (x86)\Java\jdk1.8.0_45;C:\Users\mm\AppData\Local\Microsoft\WindowsApps;C:\Users\mm\AppData\Roaming\npm
USERNAME=mm
OS=Windows_NT
PROCESSOR_IDENTIFIER=Intel64 Family 6 Model 58 Stepping 9, GenuineIntel



---------------  S Y S T E M  ---------------

OS: Windows 10.0 , 64 bit Build 14393 (10.0.14393.1198)

CPU:total 4 (2 cores per cpu, 2 threads per core) family 6 model 58 stepping 9, cmov, cx8, fxsr, mmx, sse, sse2, sse3, ssse3, sse4.1, sse4.2, popcnt, avx, clmul, erms, ht, tsc, tscinvbit, tscinv

Memory: 4k page, physical 4081596k(364012k free), swap 8177596k(4424k free)

vm_info: Java HotSpot(TM) 64-Bit Server VM (25.91-b15) for windows-amd64 JRE (1.8.0_91-b15), built on May 20 2016 17:43:15 by "java_re" with MS VC++ 10.0 (VS2010)

time: Wed Jun 07 14:50:00 2017
elapsed time: 12 seconds (0d 0h 0m 12s)

