#
# There is insufficient memory for the Java Runtime Environment to continue.
# Native memory allocation (malloc) failed to allocate 749296 bytes for Chunk::new
# Possible reasons:
#   The system is out of physical RAM or swap space
#   In 32 bit mode, the process size limit was hit
# Possible solutions:
#   Reduce memory load on the system
#   Increase physical memory or swap space
#   Check if swap backing store is full
#   Use 64 bit Java on a 64 bit OS
#   Decrease Java heap size (-Xmx/-Xms)
#   Decrease number of Java threads
#   Decrease Java thread stack sizes (-Xss)
#   Set larger code cache with -XX:ReservedCodeCacheSize=
# This output file may be truncated or incomplete.
#
#  Out of Memory Error (allocation.cpp:390), pid=9288, tid=3096
#
# JRE version: Java(TM) SE Runtime Environment (8.0_91-b15) (build 1.8.0_91-b15)
# Java VM: Java HotSpot(TM) 64-Bit Server VM (25.91-b15 mixed mode windows-amd64 compressed oops)
# Failed to write core dump. Minidumps are not enabled by default on client versions of Windows
#

---------------  T H R E A D  ---------------

Current thread (0x000000001baec800):  JavaThread "C2 CompilerThread1" daemon [_thread_in_native, id=3096, stack(0x000000001d1f0000,0x000000001d2f0000)]

Stack: [0x000000001d1f0000,0x000000001d2f0000]
[error occurred during error reporting (printing stack bounds), id 0xc0000005]

Native frames: (J=compiled Java code, j=interpreted, Vv=VM code, C=native code)


Current CompileTask:
C2:   9566 1667       4       com.android.dx.dex.code.RopToDop::dopFor (792 bytes)


---------------  P R O C E S S  ---------------

Java Threads: ( => current thread )
  0x000000001d551800 JavaThread "pool-2-thread-4" [_thread_blocked, id=12364, stack(0x000000001ddf0000,0x000000001def0000)]
  0x000000001d550800 JavaThread "pool-2-thread-3" [_thread_blocked, id=6224, stack(0x000000001dcf0000,0x000000001ddf0000)]
  0x000000001d54f000 JavaThread "pool-2-thread-2" [_thread_blocked, id=908, stack(0x000000001dbf0000,0x000000001dcf0000)]
  0x000000001d566000 JavaThread "pool-3-thread-1" [_thread_blocked, id=13068, stack(0x000000001daf0000,0x000000001dbf0000)]
  0x000000001d57d000 JavaThread "pool-2-thread-1" [_thread_blocked, id=11292, stack(0x000000001d9f0000,0x000000001daf0000)]
  0x000000001d2fe800 JavaThread "Service Thread" daemon [_thread_blocked, id=12640, stack(0x000000001d7f0000,0x000000001d8f0000)]
  0x000000001d2f0800 JavaThread "C1 CompilerThread2" daemon [_thread_in_native, id=11812, stack(0x000000001d6f0000,0x000000001d7f0000)]
=>0x000000001baec800 JavaThread "C2 CompilerThread1" daemon [_thread_in_native, id=3096, stack(0x000000001d1f0000,0x000000001d2f0000)]
  0x000000001ba8d800 JavaThread "C2 CompilerThread0" daemon [_thread_in_native, id=10608, stack(0x000000001d0f0000,0x000000001d1f0000)]
  0x000000001ba8c000 JavaThread "Attach Listener" daemon [_thread_blocked, id=11548, stack(0x000000001cff0000,0x000000001d0f0000)]
  0x000000001ba8b000 JavaThread "Signal Dispatcher" daemon [_thread_blocked, id=3780, stack(0x000000001cef0000,0x000000001cff0000)]
  0x000000001ba7a000 JavaThread "Finalizer" daemon [_thread_blocked, id=9432, stack(0x000000001cce0000,0x000000001cde0000)]
  0x00000000023b0000 JavaThread "Reference Handler" daemon [_thread_blocked, id=13140, stack(0x000000001cbe0000,0x000000001cce0000)]
  0x00000000021be000 JavaThread "main" [_thread_blocked, id=13064, stack(0x00000000021c0000,0x00000000022c0000)]

Other Threads:
  0x000000001ba57800 VMThread [stack: 0x000000001cae0000,0x000000001cbe0000] [id=9728]
  0x000000001d2f6000 WatcherThread [stack: 0x000000001d8f0000,0x000000001d9f0000] [id=12728]

VM state:not at safepoint (normal execution)

VM Mutex/Monitor currently owned by a thread: None

Heap:
 PSYoungGen      total 35328K, used 14476K [0x000000076ab00000, 0x000000076d000000, 0x00000007c0000000)
  eden space 32768K, 36% used [0x000000076ab00000,0x000000076b6a93d8,0x000000076cb00000)
  from space 2560K, 99% used [0x000000076cd80000,0x000000076cff9f90,0x000000076d000000)
  to   space 2560K, 0% used [0x000000076cb00000,0x000000076cb00000,0x000000076cd80000)
 ParOldGen       total 44032K, used 13632K [0x00000006c0000000, 0x00000006c2b00000, 0x000000076ab00000)
  object space 44032K, 30% used [0x00000006c0000000,0x00000006c0d503f0,0x00000006c2b00000)
 Metaspace       used 6250K, capacity 7090K, committed 7296K, reserved 1056768K
  class space    used 599K, capacity 618K, committed 640K, reserved 1048576K

Card table byte_map: [0x0000000011780000,0x0000000011f90000] byte_map_base: 0x000000000e180000

Marking Bits: (ParMarkBitMap*) 0x0000000050b12f70
 Begin Bits: [0x00000000128f0000, 0x00000000168f0000)
 End Bits:   [0x00000000168f0000, 0x000000001a8f0000)

Polling page: 0x0000000001fc0000

CodeCache: size=245760Kb used=7229Kb max_used=7229Kb free=238530Kb
 bounds [0x00000000023c0000, 0x0000000002ae0000, 0x00000000113c0000]
 total_blobs=1933 nmethods=1665 adapters=181
 compilation: enabled

Compilation events (10 events):
Event: 9.281 Thread 0x000000001d2f0800 1707       2       java.util.concurrent.locks.ReentrantLock::lockInterruptibly (9 bytes)
Event: 9.282 Thread 0x000000001d2f0800 nmethod 1707 0x0000000002aa9ad0 code [0x0000000002aa9c60, 0x0000000002aa9ef8]
Event: 9.285 Thread 0x000000001baec800 nmethod 1669 0x0000000002aba310 code [0x0000000002aba460, 0x0000000002aba758]
Event: 9.285 Thread 0x000000001baec800 1667       4       com.android.dx.dex.code.RopToDop::dopFor (792 bytes)
Event: 9.504 Thread 0x000000001d2f0800 1708       2       java.util.BitSet::trimToSize (32 bytes)
Event: 9.504 Thread 0x000000001d2f0800 nmethod 1708 0x0000000002aafd90 code [0x0000000002aaff00, 0x0000000002ab01d8]
Event: 9.508 Thread 0x000000001d2f0800 1709       1       com.android.dx.ssa.PhiInsn::canThrow (2 bytes)
Event: 9.508 Thread 0x000000001d2f0800 nmethod 1709 0x0000000002aafad0 code [0x0000000002aafc20, 0x0000000002aafd30]
Event: 9.513 Thread 0x000000001d2f0800 1710       1       com.android.dx.rop.cst.CstType::getType (4 bytes)
Event: 9.513 Thread 0x000000001d2f0800 nmethod 1710 0x0000000002aaf810 code [0x0000000002aaf960, 0x0000000002aafa70]

GC Heap History (8 events):
Event: 3.294 GC heap before
{Heap before GC invocations=1 (full 0):
 PSYoungGen      total 18944K, used 16384K [0x000000076ab00000, 0x000000076c000000, 0x00000007c0000000)
  eden space 16384K, 100% used [0x000000076ab00000,0x000000076bb00000,0x000000076bb00000)
  from space 2560K, 0% used [0x000000076bd80000,0x000000076bd80000,0x000000076c000000)
  to   space 2560K, 0% used [0x000000076bb00000,0x000000076bb00000,0x000000076bd80000)
 ParOldGen       total 44032K, used 0K [0x00000006c0000000, 0x00000006c2b00000, 0x000000076ab00000)
  object space 44032K, 0% used [0x00000006c0000000,0x00000006c0000000,0x00000006c2b00000)
 Metaspace       used 5683K, capacity 6642K, committed 6784K, reserved 1056768K
  class space    used 597K, capacity 618K, committed 640K, reserved 1048576K
Event: 3.332 GC heap after
Heap after GC invocations=1 (full 0):
 PSYoungGen      total 18944K, used 2554K [0x000000076ab00000, 0x000000076d000000, 0x00000007c0000000)
  eden space 16384K, 0% used [0x000000076ab00000,0x000000076ab00000,0x000000076bb00000)
  from space 2560K, 99% used [0x000000076bb00000,0x000000076bd7eab8,0x000000076bd80000)
  to   space 2560K, 0% used [0x000000076cd80000,0x000000076cd80000,0x000000076d000000)
 ParOldGen       total 44032K, used 1475K [0x00000006c0000000, 0x00000006c2b00000, 0x000000076ab00000)
  object space 44032K, 3% used [0x00000006c0000000,0x00000006c0170e68,0x00000006c2b00000)
 Metaspace       used 5683K, capacity 6642K, committed 6784K, reserved 1056768K
  class space    used 597K, capacity 618K, committed 640K, reserved 1048576K
}
Event: 4.782 GC heap before
{Heap before GC invocations=2 (full 0):
 PSYoungGen      total 18944K, used 18938K [0x000000076ab00000, 0x000000076d000000, 0x00000007c0000000)
  eden space 16384K, 100% used [0x000000076ab00000,0x000000076bb00000,0x000000076bb00000)
  from space 2560K, 99% used [0x000000076bb00000,0x000000076bd7eab8,0x000000076bd80000)
  to   space 2560K, 0% used [0x000000076cd80000,0x000000076cd80000,0x000000076d000000)
 ParOldGen       total 44032K, used 1475K [0x00000006c0000000, 0x00000006c2b00000, 0x000000076ab00000)
  object space 44032K, 3% used [0x00000006c0000000,0x00000006c0170e68,0x00000006c2b00000)
 Metaspace       used 6005K, capacity 6898K, committed 7040K, reserved 1056768K
  class space    used 598K, capacity 618K, committed 640K, reserved 1048576K
Event: 5.106 GC heap after
Heap after GC invocations=2 (full 0):
 PSYoungGen      total 35328K, used 2552K [0x000000076ab00000, 0x000000076d000000, 0x00000007c0000000)
  eden space 32768K, 0% used [0x000000076ab00000,0x000000076ab00000,0x000000076cb00000)
  from space 2560K, 99% used [0x000000076cd80000,0x000000076cffe0f8,0x000000076d000000)
  to   space 2560K, 0% used [0x000000076cb00000,0x000000076cb00000,0x000000076cd80000)
 ParOldGen       total 44032K, used 3625K [0x00000006c0000000, 0x00000006c2b00000, 0x000000076ab00000)
  object space 44032K, 8% used [0x00000006c0000000,0x00000006c038a658,0x00000006c2b00000)
 Metaspace       used 6005K, capacity 6898K, committed 7040K, reserved 1056768K
  class space    used 598K, capacity 618K, committed 640K, reserved 1048576K
}
Event: 7.263 GC heap before
{Heap before GC invocations=3 (full 0):
 PSYoungGen      total 35328K, used 35320K [0x000000076ab00000, 0x000000076d000000, 0x00000007c0000000)
  eden space 32768K, 100% used [0x000000076ab00000,0x000000076cb00000,0x000000076cb00000)
  from space 2560K, 99% used [0x000000076cd80000,0x000000076cffe0f8,0x000000076d000000)
  to   space 2560K, 0% used [0x000000076cb00000,0x000000076cb00000,0x000000076cd80000)
 ParOldGen       total 44032K, used 3625K [0x00000006c0000000, 0x00000006c2b00000, 0x000000076ab00000)
  object space 44032K, 8% used [0x00000006c0000000,0x00000006c038a658,0x00000006c2b00000)
 Metaspace       used 6172K, capacity 7026K, committed 7296K, reserved 1056768K
  class space    used 598K, capacity 618K, committed 640K, reserved 1048576K
Event: 7.391 GC heap after
Heap after GC invocations=3 (full 0):
 PSYoungGen      total 35328K, used 2551K [0x000000076ab00000, 0x000000076d000000, 0x00000007c0000000)
  eden space 32768K, 0% used [0x000000076ab00000,0x000000076ab00000,0x000000076cb00000)
  from space 2560K, 99% used [0x000000076cb00000,0x000000076cd7df80,0x000000076cd80000)
  to   space 2560K, 0% used [0x000000076cd80000,0x000000076cd80000,0x000000076d000000)
 ParOldGen       total 44032K, used 8523K [0x00000006c0000000, 0x00000006c2b00000, 0x000000076ab00000)
  object space 44032K, 19% used [0x00000006c0000000,0x00000006c0852c80,0x00000006c2b00000)
 Metaspace       used 6172K, capacity 7026K, committed 7296K, reserved 1056768K
  class space    used 598K, capacity 618K, committed 640K, reserved 1048576K
}
Event: 8.906 GC heap before
{Heap before GC invocations=4 (full 0):
 PSYoungGen      total 35328K, used 35319K [0x000000076ab00000, 0x000000076d000000, 0x00000007c0000000)
  eden space 32768K, 100% used [0x000000076ab00000,0x000000076cb00000,0x000000076cb00000)
  from space 2560K, 99% used [0x000000076cb00000,0x000000076cd7df80,0x000000076cd80000)
  to   space 2560K, 0% used [0x000000076cd80000,0x000000076cd80000,0x000000076d000000)
 ParOldGen       total 44032K, used 8523K [0x00000006c0000000, 0x00000006c2b00000, 0x000000076ab00000)
  object space 44032K, 19% used [0x00000006c0000000,0x00000006c0852c80,0x00000006c2b00000)
 Metaspace       used 6236K, capacity 7090K, committed 7296K, reserved 1056768K
  class space    used 599K, capacity 618K, committed 640K, reserved 1048576K
Event: 9.008 GC heap after
Heap after GC invocations=4 (full 0):
 PSYoungGen      total 35328K, used 2535K [0x000000076ab00000, 0x000000076d000000, 0x00000007c0000000)
  eden space 32768K, 0% used [0x000000076ab00000,0x000000076ab00000,0x000000076cb00000)
  from space 2560K, 99% used [0x000000076cd80000,0x000000076cff9f90,0x000000076d000000)
  to   space 2560K, 0% used [0x000000076cb00000,0x000000076cb00000,0x000000076cd80000)
 ParOldGen       total 44032K, used 13632K [0x00000006c0000000, 0x00000006c2b00000, 0x000000076ab00000)
  object space 44032K, 30% used [0x00000006c0000000,0x00000006c0d503f0,0x00000006c2b00000)
 Metaspace       used 6236K, capacity 7090K, committed 7296K, reserved 1056768K
  class space    used 599K, capacity 618K, committed 640K, reserved 1048576K
}

Deoptimization events (10 events):
Event: 5.810 Thread 0x000000001d57d000 Uncommon trap: reason=bimorphic action=maybe_recompile pc=0x0000000002970d84 method=com.android.dx.ssa.SCCP.simulatePhi(Lcom/android/dx/ssa/PhiInsn;)V @ 124
Event: 5.814 Thread 0x000000001d57d000 Uncommon trap: reason=bimorphic action=maybe_recompile pc=0x0000000002970d84 method=com.android.dx.ssa.SCCP.simulatePhi(Lcom/android/dx/ssa/PhiInsn;)V @ 124
Event: 5.814 Thread 0x000000001d57d000 Uncommon trap: reason=bimorphic action=maybe_recompile pc=0x0000000002970d84 method=com.android.dx.ssa.SCCP.simulatePhi(Lcom/android/dx/ssa/PhiInsn;)V @ 124
Event: 6.500 Thread 0x000000001d54f000 Uncommon trap: reason=bimorphic action=maybe_recompile pc=0x00000000029cb80c method=com.android.dx.ssa.SCCP.setLatticeValueTo(IILcom/android/dx/rop/cst/Constant;)Z @ 43
Event: 6.914 Thread 0x000000001d54f000 Uncommon trap: reason=bimorphic action=maybe_recompile pc=0x00000000028a7e10 method=com.android.dx.cf.code.BytecodeArray.parseInstruction(ILcom/android/dx/cf/code/BytecodeArray$Visitor;)I @ 1357
Event: 6.915 Thread 0x000000001d54f000 Uncommon trap: reason=bimorphic action=maybe_recompile pc=0x00000000028a7e10 method=com.android.dx.cf.code.BytecodeArray.parseInstruction(ILcom/android/dx/cf/code/BytecodeArray$Visitor;)I @ 1357
Event: 7.677 Thread 0x00000000021be000 Uncommon trap: reason=unstable_if action=reinterpret pc=0x00000000025a80ec method=java.lang.String.<init>([CII)V @ 18
Event: 8.492 Thread 0x000000001d550800 Uncommon trap: reason=class_check action=maybe_recompile pc=0x00000000028e0720 method=com.android.dx.ssa.SCCP.simulateBranch(Lcom/android/dx/ssa/SsaInsn;)V @ 145
Event: 8.493 Thread 0x000000001d550800 Uncommon trap: reason=class_check action=maybe_recompile pc=0x00000000028e0720 method=com.android.dx.ssa.SCCP.simulateBranch(Lcom/android/dx/ssa/SsaInsn;)V @ 145
Event: 8.524 Thread 0x000000001d54f000 Uncommon trap: reason=class_check action=maybe_recompile pc=0x00000000028e0720 method=com.android.dx.ssa.SCCP.simulateBranch(Lcom/android/dx/ssa/SsaInsn;)V @ 145

Internal exceptions (2 events):
Event: 0.347 Thread 0x00000000021be000 Exception <a 'java/lang/NoSuchMethodError': Method sun.misc.Unsafe.defineClass(Ljava/lang/String;[BII)Ljava/lang/Class; name or signature does not match> (0x000000076ab07cc0) thrown at [C:\re\workspace\8-2-build-windows-amd64-cygwin\jdk8u91\7017\hotspot\srZð‹â9Ö?
Event: 0.347 Thread 0x00000000021be000 Exception <a 'java/lang/NoSuchMethodError': Method sun.misc.Unsafe.prefetchRead(Ljava/lang/Object;J)V name or signature does not match> (0x000000076ab07fa8) thrown at [C:\re\workspace\8-2-build-windows-amd64-cygwin\jdk8u91\7017\hotspot\src\share\vm\prims\j

Events (10 events):
Event: 8.492 Thread 0x000000001d550800 DEOPT PACKING pc=0x00000000028e0720 sp=0x000000001ddeec50
Event: 8.492 Thread 0x000000001d550800 DEOPT UNPACKING pc=0x000000000240582a sp=0x000000001ddeec08 mode 2
Event: 8.493 Thread 0x000000001d550800 Uncommon trap: trap_request=0xffffffde fr.pc=0x00000000028e0720
Event: 8.493 Thread 0x000000001d550800 DEOPT PACKING pc=0x00000000028e0720 sp=0x000000001ddeec50
Event: 8.493 Thread 0x000000001d550800 DEOPT UNPACKING pc=0x000000000240582a sp=0x000000001ddeec08 mode 2
Event: 8.524 Thread 0x000000001d54f000 Uncommon trap: trap_request=0xffffffde fr.pc=0x00000000028e0720
Event: 8.524 Thread 0x000000001d54f000 DEOPT PACKING pc=0x00000000028e0720 sp=0x000000001dceed70
Event: 8.524 Thread 0x000000001d54f000 DEOPT UNPACKING pc=0x000000000240582a sp=0x000000001dceed28 mode 2
Event: 8.906 Executing VM operation: ParallelGCFailedAllocation
Event: 9.008 Executing VM operation: ParallelGCFailedAllocation done


Dynamic libraries:
0x00007ff6536a0000 - 0x00007ff6536d7000 	C:\Program Files\Java\jdk1.8.0_91\bin\java.exe
0x00007ff8c0570000 - 0x00007ff8c0741000 	C:\WINDOWS\SYSTEM32\ntdll.dll
0x00007ff8be1c0000 - 0x00007ff8be26c000 	C:\WINDOWS\System32\KERNEL32.DLL
0x00007ff8a2af0000 - 0x00007ff8a2b23000 	C:\Program Files\AVAST Software\Avast\x64\aswhooka.dll
0x00007ff8bcac0000 - 0x00007ff8bccdd000 	C:\WINDOWS\System32\KERNELBASE.dll
0x00007ff8be0f0000 - 0x00007ff8be192000 	C:\WINDOWS\System32\ADVAPI32.dll
0x00007ff8c00a0000 - 0x00007ff8c013e000 	C:\WINDOWS\System32\msvcrt.dll
0x00007ff8bfc00000 - 0x00007ff8bfc59000 	C:\WINDOWS\System32\sechost.dll
0x00007ff8bde40000 - 0x00007ff8bdf61000 	C:\WINDOWS\System32\RPCRT4.dll
0x00007ff8bf9c0000 - 0x00007ff8bfb25000 	C:\WINDOWS\System32\USER32.dll
0x00007ff8bdae0000 - 0x00007ff8bdafe000 	C:\WINDOWS\System32\win32u.dll
0x00007ff8bdb00000 - 0x00007ff8bdb34000 	C:\WINDOWS\System32\GDI32.dll
0x00007ff8bd5e0000 - 0x00007ff8bd762000 	C:\WINDOWS\System32\gdi32full.dll
0x00007ff8b25d0000 - 0x00007ff8b284a000 	C:\WINDOWS\WinSxS\amd64_microsoft.windows.common-controls_6595b64144ccf1df_6.0.14393.953_none_42151e83c686086b\COMCTL32.dll
0x00007ff8bfdd0000 - 0x00007ff8c0098000 	C:\WINDOWS\System32\combase.dll
0x00007ff8bcce0000 - 0x00007ff8bcdd5000 	C:\WINDOWS\System32\ucrtbase.dll
0x00007ff8bd570000 - 0x00007ff8bd5da000 	C:\WINDOWS\System32\bcryptPrimitives.dll
0x00007ff8bfda0000 - 0x00007ff8bfdce000 	C:\WINDOWS\System32\IMM32.DLL
0x0000000077ea0000 - 0x0000000077f72000 	C:\Program Files\Java\jdk1.8.0_91\jre\bin\msvcr100.dll
0x0000000050300000 - 0x0000000050b93000 	C:\Program Files\Java\jdk1.8.0_91\jre\bin\server\jvm.dll
0x00007ff8bfbf0000 - 0x00007ff8bfbf8000 	C:\WINDOWS\System32\PSAPI.DLL
0x00007ff8b1e70000 - 0x00007ff8b1e79000 	C:\WINDOWS\SYSTEM32\WSOCK32.dll
0x00007ff8bf950000 - 0x00007ff8bf9ba000 	C:\WINDOWS\System32\WS2_32.dll
0x00007ff8ba910000 - 0x00007ff8ba933000 	C:\WINDOWS\SYSTEM32\WINMM.dll
0x00007ff8ae2d0000 - 0x00007ff8ae2da000 	C:\WINDOWS\SYSTEM32\VERSION.dll
0x00007ff8ba8b0000 - 0x00007ff8ba8db000 	C:\WINDOWS\SYSTEM32\WINMMBASE.dll
0x00007ff8bd9f0000 - 0x00007ff8bda32000 	C:\WINDOWS\System32\cfgmgr32.dll
0x0000000051a60000 - 0x0000000051a6f000 	C:\Program Files\Java\jdk1.8.0_91\jre\bin\verify.dll
0x00000000517b0000 - 0x00000000517d9000 	C:\Program Files\Java\jdk1.8.0_91\jre\bin\java.dll
0x0000000051a40000 - 0x0000000051a56000 	C:\Program Files\Java\jdk1.8.0_91\jre\bin\zip.dll
0x00007ff8be3e0000 - 0x00007ff8bf8e8000 	C:\WINDOWS\System32\SHELL32.dll
0x00007ff8bcde0000 - 0x00007ff8bd4ba000 	C:\WINDOWS\System32\windows.storage.dll
0x00007ff8bca00000 - 0x00007ff8bca4c000 	C:\WINDOWS\System32\powrprof.dll
0x00007ff8be030000 - 0x00007ff8be082000 	C:\WINDOWS\System32\shlwapi.dll
0x00007ff8bc9d0000 - 0x00007ff8bc9df000 	C:\WINDOWS\System32\kernel.appcore.dll
0x00007ff8bd4c0000 - 0x00007ff8bd569000 	C:\WINDOWS\System32\shcore.dll
0x00007ff8bc9e0000 - 0x00007ff8bc9f4000 	C:\WINDOWS\System32\profapi.dll

VM Arguments:
jvm_args: -Djava.awt.headless=true -Xmx4g -Dfile.encoding=windows-1252 -Duser.country=MX -Duser.language=es -Duser.variant 
java_command: com.android.dx.command.Main --dex --force-jumbo --num-threads=4 --multi-dex --output C:\Users\mm\Documents\ProjectExperts\app\build\intermediates\transforms\dex\debug\folders\1000\10\com.google.firebase-firebase-database-10.2.6_049ea7bdeb5876cc79b70deb55635d57c5b8d306 C:\Users\mm\Documents\ProjectExperts\app\build\intermediates\exploded-aar\com.google.firebase\firebase-database\10.2.6\jars\classes.jar
java_class_path (initial): C:\Users\mm\AppData\Local\Android\sdk\build-tools\25.0.3\lib\dx.jar
Launcher Type: SUN_STANDARD

Environment Variables:
JAVA_HOME=C:\Program Files\Java\jdk1.8.0_91
PATH=C:\ProgramData\Oracle\Java\javapath;C:\Program Files (x86)\Intel\iCLS Client\;C:\Program Files\Intel\iCLS Client\;C:\WINDOWS\system32;C:\WINDOWS;C:\WINDOWS\System32\Wbem;C:\WINDOWS\System32\WindowsPowerShell\v1.0\;C:\Program Files (x86)\Windows Live\Shared;C:\Program Files\Intel\Intel(R) Management Engine Components\DAL;C:\Program Files\Intel\Intel(R) Management Engine Components\IPT;C:\Program Files (x86)\Intel\Intel(R) Management Engine Components\DAL;C:\Program Files (x86)\Intel\Intel(R) Management Engine Components\IPT;C:\Program Files (x86)\Intel\OpenCL SDK\2.0\bin\x86;C:\Program Files (x86)\Intel\OpenCL SDK\2.0\bin\x64;C:\Program Files\Intel\WiFi\bin\;C:\Program Files\Common Files\Intel\WirelessCommon\;c:\Program Files (x86)\Microsoft SQL Server\100\Tools\Binn\VSShell\Common7\IDE\;c:\Program Files (x86)\Microsoft SQL Server\100\Tools\Binn\;c:\Program Files (x86)\Microsoft SQL Server\100\DTS\Binn\;C:\Program Files\Microsoft SQL Server\110\Tools\Binn\;C:\Program Files (x86)\Microsoft SDKs\TypeScript\1.0\;C:\Program Files\Microsoft SQL Server\120\Tools\Binn\;C:\MinGW\bin;C:\xampp\php;C:\ProgramData\ComposerSetup\bin;C:\WINDOWS\system32\config\systemprofile\.dnx\bin;C:\Program Files\Microsoft DNX\Dnvm\;C:\Program Files\Microsoft SQL Server\130\Tools\Binn\;C:\Program Files (x86)\Windows Kits\10\Windows Performance Toolkit\;C:\Program Files (x86)\nodejs\;C:\Program Files\Git\cmd;C:\Program Files\Microsoft\Web Platform Installer\;C:\Program Files (x86)\Skype\Phone\;C:\Users\mm\AppData\Roaming\Composer\vendor\binC:\Program Files (x86)\Java\jdk1.8.0_45;C:\Users\mm\AppData\Local\Microsoft\WindowsApps;C:\Users\mm\AppData\Roaming\npm
USERNAME=mm
OS=Windows_NT
PROCESSOR_IDENTIFIER=Intel64 Family 6 Model 58 Stepping 9, GenuineIntel



---------------  S Y S T E M  ---------------

OS: Windows 10.0 , 64 bit Build 14393 (10.0.14393.1198)

CPU:total 4 (2 cores per cpu, 2 threads per core) family 6 model 58 stepping 9, cmov, cx8, fxsr, mmx, sse, sse2, sse3, ssse3, sse4.1, sse4.2, popcnt, avx, clmul, erms, ht, tsc, tscinvbit, tscinv

Memory: 4k page, physical 4081596k(346800k free), swap 8177596k(5408k free)

vm_info: Java HotSpot(TM) 64-Bit Server VM (25.91-b15) for windows-amd64 JRE (1.8.0_91-b15), built on May 20 2016 17:43:15 by "java_re" with MS VC++ 10.0 (VS2010)

time: Wed Jun 07 14:51:42 2017
elapsed time: 9 seconds (0d 0h 0m 9s)

